2025-01-08 08:41:11,957 DEBUG    root            Loaded Command Group: ['gcloud', 'components']
2025-01-08 08:41:11,959 DEBUG    root            Loaded Command Group: ['gcloud', 'components', 'update']
2025-01-08 08:41:11,960 DEBUG    root            Running [gcloud.components.update] with arguments: [--quiet: "True"]
2025-01-08 08:41:11,989 INFO     ___FILE_ONLY___ Beginning update. This process may take several minutes.

2025-01-08 08:41:12,006 DEBUG    urllib3.connectionpool Starting new HTTPS connection (1): dl.google.com:443
2025-01-08 08:41:12,252 DEBUG    urllib3.connectionpool https://dl.google.com:443 "GET /dl/cloudsdk/channels/rapid/components-2.json HTTP/1.1" 200 227824
2025-01-08 08:41:12,504 WARNING  root            The ARM versions of the following components are not available yet, using x86_64 versions instead: [app-engine-grpc].
2025-01-08 08:41:12,505 INFO     ___FILE_ONLY___ 

2025-01-08 08:41:12,506 INFO     ___FILE_ONLY___ 
Your current Google Cloud CLI version is: 504.0.1

2025-01-08 08:41:12,506 INFO     ___FILE_ONLY___ You will be upgraded to version: 505.0.0

2025-01-08 08:41:12,506 INFO     ___FILE_ONLY___ 

2025-01-08 08:41:12,506 DEBUG    root            Chosen display Format:table[box,title="These components will be removed."](details.display_name:label=Name:align=left,version.version_string:label=Version:align=right,data.size.size(zero="",min=1048576):label=Size:align=right)
2025-01-08 08:41:12,507 DEBUG    root            Chosen display Format:table[box,title="These components will be updated."](details.display_name:label=Name:align=left,version.version_string:label=Version:align=right,data.size.size(zero="",min=1048576):label=Size:align=right)
2025-01-08 08:41:12,526 INFO     ___FILE_ONLY___ ┌─────────────────────────────────────────────────────────┐
2025-01-08 08:41:12,526 INFO     ___FILE_ONLY___ 

2025-01-08 08:41:12,526 INFO     ___FILE_ONLY___ │            These components will be updated.            │
2025-01-08 08:41:12,526 INFO     ___FILE_ONLY___ 

2025-01-08 08:41:12,526 INFO     ___FILE_ONLY___ ├─────────────────────────────────┬────────────┬──────────┤
2025-01-08 08:41:12,526 INFO     ___FILE_ONLY___ 

2025-01-08 08:41:12,527 INFO     ___FILE_ONLY___ │               Name              │  Version   │   Size   │
2025-01-08 08:41:12,527 INFO     ___FILE_ONLY___ 

2025-01-08 08:41:12,527 INFO     ___FILE_ONLY___ ├─────────────────────────────────┼────────────┼──────────┤
2025-01-08 08:41:12,527 INFO     ___FILE_ONLY___ 

2025-01-08 08:41:12,527 INFO     ___FILE_ONLY___ │ 
2025-01-08 08:41:12,527 INFO     ___FILE_ONLY___ Google Cloud CLI Core Libraries
2025-01-08 08:41:12,527 INFO     ___FILE_ONLY___  
2025-01-08 08:41:12,527 INFO     ___FILE_ONLY___ │ 
2025-01-08 08:41:12,527 INFO     ___FILE_ONLY___ 2025.01.03
2025-01-08 08:41:12,527 INFO     ___FILE_ONLY___  
2025-01-08 08:41:12,527 INFO     ___FILE_ONLY___ │ 
2025-01-08 08:41:12,527 INFO     ___FILE_ONLY___ 20.6 MiB
2025-01-08 08:41:12,527 INFO     ___FILE_ONLY___  
2025-01-08 08:41:12,527 INFO     ___FILE_ONLY___ │
2025-01-08 08:41:12,527 INFO     ___FILE_ONLY___ 

2025-01-08 08:41:12,527 INFO     ___FILE_ONLY___ └─────────────────────────────────┴────────────┴──────────┘
2025-01-08 08:41:12,527 INFO     ___FILE_ONLY___ 

2025-01-08 08:41:12,527 DEBUG    root            Chosen display Format:table[box,title="These components will be installed."](details.display_name:label=Name:align=left,version.version_string:label=Version:align=right,data.size.size(zero="",min=1048576):label=Size:align=right)
2025-01-08 08:41:12,527 INFO     ___FILE_ONLY___ 

2025-01-08 08:41:12,530 DEBUG    urllib3.connectionpool Starting new HTTPS connection (1): dl.google.com:443
2025-01-08 08:41:12,745 DEBUG    urllib3.connectionpool https://dl.google.com:443 "GET /dl/cloudsdk/channels/rapid/RELEASE_NOTES HTTP/1.1" 200 1336749
2025-01-08 08:41:13,260 INFO     ___FILE_ONLY___ The following release notes are new in this upgrade.
Please read carefully for information about new features, breaking changes,
and bugs fixed.  The latest full release notes can be viewed at:
  https://cloud.google.com/sdk/release_notes


2025-01-08 08:41:13,260 INFO     ___FILE_ONLY___ 
2025-01-08 08:41:13,261 INFO     ___FILE_ONLY___ 505.0.0 (2025-01-07)

2025-01-08 08:41:13,261 INFO     ___FILE_ONLY___ 
2025-01-08 08:41:13,261 INFO     ___FILE_ONLY___   
2025-01-08 08:41:13,261 INFO     ___FILE_ONLY___ AlloyDB

2025-01-08 08:41:13,261 INFO     ___FILE_ONLY___       ▪
2025-01-08 08:41:13,261 INFO     ___FILE_ONLY___  
2025-01-08 08:41:13,261 INFO     ___FILE_ONLY___ Added
2025-01-08 08:41:13,261 INFO     ___FILE_ONLY___  
2025-01-08 08:41:13,261 INFO     ___FILE_ONLY___ flag
2025-01-08 08:41:13,261 INFO     ___FILE_ONLY___  
2025-01-08 08:41:13,261 INFO     ___FILE_ONLY___ --enable-connection-pooling
2025-01-08 08:41:13,261 INFO     ___FILE_ONLY___  
2025-01-08 08:41:13,261 INFO     ___FILE_ONLY___ to
2025-01-08 08:41:13,261 INFO     ___FILE_ONLY___  
2025-01-08 08:41:13,261 INFO     ___FILE_ONLY___ enable/disable
2025-01-08 08:41:13,261 INFO     ___FILE_ONLY___  
2025-01-08 08:41:13,261 INFO     ___FILE_ONLY___ Managed
2025-01-08 08:41:13,261 INFO     ___FILE_ONLY___ 

2025-01-08 08:41:13,261 INFO     ___FILE_ONLY___         
2025-01-08 08:41:13,261 INFO     ___FILE_ONLY___ Connection
2025-01-08 08:41:13,261 INFO     ___FILE_ONLY___  
2025-01-08 08:41:13,261 INFO     ___FILE_ONLY___ Pooling.
2025-01-08 08:41:13,261 INFO     ___FILE_ONLY___ 

2025-01-08 08:41:13,261 INFO     ___FILE_ONLY___       ▪
2025-01-08 08:41:13,262 INFO     ___FILE_ONLY___  
2025-01-08 08:41:13,262 INFO     ___FILE_ONLY___ Added
2025-01-08 08:41:13,262 INFO     ___FILE_ONLY___  
2025-01-08 08:41:13,262 INFO     ___FILE_ONLY___ flag
2025-01-08 08:41:13,262 INFO     ___FILE_ONLY___  
2025-01-08 08:41:13,262 INFO     ___FILE_ONLY___ --connection-pooling-pool-mode
2025-01-08 08:41:13,262 INFO     ___FILE_ONLY___  
2025-01-08 08:41:13,262 INFO     ___FILE_ONLY___ to
2025-01-08 08:41:13,262 INFO     ___FILE_ONLY___  
2025-01-08 08:41:13,262 INFO     ___FILE_ONLY___ configure
2025-01-08 08:41:13,262 INFO     ___FILE_ONLY___  
2025-01-08 08:41:13,262 INFO     ___FILE_ONLY___ pooling
2025-01-08 08:41:13,262 INFO     ___FILE_ONLY___  
2025-01-08 08:41:13,262 INFO     ___FILE_ONLY___ mode.
2025-01-08 08:41:13,262 INFO     ___FILE_ONLY___ 

2025-01-08 08:41:13,262 INFO     ___FILE_ONLY___       ▪
2025-01-08 08:41:13,262 INFO     ___FILE_ONLY___  
2025-01-08 08:41:13,262 INFO     ___FILE_ONLY___ Added
2025-01-08 08:41:13,262 INFO     ___FILE_ONLY___  
2025-01-08 08:41:13,262 INFO     ___FILE_ONLY___ flag
2025-01-08 08:41:13,262 INFO     ___FILE_ONLY___  
2025-01-08 08:41:13,262 INFO     ___FILE_ONLY___ --connection-pooling-min-pool-size
2025-01-08 08:41:13,262 INFO     ___FILE_ONLY___  
2025-01-08 08:41:13,262 INFO     ___FILE_ONLY___ to
2025-01-08 08:41:13,262 INFO     ___FILE_ONLY___  
2025-01-08 08:41:13,262 INFO     ___FILE_ONLY___ configure
2025-01-08 08:41:13,262 INFO     ___FILE_ONLY___  
2025-01-08 08:41:13,262 INFO     ___FILE_ONLY___ min
2025-01-08 08:41:13,262 INFO     ___FILE_ONLY___  
2025-01-08 08:41:13,262 INFO     ___FILE_ONLY___ pool
2025-01-08 08:41:13,263 INFO     ___FILE_ONLY___ 

2025-01-08 08:41:13,263 INFO     ___FILE_ONLY___         
2025-01-08 08:41:13,263 INFO     ___FILE_ONLY___ size.
2025-01-08 08:41:13,263 INFO     ___FILE_ONLY___ 

2025-01-08 08:41:13,263 INFO     ___FILE_ONLY___       ▪
2025-01-08 08:41:13,263 INFO     ___FILE_ONLY___  
2025-01-08 08:41:13,263 INFO     ___FILE_ONLY___ Added
2025-01-08 08:41:13,263 INFO     ___FILE_ONLY___  
2025-01-08 08:41:13,263 INFO     ___FILE_ONLY___ flag
2025-01-08 08:41:13,263 INFO     ___FILE_ONLY___  
2025-01-08 08:41:13,263 INFO     ___FILE_ONLY___ --connection-pooling-max-pool-size
2025-01-08 08:41:13,263 INFO     ___FILE_ONLY___  
2025-01-08 08:41:13,263 INFO     ___FILE_ONLY___ to
2025-01-08 08:41:13,263 INFO     ___FILE_ONLY___  
2025-01-08 08:41:13,263 INFO     ___FILE_ONLY___ configure
2025-01-08 08:41:13,263 INFO     ___FILE_ONLY___  
2025-01-08 08:41:13,263 INFO     ___FILE_ONLY___ max
2025-01-08 08:41:13,263 INFO     ___FILE_ONLY___  
2025-01-08 08:41:13,263 INFO     ___FILE_ONLY___ pool
2025-01-08 08:41:13,263 INFO     ___FILE_ONLY___ 

2025-01-08 08:41:13,263 INFO     ___FILE_ONLY___         
2025-01-08 08:41:13,263 INFO     ___FILE_ONLY___ size.
2025-01-08 08:41:13,263 INFO     ___FILE_ONLY___ 

2025-01-08 08:41:13,263 INFO     ___FILE_ONLY___       ▪
2025-01-08 08:41:13,263 INFO     ___FILE_ONLY___  
2025-01-08 08:41:13,263 INFO     ___FILE_ONLY___ Added
2025-01-08 08:41:13,263 INFO     ___FILE_ONLY___  
2025-01-08 08:41:13,263 INFO     ___FILE_ONLY___ flag
2025-01-08 08:41:13,264 INFO     ___FILE_ONLY___  
2025-01-08 08:41:13,264 INFO     ___FILE_ONLY___ --connection-pooling-max-client-connections
2025-01-08 08:41:13,264 INFO     ___FILE_ONLY___  
2025-01-08 08:41:13,264 INFO     ___FILE_ONLY___ to
2025-01-08 08:41:13,264 INFO     ___FILE_ONLY___  
2025-01-08 08:41:13,264 INFO     ___FILE_ONLY___ configure
2025-01-08 08:41:13,264 INFO     ___FILE_ONLY___ 

2025-01-08 08:41:13,264 INFO     ___FILE_ONLY___         
2025-01-08 08:41:13,264 INFO     ___FILE_ONLY___ max
2025-01-08 08:41:13,264 INFO     ___FILE_ONLY___  
2025-01-08 08:41:13,264 INFO     ___FILE_ONLY___ client
2025-01-08 08:41:13,264 INFO     ___FILE_ONLY___  
2025-01-08 08:41:13,264 INFO     ___FILE_ONLY___ connections.
2025-01-08 08:41:13,264 INFO     ___FILE_ONLY___ 

2025-01-08 08:41:13,264 INFO     ___FILE_ONLY___       ▪
2025-01-08 08:41:13,264 INFO     ___FILE_ONLY___  
2025-01-08 08:41:13,264 INFO     ___FILE_ONLY___ Added
2025-01-08 08:41:13,264 INFO     ___FILE_ONLY___  
2025-01-08 08:41:13,264 INFO     ___FILE_ONLY___ flag
2025-01-08 08:41:13,264 INFO     ___FILE_ONLY___  
2025-01-08 08:41:13,264 INFO     ___FILE_ONLY___ --connection-pooling-server-idle-timeout
2025-01-08 08:41:13,264 INFO     ___FILE_ONLY___  
2025-01-08 08:41:13,264 INFO     ___FILE_ONLY___ to
2025-01-08 08:41:13,264 INFO     ___FILE_ONLY___  
2025-01-08 08:41:13,264 INFO     ___FILE_ONLY___ configure
2025-01-08 08:41:13,264 INFO     ___FILE_ONLY___ 

2025-01-08 08:41:13,264 INFO     ___FILE_ONLY___         
2025-01-08 08:41:13,264 INFO     ___FILE_ONLY___ server
2025-01-08 08:41:13,264 INFO     ___FILE_ONLY___  
2025-01-08 08:41:13,264 INFO     ___FILE_ONLY___ connection
2025-01-08 08:41:13,264 INFO     ___FILE_ONLY___  
2025-01-08 08:41:13,264 INFO     ___FILE_ONLY___ idle
2025-01-08 08:41:13,265 INFO     ___FILE_ONLY___  
2025-01-08 08:41:13,265 INFO     ___FILE_ONLY___ timeouts.
2025-01-08 08:41:13,265 INFO     ___FILE_ONLY___ 

2025-01-08 08:41:13,265 INFO     ___FILE_ONLY___       ▪
2025-01-08 08:41:13,265 INFO     ___FILE_ONLY___  
2025-01-08 08:41:13,265 INFO     ___FILE_ONLY___ Added
2025-01-08 08:41:13,265 INFO     ___FILE_ONLY___  
2025-01-08 08:41:13,265 INFO     ___FILE_ONLY___ flag
2025-01-08 08:41:13,265 INFO     ___FILE_ONLY___  
2025-01-08 08:41:13,265 INFO     ___FILE_ONLY___ --connection-pooling-query-wait-timeout
2025-01-08 08:41:13,265 INFO     ___FILE_ONLY___  
2025-01-08 08:41:13,265 INFO     ___FILE_ONLY___ to
2025-01-08 08:41:13,265 INFO     ___FILE_ONLY___  
2025-01-08 08:41:13,265 INFO     ___FILE_ONLY___ configure
2025-01-08 08:41:13,265 INFO     ___FILE_ONLY___  
2025-01-08 08:41:13,265 INFO     ___FILE_ONLY___ query
2025-01-08 08:41:13,265 INFO     ___FILE_ONLY___ 

2025-01-08 08:41:13,265 INFO     ___FILE_ONLY___         
2025-01-08 08:41:13,265 INFO     ___FILE_ONLY___ wait
2025-01-08 08:41:13,265 INFO     ___FILE_ONLY___  
2025-01-08 08:41:13,265 INFO     ___FILE_ONLY___ timeouts.
2025-01-08 08:41:13,265 INFO     ___FILE_ONLY___ 

2025-01-08 08:41:13,265 INFO     ___FILE_ONLY___       ▪
2025-01-08 08:41:13,265 INFO     ___FILE_ONLY___  
2025-01-08 08:41:13,265 INFO     ___FILE_ONLY___ Added
2025-01-08 08:41:13,265 INFO     ___FILE_ONLY___  
2025-01-08 08:41:13,265 INFO     ___FILE_ONLY___ flag
2025-01-08 08:41:13,265 INFO     ___FILE_ONLY___  
2025-01-08 08:41:13,266 INFO     ___FILE_ONLY___ --connection-pooling-stats-users
2025-01-08 08:41:13,266 INFO     ___FILE_ONLY___  
2025-01-08 08:41:13,266 INFO     ___FILE_ONLY___ to
2025-01-08 08:41:13,266 INFO     ___FILE_ONLY___  
2025-01-08 08:41:13,266 INFO     ___FILE_ONLY___ configure
2025-01-08 08:41:13,266 INFO     ___FILE_ONLY___  
2025-01-08 08:41:13,266 INFO     ___FILE_ONLY___ database
2025-01-08 08:41:13,266 INFO     ___FILE_ONLY___ 

2025-01-08 08:41:13,266 INFO     ___FILE_ONLY___         
2025-01-08 08:41:13,266 INFO     ___FILE_ONLY___ users
2025-01-08 08:41:13,266 INFO     ___FILE_ONLY___  
2025-01-08 08:41:13,266 INFO     ___FILE_ONLY___ with
2025-01-08 08:41:13,266 INFO     ___FILE_ONLY___  
2025-01-08 08:41:13,266 INFO     ___FILE_ONLY___ access
2025-01-08 08:41:13,266 INFO     ___FILE_ONLY___  
2025-01-08 08:41:13,266 INFO     ___FILE_ONLY___ to
2025-01-08 08:41:13,266 INFO     ___FILE_ONLY___  
2025-01-08 08:41:13,266 INFO     ___FILE_ONLY___ stats.
2025-01-08 08:41:13,266 INFO     ___FILE_ONLY___ 

2025-01-08 08:41:13,266 INFO     ___FILE_ONLY___       ▪
2025-01-08 08:41:13,266 INFO     ___FILE_ONLY___  
2025-01-08 08:41:13,266 INFO     ___FILE_ONLY___ Added
2025-01-08 08:41:13,266 INFO     ___FILE_ONLY___  
2025-01-08 08:41:13,266 INFO     ___FILE_ONLY___ flag
2025-01-08 08:41:13,266 INFO     ___FILE_ONLY___  
2025-01-08 08:41:13,266 INFO     ___FILE_ONLY___ --connection-pooling-ignore-startup-parameters
2025-01-08 08:41:13,266 INFO     ___FILE_ONLY___  
2025-01-08 08:41:13,266 INFO     ___FILE_ONLY___ to
2025-01-08 08:41:13,266 INFO     ___FILE_ONLY___ 

2025-01-08 08:41:13,266 INFO     ___FILE_ONLY___         
2025-01-08 08:41:13,267 INFO     ___FILE_ONLY___ configure
2025-01-08 08:41:13,267 INFO     ___FILE_ONLY___  
2025-01-08 08:41:13,267 INFO     ___FILE_ONLY___ startup
2025-01-08 08:41:13,267 INFO     ___FILE_ONLY___  
2025-01-08 08:41:13,267 INFO     ___FILE_ONLY___ parameters
2025-01-08 08:41:13,267 INFO     ___FILE_ONLY___  
2025-01-08 08:41:13,267 INFO     ___FILE_ONLY___ to
2025-01-08 08:41:13,267 INFO     ___FILE_ONLY___  
2025-01-08 08:41:13,267 INFO     ___FILE_ONLY___ ignore.
2025-01-08 08:41:13,267 INFO     ___FILE_ONLY___ 

2025-01-08 08:41:13,267 INFO     ___FILE_ONLY___ 

2025-01-08 08:41:13,267 INFO     ___FILE_ONLY___ 
2025-01-08 08:41:13,267 INFO     ___FILE_ONLY___   
2025-01-08 08:41:13,267 INFO     ___FILE_ONLY___ Cloud Build

2025-01-08 08:41:13,267 INFO     ___FILE_ONLY___       ▪
2025-01-08 08:41:13,267 INFO     ___FILE_ONLY___  
2025-01-08 08:41:13,267 INFO     ___FILE_ONLY___ Rewrote
2025-01-08 08:41:13,267 INFO     ___FILE_ONLY___  
2025-01-08 08:41:13,267 INFO     ___FILE_ONLY___ flag
2025-01-08 08:41:13,267 INFO     ___FILE_ONLY___  
2025-01-08 08:41:13,267 INFO     ___FILE_ONLY___ descriptions
2025-01-08 08:41:13,267 INFO     ___FILE_ONLY___  
2025-01-08 08:41:13,267 INFO     ___FILE_ONLY___ for
2025-01-08 08:41:13,267 INFO     ___FILE_ONLY___  
2025-01-08 08:41:13,267 INFO     ___FILE_ONLY___ --worker-disk-size
2025-01-08 08:41:13,267 INFO     ___FILE_ONLY___  
2025-01-08 08:41:13,267 INFO     ___FILE_ONLY___ in
2025-01-08 08:41:13,268 INFO     ___FILE_ONLY___  
2025-01-08 08:41:13,268 INFO     ___FILE_ONLY___ gcloud
2025-01-08 08:41:13,268 INFO     ___FILE_ONLY___  
2025-01-08 08:41:13,268 INFO     ___FILE_ONLY___ builds
2025-01-08 08:41:13,268 INFO     ___FILE_ONLY___ 

2025-01-08 08:41:13,268 INFO     ___FILE_ONLY___         
2025-01-08 08:41:13,268 INFO     ___FILE_ONLY___ worker-pools.
2025-01-08 08:41:13,268 INFO     ___FILE_ONLY___ 

2025-01-08 08:41:13,268 INFO     ___FILE_ONLY___ 

2025-01-08 08:41:13,268 INFO     ___FILE_ONLY___ 
2025-01-08 08:41:13,268 INFO     ___FILE_ONLY___   
2025-01-08 08:41:13,268 INFO     ___FILE_ONLY___ Cloud Composer

2025-01-08 08:41:13,268 INFO     ___FILE_ONLY___       ▪
2025-01-08 08:41:13,268 INFO     ___FILE_ONLY___  
2025-01-08 08:41:13,268 INFO     ___FILE_ONLY___ Fixed
2025-01-08 08:41:13,268 INFO     ___FILE_ONLY___  
2025-01-08 08:41:13,268 INFO     ___FILE_ONLY___ --uri
2025-01-08 08:41:13,268 INFO     ___FILE_ONLY___  
2025-01-08 08:41:13,268 INFO     ___FILE_ONLY___ flag
2025-01-08 08:41:13,268 INFO     ___FILE_ONLY___  
2025-01-08 08:41:13,268 INFO     ___FILE_ONLY___ behavior
2025-01-08 08:41:13,268 INFO     ___FILE_ONLY___  
2025-01-08 08:41:13,269 INFO     ___FILE_ONLY___ for
2025-01-08 08:41:13,269 INFO     ___FILE_ONLY___  
2025-01-08 08:41:13,269 INFO     ___FILE_ONLY___ gcloud
2025-01-08 08:41:13,269 INFO     ___FILE_ONLY___  
2025-01-08 08:41:13,269 INFO     ___FILE_ONLY___ composer
2025-01-08 08:41:13,269 INFO     ___FILE_ONLY___  
2025-01-08 08:41:13,269 INFO     ___FILE_ONLY___ environments
2025-01-08 08:41:13,269 INFO     ___FILE_ONLY___  
2025-01-08 08:41:13,269 INFO     ___FILE_ONLY___ list
2025-01-08 08:41:13,269 INFO     ___FILE_ONLY___ 

2025-01-08 08:41:13,269 INFO     ___FILE_ONLY___         
2025-01-08 08:41:13,269 INFO     ___FILE_ONLY___ command.
2025-01-08 08:41:13,269 INFO     ___FILE_ONLY___ 

2025-01-08 08:41:13,269 INFO     ___FILE_ONLY___       ▪
2025-01-08 08:41:13,269 INFO     ___FILE_ONLY___  
2025-01-08 08:41:13,269 INFO     ___FILE_ONLY___ Fixed
2025-01-08 08:41:13,269 INFO     ___FILE_ONLY___  
2025-01-08 08:41:13,269 INFO     ___FILE_ONLY___ --uri
2025-01-08 08:41:13,269 INFO     ___FILE_ONLY___  
2025-01-08 08:41:13,269 INFO     ___FILE_ONLY___ flag
2025-01-08 08:41:13,269 INFO     ___FILE_ONLY___  
2025-01-08 08:41:13,269 INFO     ___FILE_ONLY___ behavior
2025-01-08 08:41:13,269 INFO     ___FILE_ONLY___  
2025-01-08 08:41:13,269 INFO     ___FILE_ONLY___ for
2025-01-08 08:41:13,269 INFO     ___FILE_ONLY___  
2025-01-08 08:41:13,269 INFO     ___FILE_ONLY___ gcloud
2025-01-08 08:41:13,269 INFO     ___FILE_ONLY___  
2025-01-08 08:41:13,269 INFO     ___FILE_ONLY___ composer
2025-01-08 08:41:13,269 INFO     ___FILE_ONLY___  
2025-01-08 08:41:13,269 INFO     ___FILE_ONLY___ operations
2025-01-08 08:41:13,269 INFO     ___FILE_ONLY___  
2025-01-08 08:41:13,269 INFO     ___FILE_ONLY___ list
2025-01-08 08:41:13,269 INFO     ___FILE_ONLY___ 

2025-01-08 08:41:13,269 INFO     ___FILE_ONLY___         
2025-01-08 08:41:13,269 INFO     ___FILE_ONLY___ command.
2025-01-08 08:41:13,269 INFO     ___FILE_ONLY___ 

2025-01-08 08:41:13,270 INFO     ___FILE_ONLY___ 

2025-01-08 08:41:13,270 INFO     ___FILE_ONLY___ 
2025-01-08 08:41:13,270 INFO     ___FILE_ONLY___   
2025-01-08 08:41:13,270 INFO     ___FILE_ONLY___ Cloud Filestore

2025-01-08 08:41:13,270 INFO     ___FILE_ONLY___       ▪
2025-01-08 08:41:13,270 INFO     ___FILE_ONLY___  
2025-01-08 08:41:13,270 INFO     ___FILE_ONLY___ Removed
2025-01-08 08:41:13,270 INFO     ___FILE_ONLY___  
2025-01-08 08:41:13,270 INFO     ___FILE_ONLY___ MAX_IOPS
2025-01-08 08:41:13,270 INFO     ___FILE_ONLY___  
2025-01-08 08:41:13,270 INFO     ___FILE_ONLY___ column
2025-01-08 08:41:13,270 INFO     ___FILE_ONLY___  
2025-01-08 08:41:13,270 INFO     ___FILE_ONLY___ from
2025-01-08 08:41:13,270 INFO     ___FILE_ONLY___  
2025-01-08 08:41:13,270 INFO     ___FILE_ONLY___ gcloud
2025-01-08 08:41:13,270 INFO     ___FILE_ONLY___  
2025-01-08 08:41:13,270 INFO     ___FILE_ONLY___ beta
2025-01-08 08:41:13,270 INFO     ___FILE_ONLY___  
2025-01-08 08:41:13,270 INFO     ___FILE_ONLY___ filestore
2025-01-08 08:41:13,270 INFO     ___FILE_ONLY___  
2025-01-08 08:41:13,270 INFO     ___FILE_ONLY___ instances
2025-01-08 08:41:13,270 INFO     ___FILE_ONLY___  
2025-01-08 08:41:13,270 INFO     ___FILE_ONLY___ list
2025-01-08 08:41:13,270 INFO     ___FILE_ONLY___  
2025-01-08 08:41:13,270 INFO     ___FILE_ONLY___ and
2025-01-08 08:41:13,270 INFO     ___FILE_ONLY___ 

2025-01-08 08:41:13,270 INFO     ___FILE_ONLY___         
2025-01-08 08:41:13,270 INFO     ___FILE_ONLY___ gcloud
2025-01-08 08:41:13,270 INFO     ___FILE_ONLY___  
2025-01-08 08:41:13,270 INFO     ___FILE_ONLY___ filestore
2025-01-08 08:41:13,271 INFO     ___FILE_ONLY___  
2025-01-08 08:41:13,271 INFO     ___FILE_ONLY___ instances
2025-01-08 08:41:13,271 INFO     ___FILE_ONLY___  
2025-01-08 08:41:13,271 INFO     ___FILE_ONLY___ list.
2025-01-08 08:41:13,271 INFO     ___FILE_ONLY___ 

2025-01-08 08:41:13,271 INFO     ___FILE_ONLY___ 

2025-01-08 08:41:13,271 INFO     ___FILE_ONLY___ 
2025-01-08 08:41:13,271 INFO     ___FILE_ONLY___   
2025-01-08 08:41:13,271 INFO     ___FILE_ONLY___ Cloud Identity-Aware Proxy

2025-01-08 08:41:13,271 INFO     ___FILE_ONLY___       ▪
2025-01-08 08:41:13,271 INFO     ___FILE_ONLY___  
2025-01-08 08:41:13,271 INFO     ___FILE_ONLY___ Modified
2025-01-08 08:41:13,271 INFO     ___FILE_ONLY___  
2025-01-08 08:41:13,271 INFO     ___FILE_ONLY___ acceptable
2025-01-08 08:41:13,271 INFO     ___FILE_ONLY___  
2025-01-08 08:41:13,271 INFO     ___FILE_ONLY___ argument
2025-01-08 08:41:13,271 INFO     ___FILE_ONLY___  
2025-01-08 08:41:13,271 INFO     ___FILE_ONLY___ types
2025-01-08 08:41:13,271 INFO     ___FILE_ONLY___  
2025-01-08 08:41:13,271 INFO     ___FILE_ONLY___ for
2025-01-08 08:41:13,271 INFO     ___FILE_ONLY___  
2025-01-08 08:41:13,271 INFO     ___FILE_ONLY___ gcloud
2025-01-08 08:41:13,271 INFO     ___FILE_ONLY___  
2025-01-08 08:41:13,271 INFO     ___FILE_ONLY___ iap
2025-01-08 08:41:13,271 INFO     ___FILE_ONLY___  
2025-01-08 08:41:13,271 INFO     ___FILE_ONLY___ settings
2025-01-08 08:41:13,271 INFO     ___FILE_ONLY___  
2025-01-08 08:41:13,271 INFO     ___FILE_ONLY___ to
2025-01-08 08:41:13,271 INFO     ___FILE_ONLY___  
2025-01-08 08:41:13,271 INFO     ___FILE_ONLY___ support
2025-01-08 08:41:13,271 INFO     ___FILE_ONLY___ 

2025-01-08 08:41:13,271 INFO     ___FILE_ONLY___         
2025-01-08 08:41:13,271 INFO     ___FILE_ONLY___ backend-services.
2025-01-08 08:41:13,271 INFO     ___FILE_ONLY___ 

2025-01-08 08:41:13,272 INFO     ___FILE_ONLY___ 

2025-01-08 08:41:13,272 INFO     ___FILE_ONLY___ 
2025-01-08 08:41:13,272 INFO     ___FILE_ONLY___   
2025-01-08 08:41:13,272 INFO     ___FILE_ONLY___ Cloud Run

2025-01-08 08:41:13,272 INFO     ___FILE_ONLY___       ▪
2025-01-08 08:41:13,272 INFO     ___FILE_ONLY___  
2025-01-08 08:41:13,272 INFO     ___FILE_ONLY___ Added
2025-01-08 08:41:13,272 INFO     ___FILE_ONLY___  
2025-01-08 08:41:13,272 INFO     ___FILE_ONLY___ build
2025-01-08 08:41:13,272 INFO     ___FILE_ONLY___  
2025-01-08 08:41:13,272 INFO     ___FILE_ONLY___ with
2025-01-08 08:41:13,272 INFO     ___FILE_ONLY___  
2025-01-08 08:41:13,272 INFO     ___FILE_ONLY___ lifecycle
2025-01-08 08:41:13,272 INFO     ___FILE_ONLY___  
2025-01-08 08:41:13,272 INFO     ___FILE_ONLY___ binary
2025-01-08 08:41:13,272 INFO     ___FILE_ONLY___  
2025-01-08 08:41:13,272 INFO     ___FILE_ONLY___ support
2025-01-08 08:41:13,272 INFO     ___FILE_ONLY___  
2025-01-08 08:41:13,272 INFO     ___FILE_ONLY___ when
2025-01-08 08:41:13,272 INFO     ___FILE_ONLY___  
2025-01-08 08:41:13,272 INFO     ___FILE_ONLY___ project.toml
2025-01-08 08:41:13,272 INFO     ___FILE_ONLY___  
2025-01-08 08:41:13,272 INFO     ___FILE_ONLY___ is
2025-01-08 08:41:13,272 INFO     ___FILE_ONLY___  
2025-01-08 08:41:13,272 INFO     ___FILE_ONLY___ not
2025-01-08 08:41:13,272 INFO     ___FILE_ONLY___ 

2025-01-08 08:41:13,272 INFO     ___FILE_ONLY___         
2025-01-08 08:41:13,272 INFO     ___FILE_ONLY___ provided
2025-01-08 08:41:13,272 INFO     ___FILE_ONLY___  
2025-01-08 08:41:13,272 INFO     ___FILE_ONLY___ to
2025-01-08 08:41:13,272 INFO     ___FILE_ONLY___  
2025-01-08 08:41:13,272 INFO     ___FILE_ONLY___ gcloud
2025-01-08 08:41:13,272 INFO     ___FILE_ONLY___  
2025-01-08 08:41:13,272 INFO     ___FILE_ONLY___ beta
2025-01-08 08:41:13,273 INFO     ___FILE_ONLY___  
2025-01-08 08:41:13,273 INFO     ___FILE_ONLY___ run
2025-01-08 08:41:13,273 INFO     ___FILE_ONLY___  
2025-01-08 08:41:13,273 INFO     ___FILE_ONLY___ deploy.
2025-01-08 08:41:13,273 INFO     ___FILE_ONLY___ 

2025-01-08 08:41:13,273 INFO     ___FILE_ONLY___       ▪
2025-01-08 08:41:13,273 INFO     ___FILE_ONLY___  
2025-01-08 08:41:13,273 INFO     ___FILE_ONLY___ Promoted
2025-01-08 08:41:13,273 INFO     ___FILE_ONLY___  
2025-01-08 08:41:13,273 INFO     ___FILE_ONLY___ --base-image
2025-01-08 08:41:13,273 INFO     ___FILE_ONLY___  
2025-01-08 08:41:13,273 INFO     ___FILE_ONLY___ and
2025-01-08 08:41:13,273 INFO     ___FILE_ONLY___  
2025-01-08 08:41:13,273 INFO     ___FILE_ONLY___ --clear-base-image
2025-01-08 08:41:13,273 INFO     ___FILE_ONLY___  
2025-01-08 08:41:13,273 INFO     ___FILE_ONLY___ flags
2025-01-08 08:41:13,273 INFO     ___FILE_ONLY___  
2025-01-08 08:41:13,273 INFO     ___FILE_ONLY___ for
2025-01-08 08:41:13,273 INFO     ___FILE_ONLY___  
2025-01-08 08:41:13,273 INFO     ___FILE_ONLY___ gcloud
2025-01-08 08:41:13,273 INFO     ___FILE_ONLY___  
2025-01-08 08:41:13,273 INFO     ___FILE_ONLY___ beta
2025-01-08 08:41:13,273 INFO     ___FILE_ONLY___ 

2025-01-08 08:41:13,273 INFO     ___FILE_ONLY___         
2025-01-08 08:41:13,273 INFO     ___FILE_ONLY___ run
2025-01-08 08:41:13,273 INFO     ___FILE_ONLY___  
2025-01-08 08:41:13,273 INFO     ___FILE_ONLY___ services
2025-01-08 08:41:13,273 INFO     ___FILE_ONLY___  
2025-01-08 08:41:13,273 INFO     ___FILE_ONLY___ update
2025-01-08 08:41:13,273 INFO     ___FILE_ONLY___  
2025-01-08 08:41:13,273 INFO     ___FILE_ONLY___ command.
2025-01-08 08:41:13,273 INFO     ___FILE_ONLY___ 

2025-01-08 08:41:13,273 INFO     ___FILE_ONLY___       ▪
2025-01-08 08:41:13,274 INFO     ___FILE_ONLY___  
2025-01-08 08:41:13,274 INFO     ___FILE_ONLY___ Added
2025-01-08 08:41:13,274 INFO     ___FILE_ONLY___  
2025-01-08 08:41:13,274 INFO     ___FILE_ONLY___ support
2025-01-08 08:41:13,274 INFO     ___FILE_ONLY___  
2025-01-08 08:41:13,274 INFO     ___FILE_ONLY___ for
2025-01-08 08:41:13,274 INFO     ___FILE_ONLY___  
2025-01-08 08:41:13,274 INFO     ___FILE_ONLY___ customer-managed
2025-01-08 08:41:13,274 INFO     ___FILE_ONLY___  
2025-01-08 08:41:13,274 INFO     ___FILE_ONLY___ encryption
2025-01-08 08:41:13,274 INFO     ___FILE_ONLY___  
2025-01-08 08:41:13,274 INFO     ___FILE_ONLY___ keys
2025-01-08 08:41:13,274 INFO     ___FILE_ONLY___  
2025-01-08 08:41:13,274 INFO     ___FILE_ONLY___ (CMEK)
2025-01-08 08:41:13,274 INFO     ___FILE_ONLY___  
2025-01-08 08:41:13,274 INFO     ___FILE_ONLY___ for
2025-01-08 08:41:13,274 INFO     ___FILE_ONLY___ 

2025-01-08 08:41:13,274 INFO     ___FILE_ONLY___         
2025-01-08 08:41:13,274 INFO     ___FILE_ONLY___ source-based
2025-01-08 08:41:13,274 INFO     ___FILE_ONLY___  
2025-01-08 08:41:13,274 INFO     ___FILE_ONLY___ deployments
2025-01-08 08:41:13,274 INFO     ___FILE_ONLY___  
2025-01-08 08:41:13,274 INFO     ___FILE_ONLY___ in
2025-01-08 08:41:13,274 INFO     ___FILE_ONLY___  
2025-01-08 08:41:13,274 INFO     ___FILE_ONLY___ the
2025-01-08 08:41:13,274 INFO     ___FILE_ONLY___  
2025-01-08 08:41:13,274 INFO     ___FILE_ONLY___ beta
2025-01-08 08:41:13,274 INFO     ___FILE_ONLY___  
2025-01-08 08:41:13,274 INFO     ___FILE_ONLY___ track.
2025-01-08 08:41:13,274 INFO     ___FILE_ONLY___ 

2025-01-08 08:41:13,274 INFO     ___FILE_ONLY___ 

2025-01-08 08:41:13,274 INFO     ___FILE_ONLY___ 
2025-01-08 08:41:13,274 INFO     ___FILE_ONLY___   
2025-01-08 08:41:13,274 INFO     ___FILE_ONLY___ Cloud Workstations

2025-01-08 08:41:13,274 INFO     ___FILE_ONLY___       ▪
2025-01-08 08:41:13,275 INFO     ___FILE_ONLY___  
2025-01-08 08:41:13,275 INFO     ___FILE_ONLY___ Adding
2025-01-08 08:41:13,275 INFO     ___FILE_ONLY___  
2025-01-08 08:41:13,275 INFO     ___FILE_ONLY___ support
2025-01-08 08:41:13,275 INFO     ___FILE_ONLY___  
2025-01-08 08:41:13,275 INFO     ___FILE_ONLY___ for
2025-01-08 08:41:13,275 INFO     ___FILE_ONLY___  
2025-01-08 08:41:13,275 INFO     ___FILE_ONLY___ disabling
2025-01-08 08:41:13,275 INFO     ___FILE_ONLY___  
2025-01-08 08:41:13,275 INFO     ___FILE_ONLY___ local
2025-01-08 08:41:13,275 INFO     ___FILE_ONLY___  
2025-01-08 08:41:13,275 INFO     ___FILE_ONLY___ host
2025-01-08 08:41:13,275 INFO     ___FILE_ONLY___  
2025-01-08 08:41:13,275 INFO     ___FILE_ONLY___ replacement
2025-01-08 08:41:13,275 INFO     ___FILE_ONLY___  
2025-01-08 08:41:13,275 INFO     ___FILE_ONLY___ in
2025-01-08 08:41:13,275 INFO     ___FILE_ONLY___  
2025-01-08 08:41:13,275 INFO     ___FILE_ONLY___ the
2025-01-08 08:41:13,275 INFO     ___FILE_ONLY___  
2025-01-08 08:41:13,275 INFO     ___FILE_ONLY___ beta
2025-01-08 08:41:13,275 INFO     ___FILE_ONLY___ 

2025-01-08 08:41:13,275 INFO     ___FILE_ONLY___         
2025-01-08 08:41:13,275 INFO     ___FILE_ONLY___ workstations
2025-01-08 08:41:13,275 INFO     ___FILE_ONLY___  
2025-01-08 08:41:13,275 INFO     ___FILE_ONLY___ configs
2025-01-08 08:41:13,275 INFO     ___FILE_ONLY___  
2025-01-08 08:41:13,275 INFO     ___FILE_ONLY___ create
2025-01-08 08:41:13,275 INFO     ___FILE_ONLY___  
2025-01-08 08:41:13,275 INFO     ___FILE_ONLY___ and
2025-01-08 08:41:13,275 INFO     ___FILE_ONLY___  
2025-01-08 08:41:13,275 INFO     ___FILE_ONLY___ beta
2025-01-08 08:41:13,275 INFO     ___FILE_ONLY___  
2025-01-08 08:41:13,275 INFO     ___FILE_ONLY___ workstations
2025-01-08 08:41:13,275 INFO     ___FILE_ONLY___  
2025-01-08 08:41:13,275 INFO     ___FILE_ONLY___ configs
2025-01-08 08:41:13,276 INFO     ___FILE_ONLY___  
2025-01-08 08:41:13,276 INFO     ___FILE_ONLY___ update
2025-01-08 08:41:13,276 INFO     ___FILE_ONLY___ 

2025-01-08 08:41:13,276 INFO     ___FILE_ONLY___         
2025-01-08 08:41:13,276 INFO     ___FILE_ONLY___ commands.
2025-01-08 08:41:13,276 INFO     ___FILE_ONLY___ 

2025-01-08 08:41:13,276 INFO     ___FILE_ONLY___ 

2025-01-08 08:41:13,276 INFO     ___FILE_ONLY___ 
2025-01-08 08:41:13,276 INFO     ___FILE_ONLY___   
2025-01-08 08:41:13,276 INFO     ___FILE_ONLY___ Compute Engine

2025-01-08 08:41:13,276 INFO     ___FILE_ONLY___       ▪
2025-01-08 08:41:13,276 INFO     ___FILE_ONLY___  
2025-01-08 08:41:13,276 INFO     ___FILE_ONLY___ Added
2025-01-08 08:41:13,276 INFO     ___FILE_ONLY___  
2025-01-08 08:41:13,276 INFO     ___FILE_ONLY___ --require-specific-reservation
2025-01-08 08:41:13,276 INFO     ___FILE_ONLY___  
2025-01-08 08:41:13,276 INFO     ___FILE_ONLY___ flag
2025-01-08 08:41:13,276 INFO     ___FILE_ONLY___  
2025-01-08 08:41:13,276 INFO     ___FILE_ONLY___ to
2025-01-08 08:41:13,276 INFO     ___FILE_ONLY___  
2025-01-08 08:41:13,276 INFO     ___FILE_ONLY___ gcloud
2025-01-08 08:41:13,276 INFO     ___FILE_ONLY___  
2025-01-08 08:41:13,276 INFO     ___FILE_ONLY___ beta
2025-01-08 08:41:13,276 INFO     ___FILE_ONLY___  
2025-01-08 08:41:13,276 INFO     ___FILE_ONLY___ compute
2025-01-08 08:41:13,276 INFO     ___FILE_ONLY___ 

2025-01-08 08:41:13,276 INFO     ___FILE_ONLY___         
2025-01-08 08:41:13,276 INFO     ___FILE_ONLY___ reservations
2025-01-08 08:41:13,276 INFO     ___FILE_ONLY___  
2025-01-08 08:41:13,276 INFO     ___FILE_ONLY___ create
2025-01-08 08:41:13,276 INFO     ___FILE_ONLY___  
2025-01-08 08:41:13,276 INFO     ___FILE_ONLY___ and
2025-01-08 08:41:13,276 INFO     ___FILE_ONLY___  
2025-01-08 08:41:13,276 INFO     ___FILE_ONLY___ gcloud
2025-01-08 08:41:13,276 INFO     ___FILE_ONLY___  
2025-01-08 08:41:13,276 INFO     ___FILE_ONLY___ beta
2025-01-08 08:41:13,277 INFO     ___FILE_ONLY___  
2025-01-08 08:41:13,277 INFO     ___FILE_ONLY___ compute
2025-01-08 08:41:13,277 INFO     ___FILE_ONLY___  
2025-01-08 08:41:13,277 INFO     ___FILE_ONLY___ reservations
2025-01-08 08:41:13,277 INFO     ___FILE_ONLY___  
2025-01-08 08:41:13,277 INFO     ___FILE_ONLY___ update.
2025-01-08 08:41:13,277 INFO     ___FILE_ONLY___ 

2025-01-08 08:41:13,277 INFO     ___FILE_ONLY___       ▪
2025-01-08 08:41:13,277 INFO     ___FILE_ONLY___  
2025-01-08 08:41:13,277 INFO     ___FILE_ONLY___ Added
2025-01-08 08:41:13,277 INFO     ___FILE_ONLY___  
2025-01-08 08:41:13,277 INFO     ___FILE_ONLY___ --reservation-name
2025-01-08 08:41:13,277 INFO     ___FILE_ONLY___  
2025-01-08 08:41:13,277 INFO     ___FILE_ONLY___ flag
2025-01-08 08:41:13,277 INFO     ___FILE_ONLY___  
2025-01-08 08:41:13,277 INFO     ___FILE_ONLY___ to
2025-01-08 08:41:13,277 INFO     ___FILE_ONLY___  
2025-01-08 08:41:13,277 INFO     ___FILE_ONLY___ gcloud
2025-01-08 08:41:13,277 INFO     ___FILE_ONLY___  
2025-01-08 08:41:13,277 INFO     ___FILE_ONLY___ beta
2025-01-08 08:41:13,277 INFO     ___FILE_ONLY___  
2025-01-08 08:41:13,277 INFO     ___FILE_ONLY___ compute
2025-01-08 08:41:13,277 INFO     ___FILE_ONLY___  
2025-01-08 08:41:13,277 INFO     ___FILE_ONLY___ reservations
2025-01-08 08:41:13,277 INFO     ___FILE_ONLY___ 

2025-01-08 08:41:13,277 INFO     ___FILE_ONLY___         
2025-01-08 08:41:13,277 INFO     ___FILE_ONLY___ create
2025-01-08 08:41:13,277 INFO     ___FILE_ONLY___  
2025-01-08 08:41:13,277 INFO     ___FILE_ONLY___ and
2025-01-08 08:41:13,277 INFO     ___FILE_ONLY___  
2025-01-08 08:41:13,277 INFO     ___FILE_ONLY___ gcloud
2025-01-08 08:41:13,277 INFO     ___FILE_ONLY___  
2025-01-08 08:41:13,278 INFO     ___FILE_ONLY___ beta
2025-01-08 08:41:13,278 INFO     ___FILE_ONLY___  
2025-01-08 08:41:13,278 INFO     ___FILE_ONLY___ compute
2025-01-08 08:41:13,278 INFO     ___FILE_ONLY___  
2025-01-08 08:41:13,278 INFO     ___FILE_ONLY___ reservations
2025-01-08 08:41:13,278 INFO     ___FILE_ONLY___  
2025-01-08 08:41:13,278 INFO     ___FILE_ONLY___ update.
2025-01-08 08:41:13,278 INFO     ___FILE_ONLY___ 

2025-01-08 08:41:13,278 INFO     ___FILE_ONLY___       ▪
2025-01-08 08:41:13,278 INFO     ___FILE_ONLY___  
2025-01-08 08:41:13,278 INFO     ___FILE_ONLY___ Added
2025-01-08 08:41:13,278 INFO     ___FILE_ONLY___  
2025-01-08 08:41:13,278 INFO     ___FILE_ONLY___ --deployment-type
2025-01-08 08:41:13,278 INFO     ___FILE_ONLY___  
2025-01-08 08:41:13,278 INFO     ___FILE_ONLY___ flag
2025-01-08 08:41:13,278 INFO     ___FILE_ONLY___  
2025-01-08 08:41:13,278 INFO     ___FILE_ONLY___ to
2025-01-08 08:41:13,278 INFO     ___FILE_ONLY___  
2025-01-08 08:41:13,278 INFO     ___FILE_ONLY___ gcloud
2025-01-08 08:41:13,278 INFO     ___FILE_ONLY___  
2025-01-08 08:41:13,278 INFO     ___FILE_ONLY___ beta
2025-01-08 08:41:13,278 INFO     ___FILE_ONLY___  
2025-01-08 08:41:13,278 INFO     ___FILE_ONLY___ compute
2025-01-08 08:41:13,278 INFO     ___FILE_ONLY___  
2025-01-08 08:41:13,278 INFO     ___FILE_ONLY___ reservations
2025-01-08 08:41:13,278 INFO     ___FILE_ONLY___ 

2025-01-08 08:41:13,278 INFO     ___FILE_ONLY___         
2025-01-08 08:41:13,278 INFO     ___FILE_ONLY___ create
2025-01-08 08:41:13,278 INFO     ___FILE_ONLY___  
2025-01-08 08:41:13,279 INFO     ___FILE_ONLY___ and
2025-01-08 08:41:13,279 INFO     ___FILE_ONLY___  
2025-01-08 08:41:13,279 INFO     ___FILE_ONLY___ gcloud
2025-01-08 08:41:13,279 INFO     ___FILE_ONLY___  
2025-01-08 08:41:13,279 INFO     ___FILE_ONLY___ beta
2025-01-08 08:41:13,279 INFO     ___FILE_ONLY___  
2025-01-08 08:41:13,279 INFO     ___FILE_ONLY___ compute
2025-01-08 08:41:13,279 INFO     ___FILE_ONLY___  
2025-01-08 08:41:13,279 INFO     ___FILE_ONLY___ reservations
2025-01-08 08:41:13,279 INFO     ___FILE_ONLY___  
2025-01-08 08:41:13,279 INFO     ___FILE_ONLY___ update.
2025-01-08 08:41:13,279 INFO     ___FILE_ONLY___ 

2025-01-08 08:41:13,279 INFO     ___FILE_ONLY___       ▪
2025-01-08 08:41:13,279 INFO     ___FILE_ONLY___  
2025-01-08 08:41:13,279 INFO     ___FILE_ONLY___ Added
2025-01-08 08:41:13,279 INFO     ___FILE_ONLY___  
2025-01-08 08:41:13,279 INFO     ___FILE_ONLY___ --scheduling-type
2025-01-08 08:41:13,279 INFO     ___FILE_ONLY___  
2025-01-08 08:41:13,279 INFO     ___FILE_ONLY___ flag
2025-01-08 08:41:13,279 INFO     ___FILE_ONLY___  
2025-01-08 08:41:13,279 INFO     ___FILE_ONLY___ to
2025-01-08 08:41:13,279 INFO     ___FILE_ONLY___  
2025-01-08 08:41:13,279 INFO     ___FILE_ONLY___ gcloud
2025-01-08 08:41:13,279 INFO     ___FILE_ONLY___  
2025-01-08 08:41:13,279 INFO     ___FILE_ONLY___ beta
2025-01-08 08:41:13,279 INFO     ___FILE_ONLY___  
2025-01-08 08:41:13,279 INFO     ___FILE_ONLY___ compute
2025-01-08 08:41:13,279 INFO     ___FILE_ONLY___  
2025-01-08 08:41:13,279 INFO     ___FILE_ONLY___ reservations
2025-01-08 08:41:13,279 INFO     ___FILE_ONLY___ 

2025-01-08 08:41:13,279 INFO     ___FILE_ONLY___         
2025-01-08 08:41:13,279 INFO     ___FILE_ONLY___ create
2025-01-08 08:41:13,279 INFO     ___FILE_ONLY___  
2025-01-08 08:41:13,279 INFO     ___FILE_ONLY___ and
2025-01-08 08:41:13,279 INFO     ___FILE_ONLY___  
2025-01-08 08:41:13,280 INFO     ___FILE_ONLY___ gcloud
2025-01-08 08:41:13,280 INFO     ___FILE_ONLY___  
2025-01-08 08:41:13,280 INFO     ___FILE_ONLY___ beta
2025-01-08 08:41:13,280 INFO     ___FILE_ONLY___  
2025-01-08 08:41:13,280 INFO     ___FILE_ONLY___ compute
2025-01-08 08:41:13,280 INFO     ___FILE_ONLY___  
2025-01-08 08:41:13,280 INFO     ___FILE_ONLY___ reservations
2025-01-08 08:41:13,280 INFO     ___FILE_ONLY___  
2025-01-08 08:41:13,280 INFO     ___FILE_ONLY___ update.
2025-01-08 08:41:13,280 INFO     ___FILE_ONLY___ 

2025-01-08 08:41:13,280 INFO     ___FILE_ONLY___       ▪
2025-01-08 08:41:13,280 INFO     ___FILE_ONLY___  
2025-01-08 08:41:13,280 INFO     ___FILE_ONLY___ Support
2025-01-08 08:41:13,280 INFO     ___FILE_ONLY___  
2025-01-08 08:41:13,280 INFO     ___FILE_ONLY___ --provisioning-model=reservation-bound
2025-01-08 08:41:13,280 INFO     ___FILE_ONLY___  
2025-01-08 08:41:13,280 INFO     ___FILE_ONLY___ in
2025-01-08 08:41:13,280 INFO     ___FILE_ONLY___  
2025-01-08 08:41:13,280 INFO     ___FILE_ONLY___ beta
2025-01-08 08:41:13,280 INFO     ___FILE_ONLY___  
2025-01-08 08:41:13,280 INFO     ___FILE_ONLY___ for
2025-01-08 08:41:13,280 INFO     ___FILE_ONLY___  
2025-01-08 08:41:13,280 INFO     ___FILE_ONLY___ gcloud
2025-01-08 08:41:13,280 INFO     ___FILE_ONLY___ 

2025-01-08 08:41:13,280 INFO     ___FILE_ONLY___         
2025-01-08 08:41:13,280 INFO     ___FILE_ONLY___ compute
2025-01-08 08:41:13,280 INFO     ___FILE_ONLY___  
2025-01-08 08:41:13,280 INFO     ___FILE_ONLY___ instances
2025-01-08 08:41:13,280 INFO     ___FILE_ONLY___  
2025-01-08 08:41:13,280 INFO     ___FILE_ONLY___ create,
2025-01-08 08:41:13,280 INFO     ___FILE_ONLY___  
2025-01-08 08:41:13,280 INFO     ___FILE_ONLY___ gcloud
2025-01-08 08:41:13,280 INFO     ___FILE_ONLY___  
2025-01-08 08:41:13,280 INFO     ___FILE_ONLY___ compute
2025-01-08 08:41:13,280 INFO     ___FILE_ONLY___  
2025-01-08 08:41:13,280 INFO     ___FILE_ONLY___ instances
2025-01-08 08:41:13,281 INFO     ___FILE_ONLY___  
2025-01-08 08:41:13,281 INFO     ___FILE_ONLY___ bulk
2025-01-08 08:41:13,281 INFO     ___FILE_ONLY___  
2025-01-08 08:41:13,281 INFO     ___FILE_ONLY___ create,
2025-01-08 08:41:13,281 INFO     ___FILE_ONLY___  
2025-01-08 08:41:13,281 INFO     ___FILE_ONLY___ and
2025-01-08 08:41:13,281 INFO     ___FILE_ONLY___ 

2025-01-08 08:41:13,281 INFO     ___FILE_ONLY___         
2025-01-08 08:41:13,281 INFO     ___FILE_ONLY___ gcloud
2025-01-08 08:41:13,281 INFO     ___FILE_ONLY___  
2025-01-08 08:41:13,281 INFO     ___FILE_ONLY___ compute
2025-01-08 08:41:13,281 INFO     ___FILE_ONLY___  
2025-01-08 08:41:13,281 INFO     ___FILE_ONLY___ instance-templates
2025-01-08 08:41:13,281 INFO     ___FILE_ONLY___  
2025-01-08 08:41:13,281 INFO     ___FILE_ONLY___ create
2025-01-08 08:41:13,281 INFO     ___FILE_ONLY___  
2025-01-08 08:41:13,281 INFO     ___FILE_ONLY___ commands.
2025-01-08 08:41:13,281 INFO     ___FILE_ONLY___ 

2025-01-08 08:41:13,281 INFO     ___FILE_ONLY___       ▪
2025-01-08 08:41:13,281 INFO     ___FILE_ONLY___  
2025-01-08 08:41:13,281 INFO     ___FILE_ONLY___ Added
2025-01-08 08:41:13,281 INFO     ___FILE_ONLY___  
2025-01-08 08:41:13,281 INFO     ___FILE_ONLY___ CA_ENTERPRISE_ANNUAL
2025-01-08 08:41:13,281 INFO     ___FILE_ONLY___  
2025-01-08 08:41:13,281 INFO     ___FILE_ONLY___ as
2025-01-08 08:41:13,281 INFO     ___FILE_ONLY___  
2025-01-08 08:41:13,281 INFO     ___FILE_ONLY___ an
2025-01-08 08:41:13,281 INFO     ___FILE_ONLY___  
2025-01-08 08:41:13,281 INFO     ___FILE_ONLY___ additional
2025-01-08 08:41:13,281 INFO     ___FILE_ONLY___  
2025-01-08 08:41:13,281 INFO     ___FILE_ONLY___ option
2025-01-08 08:41:13,281 INFO     ___FILE_ONLY___  
2025-01-08 08:41:13,281 INFO     ___FILE_ONLY___ for
2025-01-08 08:41:13,281 INFO     ___FILE_ONLY___ 

2025-01-08 08:41:13,281 INFO     ___FILE_ONLY___         
2025-01-08 08:41:13,281 INFO     ___FILE_ONLY___ --cloud-armor-tier
2025-01-08 08:41:13,281 INFO     ___FILE_ONLY___  
2025-01-08 08:41:13,282 INFO     ___FILE_ONLY___ of
2025-01-08 08:41:13,282 INFO     ___FILE_ONLY___  
2025-01-08 08:41:13,282 INFO     ___FILE_ONLY___ gcloud
2025-01-08 08:41:13,282 INFO     ___FILE_ONLY___  
2025-01-08 08:41:13,282 INFO     ___FILE_ONLY___ compute
2025-01-08 08:41:13,282 INFO     ___FILE_ONLY___  
2025-01-08 08:41:13,282 INFO     ___FILE_ONLY___ project-info
2025-01-08 08:41:13,282 INFO     ___FILE_ONLY___  
2025-01-08 08:41:13,282 INFO     ___FILE_ONLY___ update.
2025-01-08 08:41:13,282 INFO     ___FILE_ONLY___ 

2025-01-08 08:41:13,282 INFO     ___FILE_ONLY___       ▪
2025-01-08 08:41:13,282 INFO     ___FILE_ONLY___  
2025-01-08 08:41:13,282 INFO     ___FILE_ONLY___ Added
2025-01-08 08:41:13,282 INFO     ___FILE_ONLY___  
2025-01-08 08:41:13,282 INFO     ___FILE_ONLY___ CAMP_PLUS_ANNUAL
2025-01-08 08:41:13,282 INFO     ___FILE_ONLY___  
2025-01-08 08:41:13,282 INFO     ___FILE_ONLY___ as
2025-01-08 08:41:13,282 INFO     ___FILE_ONLY___  
2025-01-08 08:41:13,282 INFO     ___FILE_ONLY___ an
2025-01-08 08:41:13,282 INFO     ___FILE_ONLY___  
2025-01-08 08:41:13,282 INFO     ___FILE_ONLY___ additional
2025-01-08 08:41:13,282 INFO     ___FILE_ONLY___  
2025-01-08 08:41:13,282 INFO     ___FILE_ONLY___ option
2025-01-08 08:41:13,282 INFO     ___FILE_ONLY___  
2025-01-08 08:41:13,282 INFO     ___FILE_ONLY___ for
2025-01-08 08:41:13,282 INFO     ___FILE_ONLY___ 

2025-01-08 08:41:13,282 INFO     ___FILE_ONLY___         
2025-01-08 08:41:13,282 INFO     ___FILE_ONLY___ --managed-protection-tier
2025-01-08 08:41:13,282 INFO     ___FILE_ONLY___  
2025-01-08 08:41:13,282 INFO     ___FILE_ONLY___ of
2025-01-08 08:41:13,282 INFO     ___FILE_ONLY___  
2025-01-08 08:41:13,282 INFO     ___FILE_ONLY___ gcloud
2025-01-08 08:41:13,282 INFO     ___FILE_ONLY___  
2025-01-08 08:41:13,282 INFO     ___FILE_ONLY___ compute
2025-01-08 08:41:13,282 INFO     ___FILE_ONLY___  
2025-01-08 08:41:13,282 INFO     ___FILE_ONLY___ project-info
2025-01-08 08:41:13,282 INFO     ___FILE_ONLY___  
2025-01-08 08:41:13,282 INFO     ___FILE_ONLY___ update.
2025-01-08 08:41:13,282 INFO     ___FILE_ONLY___ 

2025-01-08 08:41:13,282 INFO     ___FILE_ONLY___       ▪
2025-01-08 08:41:13,283 INFO     ___FILE_ONLY___  
2025-01-08 08:41:13,283 INFO     ___FILE_ONLY___ Promoted
2025-01-08 08:41:13,283 INFO     ___FILE_ONLY___  
2025-01-08 08:41:13,283 INFO     ___FILE_ONLY___ Standby
2025-01-08 08:41:13,283 INFO     ___FILE_ONLY___  
2025-01-08 08:41:13,283 INFO     ___FILE_ONLY___ Policy
2025-01-08 08:41:13,283 INFO     ___FILE_ONLY___  
2025-01-08 08:41:13,283 INFO     ___FILE_ONLY___ flags
2025-01-08 08:41:13,283 INFO     ___FILE_ONLY___  
2025-01-08 08:41:13,283 INFO     ___FILE_ONLY___ for
2025-01-08 08:41:13,283 INFO     ___FILE_ONLY___  
2025-01-08 08:41:13,283 INFO     ___FILE_ONLY___ gcloud
2025-01-08 08:41:13,283 INFO     ___FILE_ONLY___  
2025-01-08 08:41:13,283 INFO     ___FILE_ONLY___ compute
2025-01-08 08:41:13,283 INFO     ___FILE_ONLY___  
2025-01-08 08:41:13,283 INFO     ___FILE_ONLY___ instance-groups
2025-01-08 08:41:13,283 INFO     ___FILE_ONLY___ 

2025-01-08 08:41:13,283 INFO     ___FILE_ONLY___         
2025-01-08 08:41:13,283 INFO     ___FILE_ONLY___ managed
2025-01-08 08:41:13,283 INFO     ___FILE_ONLY___  
2025-01-08 08:41:13,283 INFO     ___FILE_ONLY___ create
2025-01-08 08:41:13,283 INFO     ___FILE_ONLY___  
2025-01-08 08:41:13,283 INFO     ___FILE_ONLY___ to
2025-01-08 08:41:13,283 INFO     ___FILE_ONLY___  
2025-01-08 08:41:13,283 INFO     ___FILE_ONLY___ v1.
2025-01-08 08:41:13,283 INFO     ___FILE_ONLY___ 

2025-01-08 08:41:13,283 INFO     ___FILE_ONLY___       ▪
2025-01-08 08:41:13,283 INFO     ___FILE_ONLY___  
2025-01-08 08:41:13,283 INFO     ___FILE_ONLY___ Promoted
2025-01-08 08:41:13,283 INFO     ___FILE_ONLY___  
2025-01-08 08:41:13,283 INFO     ___FILE_ONLY___ Standby
2025-01-08 08:41:13,283 INFO     ___FILE_ONLY___  
2025-01-08 08:41:13,283 INFO     ___FILE_ONLY___ Policy
2025-01-08 08:41:13,283 INFO     ___FILE_ONLY___  
2025-01-08 08:41:13,283 INFO     ___FILE_ONLY___ flags
2025-01-08 08:41:13,283 INFO     ___FILE_ONLY___  
2025-01-08 08:41:13,283 INFO     ___FILE_ONLY___ for
2025-01-08 08:41:13,283 INFO     ___FILE_ONLY___  
2025-01-08 08:41:13,283 INFO     ___FILE_ONLY___ gcloud
2025-01-08 08:41:13,283 INFO     ___FILE_ONLY___  
2025-01-08 08:41:13,283 INFO     ___FILE_ONLY___ compute
2025-01-08 08:41:13,283 INFO     ___FILE_ONLY___  
2025-01-08 08:41:13,284 INFO     ___FILE_ONLY___ instance-groups
2025-01-08 08:41:13,284 INFO     ___FILE_ONLY___ 

2025-01-08 08:41:13,284 INFO     ___FILE_ONLY___         
2025-01-08 08:41:13,284 INFO     ___FILE_ONLY___ managed
2025-01-08 08:41:13,284 INFO     ___FILE_ONLY___  
2025-01-08 08:41:13,284 INFO     ___FILE_ONLY___ update
2025-01-08 08:41:13,284 INFO     ___FILE_ONLY___  
2025-01-08 08:41:13,284 INFO     ___FILE_ONLY___ to
2025-01-08 08:41:13,284 INFO     ___FILE_ONLY___  
2025-01-08 08:41:13,284 INFO     ___FILE_ONLY___ v1.
2025-01-08 08:41:13,284 INFO     ___FILE_ONLY___ 

2025-01-08 08:41:13,284 INFO     ___FILE_ONLY___       ▪
2025-01-08 08:41:13,284 INFO     ___FILE_ONLY___  
2025-01-08 08:41:13,284 INFO     ___FILE_ONLY___ Promoted
2025-01-08 08:41:13,284 INFO     ___FILE_ONLY___  
2025-01-08 08:41:13,284 INFO     ___FILE_ONLY___ gcloud
2025-01-08 08:41:13,284 INFO     ___FILE_ONLY___  
2025-01-08 08:41:13,284 INFO     ___FILE_ONLY___ compute
2025-01-08 08:41:13,284 INFO     ___FILE_ONLY___  
2025-01-08 08:41:13,284 INFO     ___FILE_ONLY___ instance-groups
2025-01-08 08:41:13,284 INFO     ___FILE_ONLY___  
2025-01-08 08:41:13,284 INFO     ___FILE_ONLY___ managed
2025-01-08 08:41:13,284 INFO     ___FILE_ONLY___  
2025-01-08 08:41:13,284 INFO     ___FILE_ONLY___ suspend-instances
2025-01-08 08:41:13,284 INFO     ___FILE_ONLY___  
2025-01-08 08:41:13,284 INFO     ___FILE_ONLY___ to
2025-01-08 08:41:13,284 INFO     ___FILE_ONLY___ 

2025-01-08 08:41:13,284 INFO     ___FILE_ONLY___         
2025-01-08 08:41:13,284 INFO     ___FILE_ONLY___ v1.
2025-01-08 08:41:13,284 INFO     ___FILE_ONLY___ 

2025-01-08 08:41:13,284 INFO     ___FILE_ONLY___       ▪
2025-01-08 08:41:13,284 INFO     ___FILE_ONLY___  
2025-01-08 08:41:13,284 INFO     ___FILE_ONLY___ Promoted
2025-01-08 08:41:13,284 INFO     ___FILE_ONLY___  
2025-01-08 08:41:13,284 INFO     ___FILE_ONLY___ gcloud
2025-01-08 08:41:13,284 INFO     ___FILE_ONLY___  
2025-01-08 08:41:13,284 INFO     ___FILE_ONLY___ compute
2025-01-08 08:41:13,284 INFO     ___FILE_ONLY___  
2025-01-08 08:41:13,284 INFO     ___FILE_ONLY___ instance-groups
2025-01-08 08:41:13,284 INFO     ___FILE_ONLY___  
2025-01-08 08:41:13,284 INFO     ___FILE_ONLY___ managed
2025-01-08 08:41:13,284 INFO     ___FILE_ONLY___  
2025-01-08 08:41:13,284 INFO     ___FILE_ONLY___ resume-instances
2025-01-08 08:41:13,284 INFO     ___FILE_ONLY___  
2025-01-08 08:41:13,285 INFO     ___FILE_ONLY___ to
2025-01-08 08:41:13,285 INFO     ___FILE_ONLY___ 

2025-01-08 08:41:13,285 INFO     ___FILE_ONLY___         
2025-01-08 08:41:13,285 INFO     ___FILE_ONLY___ v1.
2025-01-08 08:41:13,285 INFO     ___FILE_ONLY___ 

2025-01-08 08:41:13,285 INFO     ___FILE_ONLY___       ▪
2025-01-08 08:41:13,285 INFO     ___FILE_ONLY___  
2025-01-08 08:41:13,285 INFO     ___FILE_ONLY___ Promoted
2025-01-08 08:41:13,285 INFO     ___FILE_ONLY___  
2025-01-08 08:41:13,285 INFO     ___FILE_ONLY___ gcloud
2025-01-08 08:41:13,285 INFO     ___FILE_ONLY___  
2025-01-08 08:41:13,285 INFO     ___FILE_ONLY___ compute
2025-01-08 08:41:13,285 INFO     ___FILE_ONLY___  
2025-01-08 08:41:13,285 INFO     ___FILE_ONLY___ instance-groups
2025-01-08 08:41:13,285 INFO     ___FILE_ONLY___  
2025-01-08 08:41:13,285 INFO     ___FILE_ONLY___ managed
2025-01-08 08:41:13,285 INFO     ___FILE_ONLY___  
2025-01-08 08:41:13,285 INFO     ___FILE_ONLY___ stop-instances
2025-01-08 08:41:13,285 INFO     ___FILE_ONLY___  
2025-01-08 08:41:13,285 INFO     ___FILE_ONLY___ to
2025-01-08 08:41:13,285 INFO     ___FILE_ONLY___  
2025-01-08 08:41:13,285 INFO     ___FILE_ONLY___ v1.
2025-01-08 08:41:13,285 INFO     ___FILE_ONLY___ 

2025-01-08 08:41:13,285 INFO     ___FILE_ONLY___       ▪
2025-01-08 08:41:13,285 INFO     ___FILE_ONLY___  
2025-01-08 08:41:13,285 INFO     ___FILE_ONLY___ Promoted
2025-01-08 08:41:13,285 INFO     ___FILE_ONLY___  
2025-01-08 08:41:13,285 INFO     ___FILE_ONLY___ gcloud
2025-01-08 08:41:13,285 INFO     ___FILE_ONLY___  
2025-01-08 08:41:13,285 INFO     ___FILE_ONLY___ compute
2025-01-08 08:41:13,285 INFO     ___FILE_ONLY___  
2025-01-08 08:41:13,285 INFO     ___FILE_ONLY___ instance-groups
2025-01-08 08:41:13,285 INFO     ___FILE_ONLY___  
2025-01-08 08:41:13,285 INFO     ___FILE_ONLY___ managed
2025-01-08 08:41:13,285 INFO     ___FILE_ONLY___  
2025-01-08 08:41:13,285 INFO     ___FILE_ONLY___ start-instances
2025-01-08 08:41:13,285 INFO     ___FILE_ONLY___  
2025-01-08 08:41:13,285 INFO     ___FILE_ONLY___ to
2025-01-08 08:41:13,285 INFO     ___FILE_ONLY___  
2025-01-08 08:41:13,285 INFO     ___FILE_ONLY___ 1.
2025-01-08 08:41:13,285 INFO     ___FILE_ONLY___ 

2025-01-08 08:41:13,285 INFO     ___FILE_ONLY___       ▪
2025-01-08 08:41:13,285 INFO     ___FILE_ONLY___  
2025-01-08 08:41:13,286 INFO     ___FILE_ONLY___ Added
2025-01-08 08:41:13,286 INFO     ___FILE_ONLY___  
2025-01-08 08:41:13,286 INFO     ___FILE_ONLY___ --project-number
2025-01-08 08:41:13,286 INFO     ___FILE_ONLY___  
2025-01-08 08:41:13,286 INFO     ___FILE_ONLY___ flag
2025-01-08 08:41:13,286 INFO     ___FILE_ONLY___  
2025-01-08 08:41:13,286 INFO     ___FILE_ONLY___ to
2025-01-08 08:41:13,286 INFO     ___FILE_ONLY___  
2025-01-08 08:41:13,286 INFO     ___FILE_ONLY___ gcloud
2025-01-08 08:41:13,286 INFO     ___FILE_ONLY___  
2025-01-08 08:41:13,286 INFO     ___FILE_ONLY___ beta
2025-01-08 08:41:13,286 INFO     ___FILE_ONLY___  
2025-01-08 08:41:13,286 INFO     ___FILE_ONLY___ compute
2025-01-08 08:41:13,286 INFO     ___FILE_ONLY___ 

2025-01-08 08:41:13,286 INFO     ___FILE_ONLY___         
2025-01-08 08:41:13,286 INFO     ___FILE_ONLY___ org-security-policies
2025-01-08 08:41:13,286 INFO     ___FILE_ONLY___  
2025-01-08 08:41:13,286 INFO     ___FILE_ONLY___ associations
2025-01-08 08:41:13,286 INFO     ___FILE_ONLY___  
2025-01-08 08:41:13,286 INFO     ___FILE_ONLY___ create.
2025-01-08 08:41:13,286 INFO     ___FILE_ONLY___ 

2025-01-08 08:41:13,286 INFO     ___FILE_ONLY___       ▪
2025-01-08 08:41:13,286 INFO     ___FILE_ONLY___  
2025-01-08 08:41:13,286 INFO     ___FILE_ONLY___ Added
2025-01-08 08:41:13,286 INFO     ___FILE_ONLY___  
2025-01-08 08:41:13,286 INFO     ___FILE_ONLY___ 100g
2025-01-08 08:41:13,286 INFO     ___FILE_ONLY___  
2025-01-08 08:41:13,286 INFO     ___FILE_ONLY___ as
2025-01-08 08:41:13,286 INFO     ___FILE_ONLY___  
2025-01-08 08:41:13,286 INFO     ___FILE_ONLY___ an
2025-01-08 08:41:13,286 INFO     ___FILE_ONLY___  
2025-01-08 08:41:13,286 INFO     ___FILE_ONLY___ additional
2025-01-08 08:41:13,286 INFO     ___FILE_ONLY___  
2025-01-08 08:41:13,286 INFO     ___FILE_ONLY___ option
2025-01-08 08:41:13,286 INFO     ___FILE_ONLY___  
2025-01-08 08:41:13,286 INFO     ___FILE_ONLY___ for
2025-01-08 08:41:13,286 INFO     ___FILE_ONLY___  
2025-01-08 08:41:13,286 INFO     ___FILE_ONLY___ --bandwidth
2025-01-08 08:41:13,286 INFO     ___FILE_ONLY___  
2025-01-08 08:41:13,286 INFO     ___FILE_ONLY___ of
2025-01-08 08:41:13,286 INFO     ___FILE_ONLY___  
2025-01-08 08:41:13,286 INFO     ___FILE_ONLY___ gcloud
2025-01-08 08:41:13,286 INFO     ___FILE_ONLY___  
2025-01-08 08:41:13,287 INFO     ___FILE_ONLY___ compute
2025-01-08 08:41:13,287 INFO     ___FILE_ONLY___ 

2025-01-08 08:41:13,287 INFO     ___FILE_ONLY___         
2025-01-08 08:41:13,287 INFO     ___FILE_ONLY___ interconnects
2025-01-08 08:41:13,287 INFO     ___FILE_ONLY___  
2025-01-08 08:41:13,287 INFO     ___FILE_ONLY___ attachments
2025-01-08 08:41:13,287 INFO     ___FILE_ONLY___  
2025-01-08 08:41:13,287 INFO     ___FILE_ONLY___ dedicated
2025-01-08 08:41:13,287 INFO     ___FILE_ONLY___  
2025-01-08 08:41:13,287 INFO     ___FILE_ONLY___ create
2025-01-08 08:41:13,287 INFO     ___FILE_ONLY___  
2025-01-08 08:41:13,287 INFO     ___FILE_ONLY___ and
2025-01-08 08:41:13,287 INFO     ___FILE_ONLY___  
2025-01-08 08:41:13,287 INFO     ___FILE_ONLY___ gcloud
2025-01-08 08:41:13,287 INFO     ___FILE_ONLY___  
2025-01-08 08:41:13,287 INFO     ___FILE_ONLY___ compute
2025-01-08 08:41:13,287 INFO     ___FILE_ONLY___ 

2025-01-08 08:41:13,287 INFO     ___FILE_ONLY___         
2025-01-08 08:41:13,287 INFO     ___FILE_ONLY___ interconnects
2025-01-08 08:41:13,287 INFO     ___FILE_ONLY___  
2025-01-08 08:41:13,287 INFO     ___FILE_ONLY___ attachments
2025-01-08 08:41:13,287 INFO     ___FILE_ONLY___  
2025-01-08 08:41:13,287 INFO     ___FILE_ONLY___ dedicated
2025-01-08 08:41:13,287 INFO     ___FILE_ONLY___  
2025-01-08 08:41:13,287 INFO     ___FILE_ONLY___ update.
2025-01-08 08:41:13,287 INFO     ___FILE_ONLY___ 

2025-01-08 08:41:13,287 INFO     ___FILE_ONLY___ 

2025-01-08 08:41:13,287 INFO     ___FILE_ONLY___ 
2025-01-08 08:41:13,287 INFO     ___FILE_ONLY___   
2025-01-08 08:41:13,287 INFO     ___FILE_ONLY___ Database Migration

2025-01-08 08:41:13,287 INFO     ___FILE_ONLY___       ▪
2025-01-08 08:41:13,287 INFO     ___FILE_ONLY___  
2025-01-08 08:41:13,287 INFO     ___FILE_ONLY___ Added
2025-01-08 08:41:13,287 INFO     ___FILE_ONLY___  
2025-01-08 08:41:13,287 INFO     ___FILE_ONLY___ --role
2025-01-08 08:41:13,287 INFO     ___FILE_ONLY___  
2025-01-08 08:41:13,287 INFO     ___FILE_ONLY___ flag
2025-01-08 08:41:13,288 INFO     ___FILE_ONLY___  
2025-01-08 08:41:13,288 INFO     ___FILE_ONLY___ to
2025-01-08 08:41:13,288 INFO     ___FILE_ONLY___  
2025-01-08 08:41:13,288 INFO     ___FILE_ONLY___ gcloud
2025-01-08 08:41:13,288 INFO     ___FILE_ONLY___  
2025-01-08 08:41:13,288 INFO     ___FILE_ONLY___ database-migration
2025-01-08 08:41:13,288 INFO     ___FILE_ONLY___  
2025-01-08 08:41:13,288 INFO     ___FILE_ONLY___ connection-profiles
2025-01-08 08:41:13,288 INFO     ___FILE_ONLY___ 

2025-01-08 08:41:13,288 INFO     ___FILE_ONLY___         
2025-01-08 08:41:13,288 INFO     ___FILE_ONLY___ create.
2025-01-08 08:41:13,288 INFO     ___FILE_ONLY___ 

2025-01-08 08:41:13,288 INFO     ___FILE_ONLY___       ▪
2025-01-08 08:41:13,288 INFO     ___FILE_ONLY___  
2025-01-08 08:41:13,288 INFO     ___FILE_ONLY___ Fixed
2025-01-08 08:41:13,288 INFO     ___FILE_ONLY___  
2025-01-08 08:41:13,288 INFO     ___FILE_ONLY___ an
2025-01-08 08:41:13,288 INFO     ___FILE_ONLY___  
2025-01-08 08:41:13,288 INFO     ___FILE_ONLY___ issue
2025-01-08 08:41:13,288 INFO     ___FILE_ONLY___  
2025-01-08 08:41:13,288 INFO     ___FILE_ONLY___ where
2025-01-08 08:41:13,288 INFO     ___FILE_ONLY___  
2025-01-08 08:41:13,288 INFO     ___FILE_ONLY___ gcloud
2025-01-08 08:41:13,288 INFO     ___FILE_ONLY___  
2025-01-08 08:41:13,288 INFO     ___FILE_ONLY___ database-migration
2025-01-08 08:41:13,288 INFO     ___FILE_ONLY___  
2025-01-08 08:41:13,288 INFO     ___FILE_ONLY___ connection-profiles
2025-01-08 08:41:13,288 INFO     ___FILE_ONLY___ 

2025-01-08 08:41:13,288 INFO     ___FILE_ONLY___         
2025-01-08 08:41:13,288 INFO     ___FILE_ONLY___ update
2025-01-08 08:41:13,288 INFO     ___FILE_ONLY___  
2025-01-08 08:41:13,288 INFO     ___FILE_ONLY___ would
2025-01-08 08:41:13,288 INFO     ___FILE_ONLY___  
2025-01-08 08:41:13,288 INFO     ___FILE_ONLY___ not
2025-01-08 08:41:13,288 INFO     ___FILE_ONLY___  
2025-01-08 08:41:13,288 INFO     ___FILE_ONLY___ update
2025-01-08 08:41:13,288 INFO     ___FILE_ONLY___  
2025-01-08 08:41:13,288 INFO     ___FILE_ONLY___ correctly
2025-01-08 08:41:13,289 INFO     ___FILE_ONLY___  
2025-01-08 08:41:13,289 INFO     ___FILE_ONLY___ --ca-certificate
2025-01-08 08:41:13,289 INFO     ___FILE_ONLY___  
2025-01-08 08:41:13,289 INFO     ___FILE_ONLY___ or
2025-01-08 08:41:13,289 INFO     ___FILE_ONLY___ 

2025-01-08 08:41:13,289 INFO     ___FILE_ONLY___         
2025-01-08 08:41:13,289 INFO     ___FILE_ONLY___ --database-service
2025-01-08 08:41:13,289 INFO     ___FILE_ONLY___  
2025-01-08 08:41:13,289 INFO     ___FILE_ONLY___ flags
2025-01-08 08:41:13,289 INFO     ___FILE_ONLY___  
2025-01-08 08:41:13,289 INFO     ___FILE_ONLY___ for
2025-01-08 08:41:13,289 INFO     ___FILE_ONLY___  
2025-01-08 08:41:13,289 INFO     ___FILE_ONLY___ oracle
2025-01-08 08:41:13,289 INFO     ___FILE_ONLY___  
2025-01-08 08:41:13,289 INFO     ___FILE_ONLY___ connection
2025-01-08 08:41:13,289 INFO     ___FILE_ONLY___  
2025-01-08 08:41:13,289 INFO     ___FILE_ONLY___ profiles.
2025-01-08 08:41:13,289 INFO     ___FILE_ONLY___ 

2025-01-08 08:41:13,289 INFO     ___FILE_ONLY___ 

2025-01-08 08:41:13,289 INFO     ___FILE_ONLY___ 
2025-01-08 08:41:13,289 INFO     ___FILE_ONLY___   
2025-01-08 08:41:13,289 INFO     ___FILE_ONLY___ GKE Hub

2025-01-08 08:41:13,289 INFO     ___FILE_ONLY___       ▪
2025-01-08 08:41:13,289 INFO     ___FILE_ONLY___  
2025-01-08 08:41:13,289 INFO     ___FILE_ONLY___ Fixed
2025-01-08 08:41:13,289 INFO     ___FILE_ONLY___  
2025-01-08 08:41:13,289 INFO     ___FILE_ONLY___ a
2025-01-08 08:41:13,289 INFO     ___FILE_ONLY___  
2025-01-08 08:41:13,289 INFO     ___FILE_ONLY___ bug
2025-01-08 08:41:13,289 INFO     ___FILE_ONLY___  
2025-01-08 08:41:13,289 INFO     ___FILE_ONLY___ in
2025-01-08 08:41:13,289 INFO     ___FILE_ONLY___  
2025-01-08 08:41:13,289 INFO     ___FILE_ONLY___ gcloud
2025-01-08 08:41:13,289 INFO     ___FILE_ONLY___  
2025-01-08 08:41:13,289 INFO     ___FILE_ONLY___ beta
2025-01-08 08:41:13,289 INFO     ___FILE_ONLY___  
2025-01-08 08:41:13,289 INFO     ___FILE_ONLY___ container
2025-01-08 08:41:13,289 INFO     ___FILE_ONLY___  
2025-01-08 08:41:13,289 INFO     ___FILE_ONLY___ fleet
2025-01-08 08:41:13,289 INFO     ___FILE_ONLY___  
2025-01-08 08:41:13,289 INFO     ___FILE_ONLY___ config-management
2025-01-08 08:41:13,289 INFO     ___FILE_ONLY___  
2025-01-08 08:41:13,290 INFO     ___FILE_ONLY___ unmanage
2025-01-08 08:41:13,290 INFO     ___FILE_ONLY___ 

2025-01-08 08:41:13,290 INFO     ___FILE_ONLY___         
2025-01-08 08:41:13,290 INFO     ___FILE_ONLY___ when
2025-01-08 08:41:13,290 INFO     ___FILE_ONLY___  
2025-01-08 08:41:13,290 INFO     ___FILE_ONLY___ sending
2025-01-08 08:41:13,290 INFO     ___FILE_ONLY___  
2025-01-08 08:41:13,290 INFO     ___FILE_ONLY___ empty
2025-01-08 08:41:13,290 INFO     ___FILE_ONLY___  
2025-01-08 08:41:13,290 INFO     ___FILE_ONLY___ payload
2025-01-08 08:41:13,290 INFO     ___FILE_ONLY___  
2025-01-08 08:41:13,290 INFO     ___FILE_ONLY___ would
2025-01-08 08:41:13,290 INFO     ___FILE_ONLY___  
2025-01-08 08:41:13,290 INFO     ___FILE_ONLY___ fail
2025-01-08 08:41:13,290 INFO     ___FILE_ONLY___  
2025-01-08 08:41:13,290 INFO     ___FILE_ONLY___ validation.
2025-01-08 08:41:13,290 INFO     ___FILE_ONLY___  
2025-01-08 08:41:13,290 INFO     ___FILE_ONLY___ This
2025-01-08 08:41:13,290 INFO     ___FILE_ONLY___  
2025-01-08 08:41:13,290 INFO     ___FILE_ONLY___ was
2025-01-08 08:41:13,290 INFO     ___FILE_ONLY___  
2025-01-08 08:41:13,290 INFO     ___FILE_ONLY___ introduced
2025-01-08 08:41:13,290 INFO     ___FILE_ONLY___ 

2025-01-08 08:41:13,290 INFO     ___FILE_ONLY___         
2025-01-08 08:41:13,290 INFO     ___FILE_ONLY___ in
2025-01-08 08:41:13,290 INFO     ___FILE_ONLY___  
2025-01-08 08:41:13,290 INFO     ___FILE_ONLY___ Google
2025-01-08 08:41:13,290 INFO     ___FILE_ONLY___  
2025-01-08 08:41:13,290 INFO     ___FILE_ONLY___ Cloud
2025-01-08 08:41:13,290 INFO     ___FILE_ONLY___  
2025-01-08 08:41:13,290 INFO     ___FILE_ONLY___ CLI
2025-01-08 08:41:13,290 INFO     ___FILE_ONLY___  
2025-01-08 08:41:13,290 INFO     ___FILE_ONLY___ version
2025-01-08 08:41:13,290 INFO     ___FILE_ONLY___  
2025-01-08 08:41:13,290 INFO     ___FILE_ONLY___ 498.0.0.
2025-01-08 08:41:13,290 INFO     ___FILE_ONLY___ 

2025-01-08 08:41:13,290 INFO     ___FILE_ONLY___       ▪
2025-01-08 08:41:13,290 INFO     ___FILE_ONLY___  
2025-01-08 08:41:13,290 INFO     ___FILE_ONLY___ Added
2025-01-08 08:41:13,290 INFO     ___FILE_ONLY___  
2025-01-08 08:41:13,290 INFO     ___FILE_ONLY___ gcloud
2025-01-08 08:41:13,290 INFO     ___FILE_ONLY___  
2025-01-08 08:41:13,290 INFO     ___FILE_ONLY___ container
2025-01-08 08:41:13,290 INFO     ___FILE_ONLY___  
2025-01-08 08:41:13,291 INFO     ___FILE_ONLY___ fleet
2025-01-08 08:41:13,291 INFO     ___FILE_ONLY___  
2025-01-08 08:41:13,291 INFO     ___FILE_ONLY___ policycontroller
2025-01-08 08:41:13,291 INFO     ___FILE_ONLY___  
2025-01-08 08:41:13,291 INFO     ___FILE_ONLY___ enable
2025-01-08 08:41:13,291 INFO     ___FILE_ONLY___  
2025-01-08 08:41:13,291 INFO     ___FILE_ONLY___ --no-content
2025-01-08 08:41:13,291 INFO     ___FILE_ONLY___ 

2025-01-08 08:41:13,291 INFO     ___FILE_ONLY___         
2025-01-08 08:41:13,291 INFO     ___FILE_ONLY___ flag
2025-01-08 08:41:13,291 INFO     ___FILE_ONLY___  
2025-01-08 08:41:13,291 INFO     ___FILE_ONLY___ to
2025-01-08 08:41:13,291 INFO     ___FILE_ONLY___  
2025-01-08 08:41:13,291 INFO     ___FILE_ONLY___ install
2025-01-08 08:41:13,291 INFO     ___FILE_ONLY___  
2025-01-08 08:41:13,291 INFO     ___FILE_ONLY___ managed
2025-01-08 08:41:13,291 INFO     ___FILE_ONLY___  
2025-01-08 08:41:13,291 INFO     ___FILE_ONLY___ Policy
2025-01-08 08:41:13,291 INFO     ___FILE_ONLY___  
2025-01-08 08:41:13,291 INFO     ___FILE_ONLY___ Controller
2025-01-08 08:41:13,291 INFO     ___FILE_ONLY___  
2025-01-08 08:41:13,291 INFO     ___FILE_ONLY___ without
2025-01-08 08:41:13,291 INFO     ___FILE_ONLY___  
2025-01-08 08:41:13,291 INFO     ___FILE_ONLY___ any
2025-01-08 08:41:13,291 INFO     ___FILE_ONLY___  
2025-01-08 08:41:13,291 INFO     ___FILE_ONLY___ constraint
2025-01-08 08:41:13,291 INFO     ___FILE_ONLY___ 

2025-01-08 08:41:13,291 INFO     ___FILE_ONLY___         
2025-01-08 08:41:13,291 INFO     ___FILE_ONLY___ template
2025-01-08 08:41:13,291 INFO     ___FILE_ONLY___  
2025-01-08 08:41:13,291 INFO     ___FILE_ONLY___ libraries.
2025-01-08 08:41:13,291 INFO     ___FILE_ONLY___ 

2025-01-08 08:41:13,291 INFO     ___FILE_ONLY___ 

2025-01-08 08:41:13,291 INFO     ___FILE_ONLY___ 
2025-01-08 08:41:13,291 INFO     ___FILE_ONLY___   
2025-01-08 08:41:13,291 INFO     ___FILE_ONLY___ Gcloud Machines List

2025-01-08 08:41:13,291 INFO     ___FILE_ONLY___       ▪
2025-01-08 08:41:13,291 INFO     ___FILE_ONLY___  
2025-01-08 08:41:13,291 INFO     ___FILE_ONLY___ Changed
2025-01-08 08:41:13,291 INFO     ___FILE_ONLY___  
2025-01-08 08:41:13,291 INFO     ___FILE_ONLY___ default
2025-01-08 08:41:13,291 INFO     ___FILE_ONLY___  
2025-01-08 08:41:13,291 INFO     ___FILE_ONLY___ output
2025-01-08 08:41:13,291 INFO     ___FILE_ONLY___  
2025-01-08 08:41:13,291 INFO     ___FILE_ONLY___ of
2025-01-08 08:41:13,292 INFO     ___FILE_ONLY___  
2025-01-08 08:41:13,292 INFO     ___FILE_ONLY___ gcloud
2025-01-08 08:41:13,292 INFO     ___FILE_ONLY___  
2025-01-08 08:41:13,292 INFO     ___FILE_ONLY___ edge-cloud
2025-01-08 08:41:13,292 INFO     ___FILE_ONLY___  
2025-01-08 08:41:13,292 INFO     ___FILE_ONLY___ container
2025-01-08 08:41:13,292 INFO     ___FILE_ONLY___  
2025-01-08 08:41:13,292 INFO     ___FILE_ONLY___ machines
2025-01-08 08:41:13,292 INFO     ___FILE_ONLY___  
2025-01-08 08:41:13,292 INFO     ___FILE_ONLY___ list
2025-01-08 08:41:13,292 INFO     ___FILE_ONLY___ 

2025-01-08 08:41:13,292 INFO     ___FILE_ONLY___         
2025-01-08 08:41:13,292 INFO     ___FILE_ONLY___ commands
2025-01-08 08:41:13,292 INFO     ___FILE_ONLY___  
2025-01-08 08:41:13,292 INFO     ___FILE_ONLY___ to
2025-01-08 08:41:13,292 INFO     ___FILE_ONLY___  
2025-01-08 08:41:13,292 INFO     ___FILE_ONLY___ include
2025-01-08 08:41:13,292 INFO     ___FILE_ONLY___  
2025-01-08 08:41:13,292 INFO     ___FILE_ONLY___ purpose
2025-01-08 08:41:13,292 INFO     ___FILE_ONLY___  
2025-01-08 08:41:13,292 INFO     ___FILE_ONLY___ (what
2025-01-08 08:41:13,292 INFO     ___FILE_ONLY___  
2025-01-08 08:41:13,292 INFO     ___FILE_ONLY___ type
2025-01-08 08:41:13,292 INFO     ___FILE_ONLY___  
2025-01-08 08:41:13,292 INFO     ___FILE_ONLY___ of
2025-01-08 08:41:13,292 INFO     ___FILE_ONLY___  
2025-01-08 08:41:13,292 INFO     ___FILE_ONLY___ cluster
2025-01-08 08:41:13,292 INFO     ___FILE_ONLY___  
2025-01-08 08:41:13,292 INFO     ___FILE_ONLY___ the
2025-01-08 08:41:13,292 INFO     ___FILE_ONLY___  
2025-01-08 08:41:13,292 INFO     ___FILE_ONLY___ machine
2025-01-08 08:41:13,292 INFO     ___FILE_ONLY___  
2025-01-08 08:41:13,292 INFO     ___FILE_ONLY___ is
2025-01-08 08:41:13,292 INFO     ___FILE_ONLY___  
2025-01-08 08:41:13,292 INFO     ___FILE_ONLY___ being
2025-01-08 08:41:13,292 INFO     ___FILE_ONLY___ 

2025-01-08 08:41:13,292 INFO     ___FILE_ONLY___         
2025-01-08 08:41:13,292 INFO     ___FILE_ONLY___ used
2025-01-08 08:41:13,292 INFO     ___FILE_ONLY___  
2025-01-08 08:41:13,292 INFO     ___FILE_ONLY___ for).
2025-01-08 08:41:13,292 INFO     ___FILE_ONLY___ 

2025-01-08 08:41:13,292 INFO     ___FILE_ONLY___ 

2025-01-08 08:41:13,292 INFO     ___FILE_ONLY___ 
2025-01-08 08:41:13,292 INFO     ___FILE_ONLY___   
2025-01-08 08:41:13,292 INFO     ___FILE_ONLY___ Identity and Access Management

2025-01-08 08:41:13,292 INFO     ___FILE_ONLY___       ▪
2025-01-08 08:41:13,292 INFO     ___FILE_ONLY___  
2025-01-08 08:41:13,292 INFO     ___FILE_ONLY___ Added
2025-01-08 08:41:13,293 INFO     ___FILE_ONLY___  
2025-01-08 08:41:13,293 INFO     ___FILE_ONLY___ etag
2025-01-08 08:41:13,293 INFO     ___FILE_ONLY___  
2025-01-08 08:41:13,293 INFO     ___FILE_ONLY___ flag
2025-01-08 08:41:13,293 INFO     ___FILE_ONLY___  
2025-01-08 08:41:13,293 INFO     ___FILE_ONLY___ for
2025-01-08 08:41:13,293 INFO     ___FILE_ONLY___  
2025-01-08 08:41:13,293 INFO     ___FILE_ONLY___ gcloud
2025-01-08 08:41:13,293 INFO     ___FILE_ONLY___  
2025-01-08 08:41:13,293 INFO     ___FILE_ONLY___ beta
2025-01-08 08:41:13,293 INFO     ___FILE_ONLY___  
2025-01-08 08:41:13,293 INFO     ___FILE_ONLY___ iam
2025-01-08 08:41:13,293 INFO     ___FILE_ONLY___  
2025-01-08 08:41:13,293 INFO     ___FILE_ONLY___ policies
2025-01-08 08:41:13,293 INFO     ___FILE_ONLY___  
2025-01-08 08:41:13,293 INFO     ___FILE_ONLY___ update
2025-01-08 08:41:13,293 INFO     ___FILE_ONLY___  
2025-01-08 08:41:13,293 INFO     ___FILE_ONLY___ command.
2025-01-08 08:41:13,293 INFO     ___FILE_ONLY___  
2025-01-08 08:41:13,293 INFO     ___FILE_ONLY___ The
2025-01-08 08:41:13,293 INFO     ___FILE_ONLY___ 

2025-01-08 08:41:13,293 INFO     ___FILE_ONLY___         
2025-01-08 08:41:13,293 INFO     ___FILE_ONLY___ command
2025-01-08 08:41:13,293 INFO     ___FILE_ONLY___  
2025-01-08 08:41:13,293 INFO     ___FILE_ONLY___ will
2025-01-08 08:41:13,293 INFO     ___FILE_ONLY___  
2025-01-08 08:41:13,293 INFO     ___FILE_ONLY___ use
2025-01-08 08:41:13,293 INFO     ___FILE_ONLY___  
2025-01-08 08:41:13,293 INFO     ___FILE_ONLY___ the
2025-01-08 08:41:13,293 INFO     ___FILE_ONLY___  
2025-01-08 08:41:13,293 INFO     ___FILE_ONLY___ etag
2025-01-08 08:41:13,293 INFO     ___FILE_ONLY___  
2025-01-08 08:41:13,293 INFO     ___FILE_ONLY___ in
2025-01-08 08:41:13,293 INFO     ___FILE_ONLY___  
2025-01-08 08:41:13,293 INFO     ___FILE_ONLY___ the
2025-01-08 08:41:13,293 INFO     ___FILE_ONLY___  
2025-01-08 08:41:13,293 INFO     ___FILE_ONLY___ policy
2025-01-08 08:41:13,293 INFO     ___FILE_ONLY___  
2025-01-08 08:41:13,293 INFO     ___FILE_ONLY___ file
2025-01-08 08:41:13,293 INFO     ___FILE_ONLY___  
2025-01-08 08:41:13,293 INFO     ___FILE_ONLY___ if
2025-01-08 08:41:13,293 INFO     ___FILE_ONLY___  
2025-01-08 08:41:13,293 INFO     ___FILE_ONLY___ the
2025-01-08 08:41:13,293 INFO     ___FILE_ONLY___  
2025-01-08 08:41:13,293 INFO     ___FILE_ONLY___ etag
2025-01-08 08:41:13,293 INFO     ___FILE_ONLY___  
2025-01-08 08:41:13,293 INFO     ___FILE_ONLY___ flag
2025-01-08 08:41:13,293 INFO     ___FILE_ONLY___  
2025-01-08 08:41:13,293 INFO     ___FILE_ONLY___ is
2025-01-08 08:41:13,293 INFO     ___FILE_ONLY___  
2025-01-08 08:41:13,293 INFO     ___FILE_ONLY___ not
2025-01-08 08:41:13,293 INFO     ___FILE_ONLY___ 

2025-01-08 08:41:13,294 INFO     ___FILE_ONLY___         
2025-01-08 08:41:13,294 INFO     ___FILE_ONLY___ specified.
2025-01-08 08:41:13,294 INFO     ___FILE_ONLY___ 

2025-01-08 08:41:13,294 INFO     ___FILE_ONLY___ 

2025-01-08 08:41:13,294 INFO     ___FILE_ONLY___ 
2025-01-08 08:41:13,294 INFO     ___FILE_ONLY___   
2025-01-08 08:41:13,294 INFO     ___FILE_ONLY___ Kubernetes Engine

2025-01-08 08:41:13,294 INFO     ___FILE_ONLY___       ▪
2025-01-08 08:41:13,294 INFO     ___FILE_ONLY___  
2025-01-08 08:41:13,294 INFO     ___FILE_ONLY___ Improved
2025-01-08 08:41:13,294 INFO     ___FILE_ONLY___  
2025-01-08 08:41:13,294 INFO     ___FILE_ONLY___ error
2025-01-08 08:41:13,294 INFO     ___FILE_ONLY___  
2025-01-08 08:41:13,294 INFO     ___FILE_ONLY___ handling
2025-01-08 08:41:13,294 INFO     ___FILE_ONLY___  
2025-01-08 08:41:13,294 INFO     ___FILE_ONLY___ of
2025-01-08 08:41:13,294 INFO     ___FILE_ONLY___  
2025-01-08 08:41:13,294 INFO     ___FILE_ONLY___ long
2025-01-08 08:41:13,294 INFO     ___FILE_ONLY___  
2025-01-08 08:41:13,294 INFO     ___FILE_ONLY___ running
2025-01-08 08:41:13,294 INFO     ___FILE_ONLY___  
2025-01-08 08:41:13,294 INFO     ___FILE_ONLY___ operation
2025-01-08 08:41:13,294 INFO     ___FILE_ONLY___  
2025-01-08 08:41:13,294 INFO     ___FILE_ONLY___ polling.
2025-01-08 08:41:13,294 INFO     ___FILE_ONLY___ 

2025-01-08 08:41:13,294 INFO     ___FILE_ONLY___ 

2025-01-08 08:41:13,294 INFO     ___FILE_ONLY___ 
2025-01-08 08:41:13,294 INFO     ___FILE_ONLY___   
2025-01-08 08:41:13,294 INFO     ___FILE_ONLY___ Network Management

2025-01-08 08:41:13,294 INFO     ___FILE_ONLY___       ▪
2025-01-08 08:41:13,294 INFO     ___FILE_ONLY___  
2025-01-08 08:41:13,294 INFO     ___FILE_ONLY___ Added
2025-01-08 08:41:13,294 INFO     ___FILE_ONLY___  
2025-01-08 08:41:13,294 INFO     ___FILE_ONLY___ gcloud
2025-01-08 08:41:13,294 INFO     ___FILE_ONLY___  
2025-01-08 08:41:13,294 INFO     ___FILE_ONLY___ network-management
2025-01-08 08:41:13,294 INFO     ___FILE_ONLY___  
2025-01-08 08:41:13,294 INFO     ___FILE_ONLY___ vpc-flow-logs-configs
2025-01-08 08:41:13,294 INFO     ___FILE_ONLY___  
2025-01-08 08:41:13,294 INFO     ___FILE_ONLY___ command
2025-01-08 08:41:13,294 INFO     ___FILE_ONLY___  
2025-01-08 08:41:13,294 INFO     ___FILE_ONLY___ group
2025-01-08 08:41:13,294 INFO     ___FILE_ONLY___ 

2025-01-08 08:41:13,294 INFO     ___FILE_ONLY___         
2025-01-08 08:41:13,294 INFO     ___FILE_ONLY___ which
2025-01-08 08:41:13,295 INFO     ___FILE_ONLY___  
2025-01-08 08:41:13,295 INFO     ___FILE_ONLY___ manages
2025-01-08 08:41:13,295 INFO     ___FILE_ONLY___  
2025-01-08 08:41:13,295 INFO     ___FILE_ONLY___ the
2025-01-08 08:41:13,295 INFO     ___FILE_ONLY___  
2025-01-08 08:41:13,295 INFO     ___FILE_ONLY___ VPC
2025-01-08 08:41:13,295 INFO     ___FILE_ONLY___  
2025-01-08 08:41:13,295 INFO     ___FILE_ONLY___ Flow
2025-01-08 08:41:13,295 INFO     ___FILE_ONLY___  
2025-01-08 08:41:13,295 INFO     ___FILE_ONLY___ Logs
2025-01-08 08:41:13,295 INFO     ___FILE_ONLY___  
2025-01-08 08:41:13,295 INFO     ___FILE_ONLY___ configurations.
2025-01-08 08:41:13,295 INFO     ___FILE_ONLY___ 

2025-01-08 08:41:13,295 INFO     ___FILE_ONLY___       ▪
2025-01-08 08:41:13,295 INFO     ___FILE_ONLY___  
2025-01-08 08:41:13,295 INFO     ___FILE_ONLY___ Added
2025-01-08 08:41:13,295 INFO     ___FILE_ONLY___  
2025-01-08 08:41:13,295 INFO     ___FILE_ONLY___ --round-trip
2025-01-08 08:41:13,295 INFO     ___FILE_ONLY___  
2025-01-08 08:41:13,295 INFO     ___FILE_ONLY___ flag
2025-01-08 08:41:13,295 INFO     ___FILE_ONLY___  
2025-01-08 08:41:13,295 INFO     ___FILE_ONLY___ to
2025-01-08 08:41:13,295 INFO     ___FILE_ONLY___  
2025-01-08 08:41:13,295 INFO     ___FILE_ONLY___ gcloud
2025-01-08 08:41:13,295 INFO     ___FILE_ONLY___  
2025-01-08 08:41:13,295 INFO     ___FILE_ONLY___ network-management
2025-01-08 08:41:13,295 INFO     ___FILE_ONLY___ 

2025-01-08 08:41:13,295 INFO     ___FILE_ONLY___         
2025-01-08 08:41:13,295 INFO     ___FILE_ONLY___ connectivity-tests
2025-01-08 08:41:13,295 INFO     ___FILE_ONLY___  
2025-01-08 08:41:13,295 INFO     ___FILE_ONLY___ to
2025-01-08 08:41:13,295 INFO     ___FILE_ONLY___  
2025-01-08 08:41:13,295 INFO     ___FILE_ONLY___ allow
2025-01-08 08:41:13,295 INFO     ___FILE_ONLY___  
2025-01-08 08:41:13,295 INFO     ___FILE_ONLY___ executing
2025-01-08 08:41:13,295 INFO     ___FILE_ONLY___  
2025-01-08 08:41:13,295 INFO     ___FILE_ONLY___ Connectivity
2025-01-08 08:41:13,295 INFO     ___FILE_ONLY___  
2025-01-08 08:41:13,295 INFO     ___FILE_ONLY___ Tests
2025-01-08 08:41:13,295 INFO     ___FILE_ONLY___  
2025-01-08 08:41:13,295 INFO     ___FILE_ONLY___ in
2025-01-08 08:41:13,295 INFO     ___FILE_ONLY___  
2025-01-08 08:41:13,295 INFO     ___FILE_ONLY___ round-trip
2025-01-08 08:41:13,295 INFO     ___FILE_ONLY___ 

2025-01-08 08:41:13,295 INFO     ___FILE_ONLY___         
2025-01-08 08:41:13,295 INFO     ___FILE_ONLY___ mode
2025-01-08 08:41:13,295 INFO     ___FILE_ONLY___  
2025-01-08 08:41:13,296 INFO     ___FILE_ONLY___ that
2025-01-08 08:41:13,296 INFO     ___FILE_ONLY___  
2025-01-08 08:41:13,296 INFO     ___FILE_ONLY___ calculates
2025-01-08 08:41:13,296 INFO     ___FILE_ONLY___  
2025-01-08 08:41:13,296 INFO     ___FILE_ONLY___ return
2025-01-08 08:41:13,296 INFO     ___FILE_ONLY___  
2025-01-08 08:41:13,296 INFO     ___FILE_ONLY___ traces
2025-01-08 08:41:13,296 INFO     ___FILE_ONLY___  
2025-01-08 08:41:13,296 INFO     ___FILE_ONLY___ from
2025-01-08 08:41:13,296 INFO     ___FILE_ONLY___  
2025-01-08 08:41:13,296 INFO     ___FILE_ONLY___ the
2025-01-08 08:41:13,296 INFO     ___FILE_ONLY___  
2025-01-08 08:41:13,296 INFO     ___FILE_ONLY___ destination
2025-01-08 08:41:13,296 INFO     ___FILE_ONLY___  
2025-01-08 08:41:13,296 INFO     ___FILE_ONLY___ to
2025-01-08 08:41:13,296 INFO     ___FILE_ONLY___  
2025-01-08 08:41:13,296 INFO     ___FILE_ONLY___ the
2025-01-08 08:41:13,296 INFO     ___FILE_ONLY___  
2025-01-08 08:41:13,296 INFO     ___FILE_ONLY___ source
2025-01-08 08:41:13,296 INFO     ___FILE_ONLY___ 

2025-01-08 08:41:13,296 INFO     ___FILE_ONLY___         
2025-01-08 08:41:13,296 INFO     ___FILE_ONLY___ in
2025-01-08 08:41:13,296 INFO     ___FILE_ONLY___  
2025-01-08 08:41:13,296 INFO     ___FILE_ONLY___ addition
2025-01-08 08:41:13,296 INFO     ___FILE_ONLY___  
2025-01-08 08:41:13,296 INFO     ___FILE_ONLY___ to
2025-01-08 08:41:13,296 INFO     ___FILE_ONLY___  
2025-01-08 08:41:13,296 INFO     ___FILE_ONLY___ traces
2025-01-08 08:41:13,296 INFO     ___FILE_ONLY___  
2025-01-08 08:41:13,296 INFO     ___FILE_ONLY___ from
2025-01-08 08:41:13,296 INFO     ___FILE_ONLY___  
2025-01-08 08:41:13,296 INFO     ___FILE_ONLY___ the
2025-01-08 08:41:13,296 INFO     ___FILE_ONLY___  
2025-01-08 08:41:13,296 INFO     ___FILE_ONLY___ source
2025-01-08 08:41:13,296 INFO     ___FILE_ONLY___  
2025-01-08 08:41:13,296 INFO     ___FILE_ONLY___ to
2025-01-08 08:41:13,296 INFO     ___FILE_ONLY___  
2025-01-08 08:41:13,296 INFO     ___FILE_ONLY___ the
2025-01-08 08:41:13,296 INFO     ___FILE_ONLY___  
2025-01-08 08:41:13,296 INFO     ___FILE_ONLY___ destination.
2025-01-08 08:41:13,296 INFO     ___FILE_ONLY___ 

2025-01-08 08:41:13,296 INFO     ___FILE_ONLY___ 

2025-01-08 08:41:13,296 INFO     ___FILE_ONLY___ 
2025-01-08 08:41:13,296 INFO     ___FILE_ONLY___   
2025-01-08 08:41:13,296 INFO     ___FILE_ONLY___ Network Security

2025-01-08 08:41:13,296 INFO     ___FILE_ONLY___       ▪
2025-01-08 08:41:13,296 INFO     ___FILE_ONLY___  
2025-01-08 08:41:13,296 INFO     ___FILE_ONLY___ Added
2025-01-08 08:41:13,296 INFO     ___FILE_ONLY___  
2025-01-08 08:41:13,296 INFO     ___FILE_ONLY___ --description
2025-01-08 08:41:13,297 INFO     ___FILE_ONLY___  
2025-01-08 08:41:13,297 INFO     ___FILE_ONLY___ flag
2025-01-08 08:41:13,297 INFO     ___FILE_ONLY___  
2025-01-08 08:41:13,297 INFO     ___FILE_ONLY___ to
2025-01-08 08:41:13,297 INFO     ___FILE_ONLY___  
2025-01-08 08:41:13,297 INFO     ___FILE_ONLY___ network-security
2025-01-08 08:41:13,297 INFO     ___FILE_ONLY___  
2025-01-08 08:41:13,297 INFO     ___FILE_ONLY___ intercept-deployments
2025-01-08 08:41:13,297 INFO     ___FILE_ONLY___ 

2025-01-08 08:41:13,297 INFO     ___FILE_ONLY___         
2025-01-08 08:41:13,297 INFO     ___FILE_ONLY___ create
2025-01-08 08:41:13,297 INFO     ___FILE_ONLY___  
2025-01-08 08:41:13,297 INFO     ___FILE_ONLY___ and
2025-01-08 08:41:13,297 INFO     ___FILE_ONLY___  
2025-01-08 08:41:13,297 INFO     ___FILE_ONLY___ update
2025-01-08 08:41:13,297 INFO     ___FILE_ONLY___  
2025-01-08 08:41:13,297 INFO     ___FILE_ONLY___ commands.
2025-01-08 08:41:13,297 INFO     ___FILE_ONLY___ 

2025-01-08 08:41:13,297 INFO     ___FILE_ONLY___ 

2025-01-08 08:41:13,297 INFO     ___FILE_ONLY___ 
2025-01-08 08:41:13,297 INFO     ___FILE_ONLY___   
2025-01-08 08:41:13,297 INFO     ___FILE_ONLY___ Workbench

2025-01-08 08:41:13,297 INFO     ___FILE_ONLY___       ▪
2025-01-08 08:41:13,297 INFO     ___FILE_ONLY___  
2025-01-08 08:41:13,297 INFO     ___FILE_ONLY___ Added
2025-01-08 08:41:13,297 INFO     ___FILE_ONLY___  
2025-01-08 08:41:13,297 INFO     ___FILE_ONLY___ --enable-third-party-identity
2025-01-08 08:41:13,297 INFO     ___FILE_ONLY___  
2025-01-08 08:41:13,297 INFO     ___FILE_ONLY___ flag
2025-01-08 08:41:13,297 INFO     ___FILE_ONLY___  
2025-01-08 08:41:13,297 INFO     ___FILE_ONLY___ to
2025-01-08 08:41:13,297 INFO     ___FILE_ONLY___  
2025-01-08 08:41:13,297 INFO     ___FILE_ONLY___ gcloud
2025-01-08 08:41:13,297 INFO     ___FILE_ONLY___  
2025-01-08 08:41:13,297 INFO     ___FILE_ONLY___ workbench
2025-01-08 08:41:13,297 INFO     ___FILE_ONLY___ 

2025-01-08 08:41:13,297 INFO     ___FILE_ONLY___         
2025-01-08 08:41:13,297 INFO     ___FILE_ONLY___ instances
2025-01-08 08:41:13,297 INFO     ___FILE_ONLY___  
2025-01-08 08:41:13,297 INFO     ___FILE_ONLY___ create.
2025-01-08 08:41:13,297 INFO     ___FILE_ONLY___ 

2025-01-08 08:41:13,297 INFO     ___FILE_ONLY___       ▪
2025-01-08 08:41:13,297 INFO     ___FILE_ONLY___  
2025-01-08 08:41:13,297 INFO     ___FILE_ONLY___ Added
2025-01-08 08:41:13,297 INFO     ___FILE_ONLY___  
2025-01-08 08:41:13,298 INFO     ___FILE_ONLY___ NVIDIA_H100_80GB
2025-01-08 08:41:13,298 INFO     ___FILE_ONLY___  
2025-01-08 08:41:13,298 INFO     ___FILE_ONLY___ and
2025-01-08 08:41:13,298 INFO     ___FILE_ONLY___  
2025-01-08 08:41:13,298 INFO     ___FILE_ONLY___ NVIDIA_H100_MEGA_80GB
2025-01-08 08:41:13,298 INFO     ___FILE_ONLY___  
2025-01-08 08:41:13,298 INFO     ___FILE_ONLY___ option
2025-01-08 08:41:13,298 INFO     ___FILE_ONLY___  
2025-01-08 08:41:13,298 INFO     ___FILE_ONLY___ to
2025-01-08 08:41:13,298 INFO     ___FILE_ONLY___ 

2025-01-08 08:41:13,298 INFO     ___FILE_ONLY___         
2025-01-08 08:41:13,298 INFO     ___FILE_ONLY___ --accelerator-type
2025-01-08 08:41:13,298 INFO     ___FILE_ONLY___  
2025-01-08 08:41:13,298 INFO     ___FILE_ONLY___ flag
2025-01-08 08:41:13,298 INFO     ___FILE_ONLY___  
2025-01-08 08:41:13,298 INFO     ___FILE_ONLY___ of
2025-01-08 08:41:13,298 INFO     ___FILE_ONLY___  
2025-01-08 08:41:13,298 INFO     ___FILE_ONLY___ gcloud
2025-01-08 08:41:13,298 INFO     ___FILE_ONLY___  
2025-01-08 08:41:13,298 INFO     ___FILE_ONLY___ workbench
2025-01-08 08:41:13,298 INFO     ___FILE_ONLY___  
2025-01-08 08:41:13,298 INFO     ___FILE_ONLY___ instances
2025-01-08 08:41:13,298 INFO     ___FILE_ONLY___  
2025-01-08 08:41:13,298 INFO     ___FILE_ONLY___ create
2025-01-08 08:41:13,298 INFO     ___FILE_ONLY___  
2025-01-08 08:41:13,298 INFO     ___FILE_ONLY___ and
2025-01-08 08:41:13,298 INFO     ___FILE_ONLY___  
2025-01-08 08:41:13,298 INFO     ___FILE_ONLY___ gcloud
2025-01-08 08:41:13,298 INFO     ___FILE_ONLY___ 

2025-01-08 08:41:13,298 INFO     ___FILE_ONLY___         
2025-01-08 08:41:13,298 INFO     ___FILE_ONLY___ workbench
2025-01-08 08:41:13,298 INFO     ___FILE_ONLY___  
2025-01-08 08:41:13,298 INFO     ___FILE_ONLY___ instances
2025-01-08 08:41:13,298 INFO     ___FILE_ONLY___  
2025-01-08 08:41:13,298 INFO     ___FILE_ONLY___ update.
2025-01-08 08:41:13,298 INFO     ___FILE_ONLY___ 

2025-01-08 08:41:13,298 INFO     ___FILE_ONLY___ 

2025-01-08 08:41:13,298 INFO     ___FILE_ONLY___    
2025-01-08 08:41:13,298 INFO     ___FILE_ONLY___  
2025-01-08 08:41:13,298 INFO     ___FILE_ONLY___ Subscribe
2025-01-08 08:41:13,298 INFO     ___FILE_ONLY___  
2025-01-08 08:41:13,298 INFO     ___FILE_ONLY___ to
2025-01-08 08:41:13,299 INFO     ___FILE_ONLY___  
2025-01-08 08:41:13,299 INFO     ___FILE_ONLY___ these
2025-01-08 08:41:13,299 INFO     ___FILE_ONLY___  
2025-01-08 08:41:13,299 INFO     ___FILE_ONLY___ release
2025-01-08 08:41:13,299 INFO     ___FILE_ONLY___  
2025-01-08 08:41:13,299 INFO     ___FILE_ONLY___ notes
2025-01-08 08:41:13,299 INFO     ___FILE_ONLY___  
2025-01-08 08:41:13,299 INFO     ___FILE_ONLY___ at
2025-01-08 08:41:13,299 INFO     ___FILE_ONLY___ 

2025-01-08 08:41:13,299 INFO     ___FILE_ONLY___     
2025-01-08 08:41:13,299 INFO     ___FILE_ONLY___ https://groups.google.com/forum/#!forum/google-cloud-sdk-announce
2025-01-08 08:41:13,299 INFO     ___FILE_ONLY___ 

2025-01-08 08:41:13,299 INFO     ___FILE_ONLY___     
2025-01-08 08:41:13,299 INFO     ___FILE_ONLY___ (https://groups.google.com/forum/#!forum/google-cloud-sdk-announce).
2025-01-08 08:41:13,299 INFO     ___FILE_ONLY___ 

2025-01-08 08:41:13,299 INFO     ___FILE_ONLY___ 
2025-01-08 08:41:13,299 INFO     ___FILE_ONLY___ 

2025-01-08 08:41:13,299 INFO     ___FILE_ONLY___ Performing in place update...


2025-01-08 08:41:13,299 INFO     ___FILE_ONLY___ ╔════════════════════════════════════════════════════════════╗

2025-01-08 08:41:13,299 INFO     ___FILE_ONLY___ ╠═ Downloading: Google Cloud CLI Core Libraries             ═╣

2025-01-08 08:41:13,299 INFO     ___FILE_ONLY___ ╚
2025-01-08 08:41:13,301 DEBUG    urllib3.connectionpool Starting new HTTPS connection (1): dl.google.com:443
2025-01-08 08:41:13,480 DEBUG    urllib3.connectionpool https://dl.google.com:443 "GET /dl/cloudsdk/channels/rapid/components/google-cloud-sdk-core-20250103155615.tar.gz HTTP/1.1" 200 21581273
2025-01-08 08:41:16,429 INFO     ___FILE_ONLY___ ═
2025-01-08 08:41:16,430 INFO     ___FILE_ONLY___ ═
2025-01-08 08:41:16,431 INFO     ___FILE_ONLY___ ═
2025-01-08 08:41:16,432 INFO     ___FILE_ONLY___ ═
2025-01-08 08:41:16,432 INFO     ___FILE_ONLY___ ═
2025-01-08 08:41:16,434 INFO     ___FILE_ONLY___ ═
2025-01-08 08:41:16,436 INFO     ___FILE_ONLY___ ═
2025-01-08 08:41:16,437 INFO     ___FILE_ONLY___ ═
2025-01-08 08:41:16,437 INFO     ___FILE_ONLY___ ═
2025-01-08 08:41:16,438 INFO     ___FILE_ONLY___ ═
2025-01-08 08:41:16,439 INFO     ___FILE_ONLY___ ═
2025-01-08 08:41:16,439 INFO     ___FILE_ONLY___ ═
2025-01-08 08:41:16,440 INFO     ___FILE_ONLY___ ═
2025-01-08 08:41:16,441 INFO     ___FILE_ONLY___ ═
2025-01-08 08:41:16,441 INFO     ___FILE_ONLY___ ═
2025-01-08 08:41:16,442 INFO     ___FILE_ONLY___ ═
2025-01-08 08:41:16,442 INFO     ___FILE_ONLY___ ═
2025-01-08 08:41:16,443 INFO     ___FILE_ONLY___ ═
2025-01-08 08:41:16,443 INFO     ___FILE_ONLY___ ═
2025-01-08 08:41:16,444 INFO     ___FILE_ONLY___ ═
2025-01-08 08:41:16,444 INFO     ___FILE_ONLY___ ═
2025-01-08 08:41:16,445 INFO     ___FILE_ONLY___ ═
2025-01-08 08:41:16,446 INFO     ___FILE_ONLY___ ═
2025-01-08 08:41:16,447 INFO     ___FILE_ONLY___ ═
2025-01-08 08:41:16,448 INFO     ___FILE_ONLY___ ═
2025-01-08 08:41:16,448 INFO     ___FILE_ONLY___ ═
2025-01-08 08:41:16,449 INFO     ___FILE_ONLY___ ═
2025-01-08 08:41:16,449 INFO     ___FILE_ONLY___ ═
2025-01-08 08:41:16,450 INFO     ___FILE_ONLY___ ═
2025-01-08 08:41:16,451 INFO     ___FILE_ONLY___ ═
2025-01-08 08:41:16,451 INFO     ___FILE_ONLY___ ═
2025-01-08 08:41:16,452 INFO     ___FILE_ONLY___ ═
2025-01-08 08:41:16,452 INFO     ___FILE_ONLY___ ═
2025-01-08 08:41:16,453 INFO     ___FILE_ONLY___ ═
2025-01-08 08:41:16,453 INFO     ___FILE_ONLY___ ═
2025-01-08 08:41:16,454 INFO     ___FILE_ONLY___ ═
2025-01-08 08:41:16,454 INFO     ___FILE_ONLY___ ═
2025-01-08 08:41:16,454 INFO     ___FILE_ONLY___ ═
2025-01-08 08:41:16,455 INFO     ___FILE_ONLY___ ═
2025-01-08 08:41:16,455 INFO     ___FILE_ONLY___ ═
2025-01-08 08:41:16,456 INFO     ___FILE_ONLY___ ═
2025-01-08 08:41:16,456 INFO     ___FILE_ONLY___ ═
2025-01-08 08:41:16,457 INFO     ___FILE_ONLY___ ═
2025-01-08 08:41:16,457 INFO     ___FILE_ONLY___ ═
2025-01-08 08:41:16,458 INFO     ___FILE_ONLY___ ═
2025-01-08 08:41:16,458 INFO     ___FILE_ONLY___ ═
2025-01-08 08:41:16,459 INFO     ___FILE_ONLY___ ═
2025-01-08 08:41:16,460 INFO     ___FILE_ONLY___ ═
2025-01-08 08:41:16,460 INFO     ___FILE_ONLY___ ═
2025-01-08 08:41:16,461 INFO     ___FILE_ONLY___ ═
2025-01-08 08:41:16,461 INFO     ___FILE_ONLY___ ═
2025-01-08 08:41:16,462 INFO     ___FILE_ONLY___ ═
2025-01-08 08:41:16,463 INFO     ___FILE_ONLY___ ═
2025-01-08 08:41:16,463 INFO     ___FILE_ONLY___ ═
2025-01-08 08:41:16,464 INFO     ___FILE_ONLY___ ═
2025-01-08 08:41:16,464 INFO     ___FILE_ONLY___ ═
2025-01-08 08:41:16,464 INFO     ___FILE_ONLY___ ═
2025-01-08 08:41:16,465 INFO     ___FILE_ONLY___ ═
2025-01-08 08:41:16,465 INFO     ___FILE_ONLY___ ═
2025-01-08 08:41:16,466 INFO     ___FILE_ONLY___ ═
2025-01-08 08:41:16,466 INFO     ___FILE_ONLY___ ╝
2025-01-08 08:41:16,469 INFO     ___FILE_ONLY___ ╠════════════════════════════════════════════════════════════╣

2025-01-08 08:41:16,469 INFO     ___FILE_ONLY___ ╠═ Uninstalling: Google Cloud CLI Core Libraries            ═╣

2025-01-08 08:41:16,469 INFO     ___FILE_ONLY___ ╚
2025-01-08 08:41:16,494 INFO     ___FILE_ONLY___ ═
2025-01-08 08:41:16,511 INFO     ___FILE_ONLY___ ═
2025-01-08 08:41:16,527 INFO     ___FILE_ONLY___ ═
2025-01-08 08:41:16,542 INFO     ___FILE_ONLY___ ═
2025-01-08 08:41:16,557 INFO     ___FILE_ONLY___ ═
2025-01-08 08:41:16,572 INFO     ___FILE_ONLY___ ═
2025-01-08 08:41:16,587 INFO     ___FILE_ONLY___ ═
2025-01-08 08:41:16,603 INFO     ___FILE_ONLY___ ═
2025-01-08 08:41:16,619 INFO     ___FILE_ONLY___ ═
2025-01-08 08:41:16,634 INFO     ___FILE_ONLY___ ═
2025-01-08 08:41:16,651 INFO     ___FILE_ONLY___ ═
2025-01-08 08:41:16,667 INFO     ___FILE_ONLY___ ═
2025-01-08 08:41:16,683 INFO     ___FILE_ONLY___ ═
2025-01-08 08:41:16,697 INFO     ___FILE_ONLY___ ═
2025-01-08 08:41:16,712 INFO     ___FILE_ONLY___ ═
2025-01-08 08:41:16,729 INFO     ___FILE_ONLY___ ═
2025-01-08 08:41:16,746 INFO     ___FILE_ONLY___ ═
2025-01-08 08:41:16,764 INFO     ___FILE_ONLY___ ═
2025-01-08 08:41:16,781 INFO     ___FILE_ONLY___ ═
2025-01-08 08:41:16,798 INFO     ___FILE_ONLY___ ═
2025-01-08 08:41:16,815 INFO     ___FILE_ONLY___ ═
2025-01-08 08:41:16,832 INFO     ___FILE_ONLY___ ═
2025-01-08 08:41:16,848 INFO     ___FILE_ONLY___ ═
2025-01-08 08:41:16,860 INFO     ___FILE_ONLY___ ═
2025-01-08 08:41:16,873 INFO     ___FILE_ONLY___ ═
2025-01-08 08:41:16,887 INFO     ___FILE_ONLY___ ═
2025-01-08 08:41:16,901 INFO     ___FILE_ONLY___ ═
2025-01-08 08:41:16,915 INFO     ___FILE_ONLY___ ═
2025-01-08 08:41:16,929 INFO     ___FILE_ONLY___ ═
2025-01-08 08:41:16,942 INFO     ___FILE_ONLY___ ═
2025-01-08 08:41:16,955 INFO     ___FILE_ONLY___ ═
2025-01-08 08:41:16,968 INFO     ___FILE_ONLY___ ═
2025-01-08 08:41:16,984 INFO     ___FILE_ONLY___ ═
2025-01-08 08:41:17,000 INFO     ___FILE_ONLY___ ═
2025-01-08 08:41:17,016 INFO     ___FILE_ONLY___ ═
2025-01-08 08:41:17,030 INFO     ___FILE_ONLY___ ═
2025-01-08 08:41:17,043 INFO     ___FILE_ONLY___ ═
2025-01-08 08:41:17,057 INFO     ___FILE_ONLY___ ═
2025-01-08 08:41:17,071 INFO     ___FILE_ONLY___ ═
2025-01-08 08:41:17,084 INFO     ___FILE_ONLY___ ═
2025-01-08 08:41:17,098 INFO     ___FILE_ONLY___ ═
2025-01-08 08:41:17,111 INFO     ___FILE_ONLY___ ═
2025-01-08 08:41:17,126 INFO     ___FILE_ONLY___ ═
2025-01-08 08:41:17,141 INFO     ___FILE_ONLY___ ═
2025-01-08 08:41:17,155 INFO     ___FILE_ONLY___ ═
2025-01-08 08:41:17,170 INFO     ___FILE_ONLY___ ═
2025-01-08 08:41:17,185 INFO     ___FILE_ONLY___ ═
2025-01-08 08:41:17,199 INFO     ___FILE_ONLY___ ═
2025-01-08 08:41:17,213 INFO     ___FILE_ONLY___ ═
2025-01-08 08:41:17,227 INFO     ___FILE_ONLY___ ═
2025-01-08 08:41:17,241 INFO     ___FILE_ONLY___ ═
2025-01-08 08:41:17,255 INFO     ___FILE_ONLY___ ═
2025-01-08 08:41:17,269 INFO     ___FILE_ONLY___ ═
2025-01-08 08:41:17,283 INFO     ___FILE_ONLY___ ═
2025-01-08 08:41:17,297 INFO     ___FILE_ONLY___ ═
2025-01-08 08:41:17,311 INFO     ___FILE_ONLY___ ═
2025-01-08 08:41:17,325 INFO     ___FILE_ONLY___ ═
2025-01-08 08:41:17,339 INFO     ___FILE_ONLY___ ═
2025-01-08 08:41:17,353 INFO     ___FILE_ONLY___ ═
2025-01-08 08:41:17,367 INFO     ___FILE_ONLY___ ═
2025-01-08 08:41:17,367 INFO     ___FILE_ONLY___ ╝
2025-01-08 08:41:18,348 INFO     ___FILE_ONLY___ ╠════════════════════════════════════════════════════════════╣

2025-01-08 08:41:18,348 INFO     ___FILE_ONLY___ ╠═ Installing: Google Cloud CLI Core Libraries              ═╣

2025-01-08 08:41:18,348 INFO     ___FILE_ONLY___ ╚
2025-01-08 08:41:18,984 INFO     ___FILE_ONLY___ ═
2025-01-08 08:41:19,009 INFO     ___FILE_ONLY___ ═
2025-01-08 08:41:19,033 INFO     ___FILE_ONLY___ ═
2025-01-08 08:41:19,056 INFO     ___FILE_ONLY___ ═
2025-01-08 08:41:19,079 INFO     ___FILE_ONLY___ ═
2025-01-08 08:41:19,108 INFO     ___FILE_ONLY___ ═
2025-01-08 08:41:19,131 INFO     ___FILE_ONLY___ ═
2025-01-08 08:41:19,155 INFO     ___FILE_ONLY___ ═
2025-01-08 08:41:19,179 INFO     ___FILE_ONLY___ ═
2025-01-08 08:41:19,202 INFO     ___FILE_ONLY___ ═
2025-01-08 08:41:19,224 INFO     ___FILE_ONLY___ ═
2025-01-08 08:41:19,247 INFO     ___FILE_ONLY___ ═
2025-01-08 08:41:19,272 INFO     ___FILE_ONLY___ ═
2025-01-08 08:41:19,297 INFO     ___FILE_ONLY___ ═
2025-01-08 08:41:19,332 INFO     ___FILE_ONLY___ ═
2025-01-08 08:41:19,367 INFO     ___FILE_ONLY___ ═
2025-01-08 08:41:19,451 INFO     ___FILE_ONLY___ ═
2025-01-08 08:41:19,491 INFO     ___FILE_ONLY___ ═
2025-01-08 08:41:19,529 INFO     ___FILE_ONLY___ ═
2025-01-08 08:41:19,567 INFO     ___FILE_ONLY___ ═
2025-01-08 08:41:19,603 INFO     ___FILE_ONLY___ ═
2025-01-08 08:41:19,640 INFO     ___FILE_ONLY___ ═
2025-01-08 08:41:19,673 INFO     ___FILE_ONLY___ ═
2025-01-08 08:41:19,694 INFO     ___FILE_ONLY___ ═
2025-01-08 08:41:19,714 INFO     ___FILE_ONLY___ ═
2025-01-08 08:41:19,734 INFO     ___FILE_ONLY___ ═
2025-01-08 08:41:19,753 INFO     ___FILE_ONLY___ ═
2025-01-08 08:41:19,774 INFO     ___FILE_ONLY___ ═
2025-01-08 08:41:19,795 INFO     ___FILE_ONLY___ ═
2025-01-08 08:41:19,816 INFO     ___FILE_ONLY___ ═
2025-01-08 08:41:19,837 INFO     ___FILE_ONLY___ ═
2025-01-08 08:41:19,859 INFO     ___FILE_ONLY___ ═
2025-01-08 08:41:19,881 INFO     ___FILE_ONLY___ ═
2025-01-08 08:41:19,905 INFO     ___FILE_ONLY___ ═
2025-01-08 08:41:19,927 INFO     ___FILE_ONLY___ ═
2025-01-08 08:41:19,950 INFO     ___FILE_ONLY___ ═
2025-01-08 08:41:19,971 INFO     ___FILE_ONLY___ ═
2025-01-08 08:41:19,993 INFO     ___FILE_ONLY___ ═
2025-01-08 08:41:20,014 INFO     ___FILE_ONLY___ ═
2025-01-08 08:41:20,036 INFO     ___FILE_ONLY___ ═
2025-01-08 08:41:20,095 INFO     ___FILE_ONLY___ ═
2025-01-08 08:41:20,116 INFO     ___FILE_ONLY___ ═
2025-01-08 08:41:20,137 INFO     ___FILE_ONLY___ ═
2025-01-08 08:41:20,159 INFO     ___FILE_ONLY___ ═
2025-01-08 08:41:20,180 INFO     ___FILE_ONLY___ ═
2025-01-08 08:41:20,201 INFO     ___FILE_ONLY___ ═
2025-01-08 08:41:20,222 INFO     ___FILE_ONLY___ ═
2025-01-08 08:41:20,243 INFO     ___FILE_ONLY___ ═
2025-01-08 08:41:20,264 INFO     ___FILE_ONLY___ ═
2025-01-08 08:41:20,284 INFO     ___FILE_ONLY___ ═
2025-01-08 08:41:20,306 INFO     ___FILE_ONLY___ ═
2025-01-08 08:41:20,327 INFO     ___FILE_ONLY___ ═
2025-01-08 08:41:20,348 INFO     ___FILE_ONLY___ ═
2025-01-08 08:41:20,370 INFO     ___FILE_ONLY___ ═
2025-01-08 08:41:20,392 INFO     ___FILE_ONLY___ ═
2025-01-08 08:41:20,413 INFO     ___FILE_ONLY___ ═
2025-01-08 08:41:20,435 INFO     ___FILE_ONLY___ ═
2025-01-08 08:41:20,457 INFO     ___FILE_ONLY___ ═
2025-01-08 08:41:20,480 INFO     ___FILE_ONLY___ ═
2025-01-08 08:41:20,503 INFO     ___FILE_ONLY___ ═
2025-01-08 08:41:20,503 INFO     ___FILE_ONLY___ ╝

2025-01-08 08:41:20,544 DEBUG    root            Updating notification cache...
2025-01-08 08:41:20,544 INFO     ___FILE_ONLY___ 

2025-01-08 08:41:20,545 INFO     ___FILE_ONLY___ Performing post processing steps...
2025-01-08 08:41:20,545 DEBUG    root            Executing command: ['/opt/homebrew/share/google-cloud-sdk/bin/gcloud', 'components', 'post-process']
2025-01-08 08:41:25,665 DEBUG    ___FILE_ONLY___ 
2025-01-08 08:41:25,667 DEBUG    ___FILE_ONLY___ 
2025-01-08 08:41:25,868 INFO     ___FILE_ONLY___ 
Update done!


2025-01-08 08:41:25,873 INFO     ___FILE_ONLY___ To revert your CLI to the previously installed version, you may run:
  $ gcloud components update --version 504.0.1


2025-01-08 08:41:25,876 DEBUG    root            Chosen display Format:none
2025-01-08 08:41:25,876 INFO     root            Display format: "none"
