2024-11-25 15:48:31,566 DEBUG    root            Loaded Command Group: ['gcloud', 'components']
2024-11-25 15:48:31,567 DEBUG    root            Loaded Command Group: ['gcloud', 'components', 'update']
2024-11-25 15:48:31,568 DEBUG    root            Running [gcloud.components.update] with arguments: [--quiet: "True"]
2024-11-25 15:48:31,665 INFO     ___FILE_ONLY___ Beginning update. This process may take several minutes.

2024-11-25 15:48:31,686 DEBUG    urllib3.connectionpool Starting new HTTPS connection (1): dl.google.com:443
2024-11-25 15:48:31,844 DEBUG    urllib3.connectionpool https://dl.google.com:443 "GET /dl/cloudsdk/channels/rapid/components-2.json HTTP/1.1" 200 227816
2024-11-25 15:48:32,001 WARNING  root            The ARM versions of the following components are not available yet, using x86_64 versions instead: [app-engine-grpc].
2024-11-25 15:48:32,003 INFO     ___FILE_ONLY___ 

2024-11-25 15:48:32,003 INFO     ___FILE_ONLY___ 
Your current Google Cloud CLI version is: 501.0.0

2024-11-25 15:48:32,004 INFO     ___FILE_ONLY___ You will be upgraded to version: 502.0.0

2024-11-25 15:48:32,004 INFO     ___FILE_ONLY___ 

2024-11-25 15:48:32,004 DEBUG    root            Chosen display Format:table[box,title="These components will be removed."](details.display_name:label=Name:align=left,version.version_string:label=Version:align=right,data.size.size(zero="",min=1048576):label=Size:align=right)
2024-11-25 15:48:32,005 DEBUG    root            Chosen display Format:table[box,title="These components will be updated."](details.display_name:label=Name:align=left,version.version_string:label=Version:align=right,data.size.size(zero="",min=1048576):label=Size:align=right)
2024-11-25 15:48:32,022 INFO     ___FILE_ONLY___ ┌─────────────────────────────────────────────────────────┐
2024-11-25 15:48:32,022 INFO     ___FILE_ONLY___ 

2024-11-25 15:48:32,022 INFO     ___FILE_ONLY___ │            These components will be updated.            │
2024-11-25 15:48:32,022 INFO     ___FILE_ONLY___ 

2024-11-25 15:48:32,022 INFO     ___FILE_ONLY___ ├─────────────────────────────────┬────────────┬──────────┤
2024-11-25 15:48:32,022 INFO     ___FILE_ONLY___ 

2024-11-25 15:48:32,022 INFO     ___FILE_ONLY___ │               Name              │  Version   │   Size   │
2024-11-25 15:48:32,022 INFO     ___FILE_ONLY___ 

2024-11-25 15:48:32,022 INFO     ___FILE_ONLY___ ├─────────────────────────────────┼────────────┼──────────┤
2024-11-25 15:48:32,022 INFO     ___FILE_ONLY___ 

2024-11-25 15:48:32,022 INFO     ___FILE_ONLY___ │ 
2024-11-25 15:48:32,022 INFO     ___FILE_ONLY___ Google Cloud CLI Core Libraries
2024-11-25 15:48:32,023 INFO     ___FILE_ONLY___  
2024-11-25 15:48:32,023 INFO     ___FILE_ONLY___ │ 
2024-11-25 15:48:32,023 INFO     ___FILE_ONLY___ 2024.11.15
2024-11-25 15:48:32,023 INFO     ___FILE_ONLY___  
2024-11-25 15:48:32,023 INFO     ___FILE_ONLY___ │ 
2024-11-25 15:48:32,023 INFO     ___FILE_ONLY___ 20.4 MiB
2024-11-25 15:48:32,023 INFO     ___FILE_ONLY___  
2024-11-25 15:48:32,023 INFO     ___FILE_ONLY___ │
2024-11-25 15:48:32,023 INFO     ___FILE_ONLY___ 

2024-11-25 15:48:32,023 INFO     ___FILE_ONLY___ └─────────────────────────────────┴────────────┴──────────┘
2024-11-25 15:48:32,023 INFO     ___FILE_ONLY___ 

2024-11-25 15:48:32,023 DEBUG    root            Chosen display Format:table[box,title="These components will be installed."](details.display_name:label=Name:align=left,version.version_string:label=Version:align=right,data.size.size(zero="",min=1048576):label=Size:align=right)
2024-11-25 15:48:32,023 INFO     ___FILE_ONLY___ 

2024-11-25 15:48:32,026 DEBUG    urllib3.connectionpool Starting new HTTPS connection (1): dl.google.com:443
2024-11-25 15:48:32,161 DEBUG    urllib3.connectionpool https://dl.google.com:443 "GET /dl/cloudsdk/channels/rapid/RELEASE_NOTES HTTP/1.1" 200 1314602
2024-11-25 15:48:32,549 INFO     ___FILE_ONLY___ The following release notes are new in this upgrade.
Please read carefully for information about new features, breaking changes,
and bugs fixed.  The latest full release notes can be viewed at:
  https://cloud.google.com/sdk/release_notes


2024-11-25 15:48:32,549 INFO     ___FILE_ONLY___ 
2024-11-25 15:48:32,549 INFO     ___FILE_ONLY___ 502.0.0 (2024-11-19)

2024-11-25 15:48:32,549 INFO     ___FILE_ONLY___ 
2024-11-25 15:48:32,549 INFO     ___FILE_ONLY___   
2024-11-25 15:48:32,550 INFO     ___FILE_ONLY___ AI

2024-11-25 15:48:32,550 INFO     ___FILE_ONLY___       ▪
2024-11-25 15:48:32,550 INFO     ___FILE_ONLY___  
2024-11-25 15:48:32,550 INFO     ___FILE_ONLY___ Added
2024-11-25 15:48:32,550 INFO     ___FILE_ONLY___  
2024-11-25 15:48:32,550 INFO     ___FILE_ONLY___ machine-type
2024-11-25 15:48:32,550 INFO     ___FILE_ONLY___  
2024-11-25 15:48:32,550 INFO     ___FILE_ONLY___ to
2024-11-25 15:48:32,550 INFO     ___FILE_ONLY___  
2024-11-25 15:48:32,550 INFO     ___FILE_ONLY___ gcloud
2024-11-25 15:48:32,550 INFO     ___FILE_ONLY___  
2024-11-25 15:48:32,550 INFO     ___FILE_ONLY___ ai
2024-11-25 15:48:32,550 INFO     ___FILE_ONLY___  
2024-11-25 15:48:32,550 INFO     ___FILE_ONLY___ index-endpoints
2024-11-25 15:48:32,550 INFO     ___FILE_ONLY___ 

2024-11-25 15:48:32,550 INFO     ___FILE_ONLY___         
2024-11-25 15:48:32,550 INFO     ___FILE_ONLY___ mutate-deployed-index.
2024-11-25 15:48:32,550 INFO     ___FILE_ONLY___ 

2024-11-25 15:48:32,550 INFO     ___FILE_ONLY___       ▪
2024-11-25 15:48:32,550 INFO     ___FILE_ONLY___  
2024-11-25 15:48:32,550 INFO     ___FILE_ONLY___ Added
2024-11-25 15:48:32,550 INFO     ___FILE_ONLY___  
2024-11-25 15:48:32,551 INFO     ___FILE_ONLY___ --psc-automation-configs
2024-11-25 15:48:32,551 INFO     ___FILE_ONLY___  
2024-11-25 15:48:32,551 INFO     ___FILE_ONLY___ flag
2024-11-25 15:48:32,551 INFO     ___FILE_ONLY___  
2024-11-25 15:48:32,551 INFO     ___FILE_ONLY___ to
2024-11-25 15:48:32,551 INFO     ___FILE_ONLY___  
2024-11-25 15:48:32,551 INFO     ___FILE_ONLY___ gcloud
2024-11-25 15:48:32,551 INFO     ___FILE_ONLY___  
2024-11-25 15:48:32,551 INFO     ___FILE_ONLY___ ai
2024-11-25 15:48:32,551 INFO     ___FILE_ONLY___  
2024-11-25 15:48:32,551 INFO     ___FILE_ONLY___ index-endpoints
2024-11-25 15:48:32,551 INFO     ___FILE_ONLY___ 

2024-11-25 15:48:32,551 INFO     ___FILE_ONLY___         
2024-11-25 15:48:32,551 INFO     ___FILE_ONLY___ deploy-index
2024-11-25 15:48:32,551 INFO     ___FILE_ONLY___  
2024-11-25 15:48:32,551 INFO     ___FILE_ONLY___ to
2024-11-25 15:48:32,551 INFO     ___FILE_ONLY___  
2024-11-25 15:48:32,551 INFO     ___FILE_ONLY___ support
2024-11-25 15:48:32,551 INFO     ___FILE_ONLY___  
2024-11-25 15:48:32,551 INFO     ___FILE_ONLY___ Private
2024-11-25 15:48:32,551 INFO     ___FILE_ONLY___  
2024-11-25 15:48:32,551 INFO     ___FILE_ONLY___ Service
2024-11-25 15:48:32,551 INFO     ___FILE_ONLY___  
2024-11-25 15:48:32,551 INFO     ___FILE_ONLY___ Connect
2024-11-25 15:48:32,551 INFO     ___FILE_ONLY___  
2024-11-25 15:48:32,551 INFO     ___FILE_ONLY___ automation.
2024-11-25 15:48:32,551 INFO     ___FILE_ONLY___ 

2024-11-25 15:48:32,551 INFO     ___FILE_ONLY___ 

2024-11-25 15:48:32,552 INFO     ___FILE_ONLY___ 
2024-11-25 15:48:32,552 INFO     ___FILE_ONLY___   
2024-11-25 15:48:32,552 INFO     ___FILE_ONLY___ AlloyDB

2024-11-25 15:48:32,552 INFO     ___FILE_ONLY___       ▪
2024-11-25 15:48:32,552 INFO     ___FILE_ONLY___  
2024-11-25 15:48:32,552 INFO     ___FILE_ONLY___ Added
2024-11-25 15:48:32,552 INFO     ___FILE_ONLY___  
2024-11-25 15:48:32,552 INFO     ___FILE_ONLY___ export
2024-11-25 15:48:32,552 INFO     ___FILE_ONLY___  
2024-11-25 15:48:32,552 INFO     ___FILE_ONLY___ command
2024-11-25 15:48:32,552 INFO     ___FILE_ONLY___  
2024-11-25 15:48:32,552 INFO     ___FILE_ONLY___ to
2024-11-25 15:48:32,552 INFO     ___FILE_ONLY___  
2024-11-25 15:48:32,552 INFO     ___FILE_ONLY___ support
2024-11-25 15:48:32,552 INFO     ___FILE_ONLY___  
2024-11-25 15:48:32,552 INFO     ___FILE_ONLY___ exporting
2024-11-25 15:48:32,552 INFO     ___FILE_ONLY___  
2024-11-25 15:48:32,552 INFO     ___FILE_ONLY___ data
2024-11-25 15:48:32,552 INFO     ___FILE_ONLY___  
2024-11-25 15:48:32,552 INFO     ___FILE_ONLY___ from
2024-11-25 15:48:32,552 INFO     ___FILE_ONLY___  
2024-11-25 15:48:32,552 INFO     ___FILE_ONLY___ an
2024-11-25 15:48:32,552 INFO     ___FILE_ONLY___  
2024-11-25 15:48:32,552 INFO     ___FILE_ONLY___ AlloyDB
2024-11-25 15:48:32,552 INFO     ___FILE_ONLY___ 

2024-11-25 15:48:32,552 INFO     ___FILE_ONLY___         
2024-11-25 15:48:32,552 INFO     ___FILE_ONLY___ cluster
2024-11-25 15:48:32,552 INFO     ___FILE_ONLY___  
2024-11-25 15:48:32,553 INFO     ___FILE_ONLY___ to
2024-11-25 15:48:32,553 INFO     ___FILE_ONLY___  
2024-11-25 15:48:32,553 INFO     ___FILE_ONLY___ Google
2024-11-25 15:48:32,553 INFO     ___FILE_ONLY___  
2024-11-25 15:48:32,553 INFO     ___FILE_ONLY___ Cloud
2024-11-25 15:48:32,553 INFO     ___FILE_ONLY___  
2024-11-25 15:48:32,553 INFO     ___FILE_ONLY___ Storage
2024-11-25 15:48:32,553 INFO     ___FILE_ONLY___  
2024-11-25 15:48:32,553 INFO     ___FILE_ONLY___ in
2024-11-25 15:48:32,553 INFO     ___FILE_ONLY___  
2024-11-25 15:48:32,553 INFO     ___FILE_ONLY___ alpha
2024-11-25 15:48:32,553 INFO     ___FILE_ONLY___  
2024-11-25 15:48:32,553 INFO     ___FILE_ONLY___ and
2024-11-25 15:48:32,553 INFO     ___FILE_ONLY___  
2024-11-25 15:48:32,553 INFO     ___FILE_ONLY___ beta
2024-11-25 15:48:32,553 INFO     ___FILE_ONLY___  
2024-11-25 15:48:32,553 INFO     ___FILE_ONLY___ tracks.
2024-11-25 15:48:32,553 INFO     ___FILE_ONLY___ 

2024-11-25 15:48:32,553 INFO     ___FILE_ONLY___ 

2024-11-25 15:48:32,553 INFO     ___FILE_ONLY___ 
2024-11-25 15:48:32,553 INFO     ___FILE_ONLY___   
2024-11-25 15:48:32,553 INFO     ___FILE_ONLY___ Cloud Backup DR

2024-11-25 15:48:32,553 INFO     ___FILE_ONLY___       ▪
2024-11-25 15:48:32,553 INFO     ___FILE_ONLY___  
2024-11-25 15:48:32,553 INFO     ___FILE_ONLY___ Promoted
2024-11-25 15:48:32,553 INFO     ___FILE_ONLY___  
2024-11-25 15:48:32,553 INFO     ___FILE_ONLY___ gcloud
2024-11-25 15:48:32,553 INFO     ___FILE_ONLY___  
2024-11-25 15:48:32,553 INFO     ___FILE_ONLY___ backup-dr
2024-11-25 15:48:32,553 INFO     ___FILE_ONLY___  
2024-11-25 15:48:32,554 INFO     ___FILE_ONLY___ backup-vaults,
2024-11-25 15:48:32,554 INFO     ___FILE_ONLY___  
2024-11-25 15:48:32,554 INFO     ___FILE_ONLY___ gcloud
2024-11-25 15:48:32,554 INFO     ___FILE_ONLY___  
2024-11-25 15:48:32,554 INFO     ___FILE_ONLY___ backup-dr
2024-11-25 15:48:32,554 INFO     ___FILE_ONLY___ 

2024-11-25 15:48:32,554 INFO     ___FILE_ONLY___         
2024-11-25 15:48:32,554 INFO     ___FILE_ONLY___ backup-plans,
2024-11-25 15:48:32,554 INFO     ___FILE_ONLY___  
2024-11-25 15:48:32,554 INFO     ___FILE_ONLY___ gcloud
2024-11-25 15:48:32,554 INFO     ___FILE_ONLY___  
2024-11-25 15:48:32,554 INFO     ___FILE_ONLY___ backup-dr
2024-11-25 15:48:32,554 INFO     ___FILE_ONLY___  
2024-11-25 15:48:32,554 INFO     ___FILE_ONLY___ backup-plan-associations,
2024-11-25 15:48:32,554 INFO     ___FILE_ONLY___  
2024-11-25 15:48:32,554 INFO     ___FILE_ONLY___ gcloud
2024-11-25 15:48:32,554 INFO     ___FILE_ONLY___ 

2024-11-25 15:48:32,554 INFO     ___FILE_ONLY___         
2024-11-25 15:48:32,554 INFO     ___FILE_ONLY___ backup-dr
2024-11-25 15:48:32,554 INFO     ___FILE_ONLY___  
2024-11-25 15:48:32,554 INFO     ___FILE_ONLY___ backups
2024-11-25 15:48:32,554 INFO     ___FILE_ONLY___  
2024-11-25 15:48:32,554 INFO     ___FILE_ONLY___ and
2024-11-25 15:48:32,554 INFO     ___FILE_ONLY___  
2024-11-25 15:48:32,554 INFO     ___FILE_ONLY___ gcloud
2024-11-25 15:48:32,554 INFO     ___FILE_ONLY___  
2024-11-25 15:48:32,554 INFO     ___FILE_ONLY___ backup-dr
2024-11-25 15:48:32,554 INFO     ___FILE_ONLY___  
2024-11-25 15:48:32,554 INFO     ___FILE_ONLY___ data-sources
2024-11-25 15:48:32,554 INFO     ___FILE_ONLY___  
2024-11-25 15:48:32,554 INFO     ___FILE_ONLY___ command
2024-11-25 15:48:32,554 INFO     ___FILE_ONLY___  
2024-11-25 15:48:32,554 INFO     ___FILE_ONLY___ groups
2024-11-25 15:48:32,554 INFO     ___FILE_ONLY___  
2024-11-25 15:48:32,554 INFO     ___FILE_ONLY___ to
2024-11-25 15:48:32,555 INFO     ___FILE_ONLY___ 

2024-11-25 15:48:32,555 INFO     ___FILE_ONLY___         
2024-11-25 15:48:32,555 INFO     ___FILE_ONLY___ GA.
2024-11-25 15:48:32,555 INFO     ___FILE_ONLY___ 

2024-11-25 15:48:32,555 INFO     ___FILE_ONLY___ 

2024-11-25 15:48:32,555 INFO     ___FILE_ONLY___ 
2024-11-25 15:48:32,555 INFO     ___FILE_ONLY___   
2024-11-25 15:48:32,555 INFO     ___FILE_ONLY___ Cloud Identity-Aware Proxy

2024-11-25 15:48:32,555 INFO     ___FILE_ONLY___       ▪
2024-11-25 15:48:32,555 INFO     ___FILE_ONLY___  
2024-11-25 15:48:32,555 INFO     ___FILE_ONLY___ Promoted
2024-11-25 15:48:32,555 INFO     ___FILE_ONLY___  
2024-11-25 15:48:32,555 INFO     ___FILE_ONLY___ gcloud
2024-11-25 15:48:32,555 INFO     ___FILE_ONLY___  
2024-11-25 15:48:32,555 INFO     ___FILE_ONLY___ iap
2024-11-25 15:48:32,555 INFO     ___FILE_ONLY___  
2024-11-25 15:48:32,555 INFO     ___FILE_ONLY___ web
2024-11-25 15:48:32,555 INFO     ___FILE_ONLY___  
2024-11-25 15:48:32,555 INFO     ___FILE_ONLY___ enable/disable
2024-11-25 15:48:32,555 INFO     ___FILE_ONLY___  
2024-11-25 15:48:32,555 INFO     ___FILE_ONLY___ to
2024-11-25 15:48:32,555 INFO     ___FILE_ONLY___  
2024-11-25 15:48:32,555 INFO     ___FILE_ONLY___ beta
2024-11-25 15:48:32,555 INFO     ___FILE_ONLY___  
2024-11-25 15:48:32,555 INFO     ___FILE_ONLY___ and
2024-11-25 15:48:32,555 INFO     ___FILE_ONLY___  
2024-11-25 15:48:32,555 INFO     ___FILE_ONLY___ GA.
2024-11-25 15:48:32,555 INFO     ___FILE_ONLY___  
2024-11-25 15:48:32,555 INFO     ___FILE_ONLY___ Added
2024-11-25 15:48:32,555 INFO     ___FILE_ONLY___  
2024-11-25 15:48:32,555 INFO     ___FILE_ONLY___ --region
2024-11-25 15:48:32,555 INFO     ___FILE_ONLY___ 

2024-11-25 15:48:32,555 INFO     ___FILE_ONLY___         
2024-11-25 15:48:32,555 INFO     ___FILE_ONLY___ flag
2024-11-25 15:48:32,555 INFO     ___FILE_ONLY___  
2024-11-25 15:48:32,555 INFO     ___FILE_ONLY___ support
2024-11-25 15:48:32,556 INFO     ___FILE_ONLY___  
2024-11-25 15:48:32,556 INFO     ___FILE_ONLY___ to
2024-11-25 15:48:32,556 INFO     ___FILE_ONLY___  
2024-11-25 15:48:32,556 INFO     ___FILE_ONLY___ --resource-type=backend-services.
2024-11-25 15:48:32,556 INFO     ___FILE_ONLY___ 

2024-11-25 15:48:32,556 INFO     ___FILE_ONLY___ 

2024-11-25 15:48:32,556 INFO     ___FILE_ONLY___ 
2024-11-25 15:48:32,556 INFO     ___FILE_ONLY___   
2024-11-25 15:48:32,556 INFO     ___FILE_ONLY___ Cloud SQL

2024-11-25 15:48:32,556 INFO     ___FILE_ONLY___       ▪
2024-11-25 15:48:32,556 INFO     ___FILE_ONLY___  
2024-11-25 15:48:32,556 INFO     ___FILE_ONLY___ Added
2024-11-25 15:48:32,556 INFO     ___FILE_ONLY___  
2024-11-25 15:48:32,556 INFO     ___FILE_ONLY___ --failover-dr-replica-name
2024-11-25 15:48:32,556 INFO     ___FILE_ONLY___  
2024-11-25 15:48:32,556 INFO     ___FILE_ONLY___ and
2024-11-25 15:48:32,556 INFO     ___FILE_ONLY___  
2024-11-25 15:48:32,556 INFO     ___FILE_ONLY___ --clear-failover-dr-replica-name
2024-11-25 15:48:32,556 INFO     ___FILE_ONLY___ 

2024-11-25 15:48:32,556 INFO     ___FILE_ONLY___         
2024-11-25 15:48:32,556 INFO     ___FILE_ONLY___ flags
2024-11-25 15:48:32,556 INFO     ___FILE_ONLY___  
2024-11-25 15:48:32,556 INFO     ___FILE_ONLY___ to
2024-11-25 15:48:32,556 INFO     ___FILE_ONLY___  
2024-11-25 15:48:32,556 INFO     ___FILE_ONLY___ gcloud
2024-11-25 15:48:32,556 INFO     ___FILE_ONLY___  
2024-11-25 15:48:32,556 INFO     ___FILE_ONLY___ sql
2024-11-25 15:48:32,556 INFO     ___FILE_ONLY___  
2024-11-25 15:48:32,556 INFO     ___FILE_ONLY___ instances
2024-11-25 15:48:32,557 INFO     ___FILE_ONLY___  
2024-11-25 15:48:32,557 INFO     ___FILE_ONLY___ patch
2024-11-25 15:48:32,557 INFO     ___FILE_ONLY___  
2024-11-25 15:48:32,557 INFO     ___FILE_ONLY___ command.
2024-11-25 15:48:32,557 INFO     ___FILE_ONLY___  
2024-11-25 15:48:32,557 INFO     ___FILE_ONLY___ These
2024-11-25 15:48:32,557 INFO     ___FILE_ONLY___  
2024-11-25 15:48:32,557 INFO     ___FILE_ONLY___ flags
2024-11-25 15:48:32,557 INFO     ___FILE_ONLY___  
2024-11-25 15:48:32,557 INFO     ___FILE_ONLY___ can
2024-11-25 15:48:32,557 INFO     ___FILE_ONLY___  
2024-11-25 15:48:32,557 INFO     ___FILE_ONLY___ be
2024-11-25 15:48:32,557 INFO     ___FILE_ONLY___  
2024-11-25 15:48:32,557 INFO     ___FILE_ONLY___ used
2024-11-25 15:48:32,557 INFO     ___FILE_ONLY___  
2024-11-25 15:48:32,557 INFO     ___FILE_ONLY___ to
2024-11-25 15:48:32,557 INFO     ___FILE_ONLY___ 

2024-11-25 15:48:32,557 INFO     ___FILE_ONLY___         
2024-11-25 15:48:32,557 INFO     ___FILE_ONLY___ set
2024-11-25 15:48:32,557 INFO     ___FILE_ONLY___  
2024-11-25 15:48:32,557 INFO     ___FILE_ONLY___ and
2024-11-25 15:48:32,557 INFO     ___FILE_ONLY___  
2024-11-25 15:48:32,557 INFO     ___FILE_ONLY___ unset
2024-11-25 15:48:32,557 INFO     ___FILE_ONLY___  
2024-11-25 15:48:32,557 INFO     ___FILE_ONLY___ a
2024-11-25 15:48:32,557 INFO     ___FILE_ONLY___  
2024-11-25 15:48:32,557 INFO     ___FILE_ONLY___ disaster
2024-11-25 15:48:32,557 INFO     ___FILE_ONLY___  
2024-11-25 15:48:32,557 INFO     ___FILE_ONLY___ recovery
2024-11-25 15:48:32,557 INFO     ___FILE_ONLY___  
2024-11-25 15:48:32,557 INFO     ___FILE_ONLY___ replica
2024-11-25 15:48:32,557 INFO     ___FILE_ONLY___  
2024-11-25 15:48:32,557 INFO     ___FILE_ONLY___ for
2024-11-25 15:48:32,557 INFO     ___FILE_ONLY___  
2024-11-25 15:48:32,558 INFO     ___FILE_ONLY___ a
2024-11-25 15:48:32,558 INFO     ___FILE_ONLY___  
2024-11-25 15:48:32,558 INFO     ___FILE_ONLY___ Cloud
2024-11-25 15:48:32,558 INFO     ___FILE_ONLY___  
2024-11-25 15:48:32,558 INFO     ___FILE_ONLY___ SQL
2024-11-25 15:48:32,558 INFO     ___FILE_ONLY___  
2024-11-25 15:48:32,558 INFO     ___FILE_ONLY___ primary
2024-11-25 15:48:32,558 INFO     ___FILE_ONLY___ 

2024-11-25 15:48:32,558 INFO     ___FILE_ONLY___         
2024-11-25 15:48:32,558 INFO     ___FILE_ONLY___ instance.
2024-11-25 15:48:32,558 INFO     ___FILE_ONLY___ 

2024-11-25 15:48:32,558 INFO     ___FILE_ONLY___       ▪
2024-11-25 15:48:32,558 INFO     ___FILE_ONLY___  
2024-11-25 15:48:32,558 INFO     ___FILE_ONLY___ Add
2024-11-25 15:48:32,558 INFO     ___FILE_ONLY___  
2024-11-25 15:48:32,558 INFO     ___FILE_ONLY___ --[no-]enable-private-service-connect
2024-11-25 15:48:32,558 INFO     ___FILE_ONLY___  
2024-11-25 15:48:32,558 INFO     ___FILE_ONLY___ flag
2024-11-25 15:48:32,558 INFO     ___FILE_ONLY___  
2024-11-25 15:48:32,558 INFO     ___FILE_ONLY___ to
2024-11-25 15:48:32,558 INFO     ___FILE_ONLY___  
2024-11-25 15:48:32,558 INFO     ___FILE_ONLY___ gcloud
2024-11-25 15:48:32,558 INFO     ___FILE_ONLY___  
2024-11-25 15:48:32,558 INFO     ___FILE_ONLY___ beta
2024-11-25 15:48:32,558 INFO     ___FILE_ONLY___  
2024-11-25 15:48:32,558 INFO     ___FILE_ONLY___ sql
2024-11-25 15:48:32,558 INFO     ___FILE_ONLY___ 

2024-11-25 15:48:32,558 INFO     ___FILE_ONLY___         
2024-11-25 15:48:32,558 INFO     ___FILE_ONLY___ instances
2024-11-25 15:48:32,558 INFO     ___FILE_ONLY___  
2024-11-25 15:48:32,558 INFO     ___FILE_ONLY___ patch
2024-11-25 15:48:32,559 INFO     ___FILE_ONLY___  
2024-11-25 15:48:32,559 INFO     ___FILE_ONLY___ command
2024-11-25 15:48:32,559 INFO     ___FILE_ONLY___  
2024-11-25 15:48:32,559 INFO     ___FILE_ONLY___ to
2024-11-25 15:48:32,559 INFO     ___FILE_ONLY___  
2024-11-25 15:48:32,559 INFO     ___FILE_ONLY___ support
2024-11-25 15:48:32,559 INFO     ___FILE_ONLY___  
2024-11-25 15:48:32,559 INFO     ___FILE_ONLY___ enabling
2024-11-25 15:48:32,559 INFO     ___FILE_ONLY___  
2024-11-25 15:48:32,559 INFO     ___FILE_ONLY___ and
2024-11-25 15:48:32,559 INFO     ___FILE_ONLY___  
2024-11-25 15:48:32,559 INFO     ___FILE_ONLY___ disabling
2024-11-25 15:48:32,559 INFO     ___FILE_ONLY___  
2024-11-25 15:48:32,559 INFO     ___FILE_ONLY___ Private
2024-11-25 15:48:32,559 INFO     ___FILE_ONLY___ 

2024-11-25 15:48:32,559 INFO     ___FILE_ONLY___         
2024-11-25 15:48:32,559 INFO     ___FILE_ONLY___ Service
2024-11-25 15:48:32,559 INFO     ___FILE_ONLY___  
2024-11-25 15:48:32,559 INFO     ___FILE_ONLY___ Connect
2024-11-25 15:48:32,559 INFO     ___FILE_ONLY___  
2024-11-25 15:48:32,559 INFO     ___FILE_ONLY___ for
2024-11-25 15:48:32,559 INFO     ___FILE_ONLY___  
2024-11-25 15:48:32,559 INFO     ___FILE_ONLY___ Cloud
2024-11-25 15:48:32,559 INFO     ___FILE_ONLY___  
2024-11-25 15:48:32,559 INFO     ___FILE_ONLY___ SQL
2024-11-25 15:48:32,559 INFO     ___FILE_ONLY___  
2024-11-25 15:48:32,559 INFO     ___FILE_ONLY___ instances.
2024-11-25 15:48:32,559 INFO     ___FILE_ONLY___ 

2024-11-25 15:48:32,559 INFO     ___FILE_ONLY___ 

2024-11-25 15:48:32,559 INFO     ___FILE_ONLY___ 
2024-11-25 15:48:32,559 INFO     ___FILE_ONLY___   
2024-11-25 15:48:32,559 INFO     ___FILE_ONLY___ Compute Engine

2024-11-25 15:48:32,559 INFO     ___FILE_ONLY___       ▪
2024-11-25 15:48:32,560 INFO     ___FILE_ONLY___  
2024-11-25 15:48:32,560 INFO     ___FILE_ONLY___ Added
2024-11-25 15:48:32,560 INFO     ___FILE_ONLY___  
2024-11-25 15:48:32,560 INFO     ___FILE_ONLY___ --require-specific-reservation
2024-11-25 15:48:32,560 INFO     ___FILE_ONLY___  
2024-11-25 15:48:32,560 INFO     ___FILE_ONLY___ flag
2024-11-25 15:48:32,560 INFO     ___FILE_ONLY___  
2024-11-25 15:48:32,560 INFO     ___FILE_ONLY___ to
2024-11-25 15:48:32,560 INFO     ___FILE_ONLY___  
2024-11-25 15:48:32,560 INFO     ___FILE_ONLY___ gcloud
2024-11-25 15:48:32,560 INFO     ___FILE_ONLY___  
2024-11-25 15:48:32,560 INFO     ___FILE_ONLY___ beta
2024-11-25 15:48:32,560 INFO     ___FILE_ONLY___  
2024-11-25 15:48:32,560 INFO     ___FILE_ONLY___ compute
2024-11-25 15:48:32,560 INFO     ___FILE_ONLY___ 

2024-11-25 15:48:32,560 INFO     ___FILE_ONLY___         
2024-11-25 15:48:32,560 INFO     ___FILE_ONLY___ reservations
2024-11-25 15:48:32,560 INFO     ___FILE_ONLY___  
2024-11-25 15:48:32,560 INFO     ___FILE_ONLY___ create
2024-11-25 15:48:32,560 INFO     ___FILE_ONLY___  
2024-11-25 15:48:32,560 INFO     ___FILE_ONLY___ and
2024-11-25 15:48:32,560 INFO     ___FILE_ONLY___  
2024-11-25 15:48:32,560 INFO     ___FILE_ONLY___ gcloud
2024-11-25 15:48:32,560 INFO     ___FILE_ONLY___  
2024-11-25 15:48:32,560 INFO     ___FILE_ONLY___ beta
2024-11-25 15:48:32,560 INFO     ___FILE_ONLY___  
2024-11-25 15:48:32,560 INFO     ___FILE_ONLY___ compute
2024-11-25 15:48:32,560 INFO     ___FILE_ONLY___  
2024-11-25 15:48:32,560 INFO     ___FILE_ONLY___ reservations
2024-11-25 15:48:32,560 INFO     ___FILE_ONLY___  
2024-11-25 15:48:32,560 INFO     ___FILE_ONLY___ update.
2024-11-25 15:48:32,560 INFO     ___FILE_ONLY___ 

2024-11-25 15:48:32,560 INFO     ___FILE_ONLY___       ▪
2024-11-25 15:48:32,561 INFO     ___FILE_ONLY___  
2024-11-25 15:48:32,561 INFO     ___FILE_ONLY___ Added
2024-11-25 15:48:32,561 INFO     ___FILE_ONLY___  
2024-11-25 15:48:32,561 INFO     ___FILE_ONLY___ --reservation-name
2024-11-25 15:48:32,561 INFO     ___FILE_ONLY___  
2024-11-25 15:48:32,561 INFO     ___FILE_ONLY___ flag
2024-11-25 15:48:32,561 INFO     ___FILE_ONLY___  
2024-11-25 15:48:32,561 INFO     ___FILE_ONLY___ to
2024-11-25 15:48:32,561 INFO     ___FILE_ONLY___  
2024-11-25 15:48:32,561 INFO     ___FILE_ONLY___ gcloud
2024-11-25 15:48:32,561 INFO     ___FILE_ONLY___  
2024-11-25 15:48:32,561 INFO     ___FILE_ONLY___ beta
2024-11-25 15:48:32,561 INFO     ___FILE_ONLY___  
2024-11-25 15:48:32,561 INFO     ___FILE_ONLY___ compute
2024-11-25 15:48:32,561 INFO     ___FILE_ONLY___  
2024-11-25 15:48:32,561 INFO     ___FILE_ONLY___ reservations
2024-11-25 15:48:32,561 INFO     ___FILE_ONLY___ 

2024-11-25 15:48:32,561 INFO     ___FILE_ONLY___         
2024-11-25 15:48:32,561 INFO     ___FILE_ONLY___ create
2024-11-25 15:48:32,561 INFO     ___FILE_ONLY___  
2024-11-25 15:48:32,561 INFO     ___FILE_ONLY___ and
2024-11-25 15:48:32,561 INFO     ___FILE_ONLY___  
2024-11-25 15:48:32,561 INFO     ___FILE_ONLY___ gcloud
2024-11-25 15:48:32,561 INFO     ___FILE_ONLY___  
2024-11-25 15:48:32,561 INFO     ___FILE_ONLY___ beta
2024-11-25 15:48:32,561 INFO     ___FILE_ONLY___  
2024-11-25 15:48:32,561 INFO     ___FILE_ONLY___ compute
2024-11-25 15:48:32,561 INFO     ___FILE_ONLY___  
2024-11-25 15:48:32,561 INFO     ___FILE_ONLY___ reservations
2024-11-25 15:48:32,561 INFO     ___FILE_ONLY___  
2024-11-25 15:48:32,561 INFO     ___FILE_ONLY___ update.
2024-11-25 15:48:32,561 INFO     ___FILE_ONLY___ 

2024-11-25 15:48:32,561 INFO     ___FILE_ONLY___       ▪
2024-11-25 15:48:32,561 INFO     ___FILE_ONLY___  
2024-11-25 15:48:32,561 INFO     ___FILE_ONLY___ Added
2024-11-25 15:48:32,561 INFO     ___FILE_ONLY___  
2024-11-25 15:48:32,562 INFO     ___FILE_ONLY___ --deployment-type
2024-11-25 15:48:32,562 INFO     ___FILE_ONLY___  
2024-11-25 15:48:32,562 INFO     ___FILE_ONLY___ flag
2024-11-25 15:48:32,562 INFO     ___FILE_ONLY___  
2024-11-25 15:48:32,562 INFO     ___FILE_ONLY___ to
2024-11-25 15:48:32,562 INFO     ___FILE_ONLY___  
2024-11-25 15:48:32,562 INFO     ___FILE_ONLY___ gcloud
2024-11-25 15:48:32,562 INFO     ___FILE_ONLY___  
2024-11-25 15:48:32,562 INFO     ___FILE_ONLY___ beta
2024-11-25 15:48:32,562 INFO     ___FILE_ONLY___  
2024-11-25 15:48:32,562 INFO     ___FILE_ONLY___ compute
2024-11-25 15:48:32,562 INFO     ___FILE_ONLY___  
2024-11-25 15:48:32,562 INFO     ___FILE_ONLY___ reservations
2024-11-25 15:48:32,562 INFO     ___FILE_ONLY___ 

2024-11-25 15:48:32,562 INFO     ___FILE_ONLY___         
2024-11-25 15:48:32,562 INFO     ___FILE_ONLY___ create
2024-11-25 15:48:32,562 INFO     ___FILE_ONLY___  
2024-11-25 15:48:32,562 INFO     ___FILE_ONLY___ and
2024-11-25 15:48:32,562 INFO     ___FILE_ONLY___  
2024-11-25 15:48:32,562 INFO     ___FILE_ONLY___ gcloud
2024-11-25 15:48:32,562 INFO     ___FILE_ONLY___  
2024-11-25 15:48:32,562 INFO     ___FILE_ONLY___ beta
2024-11-25 15:48:32,562 INFO     ___FILE_ONLY___  
2024-11-25 15:48:32,562 INFO     ___FILE_ONLY___ compute
2024-11-25 15:48:32,562 INFO     ___FILE_ONLY___  
2024-11-25 15:48:32,562 INFO     ___FILE_ONLY___ reservations
2024-11-25 15:48:32,562 INFO     ___FILE_ONLY___  
2024-11-25 15:48:32,562 INFO     ___FILE_ONLY___ update.
2024-11-25 15:48:32,562 INFO     ___FILE_ONLY___ 

2024-11-25 15:48:32,562 INFO     ___FILE_ONLY___       ▪
2024-11-25 15:48:32,562 INFO     ___FILE_ONLY___  
2024-11-25 15:48:32,562 INFO     ___FILE_ONLY___ Added
2024-11-25 15:48:32,562 INFO     ___FILE_ONLY___  
2024-11-25 15:48:32,562 INFO     ___FILE_ONLY___ --scheduling-type
2024-11-25 15:48:32,562 INFO     ___FILE_ONLY___  
2024-11-25 15:48:32,563 INFO     ___FILE_ONLY___ flag
2024-11-25 15:48:32,563 INFO     ___FILE_ONLY___  
2024-11-25 15:48:32,563 INFO     ___FILE_ONLY___ to
2024-11-25 15:48:32,563 INFO     ___FILE_ONLY___  
2024-11-25 15:48:32,563 INFO     ___FILE_ONLY___ gcloud
2024-11-25 15:48:32,563 INFO     ___FILE_ONLY___  
2024-11-25 15:48:32,563 INFO     ___FILE_ONLY___ beta
2024-11-25 15:48:32,563 INFO     ___FILE_ONLY___  
2024-11-25 15:48:32,563 INFO     ___FILE_ONLY___ compute
2024-11-25 15:48:32,563 INFO     ___FILE_ONLY___  
2024-11-25 15:48:32,563 INFO     ___FILE_ONLY___ reservations
2024-11-25 15:48:32,563 INFO     ___FILE_ONLY___ 

2024-11-25 15:48:32,563 INFO     ___FILE_ONLY___         
2024-11-25 15:48:32,563 INFO     ___FILE_ONLY___ create
2024-11-25 15:48:32,563 INFO     ___FILE_ONLY___  
2024-11-25 15:48:32,563 INFO     ___FILE_ONLY___ and
2024-11-25 15:48:32,563 INFO     ___FILE_ONLY___  
2024-11-25 15:48:32,563 INFO     ___FILE_ONLY___ gcloud
2024-11-25 15:48:32,563 INFO     ___FILE_ONLY___  
2024-11-25 15:48:32,563 INFO     ___FILE_ONLY___ beta
2024-11-25 15:48:32,563 INFO     ___FILE_ONLY___  
2024-11-25 15:48:32,563 INFO     ___FILE_ONLY___ compute
2024-11-25 15:48:32,563 INFO     ___FILE_ONLY___  
2024-11-25 15:48:32,563 INFO     ___FILE_ONLY___ reservations
2024-11-25 15:48:32,563 INFO     ___FILE_ONLY___  
2024-11-25 15:48:32,563 INFO     ___FILE_ONLY___ update.
2024-11-25 15:48:32,563 INFO     ___FILE_ONLY___ 

2024-11-25 15:48:32,563 INFO     ___FILE_ONLY___       ▪
2024-11-25 15:48:32,563 INFO     ___FILE_ONLY___  
2024-11-25 15:48:32,563 INFO     ___FILE_ONLY___ Support
2024-11-25 15:48:32,563 INFO     ___FILE_ONLY___  
2024-11-25 15:48:32,563 INFO     ___FILE_ONLY___ --provisioning-model=reservation-bound
2024-11-25 15:48:32,563 INFO     ___FILE_ONLY___  
2024-11-25 15:48:32,563 INFO     ___FILE_ONLY___ in
2024-11-25 15:48:32,563 INFO     ___FILE_ONLY___  
2024-11-25 15:48:32,563 INFO     ___FILE_ONLY___ beta
2024-11-25 15:48:32,563 INFO     ___FILE_ONLY___  
2024-11-25 15:48:32,563 INFO     ___FILE_ONLY___ for
2024-11-25 15:48:32,564 INFO     ___FILE_ONLY___  
2024-11-25 15:48:32,564 INFO     ___FILE_ONLY___ gcloud
2024-11-25 15:48:32,564 INFO     ___FILE_ONLY___ 

2024-11-25 15:48:32,564 INFO     ___FILE_ONLY___         
2024-11-25 15:48:32,564 INFO     ___FILE_ONLY___ compute
2024-11-25 15:48:32,564 INFO     ___FILE_ONLY___  
2024-11-25 15:48:32,564 INFO     ___FILE_ONLY___ instances
2024-11-25 15:48:32,564 INFO     ___FILE_ONLY___  
2024-11-25 15:48:32,564 INFO     ___FILE_ONLY___ create,
2024-11-25 15:48:32,564 INFO     ___FILE_ONLY___  
2024-11-25 15:48:32,564 INFO     ___FILE_ONLY___ gcloud
2024-11-25 15:48:32,564 INFO     ___FILE_ONLY___  
2024-11-25 15:48:32,564 INFO     ___FILE_ONLY___ compute
2024-11-25 15:48:32,564 INFO     ___FILE_ONLY___  
2024-11-25 15:48:32,564 INFO     ___FILE_ONLY___ instances
2024-11-25 15:48:32,564 INFO     ___FILE_ONLY___  
2024-11-25 15:48:32,564 INFO     ___FILE_ONLY___ bulk
2024-11-25 15:48:32,564 INFO     ___FILE_ONLY___  
2024-11-25 15:48:32,564 INFO     ___FILE_ONLY___ create,
2024-11-25 15:48:32,564 INFO     ___FILE_ONLY___  
2024-11-25 15:48:32,564 INFO     ___FILE_ONLY___ and
2024-11-25 15:48:32,564 INFO     ___FILE_ONLY___ 

2024-11-25 15:48:32,564 INFO     ___FILE_ONLY___         
2024-11-25 15:48:32,564 INFO     ___FILE_ONLY___ gcloud
2024-11-25 15:48:32,564 INFO     ___FILE_ONLY___  
2024-11-25 15:48:32,564 INFO     ___FILE_ONLY___ compute
2024-11-25 15:48:32,564 INFO     ___FILE_ONLY___  
2024-11-25 15:48:32,564 INFO     ___FILE_ONLY___ instance-templates
2024-11-25 15:48:32,564 INFO     ___FILE_ONLY___  
2024-11-25 15:48:32,564 INFO     ___FILE_ONLY___ create
2024-11-25 15:48:32,564 INFO     ___FILE_ONLY___  
2024-11-25 15:48:32,564 INFO     ___FILE_ONLY___ commands.
2024-11-25 15:48:32,564 INFO     ___FILE_ONLY___ 

2024-11-25 15:48:32,564 INFO     ___FILE_ONLY___       ▪
2024-11-25 15:48:32,564 INFO     ___FILE_ONLY___  
2024-11-25 15:48:32,564 INFO     ___FILE_ONLY___ Added
2024-11-25 15:48:32,565 INFO     ___FILE_ONLY___  
2024-11-25 15:48:32,565 INFO     ___FILE_ONLY___ gcloud
2024-11-25 15:48:32,565 INFO     ___FILE_ONLY___  
2024-11-25 15:48:32,565 INFO     ___FILE_ONLY___ compute
2024-11-25 15:48:32,565 INFO     ___FILE_ONLY___  
2024-11-25 15:48:32,565 INFO     ___FILE_ONLY___ disks
2024-11-25 15:48:32,565 INFO     ___FILE_ONLY___  
2024-11-25 15:48:32,565 INFO     ___FILE_ONLY___ convert
2024-11-25 15:48:32,565 INFO     ___FILE_ONLY___  
2024-11-25 15:48:32,565 INFO     ___FILE_ONLY___ command.
2024-11-25 15:48:32,565 INFO     ___FILE_ONLY___ 

2024-11-25 15:48:32,565 INFO     ___FILE_ONLY___ 

2024-11-25 15:48:32,565 INFO     ___FILE_ONLY___ 
2024-11-25 15:48:32,565 INFO     ___FILE_ONLY___   
2024-11-25 15:48:32,565 INFO     ___FILE_ONLY___ Eventarc

2024-11-25 15:48:32,565 INFO     ___FILE_ONLY___       ▪
2024-11-25 15:48:32,565 INFO     ___FILE_ONLY___  
2024-11-25 15:48:32,565 INFO     ___FILE_ONLY___ Added
2024-11-25 15:48:32,565 INFO     ___FILE_ONLY___  
2024-11-25 15:48:32,565 INFO     ___FILE_ONLY___ --labels
2024-11-25 15:48:32,565 INFO     ___FILE_ONLY___  
2024-11-25 15:48:32,565 INFO     ___FILE_ONLY___ to
2024-11-25 15:48:32,565 INFO     ___FILE_ONLY___  
2024-11-25 15:48:32,565 INFO     ___FILE_ONLY___ gcloud
2024-11-25 15:48:32,565 INFO     ___FILE_ONLY___  
2024-11-25 15:48:32,565 INFO     ___FILE_ONLY___ eventarc
2024-11-25 15:48:32,565 INFO     ___FILE_ONLY___  
2024-11-25 15:48:32,565 INFO     ___FILE_ONLY___ triggers
2024-11-25 15:48:32,565 INFO     ___FILE_ONLY___  
2024-11-25 15:48:32,565 INFO     ___FILE_ONLY___ create
2024-11-25 15:48:32,565 INFO     ___FILE_ONLY___  
2024-11-25 15:48:32,565 INFO     ___FILE_ONLY___ and
2024-11-25 15:48:32,565 INFO     ___FILE_ONLY___  
2024-11-25 15:48:32,565 INFO     ___FILE_ONLY___ gcloud
2024-11-25 15:48:32,565 INFO     ___FILE_ONLY___  
2024-11-25 15:48:32,565 INFO     ___FILE_ONLY___ eventarc
2024-11-25 15:48:32,566 INFO     ___FILE_ONLY___ 

2024-11-25 15:48:32,566 INFO     ___FILE_ONLY___         
2024-11-25 15:48:32,566 INFO     ___FILE_ONLY___ triggers
2024-11-25 15:48:32,566 INFO     ___FILE_ONLY___  
2024-11-25 15:48:32,566 INFO     ___FILE_ONLY___ update
2024-11-25 15:48:32,566 INFO     ___FILE_ONLY___  
2024-11-25 15:48:32,566 INFO     ___FILE_ONLY___ to
2024-11-25 15:48:32,566 INFO     ___FILE_ONLY___  
2024-11-25 15:48:32,566 INFO     ___FILE_ONLY___ support
2024-11-25 15:48:32,566 INFO     ___FILE_ONLY___  
2024-11-25 15:48:32,566 INFO     ___FILE_ONLY___ labelling
2024-11-25 15:48:32,566 INFO     ___FILE_ONLY___  
2024-11-25 15:48:32,566 INFO     ___FILE_ONLY___ Eventarc
2024-11-25 15:48:32,566 INFO     ___FILE_ONLY___  
2024-11-25 15:48:32,566 INFO     ___FILE_ONLY___ triggers.
2024-11-25 15:48:32,566 INFO     ___FILE_ONLY___ 

2024-11-25 15:48:32,566 INFO     ___FILE_ONLY___       ▪
2024-11-25 15:48:32,566 INFO     ___FILE_ONLY___  
2024-11-25 15:48:32,566 INFO     ___FILE_ONLY___ Added
2024-11-25 15:48:32,566 INFO     ___FILE_ONLY___  
2024-11-25 15:48:32,566 INFO     ___FILE_ONLY___ --labels
2024-11-25 15:48:32,566 INFO     ___FILE_ONLY___  
2024-11-25 15:48:32,566 INFO     ___FILE_ONLY___ to
2024-11-25 15:48:32,566 INFO     ___FILE_ONLY___  
2024-11-25 15:48:32,566 INFO     ___FILE_ONLY___ gcloud
2024-11-25 15:48:32,566 INFO     ___FILE_ONLY___  
2024-11-25 15:48:32,566 INFO     ___FILE_ONLY___ beta
2024-11-25 15:48:32,566 INFO     ___FILE_ONLY___  
2024-11-25 15:48:32,566 INFO     ___FILE_ONLY___ eventarc
2024-11-25 15:48:32,566 INFO     ___FILE_ONLY___  
2024-11-25 15:48:32,566 INFO     ___FILE_ONLY___ message-buses
2024-11-25 15:48:32,566 INFO     ___FILE_ONLY___  
2024-11-25 15:48:32,566 INFO     ___FILE_ONLY___ create
2024-11-25 15:48:32,566 INFO     ___FILE_ONLY___  
2024-11-25 15:48:32,566 INFO     ___FILE_ONLY___ and
2024-11-25 15:48:32,567 INFO     ___FILE_ONLY___ 

2024-11-25 15:48:32,567 INFO     ___FILE_ONLY___         
2024-11-25 15:48:32,567 INFO     ___FILE_ONLY___ gcloud
2024-11-25 15:48:32,567 INFO     ___FILE_ONLY___  
2024-11-25 15:48:32,567 INFO     ___FILE_ONLY___ beta
2024-11-25 15:48:32,567 INFO     ___FILE_ONLY___  
2024-11-25 15:48:32,567 INFO     ___FILE_ONLY___ eventarc
2024-11-25 15:48:32,567 INFO     ___FILE_ONLY___  
2024-11-25 15:48:32,567 INFO     ___FILE_ONLY___ message-buses
2024-11-25 15:48:32,567 INFO     ___FILE_ONLY___  
2024-11-25 15:48:32,567 INFO     ___FILE_ONLY___ update
2024-11-25 15:48:32,567 INFO     ___FILE_ONLY___  
2024-11-25 15:48:32,567 INFO     ___FILE_ONLY___ to
2024-11-25 15:48:32,567 INFO     ___FILE_ONLY___  
2024-11-25 15:48:32,567 INFO     ___FILE_ONLY___ support
2024-11-25 15:48:32,567 INFO     ___FILE_ONLY___  
2024-11-25 15:48:32,567 INFO     ___FILE_ONLY___ labelling
2024-11-25 15:48:32,567 INFO     ___FILE_ONLY___  
2024-11-25 15:48:32,567 INFO     ___FILE_ONLY___ Eventarc
2024-11-25 15:48:32,567 INFO     ___FILE_ONLY___ 

2024-11-25 15:48:32,567 INFO     ___FILE_ONLY___         
2024-11-25 15:48:32,567 INFO     ___FILE_ONLY___ message
2024-11-25 15:48:32,567 INFO     ___FILE_ONLY___  
2024-11-25 15:48:32,567 INFO     ___FILE_ONLY___ buses.
2024-11-25 15:48:32,567 INFO     ___FILE_ONLY___ 

2024-11-25 15:48:32,567 INFO     ___FILE_ONLY___       ▪
2024-11-25 15:48:32,567 INFO     ___FILE_ONLY___  
2024-11-25 15:48:32,568 INFO     ___FILE_ONLY___ Added
2024-11-25 15:48:32,568 INFO     ___FILE_ONLY___  
2024-11-25 15:48:32,568 INFO     ___FILE_ONLY___ --labels
2024-11-25 15:48:32,568 INFO     ___FILE_ONLY___  
2024-11-25 15:48:32,568 INFO     ___FILE_ONLY___ to
2024-11-25 15:48:32,568 INFO     ___FILE_ONLY___  
2024-11-25 15:48:32,568 INFO     ___FILE_ONLY___ gcloud
2024-11-25 15:48:32,568 INFO     ___FILE_ONLY___  
2024-11-25 15:48:32,568 INFO     ___FILE_ONLY___ beta
2024-11-25 15:48:32,568 INFO     ___FILE_ONLY___  
2024-11-25 15:48:32,568 INFO     ___FILE_ONLY___ eventarc
2024-11-25 15:48:32,568 INFO     ___FILE_ONLY___  
2024-11-25 15:48:32,568 INFO     ___FILE_ONLY___ google-api-sources
2024-11-25 15:48:32,568 INFO     ___FILE_ONLY___  
2024-11-25 15:48:32,568 INFO     ___FILE_ONLY___ create
2024-11-25 15:48:32,568 INFO     ___FILE_ONLY___  
2024-11-25 15:48:32,568 INFO     ___FILE_ONLY___ and
2024-11-25 15:48:32,568 INFO     ___FILE_ONLY___ 

2024-11-25 15:48:32,568 INFO     ___FILE_ONLY___         
2024-11-25 15:48:32,568 INFO     ___FILE_ONLY___ gcloud
2024-11-25 15:48:32,568 INFO     ___FILE_ONLY___  
2024-11-25 15:48:32,568 INFO     ___FILE_ONLY___ beta
2024-11-25 15:48:32,568 INFO     ___FILE_ONLY___  
2024-11-25 15:48:32,568 INFO     ___FILE_ONLY___ eventarc
2024-11-25 15:48:32,568 INFO     ___FILE_ONLY___  
2024-11-25 15:48:32,568 INFO     ___FILE_ONLY___ google-api-sources
2024-11-25 15:48:32,568 INFO     ___FILE_ONLY___  
2024-11-25 15:48:32,568 INFO     ___FILE_ONLY___ update
2024-11-25 15:48:32,568 INFO     ___FILE_ONLY___  
2024-11-25 15:48:32,568 INFO     ___FILE_ONLY___ to
2024-11-25 15:48:32,568 INFO     ___FILE_ONLY___  
2024-11-25 15:48:32,568 INFO     ___FILE_ONLY___ support
2024-11-25 15:48:32,568 INFO     ___FILE_ONLY___  
2024-11-25 15:48:32,568 INFO     ___FILE_ONLY___ labelling
2024-11-25 15:48:32,569 INFO     ___FILE_ONLY___ 

2024-11-25 15:48:32,569 INFO     ___FILE_ONLY___         
2024-11-25 15:48:32,569 INFO     ___FILE_ONLY___ Eventarc
2024-11-25 15:48:32,569 INFO     ___FILE_ONLY___  
2024-11-25 15:48:32,569 INFO     ___FILE_ONLY___ Google
2024-11-25 15:48:32,569 INFO     ___FILE_ONLY___  
2024-11-25 15:48:32,569 INFO     ___FILE_ONLY___ API
2024-11-25 15:48:32,569 INFO     ___FILE_ONLY___  
2024-11-25 15:48:32,569 INFO     ___FILE_ONLY___ sources.
2024-11-25 15:48:32,569 INFO     ___FILE_ONLY___ 

2024-11-25 15:48:32,569 INFO     ___FILE_ONLY___ 

2024-11-25 15:48:32,569 INFO     ___FILE_ONLY___ 
2024-11-25 15:48:32,569 INFO     ___FILE_ONLY___   
2024-11-25 15:48:32,569 INFO     ___FILE_ONLY___ GKE Hub

2024-11-25 15:48:32,569 INFO     ___FILE_ONLY___       ▪
2024-11-25 15:48:32,569 INFO     ___FILE_ONLY___  
2024-11-25 15:48:32,569 INFO     ___FILE_ONLY___ Added
2024-11-25 15:48:32,569 INFO     ___FILE_ONLY___  
2024-11-25 15:48:32,569 INFO     ___FILE_ONLY___ support
2024-11-25 15:48:32,569 INFO     ___FILE_ONLY___  
2024-11-25 15:48:32,569 INFO     ___FILE_ONLY___ for
2024-11-25 15:48:32,569 INFO     ___FILE_ONLY___  
2024-11-25 15:48:32,569 INFO     ___FILE_ONLY___ stopping
2024-11-25 15:48:32,569 INFO     ___FILE_ONLY___  
2024-11-25 15:48:32,569 INFO     ___FILE_ONLY___ and
2024-11-25 15:48:32,569 INFO     ___FILE_ONLY___  
2024-11-25 15:48:32,569 INFO     ___FILE_ONLY___ resuming
2024-11-25 15:48:32,569 INFO     ___FILE_ONLY___  
2024-11-25 15:48:32,569 INFO     ___FILE_ONLY___ syncing
2024-11-25 15:48:32,569 INFO     ___FILE_ONLY___  
2024-11-25 15:48:32,569 INFO     ___FILE_ONLY___ configs
2024-11-25 15:48:32,569 INFO     ___FILE_ONLY___  
2024-11-25 15:48:32,569 INFO     ___FILE_ONLY___ to
2024-11-25 15:48:32,569 INFO     ___FILE_ONLY___  
2024-11-25 15:48:32,569 INFO     ___FILE_ONLY___ gcloud
2024-11-25 15:48:32,569 INFO     ___FILE_ONLY___ 

2024-11-25 15:48:32,569 INFO     ___FILE_ONLY___         
2024-11-25 15:48:32,569 INFO     ___FILE_ONLY___ beta
2024-11-25 15:48:32,569 INFO     ___FILE_ONLY___  
2024-11-25 15:48:32,570 INFO     ___FILE_ONLY___ container
2024-11-25 15:48:32,570 INFO     ___FILE_ONLY___  
2024-11-25 15:48:32,570 INFO     ___FILE_ONLY___ fleet
2024-11-25 15:48:32,570 INFO     ___FILE_ONLY___  
2024-11-25 15:48:32,570 INFO     ___FILE_ONLY___ config-management
2024-11-25 15:48:32,570 INFO     ___FILE_ONLY___  
2024-11-25 15:48:32,570 INFO     ___FILE_ONLY___ apply
2024-11-25 15:48:32,570 INFO     ___FILE_ONLY___  
2024-11-25 15:48:32,570 INFO     ___FILE_ONLY___ through
2024-11-25 15:48:32,570 INFO     ___FILE_ONLY___  
2024-11-25 15:48:32,570 INFO     ___FILE_ONLY___ a
2024-11-25 15:48:32,570 INFO     ___FILE_ONLY___  
2024-11-25 15:48:32,570 INFO     ___FILE_ONLY___ new
2024-11-25 15:48:32,570 INFO     ___FILE_ONLY___  
2024-11-25 15:48:32,570 INFO     ___FILE_ONLY___ Boolean
2024-11-25 15:48:32,570 INFO     ___FILE_ONLY___ 

2024-11-25 15:48:32,570 INFO     ___FILE_ONLY___         
2024-11-25 15:48:32,570 INFO     ___FILE_ONLY___ field
2024-11-25 15:48:32,570 INFO     ___FILE_ONLY___  
2024-11-25 15:48:32,570 INFO     ___FILE_ONLY___ configSync.stopSyncing
2024-11-25 15:48:32,570 INFO     ___FILE_ONLY___  
2024-11-25 15:48:32,570 INFO     ___FILE_ONLY___ in
2024-11-25 15:48:32,570 INFO     ___FILE_ONLY___  
2024-11-25 15:48:32,570 INFO     ___FILE_ONLY___ the
2024-11-25 15:48:32,570 INFO     ___FILE_ONLY___  
2024-11-25 15:48:32,570 INFO     ___FILE_ONLY___ config
2024-11-25 15:48:32,570 INFO     ___FILE_ONLY___  
2024-11-25 15:48:32,570 INFO     ___FILE_ONLY___ file
2024-11-25 15:48:32,570 INFO     ___FILE_ONLY___  
2024-11-25 15:48:32,570 INFO     ___FILE_ONLY___ specified
2024-11-25 15:48:32,570 INFO     ___FILE_ONLY___  
2024-11-25 15:48:32,571 INFO     ___FILE_ONLY___ in
2024-11-25 15:48:32,571 INFO     ___FILE_ONLY___  
2024-11-25 15:48:32,571 INFO     ___FILE_ONLY___ flag
2024-11-25 15:48:32,571 INFO     ___FILE_ONLY___ 

2024-11-25 15:48:32,571 INFO     ___FILE_ONLY___         
2024-11-25 15:48:32,571 INFO     ___FILE_ONLY___ --config.
2024-11-25 15:48:32,571 INFO     ___FILE_ONLY___ 

2024-11-25 15:48:32,571 INFO     ___FILE_ONLY___ 

2024-11-25 15:48:32,571 INFO     ___FILE_ONLY___ 
2024-11-25 15:48:32,571 INFO     ___FILE_ONLY___   
2024-11-25 15:48:32,571 INFO     ___FILE_ONLY___ Identity and Access Management

2024-11-25 15:48:32,571 INFO     ___FILE_ONLY___       ▪
2024-11-25 15:48:32,571 INFO     ___FILE_ONLY___  
2024-11-25 15:48:32,571 INFO     ___FILE_ONLY___ Added
2024-11-25 15:48:32,571 INFO     ___FILE_ONLY___  
2024-11-25 15:48:32,571 INFO     ___FILE_ONLY___ gcloud
2024-11-25 15:48:32,571 INFO     ___FILE_ONLY___  
2024-11-25 15:48:32,571 INFO     ___FILE_ONLY___ iam
2024-11-25 15:48:32,571 INFO     ___FILE_ONLY___  
2024-11-25 15:48:32,571 INFO     ___FILE_ONLY___ oauth-clients
2024-11-25 15:48:32,571 INFO     ___FILE_ONLY___  
2024-11-25 15:48:32,571 INFO     ___FILE_ONLY___ commands
2024-11-25 15:48:32,571 INFO     ___FILE_ONLY___  
2024-11-25 15:48:32,571 INFO     ___FILE_ONLY___ for
2024-11-25 15:48:32,571 INFO     ___FILE_ONLY___  
2024-11-25 15:48:32,571 INFO     ___FILE_ONLY___ OAuth
2024-11-25 15:48:32,571 INFO     ___FILE_ONLY___  
2024-11-25 15:48:32,571 INFO     ___FILE_ONLY___ application
2024-11-25 15:48:32,571 INFO     ___FILE_ONLY___ 

2024-11-25 15:48:32,571 INFO     ___FILE_ONLY___         
2024-11-25 15:48:32,571 INFO     ___FILE_ONLY___ integration
2024-11-25 15:48:32,571 INFO     ___FILE_ONLY___  
2024-11-25 15:48:32,571 INFO     ___FILE_ONLY___ to
2024-11-25 15:48:32,572 INFO     ___FILE_ONLY___  
2024-11-25 15:48:32,572 INFO     ___FILE_ONLY___ Workforce
2024-11-25 15:48:32,572 INFO     ___FILE_ONLY___  
2024-11-25 15:48:32,572 INFO     ___FILE_ONLY___ Identity
2024-11-25 15:48:32,572 INFO     ___FILE_ONLY___  
2024-11-25 15:48:32,572 INFO     ___FILE_ONLY___ Federation
2024-11-25 15:48:32,572 INFO     ___FILE_ONLY___  
2024-11-25 15:48:32,572 INFO     ___FILE_ONLY___ management.
2024-11-25 15:48:32,572 INFO     ___FILE_ONLY___ 

2024-11-25 15:48:32,572 INFO     ___FILE_ONLY___ 

2024-11-25 15:48:32,572 INFO     ___FILE_ONLY___ 
2024-11-25 15:48:32,572 INFO     ___FILE_ONLY___   
2024-11-25 15:48:32,572 INFO     ___FILE_ONLY___ Network Connectivity

2024-11-25 15:48:32,572 INFO     ___FILE_ONLY___       ▪
2024-11-25 15:48:32,572 INFO     ___FILE_ONLY___  
2024-11-25 15:48:32,572 INFO     ___FILE_ONLY___ Added
2024-11-25 15:48:32,572 INFO     ___FILE_ONLY___  
2024-11-25 15:48:32,572 INFO     ___FILE_ONLY___ --group
2024-11-25 15:48:32,572 INFO     ___FILE_ONLY___  
2024-11-25 15:48:32,572 INFO     ___FILE_ONLY___ flag
2024-11-25 15:48:32,572 INFO     ___FILE_ONLY___  
2024-11-25 15:48:32,572 INFO     ___FILE_ONLY___ for
2024-11-25 15:48:32,572 INFO     ___FILE_ONLY___  
2024-11-25 15:48:32,572 INFO     ___FILE_ONLY___ hybrid
2024-11-25 15:48:32,572 INFO     ___FILE_ONLY___  
2024-11-25 15:48:32,572 INFO     ___FILE_ONLY___ spokes.
2024-11-25 15:48:32,572 INFO     ___FILE_ONLY___ 

2024-11-25 15:48:32,572 INFO     ___FILE_ONLY___ 

2024-11-25 15:48:32,572 INFO     ___FILE_ONLY___ 
2024-11-25 15:48:32,572 INFO     ___FILE_ONLY___   
2024-11-25 15:48:32,572 INFO     ___FILE_ONLY___ Network Management

2024-11-25 15:48:32,572 INFO     ___FILE_ONLY___       ▪
2024-11-25 15:48:32,572 INFO     ___FILE_ONLY___  
2024-11-25 15:48:32,572 INFO     ___FILE_ONLY___ Added
2024-11-25 15:48:32,572 INFO     ___FILE_ONLY___  
2024-11-25 15:48:32,572 INFO     ___FILE_ONLY___ --destination-fqdn
2024-11-25 15:48:32,573 INFO     ___FILE_ONLY___  
2024-11-25 15:48:32,573 INFO     ___FILE_ONLY___ flag
2024-11-25 15:48:32,573 INFO     ___FILE_ONLY___  
2024-11-25 15:48:32,573 INFO     ___FILE_ONLY___ to
2024-11-25 15:48:32,573 INFO     ___FILE_ONLY___  
2024-11-25 15:48:32,573 INFO     ___FILE_ONLY___ gcloud
2024-11-25 15:48:32,573 INFO     ___FILE_ONLY___  
2024-11-25 15:48:32,573 INFO     ___FILE_ONLY___ network-management
2024-11-25 15:48:32,573 INFO     ___FILE_ONLY___ 

2024-11-25 15:48:32,573 INFO     ___FILE_ONLY___         
2024-11-25 15:48:32,573 INFO     ___FILE_ONLY___ connectivity-tests
2024-11-25 15:48:32,573 INFO     ___FILE_ONLY___  
2024-11-25 15:48:32,573 INFO     ___FILE_ONLY___ to
2024-11-25 15:48:32,573 INFO     ___FILE_ONLY___  
2024-11-25 15:48:32,573 INFO     ___FILE_ONLY___ allow
2024-11-25 15:48:32,573 INFO     ___FILE_ONLY___  
2024-11-25 15:48:32,573 INFO     ___FILE_ONLY___ executing
2024-11-25 15:48:32,573 INFO     ___FILE_ONLY___  
2024-11-25 15:48:32,573 INFO     ___FILE_ONLY___ Connectivity
2024-11-25 15:48:32,573 INFO     ___FILE_ONLY___  
2024-11-25 15:48:32,573 INFO     ___FILE_ONLY___ tests
2024-11-25 15:48:32,573 INFO     ___FILE_ONLY___  
2024-11-25 15:48:32,573 INFO     ___FILE_ONLY___ to
2024-11-25 15:48:32,573 INFO     ___FILE_ONLY___  
2024-11-25 15:48:32,573 INFO     ___FILE_ONLY___ DNS
2024-11-25 15:48:32,573 INFO     ___FILE_ONLY___ 

2024-11-25 15:48:32,573 INFO     ___FILE_ONLY___         
2024-11-25 15:48:32,573 INFO     ___FILE_ONLY___ endpoint
2024-11-25 15:48:32,573 INFO     ___FILE_ONLY___  
2024-11-25 15:48:32,573 INFO     ___FILE_ONLY___ of
2024-11-25 15:48:32,573 INFO     ___FILE_ONLY___  
2024-11-25 15:48:32,573 INFO     ___FILE_ONLY___ Google
2024-11-25 15:48:32,573 INFO     ___FILE_ONLY___  
2024-11-25 15:48:32,573 INFO     ___FILE_ONLY___ Kubernetes
2024-11-25 15:48:32,573 INFO     ___FILE_ONLY___  
2024-11-25 15:48:32,573 INFO     ___FILE_ONLY___ Engine
2024-11-25 15:48:32,573 INFO     ___FILE_ONLY___  
2024-11-25 15:48:32,573 INFO     ___FILE_ONLY___ cluster
2024-11-25 15:48:32,573 INFO     ___FILE_ONLY___  
2024-11-25 15:48:32,573 INFO     ___FILE_ONLY___ control
2024-11-25 15:48:32,573 INFO     ___FILE_ONLY___  
2024-11-25 15:48:32,573 INFO     ___FILE_ONLY___ plane.
2024-11-25 15:48:32,573 INFO     ___FILE_ONLY___ 

2024-11-25 15:48:32,573 INFO     ___FILE_ONLY___ 

2024-11-25 15:48:32,574 INFO     ___FILE_ONLY___    
2024-11-25 15:48:32,574 INFO     ___FILE_ONLY___  
2024-11-25 15:48:32,574 INFO     ___FILE_ONLY___ Subscribe
2024-11-25 15:48:32,574 INFO     ___FILE_ONLY___  
2024-11-25 15:48:32,574 INFO     ___FILE_ONLY___ to
2024-11-25 15:48:32,574 INFO     ___FILE_ONLY___  
2024-11-25 15:48:32,574 INFO     ___FILE_ONLY___ these
2024-11-25 15:48:32,574 INFO     ___FILE_ONLY___  
2024-11-25 15:48:32,574 INFO     ___FILE_ONLY___ release
2024-11-25 15:48:32,574 INFO     ___FILE_ONLY___  
2024-11-25 15:48:32,574 INFO     ___FILE_ONLY___ notes
2024-11-25 15:48:32,574 INFO     ___FILE_ONLY___  
2024-11-25 15:48:32,574 INFO     ___FILE_ONLY___ at
2024-11-25 15:48:32,574 INFO     ___FILE_ONLY___ 

2024-11-25 15:48:32,574 INFO     ___FILE_ONLY___     
2024-11-25 15:48:32,574 INFO     ___FILE_ONLY___ https://groups.google.com/forum/#!forum/google-cloud-sdk-announce
2024-11-25 15:48:32,574 INFO     ___FILE_ONLY___ 

2024-11-25 15:48:32,574 INFO     ___FILE_ONLY___     
2024-11-25 15:48:32,574 INFO     ___FILE_ONLY___ (https://groups.google.com/forum/#!forum/google-cloud-sdk-announce).
2024-11-25 15:48:32,574 INFO     ___FILE_ONLY___ 

2024-11-25 15:48:32,574 INFO     ___FILE_ONLY___ 
2024-11-25 15:48:32,574 INFO     ___FILE_ONLY___ 

2024-11-25 15:48:32,574 INFO     ___FILE_ONLY___ Performing in place update...


2024-11-25 15:48:32,574 INFO     ___FILE_ONLY___ ╔════════════════════════════════════════════════════════════╗

2024-11-25 15:48:32,574 INFO     ___FILE_ONLY___ ╠═ Downloading: Google Cloud CLI Core Libraries             ═╣

2024-11-25 15:48:32,574 INFO     ___FILE_ONLY___ ╚
2024-11-25 15:48:32,577 DEBUG    urllib3.connectionpool Starting new HTTPS connection (1): dl.google.com:443
2024-11-25 15:48:32,705 DEBUG    urllib3.connectionpool https://dl.google.com:443 "GET /dl/cloudsdk/channels/rapid/components/google-cloud-sdk-core-20241115154308.tar.gz HTTP/1.1" 200 21438128
2024-11-25 15:48:36,854 INFO     ___FILE_ONLY___ ═
2024-11-25 15:48:36,856 INFO     ___FILE_ONLY___ ═
2024-11-25 15:48:36,856 INFO     ___FILE_ONLY___ ═
2024-11-25 15:48:36,857 INFO     ___FILE_ONLY___ ═
2024-11-25 15:48:36,859 INFO     ___FILE_ONLY___ ═
2024-11-25 15:48:36,861 INFO     ___FILE_ONLY___ ═
2024-11-25 15:48:36,862 INFO     ___FILE_ONLY___ ═
2024-11-25 15:48:36,863 INFO     ___FILE_ONLY___ ═
2024-11-25 15:48:36,864 INFO     ___FILE_ONLY___ ═
2024-11-25 15:48:36,865 INFO     ___FILE_ONLY___ ═
2024-11-25 15:48:36,865 INFO     ___FILE_ONLY___ ═
2024-11-25 15:48:36,866 INFO     ___FILE_ONLY___ ═
2024-11-25 15:48:36,867 INFO     ___FILE_ONLY___ ═
2024-11-25 15:48:36,868 INFO     ___FILE_ONLY___ ═
2024-11-25 15:48:36,868 INFO     ___FILE_ONLY___ ═
2024-11-25 15:48:36,869 INFO     ___FILE_ONLY___ ═
2024-11-25 15:48:36,869 INFO     ___FILE_ONLY___ ═
2024-11-25 15:48:36,870 INFO     ___FILE_ONLY___ ═
2024-11-25 15:48:36,870 INFO     ___FILE_ONLY___ ═
2024-11-25 15:48:36,871 INFO     ___FILE_ONLY___ ═
2024-11-25 15:48:36,871 INFO     ___FILE_ONLY___ ═
2024-11-25 15:48:36,872 INFO     ___FILE_ONLY___ ═
2024-11-25 15:48:36,872 INFO     ___FILE_ONLY___ ═
2024-11-25 15:48:36,873 INFO     ___FILE_ONLY___ ═
2024-11-25 15:48:36,874 INFO     ___FILE_ONLY___ ═
2024-11-25 15:48:36,874 INFO     ___FILE_ONLY___ ═
2024-11-25 15:48:36,875 INFO     ___FILE_ONLY___ ═
2024-11-25 15:48:36,876 INFO     ___FILE_ONLY___ ═
2024-11-25 15:48:36,876 INFO     ___FILE_ONLY___ ═
2024-11-25 15:48:36,877 INFO     ___FILE_ONLY___ ═
2024-11-25 15:48:36,877 INFO     ___FILE_ONLY___ ═
2024-11-25 15:48:36,878 INFO     ___FILE_ONLY___ ═
2024-11-25 15:48:36,878 INFO     ___FILE_ONLY___ ═
2024-11-25 15:48:36,878 INFO     ___FILE_ONLY___ ═
2024-11-25 15:48:36,879 INFO     ___FILE_ONLY___ ═
2024-11-25 15:48:36,879 INFO     ___FILE_ONLY___ ═
2024-11-25 15:48:36,880 INFO     ___FILE_ONLY___ ═
2024-11-25 15:48:36,880 INFO     ___FILE_ONLY___ ═
2024-11-25 15:48:36,881 INFO     ___FILE_ONLY___ ═
2024-11-25 15:48:36,881 INFO     ___FILE_ONLY___ ═
2024-11-25 15:48:36,882 INFO     ___FILE_ONLY___ ═
2024-11-25 15:48:36,882 INFO     ___FILE_ONLY___ ═
2024-11-25 15:48:36,882 INFO     ___FILE_ONLY___ ═
2024-11-25 15:48:36,883 INFO     ___FILE_ONLY___ ═
2024-11-25 15:48:36,883 INFO     ___FILE_ONLY___ ═
2024-11-25 15:48:36,884 INFO     ___FILE_ONLY___ ═
2024-11-25 15:48:36,885 INFO     ___FILE_ONLY___ ═
2024-11-25 15:48:36,885 INFO     ___FILE_ONLY___ ═
2024-11-25 15:48:36,886 INFO     ___FILE_ONLY___ ═
2024-11-25 15:48:36,886 INFO     ___FILE_ONLY___ ═
2024-11-25 15:48:36,887 INFO     ___FILE_ONLY___ ═
2024-11-25 15:48:36,887 INFO     ___FILE_ONLY___ ═
2024-11-25 15:48:36,887 INFO     ___FILE_ONLY___ ═
2024-11-25 15:48:36,888 INFO     ___FILE_ONLY___ ═
2024-11-25 15:48:36,888 INFO     ___FILE_ONLY___ ═
2024-11-25 15:48:36,888 INFO     ___FILE_ONLY___ ═
2024-11-25 15:48:36,889 INFO     ___FILE_ONLY___ ═
2024-11-25 15:48:36,889 INFO     ___FILE_ONLY___ ═
2024-11-25 15:48:36,890 INFO     ___FILE_ONLY___ ═
2024-11-25 15:48:36,890 INFO     ___FILE_ONLY___ ═
2024-11-25 15:48:36,890 INFO     ___FILE_ONLY___ ╝
2024-11-25 15:48:36,892 INFO     ___FILE_ONLY___ ╠════════════════════════════════════════════════════════════╣

2024-11-25 15:48:36,892 INFO     ___FILE_ONLY___ ╠═ Uninstalling: Google Cloud CLI Core Libraries            ═╣

2024-11-25 15:48:36,892 INFO     ___FILE_ONLY___ ╚
2024-11-25 15:48:36,917 INFO     ___FILE_ONLY___ ═
2024-11-25 15:48:36,933 INFO     ___FILE_ONLY___ ═
2024-11-25 15:48:36,948 INFO     ___FILE_ONLY___ ═
2024-11-25 15:48:36,963 INFO     ___FILE_ONLY___ ═
2024-11-25 15:48:36,977 INFO     ___FILE_ONLY___ ═
2024-11-25 15:48:36,990 INFO     ___FILE_ONLY___ ═
2024-11-25 15:48:37,005 INFO     ___FILE_ONLY___ ═
2024-11-25 15:48:37,020 INFO     ___FILE_ONLY___ ═
2024-11-25 15:48:37,034 INFO     ___FILE_ONLY___ ═
2024-11-25 15:48:37,049 INFO     ___FILE_ONLY___ ═
2024-11-25 15:48:37,063 INFO     ___FILE_ONLY___ ═
2024-11-25 15:48:37,077 INFO     ___FILE_ONLY___ ═
2024-11-25 15:48:37,090 INFO     ___FILE_ONLY___ ═
2024-11-25 15:48:37,103 INFO     ___FILE_ONLY___ ═
2024-11-25 15:48:37,118 INFO     ___FILE_ONLY___ ═
2024-11-25 15:48:37,135 INFO     ___FILE_ONLY___ ═
2024-11-25 15:48:37,152 INFO     ___FILE_ONLY___ ═
2024-11-25 15:48:37,169 INFO     ___FILE_ONLY___ ═
2024-11-25 15:48:37,186 INFO     ___FILE_ONLY___ ═
2024-11-25 15:48:37,203 INFO     ___FILE_ONLY___ ═
2024-11-25 15:48:37,219 INFO     ___FILE_ONLY___ ═
2024-11-25 15:48:37,235 INFO     ___FILE_ONLY___ ═
2024-11-25 15:48:37,250 INFO     ___FILE_ONLY___ ═
2024-11-25 15:48:37,263 INFO     ___FILE_ONLY___ ═
2024-11-25 15:48:37,275 INFO     ___FILE_ONLY___ ═
2024-11-25 15:48:37,289 INFO     ___FILE_ONLY___ ═
2024-11-25 15:48:37,300 INFO     ___FILE_ONLY___ ═
2024-11-25 15:48:37,314 INFO     ___FILE_ONLY___ ═
2024-11-25 15:48:37,328 INFO     ___FILE_ONLY___ ═
2024-11-25 15:48:37,341 INFO     ___FILE_ONLY___ ═
2024-11-25 15:48:37,354 INFO     ___FILE_ONLY___ ═
2024-11-25 15:48:37,368 INFO     ___FILE_ONLY___ ═
2024-11-25 15:48:37,381 INFO     ___FILE_ONLY___ ═
2024-11-25 15:48:37,395 INFO     ___FILE_ONLY___ ═
2024-11-25 15:48:37,409 INFO     ___FILE_ONLY___ ═
2024-11-25 15:48:37,423 INFO     ___FILE_ONLY___ ═
2024-11-25 15:48:37,437 INFO     ___FILE_ONLY___ ═
2024-11-25 15:48:37,450 INFO     ___FILE_ONLY___ ═
2024-11-25 15:48:37,464 INFO     ___FILE_ONLY___ ═
2024-11-25 15:48:37,477 INFO     ___FILE_ONLY___ ═
2024-11-25 15:48:37,490 INFO     ___FILE_ONLY___ ═
2024-11-25 15:48:37,503 INFO     ___FILE_ONLY___ ═
2024-11-25 15:48:37,516 INFO     ___FILE_ONLY___ ═
2024-11-25 15:48:37,529 INFO     ___FILE_ONLY___ ═
2024-11-25 15:48:37,543 INFO     ___FILE_ONLY___ ═
2024-11-25 15:48:37,557 INFO     ___FILE_ONLY___ ═
2024-11-25 15:48:37,572 INFO     ___FILE_ONLY___ ═
2024-11-25 15:48:37,585 INFO     ___FILE_ONLY___ ═
2024-11-25 15:48:37,599 INFO     ___FILE_ONLY___ ═
2024-11-25 15:48:37,613 INFO     ___FILE_ONLY___ ═
2024-11-25 15:48:37,627 INFO     ___FILE_ONLY___ ═
2024-11-25 15:48:37,641 INFO     ___FILE_ONLY___ ═
2024-11-25 15:48:37,655 INFO     ___FILE_ONLY___ ═
2024-11-25 15:48:37,669 INFO     ___FILE_ONLY___ ═
2024-11-25 15:48:37,684 INFO     ___FILE_ONLY___ ═
2024-11-25 15:48:37,697 INFO     ___FILE_ONLY___ ═
2024-11-25 15:48:37,711 INFO     ___FILE_ONLY___ ═
2024-11-25 15:48:37,726 INFO     ___FILE_ONLY___ ═
2024-11-25 15:48:37,742 INFO     ___FILE_ONLY___ ═
2024-11-25 15:48:37,755 INFO     ___FILE_ONLY___ ═
2024-11-25 15:48:37,755 INFO     ___FILE_ONLY___ ╝
2024-11-25 15:48:38,701 INFO     ___FILE_ONLY___ ╠════════════════════════════════════════════════════════════╣

2024-11-25 15:48:38,701 INFO     ___FILE_ONLY___ ╠═ Installing: Google Cloud CLI Core Libraries              ═╣

2024-11-25 15:48:38,701 INFO     ___FILE_ONLY___ ╚
2024-11-25 15:48:39,346 INFO     ___FILE_ONLY___ ═
2024-11-25 15:48:39,372 INFO     ___FILE_ONLY___ ═
2024-11-25 15:48:39,394 INFO     ___FILE_ONLY___ ═
2024-11-25 15:48:39,416 INFO     ___FILE_ONLY___ ═
2024-11-25 15:48:39,439 INFO     ___FILE_ONLY___ ═
2024-11-25 15:48:39,466 INFO     ___FILE_ONLY___ ═
2024-11-25 15:48:39,489 INFO     ___FILE_ONLY___ ═
2024-11-25 15:48:39,512 INFO     ___FILE_ONLY___ ═
2024-11-25 15:48:39,535 INFO     ___FILE_ONLY___ ═
2024-11-25 15:48:39,557 INFO     ___FILE_ONLY___ ═
2024-11-25 15:48:39,578 INFO     ___FILE_ONLY___ ═
2024-11-25 15:48:39,600 INFO     ___FILE_ONLY___ ═
2024-11-25 15:48:39,624 INFO     ___FILE_ONLY___ ═
2024-11-25 15:48:39,648 INFO     ___FILE_ONLY___ ═
2024-11-25 15:48:39,682 INFO     ___FILE_ONLY___ ═
2024-11-25 15:48:39,716 INFO     ___FILE_ONLY___ ═
2024-11-25 15:48:39,769 INFO     ___FILE_ONLY___ ═
2024-11-25 15:48:39,809 INFO     ___FILE_ONLY___ ═
2024-11-25 15:48:39,846 INFO     ___FILE_ONLY___ ═
2024-11-25 15:48:39,885 INFO     ___FILE_ONLY___ ═
2024-11-25 15:48:39,920 INFO     ___FILE_ONLY___ ═
2024-11-25 15:48:39,959 INFO     ___FILE_ONLY___ ═
2024-11-25 15:48:39,990 INFO     ___FILE_ONLY___ ═
2024-11-25 15:48:40,044 INFO     ___FILE_ONLY___ ═
2024-11-25 15:48:40,068 INFO     ___FILE_ONLY___ ═
2024-11-25 15:48:40,087 INFO     ___FILE_ONLY___ ═
2024-11-25 15:48:40,108 INFO     ___FILE_ONLY___ ═
2024-11-25 15:48:40,128 INFO     ___FILE_ONLY___ ═
2024-11-25 15:48:40,149 INFO     ___FILE_ONLY___ ═
2024-11-25 15:48:40,169 INFO     ___FILE_ONLY___ ═
2024-11-25 15:48:40,190 INFO     ___FILE_ONLY___ ═
2024-11-25 15:48:40,211 INFO     ___FILE_ONLY___ ═
2024-11-25 15:48:40,231 INFO     ___FILE_ONLY___ ═
2024-11-25 15:48:40,254 INFO     ___FILE_ONLY___ ═
2024-11-25 15:48:40,276 INFO     ___FILE_ONLY___ ═
2024-11-25 15:48:40,298 INFO     ___FILE_ONLY___ ═
2024-11-25 15:48:40,318 INFO     ___FILE_ONLY___ ═
2024-11-25 15:48:40,339 INFO     ___FILE_ONLY___ ═
2024-11-25 15:48:40,360 INFO     ___FILE_ONLY___ ═
2024-11-25 15:48:40,380 INFO     ___FILE_ONLY___ ═
2024-11-25 15:48:40,401 INFO     ___FILE_ONLY___ ═
2024-11-25 15:48:40,420 INFO     ___FILE_ONLY___ ═
2024-11-25 15:48:40,441 INFO     ___FILE_ONLY___ ═
2024-11-25 15:48:40,460 INFO     ___FILE_ONLY___ ═
2024-11-25 15:48:40,480 INFO     ___FILE_ONLY___ ═
2024-11-25 15:48:40,501 INFO     ___FILE_ONLY___ ═
2024-11-25 15:48:40,522 INFO     ___FILE_ONLY___ ═
2024-11-25 15:48:40,542 INFO     ___FILE_ONLY___ ═
2024-11-25 15:48:40,562 INFO     ___FILE_ONLY___ ═
2024-11-25 15:48:40,582 INFO     ___FILE_ONLY___ ═
2024-11-25 15:48:40,602 INFO     ___FILE_ONLY___ ═
2024-11-25 15:48:40,621 INFO     ___FILE_ONLY___ ═
2024-11-25 15:48:40,641 INFO     ___FILE_ONLY___ ═
2024-11-25 15:48:40,662 INFO     ___FILE_ONLY___ ═
2024-11-25 15:48:40,740 INFO     ___FILE_ONLY___ ═
2024-11-25 15:48:40,761 INFO     ___FILE_ONLY___ ═
2024-11-25 15:48:40,784 INFO     ___FILE_ONLY___ ═
2024-11-25 15:48:40,806 INFO     ___FILE_ONLY___ ═
2024-11-25 15:48:40,827 INFO     ___FILE_ONLY___ ═
2024-11-25 15:48:40,849 INFO     ___FILE_ONLY___ ═
2024-11-25 15:48:40,849 INFO     ___FILE_ONLY___ ╝

2024-11-25 15:48:40,888 DEBUG    root            Updating notification cache...
2024-11-25 15:48:40,889 INFO     ___FILE_ONLY___ 

2024-11-25 15:48:40,889 INFO     ___FILE_ONLY___ Performing post processing steps...
2024-11-25 15:48:40,889 DEBUG    root            Executing command: ['/opt/homebrew/share/google-cloud-sdk/bin/gcloud', 'components', 'post-process']
2024-11-25 15:48:46,023 DEBUG    ___FILE_ONLY___ 
2024-11-25 15:48:46,024 DEBUG    ___FILE_ONLY___ 
2024-11-25 15:48:46,189 INFO     ___FILE_ONLY___ 
Update done!


2024-11-25 15:48:46,190 INFO     ___FILE_ONLY___ To revert your CLI to the previously installed version, you may run:
  $ gcloud components update --version 501.0.0


2024-11-25 15:48:46,195 DEBUG    root            Chosen display Format:none
2024-11-25 15:48:46,196 INFO     root            Display format: "none"
2024-11-25 15:48:46,198 INFO     ___FILE_ONLY___ 

To take a quick anonymous survey, run:
  $ gcloud survey


