2025-01-29 15:17:35,376 DEBUG    root            Loaded Command Group: ['gcloud', 'components']
2025-01-29 15:17:35,377 DEBUG    root            Loaded Command Group: ['gcloud', 'components', 'update']
2025-01-29 15:17:35,378 DEBUG    root            Running [gcloud.components.update] with arguments: [--quiet: "True"]
2025-01-29 15:17:35,384 INFO     ___FILE_ONLY___ Beginning update. This process may take several minutes.

2025-01-29 15:17:35,397 DEBUG    urllib3.connectionpool Starting new HTTPS connection (1): dl.google.com:443
2025-01-29 15:17:35,505 DEBUG    urllib3.connectionpool https://dl.google.com:443 "GET /dl/cloudsdk/channels/rapid/components-2.json HTTP/1.1" 200 227832
2025-01-29 15:17:35,555 WARNING  root            The ARM versions of the following components are not available yet, using x86_64 versions instead: [app-engine-grpc].
2025-01-29 15:17:35,555 INFO     ___FILE_ONLY___ 

2025-01-29 15:17:35,555 INFO     ___FILE_ONLY___ 
Your current Google Cloud CLI version is: 507.0.0

2025-01-29 15:17:35,555 INFO     ___FILE_ONLY___ You will be upgraded to version: 508.0.0

2025-01-29 15:17:35,556 INFO     ___FILE_ONLY___ 

2025-01-29 15:17:35,556 DEBUG    root            Chosen display Format:table[box,title="These components will be removed."](details.display_name:label=Name:align=left,version.version_string:label=Version:align=right,data.size.size(zero="",min=1048576):label=Size:align=right)
2025-01-29 15:17:35,556 DEBUG    root            Chosen display Format:table[box,title="These components will be updated."](details.display_name:label=Name:align=left,version.version_string:label=Version:align=right,data.size.size(zero="",min=1048576):label=Size:align=right)
2025-01-29 15:17:35,567 INFO     ___FILE_ONLY___ ┌─────────────────────────────────────────────────────────┐
2025-01-29 15:17:35,567 INFO     ___FILE_ONLY___ 

2025-01-29 15:17:35,567 INFO     ___FILE_ONLY___ │            These components will be updated.            │
2025-01-29 15:17:35,567 INFO     ___FILE_ONLY___ 

2025-01-29 15:17:35,567 INFO     ___FILE_ONLY___ ├─────────────────────────────────┬────────────┬──────────┤
2025-01-29 15:17:35,567 INFO     ___FILE_ONLY___ 

2025-01-29 15:17:35,567 INFO     ___FILE_ONLY___ │               Name              │  Version   │   Size   │
2025-01-29 15:17:35,567 INFO     ___FILE_ONLY___ 

2025-01-29 15:17:35,567 INFO     ___FILE_ONLY___ ├─────────────────────────────────┼────────────┼──────────┤
2025-01-29 15:17:35,567 INFO     ___FILE_ONLY___ 

2025-01-29 15:17:35,567 INFO     ___FILE_ONLY___ │ 
2025-01-29 15:17:35,567 INFO     ___FILE_ONLY___ Google Cloud CLI Core Libraries
2025-01-29 15:17:35,567 INFO     ___FILE_ONLY___  
2025-01-29 15:17:35,568 INFO     ___FILE_ONLY___ │ 
2025-01-29 15:17:35,568 INFO     ___FILE_ONLY___ 2025.01.24
2025-01-29 15:17:35,568 INFO     ___FILE_ONLY___  
2025-01-29 15:17:35,568 INFO     ___FILE_ONLY___ │ 
2025-01-29 15:17:35,568 INFO     ___FILE_ONLY___ 20.7 MiB
2025-01-29 15:17:35,568 INFO     ___FILE_ONLY___  
2025-01-29 15:17:35,568 INFO     ___FILE_ONLY___ │
2025-01-29 15:17:35,568 INFO     ___FILE_ONLY___ 

2025-01-29 15:17:35,568 INFO     ___FILE_ONLY___ └─────────────────────────────────┴────────────┴──────────┘
2025-01-29 15:17:35,568 INFO     ___FILE_ONLY___ 

2025-01-29 15:17:35,568 DEBUG    root            Chosen display Format:table[box,title="These components will be installed."](details.display_name:label=Name:align=left,version.version_string:label=Version:align=right,data.size.size(zero="",min=1048576):label=Size:align=right)
2025-01-29 15:17:35,568 INFO     ___FILE_ONLY___ 

2025-01-29 15:17:35,570 DEBUG    urllib3.connectionpool Starting new HTTPS connection (1): dl.google.com:443
2025-01-29 15:17:35,659 DEBUG    urllib3.connectionpool https://dl.google.com:443 "GET /dl/cloudsdk/channels/rapid/RELEASE_NOTES HTTP/1.1" 200 1347594
2025-01-29 15:17:35,755 INFO     ___FILE_ONLY___ The following release notes are new in this upgrade.
Please read carefully for information about new features, breaking changes,
and bugs fixed.  The latest full release notes can be viewed at:
  https://cloud.google.com/sdk/release_notes


2025-01-29 15:17:35,756 INFO     ___FILE_ONLY___ 
2025-01-29 15:17:35,756 INFO     ___FILE_ONLY___ 508.0.0 (2025-01-28)

2025-01-29 15:17:35,756 INFO     ___FILE_ONLY___ 
2025-01-29 15:17:35,756 INFO     ___FILE_ONLY___   
2025-01-29 15:17:35,756 INFO     ___FILE_ONLY___ AlloyDB

2025-01-29 15:17:35,756 INFO     ___FILE_ONLY___       ▪
2025-01-29 15:17:35,756 INFO     ___FILE_ONLY___  
2025-01-29 15:17:35,756 INFO     ___FILE_ONLY___ Added
2025-01-29 15:17:35,756 INFO     ___FILE_ONLY___  
2025-01-29 15:17:35,756 INFO     ___FILE_ONLY___ flag
2025-01-29 15:17:35,756 INFO     ___FILE_ONLY___  
2025-01-29 15:17:35,756 INFO     ___FILE_ONLY___ --keep-extra-roles
2025-01-29 15:17:35,756 INFO     ___FILE_ONLY___  
2025-01-29 15:17:35,756 INFO     ___FILE_ONLY___ to
2025-01-29 15:17:35,756 INFO     ___FILE_ONLY___  
2025-01-29 15:17:35,756 INFO     ___FILE_ONLY___ keep
2025-01-29 15:17:35,756 INFO     ___FILE_ONLY___  
2025-01-29 15:17:35,756 INFO     ___FILE_ONLY___ extra
2025-01-29 15:17:35,756 INFO     ___FILE_ONLY___  
2025-01-29 15:17:35,756 INFO     ___FILE_ONLY___ database
2025-01-29 15:17:35,756 INFO     ___FILE_ONLY___  
2025-01-29 15:17:35,756 INFO     ___FILE_ONLY___ roles
2025-01-29 15:17:35,756 INFO     ___FILE_ONLY___  
2025-01-29 15:17:35,756 INFO     ___FILE_ONLY___ when
2025-01-29 15:17:35,756 INFO     ___FILE_ONLY___ 

2025-01-29 15:17:35,756 INFO     ___FILE_ONLY___         
2025-01-29 15:17:35,756 INFO     ___FILE_ONLY___ creating
2025-01-29 15:17:35,756 INFO     ___FILE_ONLY___  
2025-01-29 15:17:35,756 INFO     ___FILE_ONLY___ or
2025-01-29 15:17:35,757 INFO     ___FILE_ONLY___  
2025-01-29 15:17:35,757 INFO     ___FILE_ONLY___ setting
2025-01-29 15:17:35,757 INFO     ___FILE_ONLY___  
2025-01-29 15:17:35,757 INFO     ___FILE_ONLY___ database
2025-01-29 15:17:35,757 INFO     ___FILE_ONLY___  
2025-01-29 15:17:35,757 INFO     ___FILE_ONLY___ roles
2025-01-29 15:17:35,757 INFO     ___FILE_ONLY___  
2025-01-29 15:17:35,757 INFO     ___FILE_ONLY___ for
2025-01-29 15:17:35,757 INFO     ___FILE_ONLY___  
2025-01-29 15:17:35,757 INFO     ___FILE_ONLY___ an
2025-01-29 15:17:35,757 INFO     ___FILE_ONLY___  
2025-01-29 15:17:35,757 INFO     ___FILE_ONLY___ existing
2025-01-29 15:17:35,757 INFO     ___FILE_ONLY___  
2025-01-29 15:17:35,757 INFO     ___FILE_ONLY___ user.
2025-01-29 15:17:35,757 INFO     ___FILE_ONLY___ 

2025-01-29 15:17:35,757 INFO     ___FILE_ONLY___ 

2025-01-29 15:17:35,757 INFO     ___FILE_ONLY___ 
2025-01-29 15:17:35,757 INFO     ___FILE_ONLY___   
2025-01-29 15:17:35,757 INFO     ___FILE_ONLY___ App Engine

2025-01-29 15:17:35,757 INFO     ___FILE_ONLY___       ▪
2025-01-29 15:17:35,757 INFO     ___FILE_ONLY___  
2025-01-29 15:17:35,757 INFO     ___FILE_ONLY___ Updated
2025-01-29 15:17:35,757 INFO     ___FILE_ONLY___  
2025-01-29 15:17:35,757 INFO     ___FILE_ONLY___ the
2025-01-29 15:17:35,757 INFO     ___FILE_ONLY___  
2025-01-29 15:17:35,757 INFO     ___FILE_ONLY___ Java
2025-01-29 15:17:35,757 INFO     ___FILE_ONLY___  
2025-01-29 15:17:35,757 INFO     ___FILE_ONLY___ SDK
2025-01-29 15:17:35,757 INFO     ___FILE_ONLY___  
2025-01-29 15:17:35,757 INFO     ___FILE_ONLY___ to
2025-01-29 15:17:35,757 INFO     ___FILE_ONLY___  
2025-01-29 15:17:35,757 INFO     ___FILE_ONLY___ version
2025-01-29 15:17:35,757 INFO     ___FILE_ONLY___  
2025-01-29 15:17:35,757 INFO     ___FILE_ONLY___ 2.0.32
2025-01-29 15:17:35,757 INFO     ___FILE_ONLY___  
2025-01-29 15:17:35,757 INFO     ___FILE_ONLY___ build
2025-01-29 15:17:35,757 INFO     ___FILE_ONLY___  
2025-01-29 15:17:35,757 INFO     ___FILE_ONLY___ from
2025-01-29 15:17:35,758 INFO     ___FILE_ONLY___  
2025-01-29 15:17:35,758 INFO     ___FILE_ONLY___ the
2025-01-29 15:17:35,758 INFO     ___FILE_ONLY___  
2025-01-29 15:17:35,758 INFO     ___FILE_ONLY___ open
2025-01-29 15:17:35,758 INFO     ___FILE_ONLY___  
2025-01-29 15:17:35,758 INFO     ___FILE_ONLY___ source
2025-01-29 15:17:35,758 INFO     ___FILE_ONLY___ 

2025-01-29 15:17:35,758 INFO     ___FILE_ONLY___         
2025-01-29 15:17:35,758 INFO     ___FILE_ONLY___ project
2025-01-29 15:17:35,758 INFO     ___FILE_ONLY___ 

2025-01-29 15:17:35,758 INFO     ___FILE_ONLY___         
2025-01-29 15:17:35,758 INFO     ___FILE_ONLY___ <https://github.com/GoogleCloudPlatform/appengine-java-standard/releases/tag/v2.0.32>.
2025-01-29 15:17:35,758 INFO     ___FILE_ONLY___ 

2025-01-29 15:17:35,758 INFO     ___FILE_ONLY___ 

2025-01-29 15:17:35,758 INFO     ___FILE_ONLY___ 
2025-01-29 15:17:35,758 INFO     ___FILE_ONLY___   
2025-01-29 15:17:35,758 INFO     ___FILE_ONLY___ Backup For GKE

2025-01-29 15:17:35,758 INFO     ___FILE_ONLY___       ▪
2025-01-29 15:17:35,758 INFO     ___FILE_ONLY___  
2025-01-29 15:17:35,758 INFO     ___FILE_ONLY___ Added
2025-01-29 15:17:35,758 INFO     ___FILE_ONLY___  
2025-01-29 15:17:35,758 INFO     ___FILE_ONLY___ command
2025-01-29 15:17:35,758 INFO     ___FILE_ONLY___  
2025-01-29 15:17:35,758 INFO     ___FILE_ONLY___ gcloud
2025-01-29 15:17:35,758 INFO     ___FILE_ONLY___  
2025-01-29 15:17:35,758 INFO     ___FILE_ONLY___ beta
2025-01-29 15:17:35,758 INFO     ___FILE_ONLY___  
2025-01-29 15:17:35,758 INFO     ___FILE_ONLY___ container
2025-01-29 15:17:35,758 INFO     ___FILE_ONLY___  
2025-01-29 15:17:35,758 INFO     ___FILE_ONLY___ backup-restore
2025-01-29 15:17:35,758 INFO     ___FILE_ONLY___  
2025-01-29 15:17:35,758 INFO     ___FILE_ONLY___ operations
2025-01-29 15:17:35,758 INFO     ___FILE_ONLY___  
2025-01-29 15:17:35,758 INFO     ___FILE_ONLY___ list
2025-01-29 15:17:35,758 INFO     ___FILE_ONLY___  
2025-01-29 15:17:35,758 INFO     ___FILE_ONLY___ to
2025-01-29 15:17:35,758 INFO     ___FILE_ONLY___ 

2025-01-29 15:17:35,759 INFO     ___FILE_ONLY___         
2025-01-29 15:17:35,759 INFO     ___FILE_ONLY___ list
2025-01-29 15:17:35,759 INFO     ___FILE_ONLY___  
2025-01-29 15:17:35,759 INFO     ___FILE_ONLY___ Backup
2025-01-29 15:17:35,759 INFO     ___FILE_ONLY___  
2025-01-29 15:17:35,759 INFO     ___FILE_ONLY___ for
2025-01-29 15:17:35,759 INFO     ___FILE_ONLY___  
2025-01-29 15:17:35,759 INFO     ___FILE_ONLY___ GKE
2025-01-29 15:17:35,759 INFO     ___FILE_ONLY___  
2025-01-29 15:17:35,759 INFO     ___FILE_ONLY___ operations.
2025-01-29 15:17:35,759 INFO     ___FILE_ONLY___ 

2025-01-29 15:17:35,759 INFO     ___FILE_ONLY___ 

2025-01-29 15:17:35,759 INFO     ___FILE_ONLY___ 
2025-01-29 15:17:35,759 INFO     ___FILE_ONLY___   
2025-01-29 15:17:35,759 INFO     ___FILE_ONLY___ Cloud DNS

2025-01-29 15:17:35,759 INFO     ___FILE_ONLY___       ▪
2025-01-29 15:17:35,759 INFO     ___FILE_ONLY___  
2025-01-29 15:17:35,759 INFO     ___FILE_ONLY___ Add
2025-01-29 15:17:35,759 INFO     ___FILE_ONLY___  
2025-01-29 15:17:35,759 INFO     ___FILE_ONLY___ support
2025-01-29 15:17:35,759 INFO     ___FILE_ONLY___  
2025-01-29 15:17:35,759 INFO     ___FILE_ONLY___ for
2025-01-29 15:17:35,759 INFO     ___FILE_ONLY___  
2025-01-29 15:17:35,759 INFO     ___FILE_ONLY___ DNS64
2025-01-29 15:17:35,759 INFO     ___FILE_ONLY___  
2025-01-29 15:17:35,759 INFO     ___FILE_ONLY___ policies.
2025-01-29 15:17:35,759 INFO     ___FILE_ONLY___ 

2025-01-29 15:17:35,759 INFO     ___FILE_ONLY___ 

2025-01-29 15:17:35,759 INFO     ___FILE_ONLY___ 
2025-01-29 15:17:35,759 INFO     ___FILE_ONLY___   
2025-01-29 15:17:35,759 INFO     ___FILE_ONLY___ Cloud Dataflow

2025-01-29 15:17:35,759 INFO     ___FILE_ONLY___       ▪
2025-01-29 15:17:35,759 INFO     ___FILE_ONLY___  
2025-01-29 15:17:35,759 INFO     ___FILE_ONLY___ Added
2025-01-29 15:17:35,759 INFO     ___FILE_ONLY___  
2025-01-29 15:17:35,759 INFO     ___FILE_ONLY___ launcher_machine_type
2025-01-29 15:17:35,759 INFO     ___FILE_ONLY___  
2025-01-29 15:17:35,759 INFO     ___FILE_ONLY___ parameter
2025-01-29 15:17:35,759 INFO     ___FILE_ONLY___  
2025-01-29 15:17:35,759 INFO     ___FILE_ONLY___ to
2025-01-29 15:17:35,760 INFO     ___FILE_ONLY___  
2025-01-29 15:17:35,760 INFO     ___FILE_ONLY___ gcloud
2025-01-29 15:17:35,760 INFO     ___FILE_ONLY___  
2025-01-29 15:17:35,760 INFO     ___FILE_ONLY___ dataflow
2025-01-29 15:17:35,760 INFO     ___FILE_ONLY___ 

2025-01-29 15:17:35,760 INFO     ___FILE_ONLY___         
2025-01-29 15:17:35,760 INFO     ___FILE_ONLY___ flex-template
2025-01-29 15:17:35,760 INFO     ___FILE_ONLY___  
2025-01-29 15:17:35,760 INFO     ___FILE_ONLY___ run
2025-01-29 15:17:35,760 INFO     ___FILE_ONLY___  
2025-01-29 15:17:35,760 INFO     ___FILE_ONLY___ to
2025-01-29 15:17:35,760 INFO     ___FILE_ONLY___  
2025-01-29 15:17:35,760 INFO     ___FILE_ONLY___ support
2025-01-29 15:17:35,760 INFO     ___FILE_ONLY___  
2025-01-29 15:17:35,760 INFO     ___FILE_ONLY___ to
2025-01-29 15:17:35,760 INFO     ___FILE_ONLY___  
2025-01-29 15:17:35,760 INFO     ___FILE_ONLY___ specify
2025-01-29 15:17:35,760 INFO     ___FILE_ONLY___  
2025-01-29 15:17:35,760 INFO     ___FILE_ONLY___ the
2025-01-29 15:17:35,760 INFO     ___FILE_ONLY___  
2025-01-29 15:17:35,760 INFO     ___FILE_ONLY___ machine
2025-01-29 15:17:35,760 INFO     ___FILE_ONLY___  
2025-01-29 15:17:35,760 INFO     ___FILE_ONLY___ type
2025-01-29 15:17:35,760 INFO     ___FILE_ONLY___  
2025-01-29 15:17:35,760 INFO     ___FILE_ONLY___ to
2025-01-29 15:17:35,760 INFO     ___FILE_ONLY___  
2025-01-29 15:17:35,760 INFO     ___FILE_ONLY___ use
2025-01-29 15:17:35,760 INFO     ___FILE_ONLY___  
2025-01-29 15:17:35,760 INFO     ___FILE_ONLY___ for
2025-01-29 15:17:35,760 INFO     ___FILE_ONLY___ 

2025-01-29 15:17:35,760 INFO     ___FILE_ONLY___         
2025-01-29 15:17:35,760 INFO     ___FILE_ONLY___ launching
2025-01-29 15:17:35,760 INFO     ___FILE_ONLY___  
2025-01-29 15:17:35,760 INFO     ___FILE_ONLY___ the
2025-01-29 15:17:35,760 INFO     ___FILE_ONLY___  
2025-01-29 15:17:35,760 INFO     ___FILE_ONLY___ flex
2025-01-29 15:17:35,760 INFO     ___FILE_ONLY___  
2025-01-29 15:17:35,760 INFO     ___FILE_ONLY___ template
2025-01-29 15:17:35,760 INFO     ___FILE_ONLY___  
2025-01-29 15:17:35,760 INFO     ___FILE_ONLY___ job.
2025-01-29 15:17:35,760 INFO     ___FILE_ONLY___ 

2025-01-29 15:17:35,760 INFO     ___FILE_ONLY___ 

2025-01-29 15:17:35,760 INFO     ___FILE_ONLY___ 
2025-01-29 15:17:35,760 INFO     ___FILE_ONLY___   
2025-01-29 15:17:35,760 INFO     ___FILE_ONLY___ Cloud Datastream

2025-01-29 15:17:35,760 INFO     ___FILE_ONLY___       ▪
2025-01-29 15:17:35,761 INFO     ___FILE_ONLY___  
2025-01-29 15:17:35,761 INFO     ___FILE_ONLY___ Added
2025-01-29 15:17:35,761 INFO     ___FILE_ONLY___  
2025-01-29 15:17:35,761 INFO     ___FILE_ONLY___ --postgresql-ca-certificate
2025-01-29 15:17:35,761 INFO     ___FILE_ONLY___  
2025-01-29 15:17:35,761 INFO     ___FILE_ONLY___ flag
2025-01-29 15:17:35,761 INFO     ___FILE_ONLY___  
2025-01-29 15:17:35,761 INFO     ___FILE_ONLY___ to
2025-01-29 15:17:35,761 INFO     ___FILE_ONLY___  
2025-01-29 15:17:35,761 INFO     ___FILE_ONLY___ gcloud
2025-01-29 15:17:35,761 INFO     ___FILE_ONLY___  
2025-01-29 15:17:35,761 INFO     ___FILE_ONLY___ datastream
2025-01-29 15:17:35,761 INFO     ___FILE_ONLY___ 

2025-01-29 15:17:35,761 INFO     ___FILE_ONLY___         
2025-01-29 15:17:35,761 INFO     ___FILE_ONLY___ connection-profiles
2025-01-29 15:17:35,761 INFO     ___FILE_ONLY___  
2025-01-29 15:17:35,761 INFO     ___FILE_ONLY___ create
2025-01-29 15:17:35,761 INFO     ___FILE_ONLY___  
2025-01-29 15:17:35,761 INFO     ___FILE_ONLY___ commands
2025-01-29 15:17:35,761 INFO     ___FILE_ONLY___  
2025-01-29 15:17:35,761 INFO     ___FILE_ONLY___ to
2025-01-29 15:17:35,761 INFO     ___FILE_ONLY___  
2025-01-29 15:17:35,761 INFO     ___FILE_ONLY___ create
2025-01-29 15:17:35,761 INFO     ___FILE_ONLY___  
2025-01-29 15:17:35,761 INFO     ___FILE_ONLY___ connection
2025-01-29 15:17:35,761 INFO     ___FILE_ONLY___  
2025-01-29 15:17:35,761 INFO     ___FILE_ONLY___ with
2025-01-29 15:17:35,761 INFO     ___FILE_ONLY___  
2025-01-29 15:17:35,761 INFO     ___FILE_ONLY___ SSL
2025-01-29 15:17:35,761 INFO     ___FILE_ONLY___ 

2025-01-29 15:17:35,761 INFO     ___FILE_ONLY___         
2025-01-29 15:17:35,761 INFO     ___FILE_ONLY___ server
2025-01-29 15:17:35,761 INFO     ___FILE_ONLY___  
2025-01-29 15:17:35,761 INFO     ___FILE_ONLY___ only
2025-01-29 15:17:35,761 INFO     ___FILE_ONLY___  
2025-01-29 15:17:35,761 INFO     ___FILE_ONLY___ verification
2025-01-29 15:17:35,761 INFO     ___FILE_ONLY___  
2025-01-29 15:17:35,761 INFO     ___FILE_ONLY___ for
2025-01-29 15:17:35,761 INFO     ___FILE_ONLY___  
2025-01-29 15:17:35,761 INFO     ___FILE_ONLY___ PostgreSQL
2025-01-29 15:17:35,761 INFO     ___FILE_ONLY___  
2025-01-29 15:17:35,761 INFO     ___FILE_ONLY___ source.
2025-01-29 15:17:35,761 INFO     ___FILE_ONLY___ 

2025-01-29 15:17:35,761 INFO     ___FILE_ONLY___       ▪
2025-01-29 15:17:35,762 INFO     ___FILE_ONLY___  
2025-01-29 15:17:35,762 INFO     ___FILE_ONLY___ Added
2025-01-29 15:17:35,762 INFO     ___FILE_ONLY___  
2025-01-29 15:17:35,762 INFO     ___FILE_ONLY___ --postgresql-ca-certificate,
2025-01-29 15:17:35,762 INFO     ___FILE_ONLY___  
2025-01-29 15:17:35,762 INFO     ___FILE_ONLY___ --postgresql-client-certificate
2025-01-29 15:17:35,762 INFO     ___FILE_ONLY___ 

2025-01-29 15:17:35,762 INFO     ___FILE_ONLY___         
2025-01-29 15:17:35,762 INFO     ___FILE_ONLY___ and
2025-01-29 15:17:35,762 INFO     ___FILE_ONLY___  
2025-01-29 15:17:35,762 INFO     ___FILE_ONLY___ --postgresql-client-key
2025-01-29 15:17:35,762 INFO     ___FILE_ONLY___  
2025-01-29 15:17:35,762 INFO     ___FILE_ONLY___ flags
2025-01-29 15:17:35,762 INFO     ___FILE_ONLY___  
2025-01-29 15:17:35,762 INFO     ___FILE_ONLY___ to
2025-01-29 15:17:35,762 INFO     ___FILE_ONLY___  
2025-01-29 15:17:35,762 INFO     ___FILE_ONLY___ gcloud
2025-01-29 15:17:35,762 INFO     ___FILE_ONLY___  
2025-01-29 15:17:35,762 INFO     ___FILE_ONLY___ datastream
2025-01-29 15:17:35,762 INFO     ___FILE_ONLY___ 

2025-01-29 15:17:35,762 INFO     ___FILE_ONLY___         
2025-01-29 15:17:35,762 INFO     ___FILE_ONLY___ connection-profiles
2025-01-29 15:17:35,762 INFO     ___FILE_ONLY___  
2025-01-29 15:17:35,762 INFO     ___FILE_ONLY___ create
2025-01-29 15:17:35,762 INFO     ___FILE_ONLY___  
2025-01-29 15:17:35,762 INFO     ___FILE_ONLY___ commands
2025-01-29 15:17:35,762 INFO     ___FILE_ONLY___  
2025-01-29 15:17:35,762 INFO     ___FILE_ONLY___ to
2025-01-29 15:17:35,762 INFO     ___FILE_ONLY___  
2025-01-29 15:17:35,762 INFO     ___FILE_ONLY___ create
2025-01-29 15:17:35,762 INFO     ___FILE_ONLY___  
2025-01-29 15:17:35,762 INFO     ___FILE_ONLY___ connection
2025-01-29 15:17:35,762 INFO     ___FILE_ONLY___  
2025-01-29 15:17:35,762 INFO     ___FILE_ONLY___ with
2025-01-29 15:17:35,762 INFO     ___FILE_ONLY___  
2025-01-29 15:17:35,762 INFO     ___FILE_ONLY___ SSL
2025-01-29 15:17:35,762 INFO     ___FILE_ONLY___ 

2025-01-29 15:17:35,762 INFO     ___FILE_ONLY___         
2025-01-29 15:17:35,762 INFO     ___FILE_ONLY___ server
2025-01-29 15:17:35,762 INFO     ___FILE_ONLY___  
2025-01-29 15:17:35,762 INFO     ___FILE_ONLY___ and
2025-01-29 15:17:35,762 INFO     ___FILE_ONLY___  
2025-01-29 15:17:35,762 INFO     ___FILE_ONLY___ client
2025-01-29 15:17:35,762 INFO     ___FILE_ONLY___  
2025-01-29 15:17:35,762 INFO     ___FILE_ONLY___ verification
2025-01-29 15:17:35,762 INFO     ___FILE_ONLY___  
2025-01-29 15:17:35,762 INFO     ___FILE_ONLY___ for
2025-01-29 15:17:35,763 INFO     ___FILE_ONLY___  
2025-01-29 15:17:35,763 INFO     ___FILE_ONLY___ PostgreSQL
2025-01-29 15:17:35,763 INFO     ___FILE_ONLY___  
2025-01-29 15:17:35,763 INFO     ___FILE_ONLY___ source.
2025-01-29 15:17:35,763 INFO     ___FILE_ONLY___ 

2025-01-29 15:17:35,763 INFO     ___FILE_ONLY___       ▪
2025-01-29 15:17:35,763 INFO     ___FILE_ONLY___  
2025-01-29 15:17:35,763 INFO     ___FILE_ONLY___ Added
2025-01-29 15:17:35,763 INFO     ___FILE_ONLY___  
2025-01-29 15:17:35,763 INFO     ___FILE_ONLY___ --postgresql-ca-certificate
2025-01-29 15:17:35,763 INFO     ___FILE_ONLY___  
2025-01-29 15:17:35,763 INFO     ___FILE_ONLY___ flags
2025-01-29 15:17:35,763 INFO     ___FILE_ONLY___  
2025-01-29 15:17:35,763 INFO     ___FILE_ONLY___ to
2025-01-29 15:17:35,763 INFO     ___FILE_ONLY___  
2025-01-29 15:17:35,763 INFO     ___FILE_ONLY___ gcloud
2025-01-29 15:17:35,763 INFO     ___FILE_ONLY___  
2025-01-29 15:17:35,763 INFO     ___FILE_ONLY___ datastream
2025-01-29 15:17:35,763 INFO     ___FILE_ONLY___ 

2025-01-29 15:17:35,763 INFO     ___FILE_ONLY___         
2025-01-29 15:17:35,763 INFO     ___FILE_ONLY___ connection-profiles
2025-01-29 15:17:35,763 INFO     ___FILE_ONLY___  
2025-01-29 15:17:35,763 INFO     ___FILE_ONLY___ update
2025-01-29 15:17:35,763 INFO     ___FILE_ONLY___  
2025-01-29 15:17:35,763 INFO     ___FILE_ONLY___ commands
2025-01-29 15:17:35,763 INFO     ___FILE_ONLY___  
2025-01-29 15:17:35,763 INFO     ___FILE_ONLY___ to
2025-01-29 15:17:35,763 INFO     ___FILE_ONLY___  
2025-01-29 15:17:35,763 INFO     ___FILE_ONLY___ update
2025-01-29 15:17:35,763 INFO     ___FILE_ONLY___  
2025-01-29 15:17:35,763 INFO     ___FILE_ONLY___ SSL
2025-01-29 15:17:35,763 INFO     ___FILE_ONLY___  
2025-01-29 15:17:35,763 INFO     ___FILE_ONLY___ server
2025-01-29 15:17:35,763 INFO     ___FILE_ONLY___  
2025-01-29 15:17:35,763 INFO     ___FILE_ONLY___ only
2025-01-29 15:17:35,763 INFO     ___FILE_ONLY___ 

2025-01-29 15:17:35,763 INFO     ___FILE_ONLY___         
2025-01-29 15:17:35,763 INFO     ___FILE_ONLY___ verification
2025-01-29 15:17:35,763 INFO     ___FILE_ONLY___  
2025-01-29 15:17:35,763 INFO     ___FILE_ONLY___ config
2025-01-29 15:17:35,763 INFO     ___FILE_ONLY___  
2025-01-29 15:17:35,763 INFO     ___FILE_ONLY___ for
2025-01-29 15:17:35,763 INFO     ___FILE_ONLY___  
2025-01-29 15:17:35,763 INFO     ___FILE_ONLY___ PostgreSQL
2025-01-29 15:17:35,763 INFO     ___FILE_ONLY___  
2025-01-29 15:17:35,763 INFO     ___FILE_ONLY___ source.
2025-01-29 15:17:35,763 INFO     ___FILE_ONLY___ 

2025-01-29 15:17:35,763 INFO     ___FILE_ONLY___       ▪
2025-01-29 15:17:35,764 INFO     ___FILE_ONLY___  
2025-01-29 15:17:35,764 INFO     ___FILE_ONLY___ Added
2025-01-29 15:17:35,764 INFO     ___FILE_ONLY___  
2025-01-29 15:17:35,764 INFO     ___FILE_ONLY___ --postgresql-ca-certificate,
2025-01-29 15:17:35,764 INFO     ___FILE_ONLY___  
2025-01-29 15:17:35,764 INFO     ___FILE_ONLY___ --postgresql-client-certificate
2025-01-29 15:17:35,764 INFO     ___FILE_ONLY___ 

2025-01-29 15:17:35,764 INFO     ___FILE_ONLY___         
2025-01-29 15:17:35,764 INFO     ___FILE_ONLY___ and
2025-01-29 15:17:35,764 INFO     ___FILE_ONLY___  
2025-01-29 15:17:35,764 INFO     ___FILE_ONLY___ --postgresql-client-key
2025-01-29 15:17:35,764 INFO     ___FILE_ONLY___  
2025-01-29 15:17:35,764 INFO     ___FILE_ONLY___ flags
2025-01-29 15:17:35,764 INFO     ___FILE_ONLY___  
2025-01-29 15:17:35,764 INFO     ___FILE_ONLY___ and
2025-01-29 15:17:35,764 INFO     ___FILE_ONLY___  
2025-01-29 15:17:35,764 INFO     ___FILE_ONLY___ support
2025-01-29 15:17:35,764 INFO     ___FILE_ONLY___  
2025-01-29 15:17:35,764 INFO     ___FILE_ONLY___ for
2025-01-29 15:17:35,764 INFO     ___FILE_ONLY___  
2025-01-29 15:17:35,764 INFO     ___FILE_ONLY___ PostgreSQL
2025-01-29 15:17:35,764 INFO     ___FILE_ONLY___  
2025-01-29 15:17:35,764 INFO     ___FILE_ONLY___ profile
2025-01-29 15:17:35,764 INFO     ___FILE_ONLY___  
2025-01-29 15:17:35,764 INFO     ___FILE_ONLY___ to
2025-01-29 15:17:35,764 INFO     ___FILE_ONLY___ 

2025-01-29 15:17:35,764 INFO     ___FILE_ONLY___         
2025-01-29 15:17:35,764 INFO     ___FILE_ONLY___ gcloud
2025-01-29 15:17:35,764 INFO     ___FILE_ONLY___  
2025-01-29 15:17:35,764 INFO     ___FILE_ONLY___ datastream
2025-01-29 15:17:35,764 INFO     ___FILE_ONLY___  
2025-01-29 15:17:35,764 INFO     ___FILE_ONLY___ connection-profiles
2025-01-29 15:17:35,764 INFO     ___FILE_ONLY___  
2025-01-29 15:17:35,764 INFO     ___FILE_ONLY___ update
2025-01-29 15:17:35,764 INFO     ___FILE_ONLY___  
2025-01-29 15:17:35,764 INFO     ___FILE_ONLY___ commands
2025-01-29 15:17:35,764 INFO     ___FILE_ONLY___  
2025-01-29 15:17:35,764 INFO     ___FILE_ONLY___ to
2025-01-29 15:17:35,764 INFO     ___FILE_ONLY___  
2025-01-29 15:17:35,764 INFO     ___FILE_ONLY___ update
2025-01-29 15:17:35,764 INFO     ___FILE_ONLY___  
2025-01-29 15:17:35,764 INFO     ___FILE_ONLY___ SSL
2025-01-29 15:17:35,764 INFO     ___FILE_ONLY___ 

2025-01-29 15:17:35,764 INFO     ___FILE_ONLY___         
2025-01-29 15:17:35,764 INFO     ___FILE_ONLY___ config
2025-01-29 15:17:35,764 INFO     ___FILE_ONLY___  
2025-01-29 15:17:35,764 INFO     ___FILE_ONLY___ for
2025-01-29 15:17:35,765 INFO     ___FILE_ONLY___  
2025-01-29 15:17:35,765 INFO     ___FILE_ONLY___ server
2025-01-29 15:17:35,765 INFO     ___FILE_ONLY___  
2025-01-29 15:17:35,765 INFO     ___FILE_ONLY___ and
2025-01-29 15:17:35,765 INFO     ___FILE_ONLY___  
2025-01-29 15:17:35,765 INFO     ___FILE_ONLY___ client
2025-01-29 15:17:35,765 INFO     ___FILE_ONLY___  
2025-01-29 15:17:35,765 INFO     ___FILE_ONLY___ verification
2025-01-29 15:17:35,765 INFO     ___FILE_ONLY___  
2025-01-29 15:17:35,765 INFO     ___FILE_ONLY___ for
2025-01-29 15:17:35,765 INFO     ___FILE_ONLY___  
2025-01-29 15:17:35,765 INFO     ___FILE_ONLY___ PostgreSQL
2025-01-29 15:17:35,765 INFO     ___FILE_ONLY___  
2025-01-29 15:17:35,765 INFO     ___FILE_ONLY___ source.
2025-01-29 15:17:35,765 INFO     ___FILE_ONLY___ 

2025-01-29 15:17:35,765 INFO     ___FILE_ONLY___       ▪
2025-01-29 15:17:35,765 INFO     ___FILE_ONLY___  
2025-01-29 15:17:35,765 INFO     ___FILE_ONLY___ Fixed
2025-01-29 15:17:35,765 INFO     ___FILE_ONLY___  
2025-01-29 15:17:35,765 INFO     ___FILE_ONLY___ gcloud
2025-01-29 15:17:35,765 INFO     ___FILE_ONLY___  
2025-01-29 15:17:35,765 INFO     ___FILE_ONLY___ datastream
2025-01-29 15:17:35,765 INFO     ___FILE_ONLY___  
2025-01-29 15:17:35,765 INFO     ___FILE_ONLY___ objects
2025-01-29 15:17:35,765 INFO     ___FILE_ONLY___  
2025-01-29 15:17:35,765 INFO     ___FILE_ONLY___ list
2025-01-29 15:17:35,765 INFO     ___FILE_ONLY___  
2025-01-29 15:17:35,765 INFO     ___FILE_ONLY___ command
2025-01-29 15:17:35,765 INFO     ___FILE_ONLY___  
2025-01-29 15:17:35,765 INFO     ___FILE_ONLY___ with
2025-01-29 15:17:35,765 INFO     ___FILE_ONLY___  
2025-01-29 15:17:35,765 INFO     ___FILE_ONLY___ SQL
2025-01-29 15:17:35,765 INFO     ___FILE_ONLY___  
2025-01-29 15:17:35,765 INFO     ___FILE_ONLY___ Server
2025-01-29 15:17:35,765 INFO     ___FILE_ONLY___  
2025-01-29 15:17:35,765 INFO     ___FILE_ONLY___ source.
2025-01-29 15:17:35,765 INFO     ___FILE_ONLY___ 

2025-01-29 15:17:35,765 INFO     ___FILE_ONLY___ 

2025-01-29 15:17:35,765 INFO     ___FILE_ONLY___ 
2025-01-29 15:17:35,765 INFO     ___FILE_ONLY___   
2025-01-29 15:17:35,765 INFO     ___FILE_ONLY___ Cloud Filestore

2025-01-29 15:17:35,765 INFO     ___FILE_ONLY___       ▪
2025-01-29 15:17:35,766 INFO     ___FILE_ONLY___  
2025-01-29 15:17:35,766 INFO     ___FILE_ONLY___ Added
2025-01-29 15:17:35,766 INFO     ___FILE_ONLY___  
2025-01-29 15:17:35,766 INFO     ___FILE_ONLY___ --performance
2025-01-29 15:17:35,766 INFO     ___FILE_ONLY___  
2025-01-29 15:17:35,766 INFO     ___FILE_ONLY___ flag
2025-01-29 15:17:35,766 INFO     ___FILE_ONLY___  
2025-01-29 15:17:35,766 INFO     ___FILE_ONLY___ to
2025-01-29 15:17:35,766 INFO     ___FILE_ONLY___  
2025-01-29 15:17:35,766 INFO     ___FILE_ONLY___ gcloud
2025-01-29 15:17:35,766 INFO     ___FILE_ONLY___  
2025-01-29 15:17:35,766 INFO     ___FILE_ONLY___ filestore
2025-01-29 15:17:35,766 INFO     ___FILE_ONLY___  
2025-01-29 15:17:35,766 INFO     ___FILE_ONLY___ instances
2025-01-29 15:17:35,766 INFO     ___FILE_ONLY___  
2025-01-29 15:17:35,766 INFO     ___FILE_ONLY___ create.
2025-01-29 15:17:35,766 INFO     ___FILE_ONLY___ 

2025-01-29 15:17:35,766 INFO     ___FILE_ONLY___       ▪
2025-01-29 15:17:35,766 INFO     ___FILE_ONLY___  
2025-01-29 15:17:35,766 INFO     ___FILE_ONLY___ Added
2025-01-29 15:17:35,766 INFO     ___FILE_ONLY___  
2025-01-29 15:17:35,766 INFO     ___FILE_ONLY___ --performance
2025-01-29 15:17:35,766 INFO     ___FILE_ONLY___  
2025-01-29 15:17:35,766 INFO     ___FILE_ONLY___ flag
2025-01-29 15:17:35,766 INFO     ___FILE_ONLY___  
2025-01-29 15:17:35,766 INFO     ___FILE_ONLY___ to
2025-01-29 15:17:35,766 INFO     ___FILE_ONLY___  
2025-01-29 15:17:35,766 INFO     ___FILE_ONLY___ gcloud
2025-01-29 15:17:35,766 INFO     ___FILE_ONLY___  
2025-01-29 15:17:35,766 INFO     ___FILE_ONLY___ filestore
2025-01-29 15:17:35,766 INFO     ___FILE_ONLY___  
2025-01-29 15:17:35,766 INFO     ___FILE_ONLY___ instances
2025-01-29 15:17:35,766 INFO     ___FILE_ONLY___  
2025-01-29 15:17:35,766 INFO     ___FILE_ONLY___ update.
2025-01-29 15:17:35,766 INFO     ___FILE_ONLY___ 

2025-01-29 15:17:35,766 INFO     ___FILE_ONLY___       ▪
2025-01-29 15:17:35,766 INFO     ___FILE_ONLY___  
2025-01-29 15:17:35,766 INFO     ___FILE_ONLY___ Added
2025-01-29 15:17:35,766 INFO     ___FILE_ONLY___  
2025-01-29 15:17:35,766 INFO     ___FILE_ONLY___ --performance
2025-01-29 15:17:35,766 INFO     ___FILE_ONLY___  
2025-01-29 15:17:35,766 INFO     ___FILE_ONLY___ flag
2025-01-29 15:17:35,766 INFO     ___FILE_ONLY___  
2025-01-29 15:17:35,766 INFO     ___FILE_ONLY___ to
2025-01-29 15:17:35,766 INFO     ___FILE_ONLY___  
2025-01-29 15:17:35,766 INFO     ___FILE_ONLY___ gcloud
2025-01-29 15:17:35,767 INFO     ___FILE_ONLY___  
2025-01-29 15:17:35,767 INFO     ___FILE_ONLY___ beta
2025-01-29 15:17:35,767 INFO     ___FILE_ONLY___  
2025-01-29 15:17:35,767 INFO     ___FILE_ONLY___ filestore
2025-01-29 15:17:35,767 INFO     ___FILE_ONLY___  
2025-01-29 15:17:35,767 INFO     ___FILE_ONLY___ instances
2025-01-29 15:17:35,767 INFO     ___FILE_ONLY___  
2025-01-29 15:17:35,767 INFO     ___FILE_ONLY___ create.
2025-01-29 15:17:35,767 INFO     ___FILE_ONLY___ 

2025-01-29 15:17:35,767 INFO     ___FILE_ONLY___       ▪
2025-01-29 15:17:35,767 INFO     ___FILE_ONLY___  
2025-01-29 15:17:35,767 INFO     ___FILE_ONLY___ Added
2025-01-29 15:17:35,767 INFO     ___FILE_ONLY___  
2025-01-29 15:17:35,767 INFO     ___FILE_ONLY___ --performance
2025-01-29 15:17:35,767 INFO     ___FILE_ONLY___  
2025-01-29 15:17:35,767 INFO     ___FILE_ONLY___ flag
2025-01-29 15:17:35,767 INFO     ___FILE_ONLY___  
2025-01-29 15:17:35,767 INFO     ___FILE_ONLY___ to
2025-01-29 15:17:35,767 INFO     ___FILE_ONLY___  
2025-01-29 15:17:35,767 INFO     ___FILE_ONLY___ gcloud
2025-01-29 15:17:35,767 INFO     ___FILE_ONLY___  
2025-01-29 15:17:35,767 INFO     ___FILE_ONLY___ beta
2025-01-29 15:17:35,767 INFO     ___FILE_ONLY___  
2025-01-29 15:17:35,767 INFO     ___FILE_ONLY___ filestore
2025-01-29 15:17:35,767 INFO     ___FILE_ONLY___  
2025-01-29 15:17:35,767 INFO     ___FILE_ONLY___ instances
2025-01-29 15:17:35,767 INFO     ___FILE_ONLY___  
2025-01-29 15:17:35,767 INFO     ___FILE_ONLY___ update.
2025-01-29 15:17:35,767 INFO     ___FILE_ONLY___ 

2025-01-29 15:17:35,767 INFO     ___FILE_ONLY___ 

2025-01-29 15:17:35,767 INFO     ___FILE_ONLY___ 
2025-01-29 15:17:35,767 INFO     ___FILE_ONLY___   
2025-01-29 15:17:35,767 INFO     ___FILE_ONLY___ Cloud Key Management Service

2025-01-29 15:17:35,767 INFO     ___FILE_ONLY___       ▪
2025-01-29 15:17:35,767 INFO     ___FILE_ONLY___  
2025-01-29 15:17:35,767 INFO     ___FILE_ONLY___ Added
2025-01-29 15:17:35,767 INFO     ___FILE_ONLY___  
2025-01-29 15:17:35,767 INFO     ___FILE_ONLY___ gcloud
2025-01-29 15:17:35,767 INFO     ___FILE_ONLY___  
2025-01-29 15:17:35,767 INFO     ___FILE_ONLY___ beta
2025-01-29 15:17:35,767 INFO     ___FILE_ONLY___  
2025-01-29 15:17:35,767 INFO     ___FILE_ONLY___ kms
2025-01-29 15:17:35,767 INFO     ___FILE_ONLY___  
2025-01-29 15:17:35,767 INFO     ___FILE_ONLY___ autokey-config
2025-01-29 15:17:35,767 INFO     ___FILE_ONLY___  
2025-01-29 15:17:35,767 INFO     ___FILE_ONLY___ which
2025-01-29 15:17:35,767 INFO     ___FILE_ONLY___  
2025-01-29 15:17:35,767 INFO     ___FILE_ONLY___ helps
2025-01-29 15:17:35,767 INFO     ___FILE_ONLY___  
2025-01-29 15:17:35,768 INFO     ___FILE_ONLY___ users
2025-01-29 15:17:35,768 INFO     ___FILE_ONLY___  
2025-01-29 15:17:35,768 INFO     ___FILE_ONLY___ update
2025-01-29 15:17:35,768 INFO     ___FILE_ONLY___  
2025-01-29 15:17:35,768 INFO     ___FILE_ONLY___ and
2025-01-29 15:17:35,768 INFO     ___FILE_ONLY___ 

2025-01-29 15:17:35,768 INFO     ___FILE_ONLY___         
2025-01-29 15:17:35,768 INFO     ___FILE_ONLY___ retrieve
2025-01-29 15:17:35,768 INFO     ___FILE_ONLY___  
2025-01-29 15:17:35,768 INFO     ___FILE_ONLY___ the
2025-01-29 15:17:35,768 INFO     ___FILE_ONLY___  
2025-01-29 15:17:35,768 INFO     ___FILE_ONLY___ Autokey
2025-01-29 15:17:35,768 INFO     ___FILE_ONLY___  
2025-01-29 15:17:35,768 INFO     ___FILE_ONLY___ Config.
2025-01-29 15:17:35,768 INFO     ___FILE_ONLY___ 

2025-01-29 15:17:35,768 INFO     ___FILE_ONLY___       ▪
2025-01-29 15:17:35,768 INFO     ___FILE_ONLY___  
2025-01-29 15:17:35,768 INFO     ___FILE_ONLY___ Added
2025-01-29 15:17:35,768 INFO     ___FILE_ONLY___  
2025-01-29 15:17:35,768 INFO     ___FILE_ONLY___ gcloud
2025-01-29 15:17:35,768 INFO     ___FILE_ONLY___  
2025-01-29 15:17:35,768 INFO     ___FILE_ONLY___ beta
2025-01-29 15:17:35,768 INFO     ___FILE_ONLY___  
2025-01-29 15:17:35,768 INFO     ___FILE_ONLY___ kms
2025-01-29 15:17:35,768 INFO     ___FILE_ONLY___  
2025-01-29 15:17:35,768 INFO     ___FILE_ONLY___ key-handles
2025-01-29 15:17:35,768 INFO     ___FILE_ONLY___  
2025-01-29 15:17:35,768 INFO     ___FILE_ONLY___ which
2025-01-29 15:17:35,768 INFO     ___FILE_ONLY___  
2025-01-29 15:17:35,768 INFO     ___FILE_ONLY___ helps
2025-01-29 15:17:35,768 INFO     ___FILE_ONLY___  
2025-01-29 15:17:35,768 INFO     ___FILE_ONLY___ users
2025-01-29 15:17:35,768 INFO     ___FILE_ONLY___  
2025-01-29 15:17:35,768 INFO     ___FILE_ONLY___ create
2025-01-29 15:17:35,768 INFO     ___FILE_ONLY___  
2025-01-29 15:17:35,768 INFO     ___FILE_ONLY___ and
2025-01-29 15:17:35,768 INFO     ___FILE_ONLY___ 

2025-01-29 15:17:35,768 INFO     ___FILE_ONLY___         
2025-01-29 15:17:35,768 INFO     ___FILE_ONLY___ retrieve
2025-01-29 15:17:35,768 INFO     ___FILE_ONLY___  
2025-01-29 15:17:35,768 INFO     ___FILE_ONLY___ key-handles.
2025-01-29 15:17:35,768 INFO     ___FILE_ONLY___ 

2025-01-29 15:17:35,768 INFO     ___FILE_ONLY___ 

2025-01-29 15:17:35,768 INFO     ___FILE_ONLY___ 
2025-01-29 15:17:35,768 INFO     ___FILE_ONLY___   
2025-01-29 15:17:35,768 INFO     ___FILE_ONLY___ Cloud On Demand Scanning

2025-01-29 15:17:35,768 INFO     ___FILE_ONLY___       ▪
2025-01-29 15:17:35,768 INFO     ___FILE_ONLY___  
2025-01-29 15:17:35,768 INFO     ___FILE_ONLY___ Monthly
2025-01-29 15:17:35,768 INFO     ___FILE_ONLY___  
2025-01-29 15:17:35,768 INFO     ___FILE_ONLY___ release
2025-01-29 15:17:35,768 INFO     ___FILE_ONLY___  
2025-01-29 15:17:35,769 INFO     ___FILE_ONLY___ of
2025-01-29 15:17:35,769 INFO     ___FILE_ONLY___  
2025-01-29 15:17:35,769 INFO     ___FILE_ONLY___ local-extract
2025-01-29 15:17:35,769 INFO     ___FILE_ONLY___  
2025-01-29 15:17:35,769 INFO     ___FILE_ONLY___ with
2025-01-29 15:17:35,769 INFO     ___FILE_ONLY___  
2025-01-29 15:17:35,769 INFO     ___FILE_ONLY___ updated
2025-01-29 15:17:35,769 INFO     ___FILE_ONLY___  
2025-01-29 15:17:35,769 INFO     ___FILE_ONLY___ package
2025-01-29 15:17:35,769 INFO     ___FILE_ONLY___  
2025-01-29 15:17:35,769 INFO     ___FILE_ONLY___ dependencies
2025-01-29 15:17:35,769 INFO     ___FILE_ONLY___ 

2025-01-29 15:17:35,769 INFO     ___FILE_ONLY___         
2025-01-29 15:17:35,769 INFO     ___FILE_ONLY___ (2025-01).
2025-01-29 15:17:35,769 INFO     ___FILE_ONLY___ 

2025-01-29 15:17:35,769 INFO     ___FILE_ONLY___ 

2025-01-29 15:17:35,769 INFO     ___FILE_ONLY___ 
2025-01-29 15:17:35,769 INFO     ___FILE_ONLY___   
2025-01-29 15:17:35,769 INFO     ___FILE_ONLY___ Cloud Resource Manager

2025-01-29 15:17:35,769 INFO     ___FILE_ONLY___       ▪
2025-01-29 15:17:35,769 INFO     ___FILE_ONLY___  
2025-01-29 15:17:35,769 INFO     ___FILE_ONLY___ Updated
2025-01-29 15:17:35,769 INFO     ___FILE_ONLY___  
2025-01-29 15:17:35,769 INFO     ___FILE_ONLY___ gcloud
2025-01-29 15:17:35,769 INFO     ___FILE_ONLY___  
2025-01-29 15:17:35,769 INFO     ___FILE_ONLY___ resource-manager
2025-01-29 15:17:35,769 INFO     ___FILE_ONLY___  
2025-01-29 15:17:35,769 INFO     ___FILE_ONLY___ tags
2025-01-29 15:17:35,769 INFO     ___FILE_ONLY___  
2025-01-29 15:17:35,769 INFO     ___FILE_ONLY___ keys
2025-01-29 15:17:35,769 INFO     ___FILE_ONLY___  
2025-01-29 15:17:35,769 INFO     ___FILE_ONLY___ create
2025-01-29 15:17:35,769 INFO     ___FILE_ONLY___  
2025-01-29 15:17:35,769 INFO     ___FILE_ONLY___ to
2025-01-29 15:17:35,769 INFO     ___FILE_ONLY___  
2025-01-29 15:17:35,769 INFO     ___FILE_ONLY___ require
2025-01-29 15:17:35,769 INFO     ___FILE_ONLY___  
2025-01-29 15:17:35,769 INFO     ___FILE_ONLY___ the
2025-01-29 15:17:35,769 INFO     ___FILE_ONLY___ 

2025-01-29 15:17:35,769 INFO     ___FILE_ONLY___         
2025-01-29 15:17:35,769 INFO     ___FILE_ONLY___ organization
2025-01-29 15:17:35,769 INFO     ___FILE_ONLY___  
2025-01-29 15:17:35,769 INFO     ___FILE_ONLY___ ID
2025-01-29 15:17:35,769 INFO     ___FILE_ONLY___  
2025-01-29 15:17:35,769 INFO     ___FILE_ONLY___ in
2025-01-29 15:17:35,769 INFO     ___FILE_ONLY___  
2025-01-29 15:17:35,769 INFO     ___FILE_ONLY___ purpose-data=organization=<org-id>.
2025-01-29 15:17:35,769 INFO     ___FILE_ONLY___ 

2025-01-29 15:17:35,769 INFO     ___FILE_ONLY___ 

2025-01-29 15:17:35,769 INFO     ___FILE_ONLY___ 
2025-01-29 15:17:35,770 INFO     ___FILE_ONLY___   
2025-01-29 15:17:35,770 INFO     ___FILE_ONLY___ Cloud Spanner

2025-01-29 15:17:35,770 INFO     ___FILE_ONLY___       ▪
2025-01-29 15:17:35,770 INFO     ___FILE_ONLY___  
2025-01-29 15:17:35,770 INFO     ___FILE_ONLY___ Add
2025-01-29 15:17:35,770 INFO     ___FILE_ONLY___  
2025-01-29 15:17:35,770 INFO     ___FILE_ONLY___ target_database_move_configs
2025-01-29 15:17:35,770 INFO     ___FILE_ONLY___  
2025-01-29 15:17:35,770 INFO     ___FILE_ONLY___ to
2025-01-29 15:17:35,770 INFO     ___FILE_ONLY___  
2025-01-29 15:17:35,770 INFO     ___FILE_ONLY___ gcloud
2025-01-29 15:17:35,770 INFO     ___FILE_ONLY___  
2025-01-29 15:17:35,770 INFO     ___FILE_ONLY___ spanner
2025-01-29 15:17:35,770 INFO     ___FILE_ONLY___  
2025-01-29 15:17:35,770 INFO     ___FILE_ONLY___ instances
2025-01-29 15:17:35,770 INFO     ___FILE_ONLY___  
2025-01-29 15:17:35,770 INFO     ___FILE_ONLY___ move
2025-01-29 15:17:35,770 INFO     ___FILE_ONLY___ 

2025-01-29 15:17:35,770 INFO     ___FILE_ONLY___         
2025-01-29 15:17:35,770 INFO     ___FILE_ONLY___ command
2025-01-29 15:17:35,770 INFO     ___FILE_ONLY___  
2025-01-29 15:17:35,770 INFO     ___FILE_ONLY___ for
2025-01-29 15:17:35,770 INFO     ___FILE_ONLY___  
2025-01-29 15:17:35,770 INFO     ___FILE_ONLY___ ALPHA
2025-01-29 15:17:35,770 INFO     ___FILE_ONLY___  
2025-01-29 15:17:35,770 INFO     ___FILE_ONLY___ track.
2025-01-29 15:17:35,770 INFO     ___FILE_ONLY___ 

2025-01-29 15:17:35,770 INFO     ___FILE_ONLY___ 

2025-01-29 15:17:35,770 INFO     ___FILE_ONLY___ 
2025-01-29 15:17:35,770 INFO     ___FILE_ONLY___   
2025-01-29 15:17:35,770 INFO     ___FILE_ONLY___ Compute Engine

2025-01-29 15:17:35,770 INFO     ___FILE_ONLY___       ▪
2025-01-29 15:17:35,770 INFO     ___FILE_ONLY___  
2025-01-29 15:17:35,770 INFO     ___FILE_ONLY___ Added
2025-01-29 15:17:35,770 INFO     ___FILE_ONLY___  
2025-01-29 15:17:35,770 INFO     ___FILE_ONLY___ tls-ja4-fingerprint
2025-01-29 15:17:35,770 INFO     ___FILE_ONLY___  
2025-01-29 15:17:35,770 INFO     ___FILE_ONLY___ as
2025-01-29 15:17:35,770 INFO     ___FILE_ONLY___  
2025-01-29 15:17:35,770 INFO     ___FILE_ONLY___ valid
2025-01-29 15:17:35,770 INFO     ___FILE_ONLY___  
2025-01-29 15:17:35,770 INFO     ___FILE_ONLY___ rate
2025-01-29 15:17:35,770 INFO     ___FILE_ONLY___  
2025-01-29 15:17:35,770 INFO     ___FILE_ONLY___ limit
2025-01-29 15:17:35,770 INFO     ___FILE_ONLY___  
2025-01-29 15:17:35,770 INFO     ___FILE_ONLY___ key
2025-01-29 15:17:35,770 INFO     ___FILE_ONLY___  
2025-01-29 15:17:35,770 INFO     ___FILE_ONLY___ types
2025-01-29 15:17:35,770 INFO     ___FILE_ONLY___  
2025-01-29 15:17:35,770 INFO     ___FILE_ONLY___ in
2025-01-29 15:17:35,771 INFO     ___FILE_ONLY___  
2025-01-29 15:17:35,771 INFO     ___FILE_ONLY___ gcloud
2025-01-29 15:17:35,771 INFO     ___FILE_ONLY___ 

2025-01-29 15:17:35,771 INFO     ___FILE_ONLY___         
2025-01-29 15:17:35,771 INFO     ___FILE_ONLY___ compute
2025-01-29 15:17:35,771 INFO     ___FILE_ONLY___  
2025-01-29 15:17:35,771 INFO     ___FILE_ONLY___ security-policies
2025-01-29 15:17:35,771 INFO     ___FILE_ONLY___  
2025-01-29 15:17:35,771 INFO     ___FILE_ONLY___ rules.
2025-01-29 15:17:35,771 INFO     ___FILE_ONLY___ 

2025-01-29 15:17:35,771 INFO     ___FILE_ONLY___       ▪
2025-01-29 15:17:35,771 INFO     ___FILE_ONLY___  
2025-01-29 15:17:35,771 INFO     ___FILE_ONLY___ Promoted
2025-01-29 15:17:35,771 INFO     ___FILE_ONLY___  
2025-01-29 15:17:35,771 INFO     ___FILE_ONLY___ IPv6-only
2025-01-29 15:17:35,771 INFO     ___FILE_ONLY___  
2025-01-29 15:17:35,771 INFO     ___FILE_ONLY___ stack
2025-01-29 15:17:35,771 INFO     ___FILE_ONLY___  
2025-01-29 15:17:35,771 INFO     ___FILE_ONLY___ type
2025-01-29 15:17:35,771 INFO     ___FILE_ONLY___  
2025-01-29 15:17:35,771 INFO     ___FILE_ONLY___ support
2025-01-29 15:17:35,771 INFO     ___FILE_ONLY___  
2025-01-29 15:17:35,771 INFO     ___FILE_ONLY___ for
2025-01-29 15:17:35,771 INFO     ___FILE_ONLY___  
2025-01-29 15:17:35,771 INFO     ___FILE_ONLY___ gcloud
2025-01-29 15:17:35,771 INFO     ___FILE_ONLY___  
2025-01-29 15:17:35,771 INFO     ___FILE_ONLY___ compute
2025-01-29 15:17:35,771 INFO     ___FILE_ONLY___  
2025-01-29 15:17:35,771 INFO     ___FILE_ONLY___ instances
2025-01-29 15:17:35,771 INFO     ___FILE_ONLY___ 

2025-01-29 15:17:35,771 INFO     ___FILE_ONLY___         
2025-01-29 15:17:35,771 INFO     ___FILE_ONLY___ create-with-container
2025-01-29 15:17:35,771 INFO     ___FILE_ONLY___  
2025-01-29 15:17:35,771 INFO     ___FILE_ONLY___ and
2025-01-29 15:17:35,771 INFO     ___FILE_ONLY___  
2025-01-29 15:17:35,771 INFO     ___FILE_ONLY___ gcloud
2025-01-29 15:17:35,771 INFO     ___FILE_ONLY___  
2025-01-29 15:17:35,771 INFO     ___FILE_ONLY___ compute
2025-01-29 15:17:35,771 INFO     ___FILE_ONLY___  
2025-01-29 15:17:35,771 INFO     ___FILE_ONLY___ instance-templates
2025-01-29 15:17:35,771 INFO     ___FILE_ONLY___ 

2025-01-29 15:17:35,771 INFO     ___FILE_ONLY___         
2025-01-29 15:17:35,771 INFO     ___FILE_ONLY___ create-with-container
2025-01-29 15:17:35,771 INFO     ___FILE_ONLY___  
2025-01-29 15:17:35,771 INFO     ___FILE_ONLY___ to
2025-01-29 15:17:35,771 INFO     ___FILE_ONLY___  
2025-01-29 15:17:35,771 INFO     ___FILE_ONLY___ GA.
2025-01-29 15:17:35,771 INFO     ___FILE_ONLY___ 

2025-01-29 15:17:35,771 INFO     ___FILE_ONLY___ 

2025-01-29 15:17:35,771 INFO     ___FILE_ONLY___ 
2025-01-29 15:17:35,771 INFO     ___FILE_ONLY___   
2025-01-29 15:17:35,771 INFO     ___FILE_ONLY___ Database Migration

2025-01-29 15:17:35,772 INFO     ___FILE_ONLY___       ▪
2025-01-29 15:17:35,772 INFO     ___FILE_ONLY___  
2025-01-29 15:17:35,772 INFO     ___FILE_ONLY___ Added
2025-01-29 15:17:35,772 INFO     ___FILE_ONLY___  
2025-01-29 15:17:35,772 INFO     ___FILE_ONLY___ sub-entity
2025-01-29 15:17:35,772 INFO     ___FILE_ONLY___  
2025-01-29 15:17:35,772 INFO     ___FILE_ONLY___ support
2025-01-29 15:17:35,772 INFO     ___FILE_ONLY___  
2025-01-29 15:17:35,772 INFO     ___FILE_ONLY___ to
2025-01-29 15:17:35,772 INFO     ___FILE_ONLY___  
2025-01-29 15:17:35,772 INFO     ___FILE_ONLY___ gcloud
2025-01-29 15:17:35,772 INFO     ___FILE_ONLY___  
2025-01-29 15:17:35,772 INFO     ___FILE_ONLY___ database-migration
2025-01-29 15:17:35,772 INFO     ___FILE_ONLY___ 

2025-01-29 15:17:35,772 INFO     ___FILE_ONLY___         
2025-01-29 15:17:35,772 INFO     ___FILE_ONLY___ conversion-workspaces
2025-01-29 15:17:35,772 INFO     ___FILE_ONLY___  
2025-01-29 15:17:35,772 INFO     ___FILE_ONLY___ describe-entities
2025-01-29 15:17:35,772 INFO     ___FILE_ONLY___  
2025-01-29 15:17:35,772 INFO     ___FILE_ONLY___ command.
2025-01-29 15:17:35,772 INFO     ___FILE_ONLY___ 

2025-01-29 15:17:35,772 INFO     ___FILE_ONLY___       ▪
2025-01-29 15:17:35,772 INFO     ___FILE_ONLY___  
2025-01-29 15:17:35,772 INFO     ___FILE_ONLY___ Added
2025-01-29 15:17:35,772 INFO     ___FILE_ONLY___  
2025-01-29 15:17:35,772 INFO     ___FILE_ONLY___ --ssl-type
2025-01-29 15:17:35,772 INFO     ___FILE_ONLY___  
2025-01-29 15:17:35,772 INFO     ___FILE_ONLY___ flag
2025-01-29 15:17:35,772 INFO     ___FILE_ONLY___  
2025-01-29 15:17:35,772 INFO     ___FILE_ONLY___ to
2025-01-29 15:17:35,772 INFO     ___FILE_ONLY___  
2025-01-29 15:17:35,772 INFO     ___FILE_ONLY___ gcloud
2025-01-29 15:17:35,772 INFO     ___FILE_ONLY___  
2025-01-29 15:17:35,772 INFO     ___FILE_ONLY___ database-migration
2025-01-29 15:17:35,772 INFO     ___FILE_ONLY___ 

2025-01-29 15:17:35,772 INFO     ___FILE_ONLY___         
2025-01-29 15:17:35,772 INFO     ___FILE_ONLY___ connection-profiles
2025-01-29 15:17:35,772 INFO     ___FILE_ONLY___  
2025-01-29 15:17:35,772 INFO     ___FILE_ONLY___ create
2025-01-29 15:17:35,772 INFO     ___FILE_ONLY___  
2025-01-29 15:17:35,772 INFO     ___FILE_ONLY___ command
2025-01-29 15:17:35,772 INFO     ___FILE_ONLY___  
2025-01-29 15:17:35,772 INFO     ___FILE_ONLY___ for
2025-01-29 15:17:35,772 INFO     ___FILE_ONLY___  
2025-01-29 15:17:35,772 INFO     ___FILE_ONLY___ PostgreSQL
2025-01-29 15:17:35,772 INFO     ___FILE_ONLY___  
2025-01-29 15:17:35,772 INFO     ___FILE_ONLY___ and
2025-01-29 15:17:35,772 INFO     ___FILE_ONLY___  
2025-01-29 15:17:35,772 INFO     ___FILE_ONLY___ MySQL.
2025-01-29 15:17:35,772 INFO     ___FILE_ONLY___ 

2025-01-29 15:17:35,772 INFO     ___FILE_ONLY___       ▪
2025-01-29 15:17:35,773 INFO     ___FILE_ONLY___  
2025-01-29 15:17:35,773 INFO     ___FILE_ONLY___ Added
2025-01-29 15:17:35,773 INFO     ___FILE_ONLY___  
2025-01-29 15:17:35,773 INFO     ___FILE_ONLY___ --ssl-type
2025-01-29 15:17:35,773 INFO     ___FILE_ONLY___  
2025-01-29 15:17:35,773 INFO     ___FILE_ONLY___ flag
2025-01-29 15:17:35,773 INFO     ___FILE_ONLY___  
2025-01-29 15:17:35,773 INFO     ___FILE_ONLY___ to
2025-01-29 15:17:35,773 INFO     ___FILE_ONLY___  
2025-01-29 15:17:35,773 INFO     ___FILE_ONLY___ gcloud
2025-01-29 15:17:35,773 INFO     ___FILE_ONLY___  
2025-01-29 15:17:35,773 INFO     ___FILE_ONLY___ database-migration
2025-01-29 15:17:35,773 INFO     ___FILE_ONLY___ 

2025-01-29 15:17:35,773 INFO     ___FILE_ONLY___         
2025-01-29 15:17:35,773 INFO     ___FILE_ONLY___ connection-profiles
2025-01-29 15:17:35,773 INFO     ___FILE_ONLY___  
2025-01-29 15:17:35,773 INFO     ___FILE_ONLY___ update
2025-01-29 15:17:35,773 INFO     ___FILE_ONLY___  
2025-01-29 15:17:35,773 INFO     ___FILE_ONLY___ command
2025-01-29 15:17:35,773 INFO     ___FILE_ONLY___  
2025-01-29 15:17:35,773 INFO     ___FILE_ONLY___ for
2025-01-29 15:17:35,773 INFO     ___FILE_ONLY___  
2025-01-29 15:17:35,773 INFO     ___FILE_ONLY___ PostgreSQL
2025-01-29 15:17:35,773 INFO     ___FILE_ONLY___  
2025-01-29 15:17:35,773 INFO     ___FILE_ONLY___ and
2025-01-29 15:17:35,773 INFO     ___FILE_ONLY___  
2025-01-29 15:17:35,773 INFO     ___FILE_ONLY___ MySQL.
2025-01-29 15:17:35,773 INFO     ___FILE_ONLY___ 

2025-01-29 15:17:35,773 INFO     ___FILE_ONLY___ 

2025-01-29 15:17:35,773 INFO     ___FILE_ONLY___ 
2025-01-29 15:17:35,773 INFO     ___FILE_ONLY___   
2025-01-29 15:17:35,773 INFO     ___FILE_ONLY___ Kubernetes Engine

2025-01-29 15:17:35,773 INFO     ___FILE_ONLY___       ▪
2025-01-29 15:17:35,773 INFO     ___FILE_ONLY___  
2025-01-29 15:17:35,773 INFO     ___FILE_ONLY___ Updated
2025-01-29 15:17:35,773 INFO     ___FILE_ONLY___  
2025-01-29 15:17:35,773 INFO     ___FILE_ONLY___ default
2025-01-29 15:17:35,773 INFO     ___FILE_ONLY___  
2025-01-29 15:17:35,773 INFO     ___FILE_ONLY___ kubectl
2025-01-29 15:17:35,773 INFO     ___FILE_ONLY___  
2025-01-29 15:17:35,773 INFO     ___FILE_ONLY___ from
2025-01-29 15:17:35,773 INFO     ___FILE_ONLY___  
2025-01-29 15:17:35,773 INFO     ___FILE_ONLY___ 1.30.8
2025-01-29 15:17:35,773 INFO     ___FILE_ONLY___  
2025-01-29 15:17:35,773 INFO     ___FILE_ONLY___ to
2025-01-29 15:17:35,773 INFO     ___FILE_ONLY___  
2025-01-29 15:17:35,773 INFO     ___FILE_ONLY___ 1.30.9.
2025-01-29 15:17:35,773 INFO     ___FILE_ONLY___ 

2025-01-29 15:17:35,773 INFO     ___FILE_ONLY___       ▪
2025-01-29 15:17:35,773 INFO     ___FILE_ONLY___  
2025-01-29 15:17:35,773 INFO     ___FILE_ONLY___ Additional
2025-01-29 15:17:35,774 INFO     ___FILE_ONLY___  
2025-01-29 15:17:35,774 INFO     ___FILE_ONLY___ kubectl
2025-01-29 15:17:35,774 INFO     ___FILE_ONLY___  
2025-01-29 15:17:35,774 INFO     ___FILE_ONLY___ versions:
2025-01-29 15:17:35,774 INFO     ___FILE_ONLY___ 

2025-01-29 15:17:35,774 INFO     ___FILE_ONLY___         ◆
2025-01-29 15:17:35,774 INFO     ___FILE_ONLY___  
2025-01-29 15:17:35,774 INFO     ___FILE_ONLY___ kubectl.1.27
2025-01-29 15:17:35,774 INFO     ___FILE_ONLY___  
2025-01-29 15:17:35,774 INFO     ___FILE_ONLY___ (1.27.16)
2025-01-29 15:17:35,774 INFO     ___FILE_ONLY___ 

2025-01-29 15:17:35,774 INFO     ___FILE_ONLY___         ◆
2025-01-29 15:17:35,774 INFO     ___FILE_ONLY___  
2025-01-29 15:17:35,774 INFO     ___FILE_ONLY___ kubectl.1.28
2025-01-29 15:17:35,774 INFO     ___FILE_ONLY___  
2025-01-29 15:17:35,774 INFO     ___FILE_ONLY___ (1.28.15
2025-01-29 15:17:35,774 INFO     ___FILE_ONLY___ 

2025-01-29 15:17:35,774 INFO     ___FILE_ONLY___         ◆
2025-01-29 15:17:35,774 INFO     ___FILE_ONLY___  
2025-01-29 15:17:35,774 INFO     ___FILE_ONLY___ kubectl.1.29
2025-01-29 15:17:35,774 INFO     ___FILE_ONLY___  
2025-01-29 15:17:35,774 INFO     ___FILE_ONLY___ (1.29.13)
2025-01-29 15:17:35,774 INFO     ___FILE_ONLY___ 

2025-01-29 15:17:35,774 INFO     ___FILE_ONLY___         ◆
2025-01-29 15:17:35,774 INFO     ___FILE_ONLY___  
2025-01-29 15:17:35,774 INFO     ___FILE_ONLY___ kubectl.1.30
2025-01-29 15:17:35,774 INFO     ___FILE_ONLY___  
2025-01-29 15:17:35,774 INFO     ___FILE_ONLY___ (1.30.9)
2025-01-29 15:17:35,774 INFO     ___FILE_ONLY___ 

2025-01-29 15:17:35,774 INFO     ___FILE_ONLY___         ◆
2025-01-29 15:17:35,774 INFO     ___FILE_ONLY___  
2025-01-29 15:17:35,774 INFO     ___FILE_ONLY___ kubectl.1.31
2025-01-29 15:17:35,774 INFO     ___FILE_ONLY___  
2025-01-29 15:17:35,774 INFO     ___FILE_ONLY___ (1.31.5)
2025-01-29 15:17:35,774 INFO     ___FILE_ONLY___ 

2025-01-29 15:17:35,774 INFO     ___FILE_ONLY___         ◆
2025-01-29 15:17:35,774 INFO     ___FILE_ONLY___  
2025-01-29 15:17:35,774 INFO     ___FILE_ONLY___ kubectl.1.32
2025-01-29 15:17:35,774 INFO     ___FILE_ONLY___  
2025-01-29 15:17:35,774 INFO     ___FILE_ONLY___ (1.32.1)
2025-01-29 15:17:35,774 INFO     ___FILE_ONLY___ 

2025-01-29 15:17:35,774 INFO     ___FILE_ONLY___ 

2025-01-29 15:17:35,774 INFO     ___FILE_ONLY___    
2025-01-29 15:17:35,774 INFO     ___FILE_ONLY___  
2025-01-29 15:17:35,774 INFO     ___FILE_ONLY___ Subscribe
2025-01-29 15:17:35,774 INFO     ___FILE_ONLY___  
2025-01-29 15:17:35,774 INFO     ___FILE_ONLY___ to
2025-01-29 15:17:35,774 INFO     ___FILE_ONLY___  
2025-01-29 15:17:35,774 INFO     ___FILE_ONLY___ these
2025-01-29 15:17:35,775 INFO     ___FILE_ONLY___  
2025-01-29 15:17:35,775 INFO     ___FILE_ONLY___ release
2025-01-29 15:17:35,775 INFO     ___FILE_ONLY___  
2025-01-29 15:17:35,775 INFO     ___FILE_ONLY___ notes
2025-01-29 15:17:35,775 INFO     ___FILE_ONLY___  
2025-01-29 15:17:35,775 INFO     ___FILE_ONLY___ at
2025-01-29 15:17:35,775 INFO     ___FILE_ONLY___ 

2025-01-29 15:17:35,775 INFO     ___FILE_ONLY___     
2025-01-29 15:17:35,775 INFO     ___FILE_ONLY___ https://groups.google.com/forum/#!forum/google-cloud-sdk-announce
2025-01-29 15:17:35,775 INFO     ___FILE_ONLY___ 

2025-01-29 15:17:35,775 INFO     ___FILE_ONLY___     
2025-01-29 15:17:35,775 INFO     ___FILE_ONLY___ (https://groups.google.com/forum/#!forum/google-cloud-sdk-announce).
2025-01-29 15:17:35,775 INFO     ___FILE_ONLY___ 

2025-01-29 15:17:35,775 INFO     ___FILE_ONLY___ 
2025-01-29 15:17:35,775 INFO     ___FILE_ONLY___ 

2025-01-29 15:17:35,775 INFO     ___FILE_ONLY___ Performing in place update...


2025-01-29 15:17:35,775 INFO     ___FILE_ONLY___ ╔════════════════════════════════════════════════════════════╗

2025-01-29 15:17:35,775 INFO     ___FILE_ONLY___ ╠═ Downloading: Google Cloud CLI Core Libraries             ═╣

2025-01-29 15:17:35,775 INFO     ___FILE_ONLY___ ╚
2025-01-29 15:17:35,777 DEBUG    urllib3.connectionpool Starting new HTTPS connection (1): dl.google.com:443
2025-01-29 15:17:35,933 DEBUG    urllib3.connectionpool https://dl.google.com:443 "GET /dl/cloudsdk/channels/rapid/components/google-cloud-sdk-core-20250124173157.tar.gz HTTP/1.1" 200 21723780
2025-01-29 15:17:36,750 INFO     ___FILE_ONLY___ ═
2025-01-29 15:17:36,751 INFO     ___FILE_ONLY___ ═
2025-01-29 15:17:36,751 INFO     ___FILE_ONLY___ ═
2025-01-29 15:17:36,751 INFO     ___FILE_ONLY___ ═
2025-01-29 15:17:36,751 INFO     ___FILE_ONLY___ ═
2025-01-29 15:17:36,751 INFO     ___FILE_ONLY___ ═
2025-01-29 15:17:36,752 INFO     ___FILE_ONLY___ ═
2025-01-29 15:17:36,752 INFO     ___FILE_ONLY___ ═
2025-01-29 15:17:36,752 INFO     ___FILE_ONLY___ ═
2025-01-29 15:17:36,752 INFO     ___FILE_ONLY___ ═
2025-01-29 15:17:36,752 INFO     ___FILE_ONLY___ ═
2025-01-29 15:17:36,753 INFO     ___FILE_ONLY___ ═
2025-01-29 15:17:36,753 INFO     ___FILE_ONLY___ ═
2025-01-29 15:17:36,753 INFO     ___FILE_ONLY___ ═
2025-01-29 15:17:36,753 INFO     ___FILE_ONLY___ ═
2025-01-29 15:17:36,753 INFO     ___FILE_ONLY___ ═
2025-01-29 15:17:36,753 INFO     ___FILE_ONLY___ ═
2025-01-29 15:17:36,754 INFO     ___FILE_ONLY___ ═
2025-01-29 15:17:36,754 INFO     ___FILE_ONLY___ ═
2025-01-29 15:17:36,754 INFO     ___FILE_ONLY___ ═
2025-01-29 15:17:36,754 INFO     ___FILE_ONLY___ ═
2025-01-29 15:17:36,755 INFO     ___FILE_ONLY___ ═
2025-01-29 15:17:36,755 INFO     ___FILE_ONLY___ ═
2025-01-29 15:17:36,755 INFO     ___FILE_ONLY___ ═
2025-01-29 15:17:36,756 INFO     ___FILE_ONLY___ ═
2025-01-29 15:17:36,756 INFO     ___FILE_ONLY___ ═
2025-01-29 15:17:36,756 INFO     ___FILE_ONLY___ ═
2025-01-29 15:17:36,756 INFO     ___FILE_ONLY___ ═
2025-01-29 15:17:36,756 INFO     ___FILE_ONLY___ ═
2025-01-29 15:17:36,757 INFO     ___FILE_ONLY___ ═
2025-01-29 15:17:36,757 INFO     ___FILE_ONLY___ ═
2025-01-29 15:17:36,757 INFO     ___FILE_ONLY___ ═
2025-01-29 15:17:36,757 INFO     ___FILE_ONLY___ ═
2025-01-29 15:17:36,758 INFO     ___FILE_ONLY___ ═
2025-01-29 15:17:36,758 INFO     ___FILE_ONLY___ ═
2025-01-29 15:17:36,759 INFO     ___FILE_ONLY___ ═
2025-01-29 15:17:36,759 INFO     ___FILE_ONLY___ ═
2025-01-29 15:17:36,759 INFO     ___FILE_ONLY___ ═
2025-01-29 15:17:36,760 INFO     ___FILE_ONLY___ ═
2025-01-29 15:17:36,760 INFO     ___FILE_ONLY___ ═
2025-01-29 15:17:36,761 INFO     ___FILE_ONLY___ ═
2025-01-29 15:17:36,761 INFO     ___FILE_ONLY___ ═
2025-01-29 15:17:36,761 INFO     ___FILE_ONLY___ ═
2025-01-29 15:17:36,762 INFO     ___FILE_ONLY___ ═
2025-01-29 15:17:36,762 INFO     ___FILE_ONLY___ ═
2025-01-29 15:17:36,762 INFO     ___FILE_ONLY___ ═
2025-01-29 15:17:36,763 INFO     ___FILE_ONLY___ ═
2025-01-29 15:17:36,764 INFO     ___FILE_ONLY___ ═
2025-01-29 15:17:36,764 INFO     ___FILE_ONLY___ ═
2025-01-29 15:17:36,764 INFO     ___FILE_ONLY___ ═
2025-01-29 15:17:36,765 INFO     ___FILE_ONLY___ ═
2025-01-29 15:17:36,765 INFO     ___FILE_ONLY___ ═
2025-01-29 15:17:36,766 INFO     ___FILE_ONLY___ ═
2025-01-29 15:17:36,766 INFO     ___FILE_ONLY___ ═
2025-01-29 15:17:36,766 INFO     ___FILE_ONLY___ ═
2025-01-29 15:17:36,766 INFO     ___FILE_ONLY___ ═
2025-01-29 15:17:36,766 INFO     ___FILE_ONLY___ ═
2025-01-29 15:17:36,767 INFO     ___FILE_ONLY___ ═
2025-01-29 15:17:36,767 INFO     ___FILE_ONLY___ ═
2025-01-29 15:17:36,767 INFO     ___FILE_ONLY___ ═
2025-01-29 15:17:36,767 INFO     ___FILE_ONLY___ ╝
2025-01-29 15:17:36,770 INFO     ___FILE_ONLY___ ╠════════════════════════════════════════════════════════════╣

2025-01-29 15:17:36,770 INFO     ___FILE_ONLY___ ╠═ Uninstalling: Google Cloud CLI Core Libraries            ═╣

2025-01-29 15:17:36,770 INFO     ___FILE_ONLY___ ╚
2025-01-29 15:17:36,796 INFO     ___FILE_ONLY___ ═
2025-01-29 15:17:36,814 INFO     ___FILE_ONLY___ ═
2025-01-29 15:17:36,830 INFO     ___FILE_ONLY___ ═
2025-01-29 15:17:36,847 INFO     ___FILE_ONLY___ ═
2025-01-29 15:17:36,862 INFO     ___FILE_ONLY___ ═
2025-01-29 15:17:36,878 INFO     ___FILE_ONLY___ ═
2025-01-29 15:17:36,893 INFO     ___FILE_ONLY___ ═
2025-01-29 15:17:36,906 INFO     ___FILE_ONLY___ ═
2025-01-29 15:17:36,920 INFO     ___FILE_ONLY___ ═
2025-01-29 15:17:36,933 INFO     ___FILE_ONLY___ ═
2025-01-29 15:17:36,947 INFO     ___FILE_ONLY___ ═
2025-01-29 15:17:36,961 INFO     ___FILE_ONLY___ ═
2025-01-29 15:17:36,974 INFO     ___FILE_ONLY___ ═
2025-01-29 15:17:36,988 INFO     ___FILE_ONLY___ ═
2025-01-29 15:17:37,003 INFO     ___FILE_ONLY___ ═
2025-01-29 15:17:37,019 INFO     ___FILE_ONLY___ ═
2025-01-29 15:17:37,038 INFO     ___FILE_ONLY___ ═
2025-01-29 15:17:37,067 INFO     ___FILE_ONLY___ ═
2025-01-29 15:17:37,089 INFO     ___FILE_ONLY___ ═
2025-01-29 15:17:37,121 INFO     ___FILE_ONLY___ ═
2025-01-29 15:17:37,148 INFO     ___FILE_ONLY___ ═
2025-01-29 15:17:37,165 INFO     ___FILE_ONLY___ ═
2025-01-29 15:17:37,182 INFO     ___FILE_ONLY___ ═
2025-01-29 15:17:37,194 INFO     ___FILE_ONLY___ ═
2025-01-29 15:17:37,207 INFO     ___FILE_ONLY___ ═
2025-01-29 15:17:37,220 INFO     ___FILE_ONLY___ ═
2025-01-29 15:17:37,233 INFO     ___FILE_ONLY___ ═
2025-01-29 15:17:37,245 INFO     ___FILE_ONLY___ ═
2025-01-29 15:17:37,259 INFO     ___FILE_ONLY___ ═
2025-01-29 15:17:37,272 INFO     ___FILE_ONLY___ ═
2025-01-29 15:17:37,287 INFO     ___FILE_ONLY___ ═
2025-01-29 15:17:37,300 INFO     ___FILE_ONLY___ ═
2025-01-29 15:17:37,314 INFO     ___FILE_ONLY___ ═
2025-01-29 15:17:37,326 INFO     ___FILE_ONLY___ ═
2025-01-29 15:17:37,339 INFO     ___FILE_ONLY___ ═
2025-01-29 15:17:37,363 INFO     ___FILE_ONLY___ ═
2025-01-29 15:17:37,379 INFO     ___FILE_ONLY___ ═
2025-01-29 15:17:37,395 INFO     ___FILE_ONLY___ ═
2025-01-29 15:17:37,410 INFO     ___FILE_ONLY___ ═
2025-01-29 15:17:37,425 INFO     ___FILE_ONLY___ ═
2025-01-29 15:17:37,439 INFO     ___FILE_ONLY___ ═
2025-01-29 15:17:37,454 INFO     ___FILE_ONLY___ ═
2025-01-29 15:17:37,469 INFO     ___FILE_ONLY___ ═
2025-01-29 15:17:37,486 INFO     ___FILE_ONLY___ ═
2025-01-29 15:17:37,499 INFO     ___FILE_ONLY___ ═
2025-01-29 15:17:37,514 INFO     ___FILE_ONLY___ ═
2025-01-29 15:17:37,526 INFO     ___FILE_ONLY___ ═
2025-01-29 15:17:37,539 INFO     ___FILE_ONLY___ ═
2025-01-29 15:17:37,552 INFO     ___FILE_ONLY___ ═
2025-01-29 15:17:37,570 INFO     ___FILE_ONLY___ ═
2025-01-29 15:17:37,582 INFO     ___FILE_ONLY___ ═
2025-01-29 15:17:37,595 INFO     ___FILE_ONLY___ ═
2025-01-29 15:17:37,608 INFO     ___FILE_ONLY___ ═
2025-01-29 15:17:37,623 INFO     ___FILE_ONLY___ ═
2025-01-29 15:17:37,638 INFO     ___FILE_ONLY___ ═
2025-01-29 15:17:37,656 INFO     ___FILE_ONLY___ ═
2025-01-29 15:17:37,672 INFO     ___FILE_ONLY___ ═
2025-01-29 15:17:37,685 INFO     ___FILE_ONLY___ ═
2025-01-29 15:17:37,698 INFO     ___FILE_ONLY___ ═
2025-01-29 15:17:37,711 INFO     ___FILE_ONLY___ ═
2025-01-29 15:17:37,711 INFO     ___FILE_ONLY___ ╝
2025-01-29 15:17:38,813 INFO     ___FILE_ONLY___ ╠════════════════════════════════════════════════════════════╣

2025-01-29 15:17:38,813 INFO     ___FILE_ONLY___ ╠═ Installing: Google Cloud CLI Core Libraries              ═╣

2025-01-29 15:17:38,813 INFO     ___FILE_ONLY___ ╚
2025-01-29 15:17:39,494 INFO     ___FILE_ONLY___ ═
2025-01-29 15:17:39,519 INFO     ___FILE_ONLY___ ═
2025-01-29 15:17:39,542 INFO     ___FILE_ONLY___ ═
2025-01-29 15:17:39,565 INFO     ___FILE_ONLY___ ═
2025-01-29 15:17:39,591 INFO     ___FILE_ONLY___ ═
2025-01-29 15:17:39,621 INFO     ___FILE_ONLY___ ═
2025-01-29 15:17:39,645 INFO     ___FILE_ONLY___ ═
2025-01-29 15:17:39,675 INFO     ___FILE_ONLY___ ═
2025-01-29 15:17:39,708 INFO     ___FILE_ONLY___ ═
2025-01-29 15:17:39,732 INFO     ___FILE_ONLY___ ═
2025-01-29 15:17:39,755 INFO     ___FILE_ONLY___ ═
2025-01-29 15:17:39,784 INFO     ___FILE_ONLY___ ═
2025-01-29 15:17:39,806 INFO     ___FILE_ONLY___ ═
2025-01-29 15:17:39,830 INFO     ___FILE_ONLY___ ═
2025-01-29 15:17:39,866 INFO     ___FILE_ONLY___ ═
2025-01-29 15:17:39,903 INFO     ___FILE_ONLY___ ═
2025-01-29 15:17:39,958 INFO     ___FILE_ONLY___ ═
2025-01-29 15:17:40,003 INFO     ___FILE_ONLY___ ═
2025-01-29 15:17:40,047 INFO     ___FILE_ONLY___ ═
2025-01-29 15:17:40,100 INFO     ___FILE_ONLY___ ═
2025-01-29 15:17:40,138 INFO     ___FILE_ONLY___ ═
2025-01-29 15:17:40,173 INFO     ___FILE_ONLY___ ═
2025-01-29 15:17:40,207 INFO     ___FILE_ONLY___ ═
2025-01-29 15:17:40,229 INFO     ___FILE_ONLY___ ═
2025-01-29 15:17:40,259 INFO     ___FILE_ONLY___ ═
2025-01-29 15:17:40,280 INFO     ___FILE_ONLY___ ═
2025-01-29 15:17:40,300 INFO     ___FILE_ONLY___ ═
2025-01-29 15:17:40,320 INFO     ___FILE_ONLY___ ═
2025-01-29 15:17:40,343 INFO     ___FILE_ONLY___ ═
2025-01-29 15:17:40,365 INFO     ___FILE_ONLY___ ═
2025-01-29 15:17:40,392 INFO     ___FILE_ONLY___ ═
2025-01-29 15:17:40,413 INFO     ___FILE_ONLY___ ═
2025-01-29 15:17:40,436 INFO     ___FILE_ONLY___ ═
2025-01-29 15:17:40,466 INFO     ___FILE_ONLY___ ═
2025-01-29 15:17:40,488 INFO     ___FILE_ONLY___ ═
2025-01-29 15:17:40,511 INFO     ___FILE_ONLY___ ═
2025-01-29 15:17:40,531 INFO     ___FILE_ONLY___ ═
2025-01-29 15:17:40,551 INFO     ___FILE_ONLY___ ═
2025-01-29 15:17:40,573 INFO     ___FILE_ONLY___ ═
2025-01-29 15:17:40,594 INFO     ___FILE_ONLY___ ═
2025-01-29 15:17:40,613 INFO     ___FILE_ONLY___ ═
2025-01-29 15:17:40,636 INFO     ___FILE_ONLY___ ═
2025-01-29 15:17:40,656 INFO     ___FILE_ONLY___ ═
2025-01-29 15:17:40,677 INFO     ___FILE_ONLY___ ═
2025-01-29 15:17:40,708 INFO     ___FILE_ONLY___ ═
2025-01-29 15:17:40,727 INFO     ___FILE_ONLY___ ═
2025-01-29 15:17:40,750 INFO     ___FILE_ONLY___ ═
2025-01-29 15:17:40,769 INFO     ___FILE_ONLY___ ═
2025-01-29 15:17:40,789 INFO     ___FILE_ONLY___ ═
2025-01-29 15:17:40,811 INFO     ___FILE_ONLY___ ═
2025-01-29 15:17:40,832 INFO     ___FILE_ONLY___ ═
2025-01-29 15:17:40,853 INFO     ___FILE_ONLY___ ═
2025-01-29 15:17:40,887 INFO     ___FILE_ONLY___ ═
2025-01-29 15:17:40,906 INFO     ___FILE_ONLY___ ═
2025-01-29 15:17:40,934 INFO     ___FILE_ONLY___ ═
2025-01-29 15:17:40,954 INFO     ___FILE_ONLY___ ═
2025-01-29 15:17:40,974 INFO     ___FILE_ONLY___ ═
2025-01-29 15:17:41,004 INFO     ___FILE_ONLY___ ═
2025-01-29 15:17:41,024 INFO     ___FILE_ONLY___ ═
2025-01-29 15:17:41,045 INFO     ___FILE_ONLY___ ═
2025-01-29 15:17:41,045 INFO     ___FILE_ONLY___ ╝

2025-01-29 15:17:41,086 DEBUG    root            Updating notification cache...
2025-01-29 15:17:41,087 INFO     ___FILE_ONLY___ 

2025-01-29 15:17:41,087 INFO     ___FILE_ONLY___ Performing post processing steps...
2025-01-29 15:17:41,087 DEBUG    root            Executing command: ['/opt/homebrew/share/google-cloud-sdk/bin/gcloud', 'components', 'post-process']
2025-01-29 15:17:46,682 DEBUG    ___FILE_ONLY___ 
2025-01-29 15:17:46,685 DEBUG    ___FILE_ONLY___ 
2025-01-29 15:17:46,923 INFO     ___FILE_ONLY___ 
Update done!


2025-01-29 15:17:46,923 INFO     ___FILE_ONLY___ To revert your CLI to the previously installed version, you may run:
  $ gcloud components update --version 507.0.0


2025-01-29 15:17:46,959 DEBUG    root            Chosen display Format:none
2025-01-29 15:17:46,962 INFO     root            Display format: "none"
