2024-12-18 11:24:25,956 DEBUG    root            Loaded Command Group: ['gcloud', 'components']
2024-12-18 11:24:25,958 DEBUG    root            Loaded Command Group: ['gcloud', 'components', 'update']
2024-12-18 11:24:25,959 DEBUG    root            Running [gcloud.components.update] with arguments: [--quiet: "True"]
2024-12-18 11:24:25,979 INFO     ___FILE_ONLY___ Beginning update. This process may take several minutes.

2024-12-18 11:24:25,992 DEBUG    urllib3.connectionpool Starting new HTTPS connection (1): dl.google.com:443
2024-12-18 11:24:26,096 DEBUG    urllib3.connectionpool https://dl.google.com:443 "GET /dl/cloudsdk/channels/rapid/components-2.json HTTP/1.1" 200 227824
2024-12-18 11:24:26,161 WARNING  root            The ARM versions of the following components are not available yet, using x86_64 versions instead: [app-engine-grpc].
2024-12-18 11:24:26,161 INFO     ___FILE_ONLY___ 

2024-12-18 11:24:26,161 INFO     ___FILE_ONLY___ 
Your current Google Cloud CLI version is: 503.0.0

2024-12-18 11:24:26,161 INFO     ___FILE_ONLY___ You will be upgraded to version: 504.0.0

2024-12-18 11:24:26,161 INFO     ___FILE_ONLY___ 

2024-12-18 11:24:26,161 DEBUG    root            Chosen display Format:table[box,title="These components will be removed."](details.display_name:label=Name:align=left,version.version_string:label=Version:align=right,data.size.size(zero="",min=1048576):label=Size:align=right)
2024-12-18 11:24:26,162 DEBUG    root            Chosen display Format:table[box,title="These components will be updated."](details.display_name:label=Name:align=left,version.version_string:label=Version:align=right,data.size.size(zero="",min=1048576):label=Size:align=right)
2024-12-18 11:24:26,172 INFO     ___FILE_ONLY___ ┌─────────────────────────────────────────────────────────┐
2024-12-18 11:24:26,172 INFO     ___FILE_ONLY___ 

2024-12-18 11:24:26,172 INFO     ___FILE_ONLY___ │            These components will be updated.            │
2024-12-18 11:24:26,172 INFO     ___FILE_ONLY___ 

2024-12-18 11:24:26,172 INFO     ___FILE_ONLY___ ├─────────────────────────────────┬────────────┬──────────┤
2024-12-18 11:24:26,172 INFO     ___FILE_ONLY___ 

2024-12-18 11:24:26,172 INFO     ___FILE_ONLY___ │               Name              │  Version   │   Size   │
2024-12-18 11:24:26,172 INFO     ___FILE_ONLY___ 

2024-12-18 11:24:26,172 INFO     ___FILE_ONLY___ ├─────────────────────────────────┼────────────┼──────────┤
2024-12-18 11:24:26,172 INFO     ___FILE_ONLY___ 

2024-12-18 11:24:26,172 INFO     ___FILE_ONLY___ │ 
2024-12-18 11:24:26,172 INFO     ___FILE_ONLY___ BigQuery Command Line Tool     
2024-12-18 11:24:26,172 INFO     ___FILE_ONLY___  
2024-12-18 11:24:26,172 INFO     ___FILE_ONLY___ │ 
2024-12-18 11:24:26,172 INFO     ___FILE_ONLY___     2.1.11
2024-12-18 11:24:26,172 INFO     ___FILE_ONLY___  
2024-12-18 11:24:26,172 INFO     ___FILE_ONLY___ │ 
2024-12-18 11:24:26,172 INFO     ___FILE_ONLY___  1.7 MiB
2024-12-18 11:24:26,172 INFO     ___FILE_ONLY___  
2024-12-18 11:24:26,172 INFO     ___FILE_ONLY___ │
2024-12-18 11:24:26,172 INFO     ___FILE_ONLY___ 

2024-12-18 11:24:26,172 INFO     ___FILE_ONLY___ │ 
2024-12-18 11:24:26,172 INFO     ___FILE_ONLY___ Cloud Storage Command Line Tool
2024-12-18 11:24:26,172 INFO     ___FILE_ONLY___  
2024-12-18 11:24:26,173 INFO     ___FILE_ONLY___ │ 
2024-12-18 11:24:26,173 INFO     ___FILE_ONLY___       5.33
2024-12-18 11:24:26,173 INFO     ___FILE_ONLY___  
2024-12-18 11:24:26,173 INFO     ___FILE_ONLY___ │ 
2024-12-18 11:24:26,173 INFO     ___FILE_ONLY___ 11.8 MiB
2024-12-18 11:24:26,173 INFO     ___FILE_ONLY___  
2024-12-18 11:24:26,173 INFO     ___FILE_ONLY___ │
2024-12-18 11:24:26,173 INFO     ___FILE_ONLY___ 

2024-12-18 11:24:26,173 INFO     ___FILE_ONLY___ │ 
2024-12-18 11:24:26,173 INFO     ___FILE_ONLY___ Google Cloud CLI Core Libraries
2024-12-18 11:24:26,173 INFO     ___FILE_ONLY___  
2024-12-18 11:24:26,173 INFO     ___FILE_ONLY___ │ 
2024-12-18 11:24:26,173 INFO     ___FILE_ONLY___ 2024.12.13
2024-12-18 11:24:26,173 INFO     ___FILE_ONLY___  
2024-12-18 11:24:26,173 INFO     ___FILE_ONLY___ │ 
2024-12-18 11:24:26,173 INFO     ___FILE_ONLY___ 20.5 MiB
2024-12-18 11:24:26,173 INFO     ___FILE_ONLY___  
2024-12-18 11:24:26,173 INFO     ___FILE_ONLY___ │
2024-12-18 11:24:26,173 INFO     ___FILE_ONLY___ 

2024-12-18 11:24:26,173 INFO     ___FILE_ONLY___ └─────────────────────────────────┴────────────┴──────────┘
2024-12-18 11:24:26,173 INFO     ___FILE_ONLY___ 

2024-12-18 11:24:26,173 DEBUG    root            Chosen display Format:table[box,title="These components will be installed."](details.display_name:label=Name:align=left,version.version_string:label=Version:align=right,data.size.size(zero="",min=1048576):label=Size:align=right)
2024-12-18 11:24:26,173 INFO     ___FILE_ONLY___ 

2024-12-18 11:24:26,175 DEBUG    urllib3.connectionpool Starting new HTTPS connection (1): dl.google.com:443
2024-12-18 11:24:26,262 DEBUG    urllib3.connectionpool https://dl.google.com:443 "GET /dl/cloudsdk/channels/rapid/RELEASE_NOTES HTTP/1.1" 200 1330711
2024-12-18 11:24:26,456 INFO     ___FILE_ONLY___ The following release notes are new in this upgrade.
Please read carefully for information about new features, breaking changes,
and bugs fixed.  The latest full release notes can be viewed at:
  https://cloud.google.com/sdk/release_notes


2024-12-18 11:24:26,456 INFO     ___FILE_ONLY___ 
2024-12-18 11:24:26,456 INFO     ___FILE_ONLY___ 504.0.0 (2024-12-17)

2024-12-18 11:24:26,456 INFO     ___FILE_ONLY___ 
2024-12-18 11:24:26,456 INFO     ___FILE_ONLY___   
2024-12-18 11:24:26,456 INFO     ___FILE_ONLY___ AlloyDB

2024-12-18 11:24:26,457 INFO     ___FILE_ONLY___       ▪
2024-12-18 11:24:26,457 INFO     ___FILE_ONLY___  
2024-12-18 11:24:26,457 INFO     ___FILE_ONLY___ Added
2024-12-18 11:24:26,457 INFO     ___FILE_ONLY___  
2024-12-18 11:24:26,457 INFO     ___FILE_ONLY___ export
2024-12-18 11:24:26,457 INFO     ___FILE_ONLY___  
2024-12-18 11:24:26,457 INFO     ___FILE_ONLY___ command
2024-12-18 11:24:26,457 INFO     ___FILE_ONLY___  
2024-12-18 11:24:26,457 INFO     ___FILE_ONLY___ to
2024-12-18 11:24:26,457 INFO     ___FILE_ONLY___  
2024-12-18 11:24:26,457 INFO     ___FILE_ONLY___ support
2024-12-18 11:24:26,457 INFO     ___FILE_ONLY___  
2024-12-18 11:24:26,457 INFO     ___FILE_ONLY___ exporting
2024-12-18 11:24:26,457 INFO     ___FILE_ONLY___  
2024-12-18 11:24:26,457 INFO     ___FILE_ONLY___ data
2024-12-18 11:24:26,457 INFO     ___FILE_ONLY___  
2024-12-18 11:24:26,457 INFO     ___FILE_ONLY___ from
2024-12-18 11:24:26,457 INFO     ___FILE_ONLY___  
2024-12-18 11:24:26,457 INFO     ___FILE_ONLY___ an
2024-12-18 11:24:26,457 INFO     ___FILE_ONLY___  
2024-12-18 11:24:26,457 INFO     ___FILE_ONLY___ AlloyDB
2024-12-18 11:24:26,457 INFO     ___FILE_ONLY___ 

2024-12-18 11:24:26,457 INFO     ___FILE_ONLY___         
2024-12-18 11:24:26,457 INFO     ___FILE_ONLY___ cluster
2024-12-18 11:24:26,457 INFO     ___FILE_ONLY___  
2024-12-18 11:24:26,457 INFO     ___FILE_ONLY___ to
2024-12-18 11:24:26,457 INFO     ___FILE_ONLY___  
2024-12-18 11:24:26,457 INFO     ___FILE_ONLY___ Google
2024-12-18 11:24:26,457 INFO     ___FILE_ONLY___  
2024-12-18 11:24:26,457 INFO     ___FILE_ONLY___ Cloud
2024-12-18 11:24:26,458 INFO     ___FILE_ONLY___  
2024-12-18 11:24:26,458 INFO     ___FILE_ONLY___ Storage.
2024-12-18 11:24:26,458 INFO     ___FILE_ONLY___ 

2024-12-18 11:24:26,458 INFO     ___FILE_ONLY___ 

2024-12-18 11:24:26,458 INFO     ___FILE_ONLY___ 
2024-12-18 11:24:26,458 INFO     ___FILE_ONLY___   
2024-12-18 11:24:26,458 INFO     ___FILE_ONLY___ BigQuery

2024-12-18 11:24:26,458 INFO     ___FILE_ONLY___       ▪
2024-12-18 11:24:26,458 INFO     ___FILE_ONLY___  
2024-12-18 11:24:26,458 INFO     ___FILE_ONLY___ Fixed
2024-12-18 11:24:26,458 INFO     ___FILE_ONLY___  
2024-12-18 11:24:26,458 INFO     ___FILE_ONLY___ the
2024-12-18 11:24:26,458 INFO     ___FILE_ONLY___  
2024-12-18 11:24:26,458 INFO     ___FILE_ONLY___ bug
2024-12-18 11:24:26,458 INFO     ___FILE_ONLY___  
2024-12-18 11:24:26,458 INFO     ___FILE_ONLY___ where
2024-12-18 11:24:26,458 INFO     ___FILE_ONLY___  
2024-12-18 11:24:26,458 INFO     ___FILE_ONLY___ quota
2024-12-18 11:24:26,458 INFO     ___FILE_ONLY___  
2024-12-18 11:24:26,458 INFO     ___FILE_ONLY___ project
2024-12-18 11:24:26,458 INFO     ___FILE_ONLY___  
2024-12-18 11:24:26,458 INFO     ___FILE_ONLY___ ID
2024-12-18 11:24:26,458 INFO     ___FILE_ONLY___  
2024-12-18 11:24:26,458 INFO     ___FILE_ONLY___ would
2024-12-18 11:24:26,458 INFO     ___FILE_ONLY___  
2024-12-18 11:24:26,458 INFO     ___FILE_ONLY___ default
2024-12-18 11:24:26,458 INFO     ___FILE_ONLY___  
2024-12-18 11:24:26,458 INFO     ___FILE_ONLY___ to
2024-12-18 11:24:26,458 INFO     ___FILE_ONLY___  
2024-12-18 11:24:26,459 INFO     ___FILE_ONLY___ the
2024-12-18 11:24:26,459 INFO     ___FILE_ONLY___  
2024-12-18 11:24:26,459 INFO     ___FILE_ONLY___ resource
2024-12-18 11:24:26,459 INFO     ___FILE_ONLY___ 

2024-12-18 11:24:26,459 INFO     ___FILE_ONLY___         
2024-12-18 11:24:26,459 INFO     ___FILE_ONLY___ project
2024-12-18 11:24:26,459 INFO     ___FILE_ONLY___  
2024-12-18 11:24:26,459 INFO     ___FILE_ONLY___ ID
2024-12-18 11:24:26,459 INFO     ___FILE_ONLY___  
2024-12-18 11:24:26,459 INFO     ___FILE_ONLY___ for
2024-12-18 11:24:26,459 INFO     ___FILE_ONLY___  
2024-12-18 11:24:26,459 INFO     ___FILE_ONLY___ an
2024-12-18 11:24:26,459 INFO     ___FILE_ONLY___  
2024-12-18 11:24:26,459 INFO     ___FILE_ONLY___ active
2024-12-18 11:24:26,459 INFO     ___FILE_ONLY___  
2024-12-18 11:24:26,459 INFO     ___FILE_ONLY___ service
2024-12-18 11:24:26,459 INFO     ___FILE_ONLY___  
2024-12-18 11:24:26,459 INFO     ___FILE_ONLY___ account
2024-12-18 11:24:26,459 INFO     ___FILE_ONLY___  
2024-12-18 11:24:26,459 INFO     ___FILE_ONLY___ from
2024-12-18 11:24:26,459 INFO     ___FILE_ONLY___  
2024-12-18 11:24:26,459 INFO     ___FILE_ONLY___ Cloud
2024-12-18 11:24:26,459 INFO     ___FILE_ONLY___  
2024-12-18 11:24:26,459 INFO     ___FILE_ONLY___ CLI
2024-12-18 11:24:26,459 INFO     ___FILE_ONLY___  
2024-12-18 11:24:26,459 INFO     ___FILE_ONLY___ used
2024-12-18 11:24:26,459 INFO     ___FILE_ONLY___  
2024-12-18 11:24:26,459 INFO     ___FILE_ONLY___ for
2024-12-18 11:24:26,459 INFO     ___FILE_ONLY___ 

2024-12-18 11:24:26,459 INFO     ___FILE_ONLY___         
2024-12-18 11:24:26,459 INFO     ___FILE_ONLY___ authentication.
2024-12-18 11:24:26,459 INFO     ___FILE_ONLY___ 

2024-12-18 11:24:26,459 INFO     ___FILE_ONLY___       ▪
2024-12-18 11:24:26,459 INFO     ___FILE_ONLY___  
2024-12-18 11:24:26,459 INFO     ___FILE_ONLY___ Added
2024-12-18 11:24:26,459 INFO     ___FILE_ONLY___  
2024-12-18 11:24:26,460 INFO     ___FILE_ONLY___ --reservation_id=none
2024-12-18 11:24:26,460 INFO     ___FILE_ONLY___  
2024-12-18 11:24:26,460 INFO     ___FILE_ONLY___ to
2024-12-18 11:24:26,460 INFO     ___FILE_ONLY___  
2024-12-18 11:24:26,460 INFO     ___FILE_ONLY___ the
2024-12-18 11:24:26,460 INFO     ___FILE_ONLY___  
2024-12-18 11:24:26,460 INFO     ___FILE_ONLY___ query
2024-12-18 11:24:26,460 INFO     ___FILE_ONLY___  
2024-12-18 11:24:26,460 INFO     ___FILE_ONLY___ command
2024-12-18 11:24:26,460 INFO     ___FILE_ONLY___  
2024-12-18 11:24:26,460 INFO     ___FILE_ONLY___ to
2024-12-18 11:24:26,460 INFO     ___FILE_ONLY___  
2024-12-18 11:24:26,460 INFO     ___FILE_ONLY___ enforce
2024-12-18 11:24:26,460 INFO     ___FILE_ONLY___  
2024-12-18 11:24:26,460 INFO     ___FILE_ONLY___ on-demand
2024-12-18 11:24:26,460 INFO     ___FILE_ONLY___ 

2024-12-18 11:24:26,460 INFO     ___FILE_ONLY___         
2024-12-18 11:24:26,460 INFO     ___FILE_ONLY___ job
2024-12-18 11:24:26,460 INFO     ___FILE_ONLY___  
2024-12-18 11:24:26,460 INFO     ___FILE_ONLY___ execution.
2024-12-18 11:24:26,460 INFO     ___FILE_ONLY___ 

2024-12-18 11:24:26,460 INFO     ___FILE_ONLY___       ▪
2024-12-18 11:24:26,460 INFO     ___FILE_ONLY___  
2024-12-18 11:24:26,460 INFO     ___FILE_ONLY___ Added
2024-12-18 11:24:26,460 INFO     ___FILE_ONLY___  
2024-12-18 11:24:26,460 INFO     ___FILE_ONLY___ --bigquery_discovery_api_key
2024-12-18 11:24:26,460 INFO     ___FILE_ONLY___  
2024-12-18 11:24:26,460 INFO     ___FILE_ONLY___ to
2024-12-18 11:24:26,460 INFO     ___FILE_ONLY___  
2024-12-18 11:24:26,460 INFO     ___FILE_ONLY___ allow
2024-12-18 11:24:26,460 INFO     ___FILE_ONLY___  
2024-12-18 11:24:26,460 INFO     ___FILE_ONLY___ specifying
2024-12-18 11:24:26,460 INFO     ___FILE_ONLY___  
2024-12-18 11:24:26,460 INFO     ___FILE_ONLY___ an
2024-12-18 11:24:26,460 INFO     ___FILE_ONLY___  
2024-12-18 11:24:26,460 INFO     ___FILE_ONLY___ API
2024-12-18 11:24:26,460 INFO     ___FILE_ONLY___  
2024-12-18 11:24:26,461 INFO     ___FILE_ONLY___ key
2024-12-18 11:24:26,461 INFO     ___FILE_ONLY___ 

2024-12-18 11:24:26,461 INFO     ___FILE_ONLY___         
2024-12-18 11:24:26,461 INFO     ___FILE_ONLY___ when
2024-12-18 11:24:26,461 INFO     ___FILE_ONLY___  
2024-12-18 11:24:26,461 INFO     ___FILE_ONLY___ making
2024-12-18 11:24:26,461 INFO     ___FILE_ONLY___  
2024-12-18 11:24:26,461 INFO     ___FILE_ONLY___ a
2024-12-18 11:24:26,461 INFO     ___FILE_ONLY___  
2024-12-18 11:24:26,461 INFO     ___FILE_ONLY___ discovery
2024-12-18 11:24:26,461 INFO     ___FILE_ONLY___  
2024-12-18 11:24:26,461 INFO     ___FILE_ONLY___ request.
2024-12-18 11:24:26,461 INFO     ___FILE_ONLY___ 

2024-12-18 11:24:26,461 INFO     ___FILE_ONLY___ 

2024-12-18 11:24:26,461 INFO     ___FILE_ONLY___ 
2024-12-18 11:24:26,461 INFO     ___FILE_ONLY___   
2024-12-18 11:24:26,461 INFO     ___FILE_ONLY___ Cloud Bigtable

2024-12-18 11:24:26,461 INFO     ___FILE_ONLY___       ▪
2024-12-18 11:24:26,461 INFO     ___FILE_ONLY___  
2024-12-18 11:24:26,461 INFO     ___FILE_ONLY___ Changed
2024-12-18 11:24:26,461 INFO     ___FILE_ONLY___  
2024-12-18 11:24:26,461 INFO     ___FILE_ONLY___ the
2024-12-18 11:24:26,461 INFO     ___FILE_ONLY___  
2024-12-18 11:24:26,461 INFO     ___FILE_ONLY___ default
2024-12-18 11:24:26,461 INFO     ___FILE_ONLY___  
2024-12-18 11:24:26,461 INFO     ___FILE_ONLY___ retention
2024-12-18 11:24:26,461 INFO     ___FILE_ONLY___  
2024-12-18 11:24:26,461 INFO     ___FILE_ONLY___ period
2024-12-18 11:24:26,461 INFO     ___FILE_ONLY___  
2024-12-18 11:24:26,461 INFO     ___FILE_ONLY___ from
2024-12-18 11:24:26,461 INFO     ___FILE_ONLY___  
2024-12-18 11:24:26,461 INFO     ___FILE_ONLY___ 3d
2024-12-18 11:24:26,461 INFO     ___FILE_ONLY___  
2024-12-18 11:24:26,461 INFO     ___FILE_ONLY___ to
2024-12-18 11:24:26,461 INFO     ___FILE_ONLY___  
2024-12-18 11:24:26,462 INFO     ___FILE_ONLY___ 7d
2024-12-18 11:24:26,462 INFO     ___FILE_ONLY___  
2024-12-18 11:24:26,462 INFO     ___FILE_ONLY___ when
2024-12-18 11:24:26,462 INFO     ___FILE_ONLY___  
2024-12-18 11:24:26,462 INFO     ___FILE_ONLY___ automated
2024-12-18 11:24:26,462 INFO     ___FILE_ONLY___ 

2024-12-18 11:24:26,462 INFO     ___FILE_ONLY___         
2024-12-18 11:24:26,462 INFO     ___FILE_ONLY___ backup
2024-12-18 11:24:26,462 INFO     ___FILE_ONLY___  
2024-12-18 11:24:26,462 INFO     ___FILE_ONLY___ is
2024-12-18 11:24:26,462 INFO     ___FILE_ONLY___  
2024-12-18 11:24:26,462 INFO     ___FILE_ONLY___ enabled
2024-12-18 11:24:26,462 INFO     ___FILE_ONLY___  
2024-12-18 11:24:26,462 INFO     ___FILE_ONLY___ using
2024-12-18 11:24:26,462 INFO     ___FILE_ONLY___  
2024-12-18 11:24:26,462 INFO     ___FILE_ONLY___ --enable-automated-backup
2024-12-18 11:24:26,462 INFO     ___FILE_ONLY___  
2024-12-18 11:24:26,462 INFO     ___FILE_ONLY___ flag
2024-12-18 11:24:26,462 INFO     ___FILE_ONLY___  
2024-12-18 11:24:26,462 INFO     ___FILE_ONLY___ in
2024-12-18 11:24:26,462 INFO     ___FILE_ONLY___  
2024-12-18 11:24:26,462 INFO     ___FILE_ONLY___ gcloud
2024-12-18 11:24:26,462 INFO     ___FILE_ONLY___ 

2024-12-18 11:24:26,462 INFO     ___FILE_ONLY___         
2024-12-18 11:24:26,462 INFO     ___FILE_ONLY___ bigtable
2024-12-18 11:24:26,462 INFO     ___FILE_ONLY___  
2024-12-18 11:24:26,462 INFO     ___FILE_ONLY___ instances
2024-12-18 11:24:26,462 INFO     ___FILE_ONLY___  
2024-12-18 11:24:26,462 INFO     ___FILE_ONLY___ tables
2024-12-18 11:24:26,462 INFO     ___FILE_ONLY___  
2024-12-18 11:24:26,462 INFO     ___FILE_ONLY___ create
2024-12-18 11:24:26,462 INFO     ___FILE_ONLY___  
2024-12-18 11:24:26,462 INFO     ___FILE_ONLY___ and
2024-12-18 11:24:26,462 INFO     ___FILE_ONLY___  
2024-12-18 11:24:26,462 INFO     ___FILE_ONLY___ gcloud
2024-12-18 11:24:26,462 INFO     ___FILE_ONLY___  
2024-12-18 11:24:26,462 INFO     ___FILE_ONLY___ bigtable
2024-12-18 11:24:26,462 INFO     ___FILE_ONLY___  
2024-12-18 11:24:26,463 INFO     ___FILE_ONLY___ instances
2024-12-18 11:24:26,463 INFO     ___FILE_ONLY___  
2024-12-18 11:24:26,463 INFO     ___FILE_ONLY___ tables
2024-12-18 11:24:26,463 INFO     ___FILE_ONLY___ 

2024-12-18 11:24:26,463 INFO     ___FILE_ONLY___         
2024-12-18 11:24:26,463 INFO     ___FILE_ONLY___ update.
2024-12-18 11:24:26,463 INFO     ___FILE_ONLY___ 

2024-12-18 11:24:26,463 INFO     ___FILE_ONLY___       ▪
2024-12-18 11:24:26,463 INFO     ___FILE_ONLY___  
2024-12-18 11:24:26,463 INFO     ___FILE_ONLY___ Added
2024-12-18 11:24:26,463 INFO     ___FILE_ONLY___  
2024-12-18 11:24:26,463 INFO     ___FILE_ONLY___ --automated-backup-retention-period
2024-12-18 11:24:26,463 INFO     ___FILE_ONLY___  
2024-12-18 11:24:26,463 INFO     ___FILE_ONLY___ flag
2024-12-18 11:24:26,463 INFO     ___FILE_ONLY___  
2024-12-18 11:24:26,463 INFO     ___FILE_ONLY___ to
2024-12-18 11:24:26,463 INFO     ___FILE_ONLY___  
2024-12-18 11:24:26,463 INFO     ___FILE_ONLY___ gcloud
2024-12-18 11:24:26,463 INFO     ___FILE_ONLY___  
2024-12-18 11:24:26,463 INFO     ___FILE_ONLY___ bigtable
2024-12-18 11:24:26,463 INFO     ___FILE_ONLY___ 

2024-12-18 11:24:26,463 INFO     ___FILE_ONLY___         
2024-12-18 11:24:26,463 INFO     ___FILE_ONLY___ instances
2024-12-18 11:24:26,463 INFO     ___FILE_ONLY___  
2024-12-18 11:24:26,463 INFO     ___FILE_ONLY___ tables
2024-12-18 11:24:26,463 INFO     ___FILE_ONLY___  
2024-12-18 11:24:26,463 INFO     ___FILE_ONLY___ create
2024-12-18 11:24:26,463 INFO     ___FILE_ONLY___  
2024-12-18 11:24:26,463 INFO     ___FILE_ONLY___ and
2024-12-18 11:24:26,463 INFO     ___FILE_ONLY___  
2024-12-18 11:24:26,463 INFO     ___FILE_ONLY___ gcloud
2024-12-18 11:24:26,463 INFO     ___FILE_ONLY___  
2024-12-18 11:24:26,463 INFO     ___FILE_ONLY___ bigtable
2024-12-18 11:24:26,464 INFO     ___FILE_ONLY___  
2024-12-18 11:24:26,464 INFO     ___FILE_ONLY___ instances
2024-12-18 11:24:26,464 INFO     ___FILE_ONLY___  
2024-12-18 11:24:26,464 INFO     ___FILE_ONLY___ tables
2024-12-18 11:24:26,464 INFO     ___FILE_ONLY___  
2024-12-18 11:24:26,464 INFO     ___FILE_ONLY___ update
2024-12-18 11:24:26,464 INFO     ___FILE_ONLY___ 

2024-12-18 11:24:26,464 INFO     ___FILE_ONLY___         
2024-12-18 11:24:26,464 INFO     ___FILE_ONLY___ commands
2024-12-18 11:24:26,464 INFO     ___FILE_ONLY___  
2024-12-18 11:24:26,464 INFO     ___FILE_ONLY___ which
2024-12-18 11:24:26,464 INFO     ___FILE_ONLY___  
2024-12-18 11:24:26,464 INFO     ___FILE_ONLY___ can
2024-12-18 11:24:26,464 INFO     ___FILE_ONLY___  
2024-12-18 11:24:26,464 INFO     ___FILE_ONLY___ be
2024-12-18 11:24:26,464 INFO     ___FILE_ONLY___  
2024-12-18 11:24:26,464 INFO     ___FILE_ONLY___ used
2024-12-18 11:24:26,464 INFO     ___FILE_ONLY___  
2024-12-18 11:24:26,464 INFO     ___FILE_ONLY___ to
2024-12-18 11:24:26,464 INFO     ___FILE_ONLY___  
2024-12-18 11:24:26,464 INFO     ___FILE_ONLY___ configure
2024-12-18 11:24:26,464 INFO     ___FILE_ONLY___  
2024-12-18 11:24:26,464 INFO     ___FILE_ONLY___ the
2024-12-18 11:24:26,464 INFO     ___FILE_ONLY___  
2024-12-18 11:24:26,464 INFO     ___FILE_ONLY___ retention
2024-12-18 11:24:26,464 INFO     ___FILE_ONLY___  
2024-12-18 11:24:26,464 INFO     ___FILE_ONLY___ period
2024-12-18 11:24:26,464 INFO     ___FILE_ONLY___  
2024-12-18 11:24:26,464 INFO     ___FILE_ONLY___ for
2024-12-18 11:24:26,464 INFO     ___FILE_ONLY___ 

2024-12-18 11:24:26,464 INFO     ___FILE_ONLY___         
2024-12-18 11:24:26,464 INFO     ___FILE_ONLY___ automated
2024-12-18 11:24:26,464 INFO     ___FILE_ONLY___  
2024-12-18 11:24:26,464 INFO     ___FILE_ONLY___ backup.
2024-12-18 11:24:26,464 INFO     ___FILE_ONLY___ 

2024-12-18 11:24:26,464 INFO     ___FILE_ONLY___ 

2024-12-18 11:24:26,465 INFO     ___FILE_ONLY___ 
2024-12-18 11:24:26,465 INFO     ___FILE_ONLY___   
2024-12-18 11:24:26,465 INFO     ___FILE_ONLY___ Cloud Storage

2024-12-18 11:24:26,465 INFO     ___FILE_ONLY___       ▪
2024-12-18 11:24:26,465 INFO     ___FILE_ONLY___  
2024-12-18 11:24:26,465 INFO     ___FILE_ONLY___ Updated
2024-12-18 11:24:26,465 INFO     ___FILE_ONLY___  
2024-12-18 11:24:26,465 INFO     ___FILE_ONLY___ gsutil
2024-12-18 11:24:26,465 INFO     ___FILE_ONLY___  
2024-12-18 11:24:26,465 INFO     ___FILE_ONLY___ component
2024-12-18 11:24:26,465 INFO     ___FILE_ONLY___  
2024-12-18 11:24:26,465 INFO     ___FILE_ONLY___ to
2024-12-18 11:24:26,465 INFO     ___FILE_ONLY___  
2024-12-18 11:24:26,465 INFO     ___FILE_ONLY___ 5.33.
2024-12-18 11:24:26,465 INFO     ___FILE_ONLY___ 

2024-12-18 11:24:26,465 INFO     ___FILE_ONLY___ 

2024-12-18 11:24:26,465 INFO     ___FILE_ONLY___ 
2024-12-18 11:24:26,465 INFO     ___FILE_ONLY___   
2024-12-18 11:24:26,465 INFO     ___FILE_ONLY___ Compute Engine

2024-12-18 11:24:26,465 INFO     ___FILE_ONLY___       ▪
2024-12-18 11:24:26,465 INFO     ___FILE_ONLY___  
2024-12-18 11:24:26,465 INFO     ___FILE_ONLY___ Added
2024-12-18 11:24:26,465 INFO     ___FILE_ONLY___  
2024-12-18 11:24:26,465 INFO     ___FILE_ONLY___ --request-body-inspection-size
2024-12-18 11:24:26,465 INFO     ___FILE_ONLY___  
2024-12-18 11:24:26,465 INFO     ___FILE_ONLY___ for
2024-12-18 11:24:26,465 INFO     ___FILE_ONLY___  
2024-12-18 11:24:26,465 INFO     ___FILE_ONLY___ gcloud
2024-12-18 11:24:26,465 INFO     ___FILE_ONLY___  
2024-12-18 11:24:26,465 INFO     ___FILE_ONLY___ compute
2024-12-18 11:24:26,465 INFO     ___FILE_ONLY___ 

2024-12-18 11:24:26,465 INFO     ___FILE_ONLY___         
2024-12-18 11:24:26,465 INFO     ___FILE_ONLY___ security-policies
2024-12-18 11:24:26,465 INFO     ___FILE_ONLY___  
2024-12-18 11:24:26,465 INFO     ___FILE_ONLY___ update,
2024-12-18 11:24:26,466 INFO     ___FILE_ONLY___  
2024-12-18 11:24:26,466 INFO     ___FILE_ONLY___ and
2024-12-18 11:24:26,466 INFO     ___FILE_ONLY___  
2024-12-18 11:24:26,466 INFO     ___FILE_ONLY___ promoted
2024-12-18 11:24:26,466 INFO     ___FILE_ONLY___  
2024-12-18 11:24:26,466 INFO     ___FILE_ONLY___ it
2024-12-18 11:24:26,466 INFO     ___FILE_ONLY___  
2024-12-18 11:24:26,466 INFO     ___FILE_ONLY___ to
2024-12-18 11:24:26,466 INFO     ___FILE_ONLY___  
2024-12-18 11:24:26,466 INFO     ___FILE_ONLY___ beta.
2024-12-18 11:24:26,466 INFO     ___FILE_ONLY___ 

2024-12-18 11:24:26,466 INFO     ___FILE_ONLY___       ▪
2024-12-18 11:24:26,466 INFO     ___FILE_ONLY___  
2024-12-18 11:24:26,466 INFO     ___FILE_ONLY___ Promoted
2024-12-18 11:24:26,466 INFO     ___FILE_ONLY___  
2024-12-18 11:24:26,466 INFO     ___FILE_ONLY___ gcloud
2024-12-18 11:24:26,466 INFO     ___FILE_ONLY___  
2024-12-18 11:24:26,466 INFO     ___FILE_ONLY___ compute
2024-12-18 11:24:26,466 INFO     ___FILE_ONLY___  
2024-12-18 11:24:26,466 INFO     ___FILE_ONLY___ network-profiles
2024-12-18 11:24:26,466 INFO     ___FILE_ONLY___  
2024-12-18 11:24:26,466 INFO     ___FILE_ONLY___ list
2024-12-18 11:24:26,466 INFO     ___FILE_ONLY___  
2024-12-18 11:24:26,466 INFO     ___FILE_ONLY___ and
2024-12-18 11:24:26,466 INFO     ___FILE_ONLY___  
2024-12-18 11:24:26,466 INFO     ___FILE_ONLY___ describe
2024-12-18 11:24:26,466 INFO     ___FILE_ONLY___  
2024-12-18 11:24:26,466 INFO     ___FILE_ONLY___ to
2024-12-18 11:24:26,466 INFO     ___FILE_ONLY___  
2024-12-18 11:24:26,466 INFO     ___FILE_ONLY___ v1.
2024-12-18 11:24:26,466 INFO     ___FILE_ONLY___ 

2024-12-18 11:24:26,466 INFO     ___FILE_ONLY___       ▪
2024-12-18 11:24:26,466 INFO     ___FILE_ONLY___  
2024-12-18 11:24:26,466 INFO     ___FILE_ONLY___ Promoted
2024-12-18 11:24:26,466 INFO     ___FILE_ONLY___  
2024-12-18 11:24:26,466 INFO     ___FILE_ONLY___ --network-profile
2024-12-18 11:24:26,466 INFO     ___FILE_ONLY___  
2024-12-18 11:24:26,466 INFO     ___FILE_ONLY___ in
2024-12-18 11:24:26,466 INFO     ___FILE_ONLY___  
2024-12-18 11:24:26,466 INFO     ___FILE_ONLY___ gcloud
2024-12-18 11:24:26,467 INFO     ___FILE_ONLY___  
2024-12-18 11:24:26,467 INFO     ___FILE_ONLY___ compute
2024-12-18 11:24:26,467 INFO     ___FILE_ONLY___  
2024-12-18 11:24:26,467 INFO     ___FILE_ONLY___ networks
2024-12-18 11:24:26,467 INFO     ___FILE_ONLY___  
2024-12-18 11:24:26,467 INFO     ___FILE_ONLY___ create
2024-12-18 11:24:26,467 INFO     ___FILE_ONLY___  
2024-12-18 11:24:26,467 INFO     ___FILE_ONLY___ to
2024-12-18 11:24:26,467 INFO     ___FILE_ONLY___  
2024-12-18 11:24:26,467 INFO     ___FILE_ONLY___ v1.
2024-12-18 11:24:26,467 INFO     ___FILE_ONLY___ 

2024-12-18 11:24:26,467 INFO     ___FILE_ONLY___ 

2024-12-18 11:24:26,467 INFO     ___FILE_ONLY___ 
2024-12-18 11:24:26,467 INFO     ___FILE_ONLY___   
2024-12-18 11:24:26,467 INFO     ___FILE_ONLY___ Kubernetes Engine

2024-12-18 11:24:26,467 INFO     ___FILE_ONLY___       ▪
2024-12-18 11:24:26,467 INFO     ___FILE_ONLY___  
2024-12-18 11:24:26,467 INFO     ___FILE_ONLY___ Added
2024-12-18 11:24:26,467 INFO     ___FILE_ONLY___  
2024-12-18 11:24:26,467 INFO     ___FILE_ONLY___ --disable-l4-lb-firewall-reconciliation
2024-12-18 11:24:26,467 INFO     ___FILE_ONLY___  
2024-12-18 11:24:26,467 INFO     ___FILE_ONLY___ flag
2024-12-18 11:24:26,467 INFO     ___FILE_ONLY___  
2024-12-18 11:24:26,467 INFO     ___FILE_ONLY___ to
2024-12-18 11:24:26,467 INFO     ___FILE_ONLY___  
2024-12-18 11:24:26,467 INFO     ___FILE_ONLY___ gcloud
2024-12-18 11:24:26,467 INFO     ___FILE_ONLY___ 

2024-12-18 11:24:26,467 INFO     ___FILE_ONLY___         
2024-12-18 11:24:26,467 INFO     ___FILE_ONLY___ container
2024-12-18 11:24:26,467 INFO     ___FILE_ONLY___  
2024-12-18 11:24:26,467 INFO     ___FILE_ONLY___ clusters
2024-12-18 11:24:26,467 INFO     ___FILE_ONLY___  
2024-12-18 11:24:26,467 INFO     ___FILE_ONLY___ create,
2024-12-18 11:24:26,467 INFO     ___FILE_ONLY___  
2024-12-18 11:24:26,468 INFO     ___FILE_ONLY___ gcloud
2024-12-18 11:24:26,468 INFO     ___FILE_ONLY___  
2024-12-18 11:24:26,468 INFO     ___FILE_ONLY___ container
2024-12-18 11:24:26,468 INFO     ___FILE_ONLY___  
2024-12-18 11:24:26,468 INFO     ___FILE_ONLY___ clusters
2024-12-18 11:24:26,468 INFO     ___FILE_ONLY___  
2024-12-18 11:24:26,468 INFO     ___FILE_ONLY___ create-auto,
2024-12-18 11:24:26,468 INFO     ___FILE_ONLY___  
2024-12-18 11:24:26,468 INFO     ___FILE_ONLY___ and
2024-12-18 11:24:26,468 INFO     ___FILE_ONLY___ 

2024-12-18 11:24:26,468 INFO     ___FILE_ONLY___         
2024-12-18 11:24:26,468 INFO     ___FILE_ONLY___ gcloud
2024-12-18 11:24:26,468 INFO     ___FILE_ONLY___  
2024-12-18 11:24:26,468 INFO     ___FILE_ONLY___ container
2024-12-18 11:24:26,468 INFO     ___FILE_ONLY___  
2024-12-18 11:24:26,468 INFO     ___FILE_ONLY___ clusters
2024-12-18 11:24:26,468 INFO     ___FILE_ONLY___  
2024-12-18 11:24:26,468 INFO     ___FILE_ONLY___ update
2024-12-18 11:24:26,468 INFO     ___FILE_ONLY___  
2024-12-18 11:24:26,468 INFO     ___FILE_ONLY___ to
2024-12-18 11:24:26,468 INFO     ___FILE_ONLY___  
2024-12-18 11:24:26,468 INFO     ___FILE_ONLY___ disable
2024-12-18 11:24:26,468 INFO     ___FILE_ONLY___  
2024-12-18 11:24:26,468 INFO     ___FILE_ONLY___ reconciliation
2024-12-18 11:24:26,468 INFO     ___FILE_ONLY___  
2024-12-18 11:24:26,468 INFO     ___FILE_ONLY___ for
2024-12-18 11:24:26,468 INFO     ___FILE_ONLY___  
2024-12-18 11:24:26,468 INFO     ___FILE_ONLY___ VPC
2024-12-18 11:24:26,468 INFO     ___FILE_ONLY___ 

2024-12-18 11:24:26,468 INFO     ___FILE_ONLY___         
2024-12-18 11:24:26,468 INFO     ___FILE_ONLY___ firewalls
2024-12-18 11:24:26,468 INFO     ___FILE_ONLY___  
2024-12-18 11:24:26,468 INFO     ___FILE_ONLY___ targeting
2024-12-18 11:24:26,468 INFO     ___FILE_ONLY___  
2024-12-18 11:24:26,468 INFO     ___FILE_ONLY___ ingress
2024-12-18 11:24:26,468 INFO     ___FILE_ONLY___  
2024-12-18 11:24:26,468 INFO     ___FILE_ONLY___ traffic
2024-12-18 11:24:26,469 INFO     ___FILE_ONLY___  
2024-12-18 11:24:26,469 INFO     ___FILE_ONLY___ for
2024-12-18 11:24:26,469 INFO     ___FILE_ONLY___  
2024-12-18 11:24:26,469 INFO     ___FILE_ONLY___ L4
2024-12-18 11:24:26,469 INFO     ___FILE_ONLY___  
2024-12-18 11:24:26,469 INFO     ___FILE_ONLY___ Load
2024-12-18 11:24:26,469 INFO     ___FILE_ONLY___  
2024-12-18 11:24:26,469 INFO     ___FILE_ONLY___ Balancer
2024-12-18 11:24:26,469 INFO     ___FILE_ONLY___  
2024-12-18 11:24:26,469 INFO     ___FILE_ONLY___ Services.
2024-12-18 11:24:26,469 INFO     ___FILE_ONLY___ 

2024-12-18 11:24:26,469 INFO     ___FILE_ONLY___       ▪
2024-12-18 11:24:26,469 INFO     ___FILE_ONLY___  
2024-12-18 11:24:26,469 INFO     ___FILE_ONLY___ Updated
2024-12-18 11:24:26,469 INFO     ___FILE_ONLY___  
2024-12-18 11:24:26,469 INFO     ___FILE_ONLY___ default
2024-12-18 11:24:26,469 INFO     ___FILE_ONLY___  
2024-12-18 11:24:26,469 INFO     ___FILE_ONLY___ kubectl
2024-12-18 11:24:26,469 INFO     ___FILE_ONLY___  
2024-12-18 11:24:26,469 INFO     ___FILE_ONLY___ from
2024-12-18 11:24:26,469 INFO     ___FILE_ONLY___  
2024-12-18 11:24:26,469 INFO     ___FILE_ONLY___ 1.30.6
2024-12-18 11:24:26,469 INFO     ___FILE_ONLY___  
2024-12-18 11:24:26,469 INFO     ___FILE_ONLY___ to
2024-12-18 11:24:26,469 INFO     ___FILE_ONLY___  
2024-12-18 11:24:26,469 INFO     ___FILE_ONLY___ 1.30.8.
2024-12-18 11:24:26,469 INFO     ___FILE_ONLY___ 

2024-12-18 11:24:26,469 INFO     ___FILE_ONLY___       ▪
2024-12-18 11:24:26,469 INFO     ___FILE_ONLY___  
2024-12-18 11:24:26,469 INFO     ___FILE_ONLY___ Added
2024-12-18 11:24:26,469 INFO     ___FILE_ONLY___  
2024-12-18 11:24:26,469 INFO     ___FILE_ONLY___ new
2024-12-18 11:24:26,469 INFO     ___FILE_ONLY___  
2024-12-18 11:24:26,469 INFO     ___FILE_ONLY___ kubectl
2024-12-18 11:24:26,469 INFO     ___FILE_ONLY___  
2024-12-18 11:24:26,469 INFO     ___FILE_ONLY___ version
2024-12-18 11:24:26,470 INFO     ___FILE_ONLY___  
2024-12-18 11:24:26,470 INFO     ___FILE_ONLY___ 1.32.0
2024-12-18 11:24:26,470 INFO     ___FILE_ONLY___ 

2024-12-18 11:24:26,470 INFO     ___FILE_ONLY___       ▪
2024-12-18 11:24:26,470 INFO     ___FILE_ONLY___  
2024-12-18 11:24:26,470 INFO     ___FILE_ONLY___ Additional
2024-12-18 11:24:26,470 INFO     ___FILE_ONLY___  
2024-12-18 11:24:26,470 INFO     ___FILE_ONLY___ kubectl
2024-12-18 11:24:26,470 INFO     ___FILE_ONLY___  
2024-12-18 11:24:26,470 INFO     ___FILE_ONLY___ versions:
2024-12-18 11:24:26,470 INFO     ___FILE_ONLY___ 

2024-12-18 11:24:26,470 INFO     ___FILE_ONLY___         ◆
2024-12-18 11:24:26,470 INFO     ___FILE_ONLY___  
2024-12-18 11:24:26,470 INFO     ___FILE_ONLY___ kubectl.1.27
2024-12-18 11:24:26,470 INFO     ___FILE_ONLY___  
2024-12-18 11:24:26,470 INFO     ___FILE_ONLY___ (1.27.16)
2024-12-18 11:24:26,470 INFO     ___FILE_ONLY___ 

2024-12-18 11:24:26,470 INFO     ___FILE_ONLY___         ◆
2024-12-18 11:24:26,470 INFO     ___FILE_ONLY___  
2024-12-18 11:24:26,470 INFO     ___FILE_ONLY___ kubectl.1.28
2024-12-18 11:24:26,470 INFO     ___FILE_ONLY___  
2024-12-18 11:24:26,470 INFO     ___FILE_ONLY___ (1.28.15
2024-12-18 11:24:26,470 INFO     ___FILE_ONLY___ 

2024-12-18 11:24:26,470 INFO     ___FILE_ONLY___         ◆
2024-12-18 11:24:26,470 INFO     ___FILE_ONLY___  
2024-12-18 11:24:26,470 INFO     ___FILE_ONLY___ kubectl.1.29
2024-12-18 11:24:26,470 INFO     ___FILE_ONLY___  
2024-12-18 11:24:26,470 INFO     ___FILE_ONLY___ (1.29.12)
2024-12-18 11:24:26,470 INFO     ___FILE_ONLY___ 

2024-12-18 11:24:26,470 INFO     ___FILE_ONLY___         ◆
2024-12-18 11:24:26,470 INFO     ___FILE_ONLY___  
2024-12-18 11:24:26,470 INFO     ___FILE_ONLY___ kubectl.1.30
2024-12-18 11:24:26,470 INFO     ___FILE_ONLY___  
2024-12-18 11:24:26,471 INFO     ___FILE_ONLY___ (1.30.8)
2024-12-18 11:24:26,471 INFO     ___FILE_ONLY___ 

2024-12-18 11:24:26,471 INFO     ___FILE_ONLY___         ◆
2024-12-18 11:24:26,471 INFO     ___FILE_ONLY___  
2024-12-18 11:24:26,471 INFO     ___FILE_ONLY___ kubectl.1.31
2024-12-18 11:24:26,471 INFO     ___FILE_ONLY___  
2024-12-18 11:24:26,471 INFO     ___FILE_ONLY___ (1.31.4)
2024-12-18 11:24:26,471 INFO     ___FILE_ONLY___ 

2024-12-18 11:24:26,471 INFO     ___FILE_ONLY___         ◆
2024-12-18 11:24:26,471 INFO     ___FILE_ONLY___  
2024-12-18 11:24:26,471 INFO     ___FILE_ONLY___ kubectl.1.32
2024-12-18 11:24:26,471 INFO     ___FILE_ONLY___  
2024-12-18 11:24:26,471 INFO     ___FILE_ONLY___ (1.32.0)
2024-12-18 11:24:26,471 INFO     ___FILE_ONLY___ 

2024-12-18 11:24:26,471 INFO     ___FILE_ONLY___ 

2024-12-18 11:24:26,471 INFO     ___FILE_ONLY___ 
2024-12-18 11:24:26,471 INFO     ___FILE_ONLY___   
2024-12-18 11:24:26,471 INFO     ___FILE_ONLY___ Migrate to Virtual Machines

2024-12-18 11:24:26,471 INFO     ___FILE_ONLY___       ▪
2024-12-18 11:24:26,471 INFO     ___FILE_ONLY___  
2024-12-18 11:24:26,471 INFO     ___FILE_ONLY___ Promoted
2024-12-18 11:24:26,471 INFO     ___FILE_ONLY___  
2024-12-18 11:24:26,471 INFO     ___FILE_ONLY___ gcloud
2024-12-18 11:24:26,471 INFO     ___FILE_ONLY___  
2024-12-18 11:24:26,471 INFO     ___FILE_ONLY___ migration
2024-12-18 11:24:26,471 INFO     ___FILE_ONLY___  
2024-12-18 11:24:26,471 INFO     ___FILE_ONLY___ vms
2024-12-18 11:24:26,471 INFO     ___FILE_ONLY___  
2024-12-18 11:24:26,471 INFO     ___FILE_ONLY___ machine-image-imports
2024-12-18 11:24:26,471 INFO     ___FILE_ONLY___  
2024-12-18 11:24:26,471 INFO     ___FILE_ONLY___ commands
2024-12-18 11:24:26,471 INFO     ___FILE_ONLY___  
2024-12-18 11:24:26,471 INFO     ___FILE_ONLY___ to
2024-12-18 11:24:26,471 INFO     ___FILE_ONLY___  
2024-12-18 11:24:26,471 INFO     ___FILE_ONLY___ GA.
2024-12-18 11:24:26,472 INFO     ___FILE_ONLY___ 

2024-12-18 11:24:26,472 INFO     ___FILE_ONLY___ 

2024-12-18 11:24:26,472 INFO     ___FILE_ONLY___ 
2024-12-18 11:24:26,472 INFO     ___FILE_ONLY___   
2024-12-18 11:24:26,472 INFO     ___FILE_ONLY___ Network Security

2024-12-18 11:24:26,472 INFO     ___FILE_ONLY___       ▪
2024-12-18 11:24:26,472 INFO     ___FILE_ONLY___  
2024-12-18 11:24:26,472 INFO     ___FILE_ONLY___ New
2024-12-18 11:24:26,472 INFO     ___FILE_ONLY___  
2024-12-18 11:24:26,472 INFO     ___FILE_ONLY___ flag
2024-12-18 11:24:26,472 INFO     ___FILE_ONLY___  
2024-12-18 11:24:26,472 INFO     ___FILE_ONLY___ to
2024-12-18 11:24:26,472 INFO     ___FILE_ONLY___  
2024-12-18 11:24:26,472 INFO     ___FILE_ONLY___ add
2024-12-18 11:24:26,472 INFO     ___FILE_ONLY___  
2024-12-18 11:24:26,472 INFO     ___FILE_ONLY___ description
2024-12-18 11:24:26,472 INFO     ___FILE_ONLY___  
2024-12-18 11:24:26,472 INFO     ___FILE_ONLY___ for
2024-12-18 11:24:26,472 INFO     ___FILE_ONLY___  
2024-12-18 11:24:26,472 INFO     ___FILE_ONLY___ Intercept
2024-12-18 11:24:26,472 INFO     ___FILE_ONLY___  
2024-12-18 11:24:26,472 INFO     ___FILE_ONLY___ Endpoint
2024-12-18 11:24:26,472 INFO     ___FILE_ONLY___  
2024-12-18 11:24:26,472 INFO     ___FILE_ONLY___ Group
2024-12-18 11:24:26,472 INFO     ___FILE_ONLY___  
2024-12-18 11:24:26,472 INFO     ___FILE_ONLY___ in
2024-12-18 11:24:26,472 INFO     ___FILE_ONLY___  
2024-12-18 11:24:26,472 INFO     ___FILE_ONLY___ create
2024-12-18 11:24:26,472 INFO     ___FILE_ONLY___ 

2024-12-18 11:24:26,472 INFO     ___FILE_ONLY___         
2024-12-18 11:24:26,472 INFO     ___FILE_ONLY___ and
2024-12-18 11:24:26,472 INFO     ___FILE_ONLY___  
2024-12-18 11:24:26,472 INFO     ___FILE_ONLY___ update
2024-12-18 11:24:26,472 INFO     ___FILE_ONLY___  
2024-12-18 11:24:26,472 INFO     ___FILE_ONLY___ commands.
2024-12-18 11:24:26,473 INFO     ___FILE_ONLY___ 

2024-12-18 11:24:26,473 INFO     ___FILE_ONLY___       ▪
2024-12-18 11:24:26,473 INFO     ___FILE_ONLY___  
2024-12-18 11:24:26,473 INFO     ___FILE_ONLY___ Added
2024-12-18 11:24:26,473 INFO     ___FILE_ONLY___  
2024-12-18 11:24:26,473 INFO     ___FILE_ONLY___ gcloud
2024-12-18 11:24:26,473 INFO     ___FILE_ONLY___  
2024-12-18 11:24:26,473 INFO     ___FILE_ONLY___ network-security
2024-12-18 11:24:26,473 INFO     ___FILE_ONLY___  
2024-12-18 11:24:26,473 INFO     ___FILE_ONLY___ security-profiles
2024-12-18 11:24:26,473 INFO     ___FILE_ONLY___  
2024-12-18 11:24:26,473 INFO     ___FILE_ONLY___ custom-intercept
2024-12-18 11:24:26,473 INFO     ___FILE_ONLY___ 

2024-12-18 11:24:26,473 INFO     ___FILE_ONLY___         
2024-12-18 11:24:26,473 INFO     ___FILE_ONLY___ commands
2024-12-18 11:24:26,473 INFO     ___FILE_ONLY___  
2024-12-18 11:24:26,473 INFO     ___FILE_ONLY___ to
2024-12-18 11:24:26,473 INFO     ___FILE_ONLY___  
2024-12-18 11:24:26,473 INFO     ___FILE_ONLY___ create
2024-12-18 11:24:26,473 INFO     ___FILE_ONLY___  
2024-12-18 11:24:26,473 INFO     ___FILE_ONLY___ Custom
2024-12-18 11:24:26,473 INFO     ___FILE_ONLY___  
2024-12-18 11:24:26,473 INFO     ___FILE_ONLY___ Intercept
2024-12-18 11:24:26,473 INFO     ___FILE_ONLY___  
2024-12-18 11:24:26,473 INFO     ___FILE_ONLY___ Security
2024-12-18 11:24:26,473 INFO     ___FILE_ONLY___  
2024-12-18 11:24:26,473 INFO     ___FILE_ONLY___ Profiles.
2024-12-18 11:24:26,473 INFO     ___FILE_ONLY___ 

2024-12-18 11:24:26,473 INFO     ___FILE_ONLY___       ▪
2024-12-18 11:24:26,473 INFO     ___FILE_ONLY___  
2024-12-18 11:24:26,473 INFO     ___FILE_ONLY___ Added
2024-12-18 11:24:26,474 INFO     ___FILE_ONLY___  
2024-12-18 11:24:26,474 INFO     ___FILE_ONLY___ --custom-intercept-profile
2024-12-18 11:24:26,474 INFO     ___FILE_ONLY___  
2024-12-18 11:24:26,474 INFO     ___FILE_ONLY___ flag
2024-12-18 11:24:26,474 INFO     ___FILE_ONLY___  
2024-12-18 11:24:26,474 INFO     ___FILE_ONLY___ to
2024-12-18 11:24:26,474 INFO     ___FILE_ONLY___  
2024-12-18 11:24:26,474 INFO     ___FILE_ONLY___ gcloud
2024-12-18 11:24:26,474 INFO     ___FILE_ONLY___  
2024-12-18 11:24:26,474 INFO     ___FILE_ONLY___ network-security
2024-12-18 11:24:26,474 INFO     ___FILE_ONLY___ 

2024-12-18 11:24:26,474 INFO     ___FILE_ONLY___         
2024-12-18 11:24:26,474 INFO     ___FILE_ONLY___ security-profile-groups
2024-12-18 11:24:26,474 INFO     ___FILE_ONLY___  
2024-12-18 11:24:26,474 INFO     ___FILE_ONLY___ create
2024-12-18 11:24:26,474 INFO     ___FILE_ONLY___  
2024-12-18 11:24:26,474 INFO     ___FILE_ONLY___ to
2024-12-18 11:24:26,474 INFO     ___FILE_ONLY___  
2024-12-18 11:24:26,474 INFO     ___FILE_ONLY___ associate
2024-12-18 11:24:26,474 INFO     ___FILE_ONLY___  
2024-12-18 11:24:26,474 INFO     ___FILE_ONLY___ a
2024-12-18 11:24:26,474 INFO     ___FILE_ONLY___  
2024-12-18 11:24:26,474 INFO     ___FILE_ONLY___ Custom
2024-12-18 11:24:26,474 INFO     ___FILE_ONLY___  
2024-12-18 11:24:26,474 INFO     ___FILE_ONLY___ Intercept
2024-12-18 11:24:26,474 INFO     ___FILE_ONLY___  
2024-12-18 11:24:26,474 INFO     ___FILE_ONLY___ SP
2024-12-18 11:24:26,474 INFO     ___FILE_ONLY___  
2024-12-18 11:24:26,474 INFO     ___FILE_ONLY___ to
2024-12-18 11:24:26,474 INFO     ___FILE_ONLY___  
2024-12-18 11:24:26,474 INFO     ___FILE_ONLY___ an
2024-12-18 11:24:26,474 INFO     ___FILE_ONLY___ 

2024-12-18 11:24:26,474 INFO     ___FILE_ONLY___         
2024-12-18 11:24:26,474 INFO     ___FILE_ONLY___ SPG.
2024-12-18 11:24:26,474 INFO     ___FILE_ONLY___ 

2024-12-18 11:24:26,475 INFO     ___FILE_ONLY___ 

2024-12-18 11:24:26,475 INFO     ___FILE_ONLY___ 
2024-12-18 11:24:26,475 INFO     ___FILE_ONLY___   
2024-12-18 11:24:26,475 INFO     ___FILE_ONLY___ Network Services

2024-12-18 11:24:26,475 INFO     ___FILE_ONLY___       ▪
2024-12-18 11:24:26,475 INFO     ___FILE_ONLY___  
2024-12-18 11:24:26,475 INFO     ___FILE_ONLY___ Added
2024-12-18 11:24:26,475 INFO     ___FILE_ONLY___  
2024-12-18 11:24:26,475 INFO     ___FILE_ONLY___ gcloud
2024-12-18 11:24:26,475 INFO     ___FILE_ONLY___  
2024-12-18 11:24:26,475 INFO     ___FILE_ONLY___ network-services
2024-12-18 11:24:26,475 INFO     ___FILE_ONLY___  
2024-12-18 11:24:26,475 INFO     ___FILE_ONLY___ route-views
2024-12-18 11:24:26,475 INFO     ___FILE_ONLY___  
2024-12-18 11:24:26,475 INFO     ___FILE_ONLY___ list.
2024-12-18 11:24:26,475 INFO     ___FILE_ONLY___ 

2024-12-18 11:24:26,475 INFO     ___FILE_ONLY___ 

2024-12-18 11:24:26,475 INFO     ___FILE_ONLY___       ▪
2024-12-18 11:24:26,475 INFO     ___FILE_ONLY___  
2024-12-18 11:24:26,475 INFO     ___FILE_ONLY___ Added
2024-12-18 11:24:26,475 INFO     ___FILE_ONLY___  
2024-12-18 11:24:26,475 INFO     ___FILE_ONLY___ gcloud
2024-12-18 11:24:26,475 INFO     ___FILE_ONLY___  
2024-12-18 11:24:26,475 INFO     ___FILE_ONLY___ network-services
2024-12-18 11:24:26,475 INFO     ___FILE_ONLY___  
2024-12-18 11:24:26,475 INFO     ___FILE_ONLY___ route-views
2024-12-18 11:24:26,475 INFO     ___FILE_ONLY___  
2024-12-18 11:24:26,476 INFO     ___FILE_ONLY___ describe.
2024-12-18 11:24:26,476 INFO     ___FILE_ONLY___ 

2024-12-18 11:24:26,476 INFO     ___FILE_ONLY___ 

2024-12-18 11:24:26,476 INFO     ___FILE_ONLY___ 
2024-12-18 11:24:26,476 INFO     ___FILE_ONLY___   
2024-12-18 11:24:26,476 INFO     ___FILE_ONLY___ Service Extensions

2024-12-18 11:24:26,476 INFO     ___FILE_ONLY___       ▪
2024-12-18 11:24:26,476 INFO     ___FILE_ONLY___  
2024-12-18 11:24:26,476 INFO     ___FILE_ONLY___ Added
2024-12-18 11:24:26,476 INFO     ___FILE_ONLY___  
2024-12-18 11:24:26,476 INFO     ___FILE_ONLY___ per
2024-12-18 11:24:26,476 INFO     ___FILE_ONLY___  
2024-12-18 11:24:26,476 INFO     ___FILE_ONLY___ extension
2024-12-18 11:24:26,476 INFO     ___FILE_ONLY___  
2024-12-18 11:24:26,476 INFO     ___FILE_ONLY___ metadata
2024-12-18 11:24:26,476 INFO     ___FILE_ONLY___  
2024-12-18 11:24:26,476 INFO     ___FILE_ONLY___ field
2024-12-18 11:24:26,476 INFO     ___FILE_ONLY___  
2024-12-18 11:24:26,476 INFO     ___FILE_ONLY___ to
2024-12-18 11:24:26,476 INFO     ___FILE_ONLY___  
2024-12-18 11:24:26,476 INFO     ___FILE_ONLY___ the
2024-12-18 11:24:26,476 INFO     ___FILE_ONLY___  
2024-12-18 11:24:26,476 INFO     ___FILE_ONLY___ DEP
2024-12-18 11:24:26,476 INFO     ___FILE_ONLY___  
2024-12-18 11:24:26,476 INFO     ___FILE_ONLY___ extensions.
2024-12-18 11:24:26,476 INFO     ___FILE_ONLY___ 

2024-12-18 11:24:26,476 INFO     ___FILE_ONLY___ 

2024-12-18 11:24:26,476 INFO     ___FILE_ONLY___    
2024-12-18 11:24:26,476 INFO     ___FILE_ONLY___  
2024-12-18 11:24:26,476 INFO     ___FILE_ONLY___ Subscribe
2024-12-18 11:24:26,476 INFO     ___FILE_ONLY___  
2024-12-18 11:24:26,476 INFO     ___FILE_ONLY___ to
2024-12-18 11:24:26,476 INFO     ___FILE_ONLY___  
2024-12-18 11:24:26,476 INFO     ___FILE_ONLY___ these
2024-12-18 11:24:26,476 INFO     ___FILE_ONLY___  
2024-12-18 11:24:26,476 INFO     ___FILE_ONLY___ release
2024-12-18 11:24:26,476 INFO     ___FILE_ONLY___  
2024-12-18 11:24:26,477 INFO     ___FILE_ONLY___ notes
2024-12-18 11:24:26,477 INFO     ___FILE_ONLY___  
2024-12-18 11:24:26,477 INFO     ___FILE_ONLY___ at
2024-12-18 11:24:26,477 INFO     ___FILE_ONLY___ 

2024-12-18 11:24:26,477 INFO     ___FILE_ONLY___     
2024-12-18 11:24:26,477 INFO     ___FILE_ONLY___ https://groups.google.com/forum/#!forum/google-cloud-sdk-announce
2024-12-18 11:24:26,477 INFO     ___FILE_ONLY___ 

2024-12-18 11:24:26,477 INFO     ___FILE_ONLY___     
2024-12-18 11:24:26,477 INFO     ___FILE_ONLY___ (https://groups.google.com/forum/#!forum/google-cloud-sdk-announce).
2024-12-18 11:24:26,477 INFO     ___FILE_ONLY___ 

2024-12-18 11:24:26,477 INFO     ___FILE_ONLY___ 
2024-12-18 11:24:26,477 INFO     ___FILE_ONLY___ 

2024-12-18 11:24:26,477 INFO     ___FILE_ONLY___ Performing in place update...


2024-12-18 11:24:26,477 INFO     ___FILE_ONLY___ ╔════════════════════════════════════════════════════════════╗

2024-12-18 11:24:26,477 INFO     ___FILE_ONLY___ ╠═ Downloading: BigQuery Command Line Tool                  ═╣

2024-12-18 11:24:26,477 INFO     ___FILE_ONLY___ ╚
2024-12-18 11:24:26,480 DEBUG    urllib3.connectionpool Starting new HTTPS connection (1): dl.google.com:443
2024-12-18 11:24:26,572 DEBUG    urllib3.connectionpool https://dl.google.com:443 "GET /dl/cloudsdk/channels/rapid/components/google-cloud-sdk-bq-20241213184646.tar.gz HTTP/1.1" 200 1828274
2024-12-18 11:24:26,738 INFO     ___FILE_ONLY___ ═
2024-12-18 11:24:26,738 INFO     ___FILE_ONLY___ ═
2024-12-18 11:24:26,738 INFO     ___FILE_ONLY___ ═
2024-12-18 11:24:26,738 INFO     ___FILE_ONLY___ ═
2024-12-18 11:24:26,739 INFO     ___FILE_ONLY___ ═
2024-12-18 11:24:26,739 INFO     ___FILE_ONLY___ ═
2024-12-18 11:24:26,739 INFO     ___FILE_ONLY___ ═
2024-12-18 11:24:26,739 INFO     ___FILE_ONLY___ ═
2024-12-18 11:24:26,739 INFO     ___FILE_ONLY___ ═
2024-12-18 11:24:26,739 INFO     ___FILE_ONLY___ ═
2024-12-18 11:24:26,739 INFO     ___FILE_ONLY___ ═
2024-12-18 11:24:26,739 INFO     ___FILE_ONLY___ ═
2024-12-18 11:24:26,739 INFO     ___FILE_ONLY___ ═
2024-12-18 11:24:26,739 INFO     ___FILE_ONLY___ ═
2024-12-18 11:24:26,740 INFO     ___FILE_ONLY___ ═
2024-12-18 11:24:26,740 INFO     ___FILE_ONLY___ ═
2024-12-18 11:24:26,740 INFO     ___FILE_ONLY___ ═
2024-12-18 11:24:26,740 INFO     ___FILE_ONLY___ ═
2024-12-18 11:24:26,740 INFO     ___FILE_ONLY___ ═
2024-12-18 11:24:26,740 INFO     ___FILE_ONLY___ ═
2024-12-18 11:24:26,740 INFO     ___FILE_ONLY___ ═
2024-12-18 11:24:26,740 INFO     ___FILE_ONLY___ ═
2024-12-18 11:24:26,741 INFO     ___FILE_ONLY___ ═
2024-12-18 11:24:26,741 INFO     ___FILE_ONLY___ ═
2024-12-18 11:24:26,741 INFO     ___FILE_ONLY___ ═
2024-12-18 11:24:26,742 INFO     ___FILE_ONLY___ ═
2024-12-18 11:24:26,742 INFO     ___FILE_ONLY___ ═
2024-12-18 11:24:26,742 INFO     ___FILE_ONLY___ ═
2024-12-18 11:24:26,742 INFO     ___FILE_ONLY___ ═
2024-12-18 11:24:26,742 INFO     ___FILE_ONLY___ ═
2024-12-18 11:24:26,742 INFO     ___FILE_ONLY___ ═
2024-12-18 11:24:26,742 INFO     ___FILE_ONLY___ ═
2024-12-18 11:24:26,742 INFO     ___FILE_ONLY___ ═
2024-12-18 11:24:26,743 INFO     ___FILE_ONLY___ ═
2024-12-18 11:24:26,743 INFO     ___FILE_ONLY___ ═
2024-12-18 11:24:26,743 INFO     ___FILE_ONLY___ ═
2024-12-18 11:24:26,743 INFO     ___FILE_ONLY___ ═
2024-12-18 11:24:26,743 INFO     ___FILE_ONLY___ ═
2024-12-18 11:24:26,743 INFO     ___FILE_ONLY___ ═
2024-12-18 11:24:26,743 INFO     ___FILE_ONLY___ ═
2024-12-18 11:24:26,743 INFO     ___FILE_ONLY___ ═
2024-12-18 11:24:26,744 INFO     ___FILE_ONLY___ ═
2024-12-18 11:24:26,744 INFO     ___FILE_ONLY___ ═
2024-12-18 11:24:26,744 INFO     ___FILE_ONLY___ ═
2024-12-18 11:24:26,744 INFO     ___FILE_ONLY___ ═
2024-12-18 11:24:26,744 INFO     ___FILE_ONLY___ ═
2024-12-18 11:24:26,744 INFO     ___FILE_ONLY___ ═
2024-12-18 11:24:26,744 INFO     ___FILE_ONLY___ ═
2024-12-18 11:24:26,744 INFO     ___FILE_ONLY___ ═
2024-12-18 11:24:26,745 INFO     ___FILE_ONLY___ ═
2024-12-18 11:24:26,745 INFO     ___FILE_ONLY___ ═
2024-12-18 11:24:26,745 INFO     ___FILE_ONLY___ ═
2024-12-18 11:24:26,745 INFO     ___FILE_ONLY___ ═
2024-12-18 11:24:26,745 INFO     ___FILE_ONLY___ ═
2024-12-18 11:24:26,745 INFO     ___FILE_ONLY___ ═
2024-12-18 11:24:26,745 INFO     ___FILE_ONLY___ ═
2024-12-18 11:24:26,745 INFO     ___FILE_ONLY___ ═
2024-12-18 11:24:26,746 INFO     ___FILE_ONLY___ ═
2024-12-18 11:24:26,746 INFO     ___FILE_ONLY___ ═
2024-12-18 11:24:26,746 INFO     ___FILE_ONLY___ ═
2024-12-18 11:24:26,746 INFO     ___FILE_ONLY___ ╝
2024-12-18 11:24:26,750 INFO     ___FILE_ONLY___ ╠════════════════════════════════════════════════════════════╣

2024-12-18 11:24:26,750 INFO     ___FILE_ONLY___ ╠═ Downloading: Cloud Storage Command Line Tool             ═╣

2024-12-18 11:24:26,750 INFO     ___FILE_ONLY___ ╚
2024-12-18 11:24:26,756 DEBUG    urllib3.connectionpool Starting new HTTPS connection (1): dl.google.com:443
2024-12-18 11:24:26,871 DEBUG    urllib3.connectionpool https://dl.google.com:443 "GET /dl/cloudsdk/channels/rapid/components/google-cloud-sdk-gsutil-20241213184646.tar.gz HTTP/1.1" 200 12368759
2024-12-18 11:24:27,626 INFO     ___FILE_ONLY___ ═
2024-12-18 11:24:27,628 INFO     ___FILE_ONLY___ ═
2024-12-18 11:24:27,628 INFO     ___FILE_ONLY___ ═
2024-12-18 11:24:27,628 INFO     ___FILE_ONLY___ ═
2024-12-18 11:24:27,629 INFO     ___FILE_ONLY___ ═
2024-12-18 11:24:27,629 INFO     ___FILE_ONLY___ ═
2024-12-18 11:24:27,630 INFO     ___FILE_ONLY___ ═
2024-12-18 11:24:27,630 INFO     ___FILE_ONLY___ ═
2024-12-18 11:24:27,631 INFO     ___FILE_ONLY___ ═
2024-12-18 11:24:27,632 INFO     ___FILE_ONLY___ ═
2024-12-18 11:24:27,632 INFO     ___FILE_ONLY___ ═
2024-12-18 11:24:27,633 INFO     ___FILE_ONLY___ ═
2024-12-18 11:24:27,634 INFO     ___FILE_ONLY___ ═
2024-12-18 11:24:27,634 INFO     ___FILE_ONLY___ ═
2024-12-18 11:24:27,635 INFO     ___FILE_ONLY___ ═
2024-12-18 11:24:27,635 INFO     ___FILE_ONLY___ ═
2024-12-18 11:24:27,642 INFO     ___FILE_ONLY___ ═
2024-12-18 11:24:27,643 INFO     ___FILE_ONLY___ ═
2024-12-18 11:24:27,643 INFO     ___FILE_ONLY___ ═
2024-12-18 11:24:27,644 INFO     ___FILE_ONLY___ ═
2024-12-18 11:24:27,644 INFO     ___FILE_ONLY___ ═
2024-12-18 11:24:27,645 INFO     ___FILE_ONLY___ ═
2024-12-18 11:24:27,645 INFO     ___FILE_ONLY___ ═
2024-12-18 11:24:27,646 INFO     ___FILE_ONLY___ ═
2024-12-18 11:24:27,646 INFO     ___FILE_ONLY___ ═
2024-12-18 11:24:27,646 INFO     ___FILE_ONLY___ ═
2024-12-18 11:24:27,647 INFO     ___FILE_ONLY___ ═
2024-12-18 11:24:27,649 INFO     ___FILE_ONLY___ ═
2024-12-18 11:24:27,651 INFO     ___FILE_ONLY___ ═
2024-12-18 11:24:27,652 INFO     ___FILE_ONLY___ ═
2024-12-18 11:24:27,653 INFO     ___FILE_ONLY___ ═
2024-12-18 11:24:27,653 INFO     ___FILE_ONLY___ ═
2024-12-18 11:24:27,654 INFO     ___FILE_ONLY___ ═
2024-12-18 11:24:27,654 INFO     ___FILE_ONLY___ ═
2024-12-18 11:24:27,655 INFO     ___FILE_ONLY___ ═
2024-12-18 11:24:27,655 INFO     ___FILE_ONLY___ ═
2024-12-18 11:24:27,656 INFO     ___FILE_ONLY___ ═
2024-12-18 11:24:27,656 INFO     ___FILE_ONLY___ ═
2024-12-18 11:24:27,656 INFO     ___FILE_ONLY___ ═
2024-12-18 11:24:27,657 INFO     ___FILE_ONLY___ ═
2024-12-18 11:24:27,669 INFO     ___FILE_ONLY___ ═
2024-12-18 11:24:27,669 INFO     ___FILE_ONLY___ ═
2024-12-18 11:24:27,669 INFO     ___FILE_ONLY___ ═
2024-12-18 11:24:27,670 INFO     ___FILE_ONLY___ ═
2024-12-18 11:24:27,670 INFO     ___FILE_ONLY___ ═
2024-12-18 11:24:27,670 INFO     ___FILE_ONLY___ ═
2024-12-18 11:24:27,670 INFO     ___FILE_ONLY___ ═
2024-12-18 11:24:27,670 INFO     ___FILE_ONLY___ ═
2024-12-18 11:24:27,671 INFO     ___FILE_ONLY___ ═
2024-12-18 11:24:27,671 INFO     ___FILE_ONLY___ ═
2024-12-18 11:24:27,671 INFO     ___FILE_ONLY___ ═
2024-12-18 11:24:27,672 INFO     ___FILE_ONLY___ ═
2024-12-18 11:24:27,672 INFO     ___FILE_ONLY___ ═
2024-12-18 11:24:27,672 INFO     ___FILE_ONLY___ ═
2024-12-18 11:24:27,672 INFO     ___FILE_ONLY___ ═
2024-12-18 11:24:27,673 INFO     ___FILE_ONLY___ ═
2024-12-18 11:24:27,673 INFO     ___FILE_ONLY___ ═
2024-12-18 11:24:27,673 INFO     ___FILE_ONLY___ ═
2024-12-18 11:24:27,673 INFO     ___FILE_ONLY___ ═
2024-12-18 11:24:27,674 INFO     ___FILE_ONLY___ ═
2024-12-18 11:24:27,674 INFO     ___FILE_ONLY___ ╝
2024-12-18 11:24:27,678 INFO     ___FILE_ONLY___ ╠════════════════════════════════════════════════════════════╣

2024-12-18 11:24:27,678 INFO     ___FILE_ONLY___ ╠═ Downloading: Google Cloud CLI Core Libraries             ═╣

2024-12-18 11:24:27,678 INFO     ___FILE_ONLY___ ╚
2024-12-18 11:24:27,682 DEBUG    urllib3.connectionpool Starting new HTTPS connection (1): dl.google.com:443
2024-12-18 11:24:27,921 DEBUG    urllib3.connectionpool https://dl.google.com:443 "GET /dl/cloudsdk/channels/rapid/components/google-cloud-sdk-core-20241213184646.tar.gz HTTP/1.1" 200 21479965
2024-12-18 11:24:29,427 INFO     ___FILE_ONLY___ ═
2024-12-18 11:24:29,429 INFO     ___FILE_ONLY___ ═
2024-12-18 11:24:29,429 INFO     ___FILE_ONLY___ ═
2024-12-18 11:24:29,430 INFO     ___FILE_ONLY___ ═
2024-12-18 11:24:29,430 INFO     ___FILE_ONLY___ ═
2024-12-18 11:24:29,431 INFO     ___FILE_ONLY___ ═
2024-12-18 11:24:29,432 INFO     ___FILE_ONLY___ ═
2024-12-18 11:24:29,432 INFO     ___FILE_ONLY___ ═
2024-12-18 11:24:29,433 INFO     ___FILE_ONLY___ ═
2024-12-18 11:24:29,434 INFO     ___FILE_ONLY___ ═
2024-12-18 11:24:29,434 INFO     ___FILE_ONLY___ ═
2024-12-18 11:24:29,435 INFO     ___FILE_ONLY___ ═
2024-12-18 11:24:29,435 INFO     ___FILE_ONLY___ ═
2024-12-18 11:24:29,436 INFO     ___FILE_ONLY___ ═
2024-12-18 11:24:29,436 INFO     ___FILE_ONLY___ ═
2024-12-18 11:24:29,437 INFO     ___FILE_ONLY___ ═
2024-12-18 11:24:29,437 INFO     ___FILE_ONLY___ ═
2024-12-18 11:24:29,438 INFO     ___FILE_ONLY___ ═
2024-12-18 11:24:29,438 INFO     ___FILE_ONLY___ ═
2024-12-18 11:24:29,439 INFO     ___FILE_ONLY___ ═
2024-12-18 11:24:29,439 INFO     ___FILE_ONLY___ ═
2024-12-18 11:24:29,440 INFO     ___FILE_ONLY___ ═
2024-12-18 11:24:29,440 INFO     ___FILE_ONLY___ ═
2024-12-18 11:24:29,451 INFO     ___FILE_ONLY___ ═
2024-12-18 11:24:29,452 INFO     ___FILE_ONLY___ ═
2024-12-18 11:24:29,452 INFO     ___FILE_ONLY___ ═
2024-12-18 11:24:29,452 INFO     ___FILE_ONLY___ ═
2024-12-18 11:24:29,453 INFO     ___FILE_ONLY___ ═
2024-12-18 11:24:29,453 INFO     ___FILE_ONLY___ ═
2024-12-18 11:24:29,454 INFO     ___FILE_ONLY___ ═
2024-12-18 11:24:29,454 INFO     ___FILE_ONLY___ ═
2024-12-18 11:24:29,454 INFO     ___FILE_ONLY___ ═
2024-12-18 11:24:29,455 INFO     ___FILE_ONLY___ ═
2024-12-18 11:24:29,455 INFO     ___FILE_ONLY___ ═
2024-12-18 11:24:29,456 INFO     ___FILE_ONLY___ ═
2024-12-18 11:24:29,456 INFO     ___FILE_ONLY___ ═
2024-12-18 11:24:29,456 INFO     ___FILE_ONLY___ ═
2024-12-18 11:24:29,457 INFO     ___FILE_ONLY___ ═
2024-12-18 11:24:29,457 INFO     ___FILE_ONLY___ ═
2024-12-18 11:24:29,457 INFO     ___FILE_ONLY___ ═
2024-12-18 11:24:29,458 INFO     ___FILE_ONLY___ ═
2024-12-18 11:24:29,458 INFO     ___FILE_ONLY___ ═
2024-12-18 11:24:29,458 INFO     ___FILE_ONLY___ ═
2024-12-18 11:24:29,459 INFO     ___FILE_ONLY___ ═
2024-12-18 11:24:29,459 INFO     ___FILE_ONLY___ ═
2024-12-18 11:24:29,460 INFO     ___FILE_ONLY___ ═
2024-12-18 11:24:29,469 INFO     ___FILE_ONLY___ ═
2024-12-18 11:24:29,470 INFO     ___FILE_ONLY___ ═
2024-12-18 11:24:29,470 INFO     ___FILE_ONLY___ ═
2024-12-18 11:24:29,471 INFO     ___FILE_ONLY___ ═
2024-12-18 11:24:29,471 INFO     ___FILE_ONLY___ ═
2024-12-18 11:24:29,471 INFO     ___FILE_ONLY___ ═
2024-12-18 11:24:29,472 INFO     ___FILE_ONLY___ ═
2024-12-18 11:24:29,472 INFO     ___FILE_ONLY___ ═
2024-12-18 11:24:29,473 INFO     ___FILE_ONLY___ ═
2024-12-18 11:24:29,473 INFO     ___FILE_ONLY___ ═
2024-12-18 11:24:29,473 INFO     ___FILE_ONLY___ ═
2024-12-18 11:24:29,474 INFO     ___FILE_ONLY___ ═
2024-12-18 11:24:29,474 INFO     ___FILE_ONLY___ ═
2024-12-18 11:24:29,474 INFO     ___FILE_ONLY___ ═
2024-12-18 11:24:29,474 INFO     ___FILE_ONLY___ ╝
2024-12-18 11:24:29,480 INFO     ___FILE_ONLY___ ╠════════════════════════════════════════════════════════════╣

2024-12-18 11:24:29,480 INFO     ___FILE_ONLY___ ╠═ Uninstalling: BigQuery Command Line Tool                 ═╣

2024-12-18 11:24:29,480 INFO     ___FILE_ONLY___ ╚
2024-12-18 11:24:29,483 INFO     ___FILE_ONLY___ ═
2024-12-18 11:24:29,485 INFO     ___FILE_ONLY___ ═
2024-12-18 11:24:29,485 INFO     ___FILE_ONLY___ ═
2024-12-18 11:24:29,486 INFO     ___FILE_ONLY___ ═
2024-12-18 11:24:29,487 INFO     ___FILE_ONLY___ ═
2024-12-18 11:24:29,488 INFO     ___FILE_ONLY___ ═
2024-12-18 11:24:29,489 INFO     ___FILE_ONLY___ ═
2024-12-18 11:24:29,490 INFO     ___FILE_ONLY___ ═
2024-12-18 11:24:29,491 INFO     ___FILE_ONLY___ ═
2024-12-18 11:24:29,491 INFO     ___FILE_ONLY___ ═
2024-12-18 11:24:29,492 INFO     ___FILE_ONLY___ ═
2024-12-18 11:24:29,493 INFO     ___FILE_ONLY___ ═
2024-12-18 11:24:29,494 INFO     ___FILE_ONLY___ ═
2024-12-18 11:24:29,495 INFO     ___FILE_ONLY___ ═
2024-12-18 11:24:29,495 INFO     ___FILE_ONLY___ ═
2024-12-18 11:24:29,496 INFO     ___FILE_ONLY___ ═
2024-12-18 11:24:29,497 INFO     ___FILE_ONLY___ ═
2024-12-18 11:24:29,498 INFO     ___FILE_ONLY___ ═
2024-12-18 11:24:29,498 INFO     ___FILE_ONLY___ ═
2024-12-18 11:24:29,499 INFO     ___FILE_ONLY___ ═
2024-12-18 11:24:29,500 INFO     ___FILE_ONLY___ ═
2024-12-18 11:24:29,500 INFO     ___FILE_ONLY___ ═
2024-12-18 11:24:29,501 INFO     ___FILE_ONLY___ ═
2024-12-18 11:24:29,501 INFO     ___FILE_ONLY___ ═
2024-12-18 11:24:29,502 INFO     ___FILE_ONLY___ ═
2024-12-18 11:24:29,503 INFO     ___FILE_ONLY___ ═
2024-12-18 11:24:29,503 INFO     ___FILE_ONLY___ ═
2024-12-18 11:24:29,503 INFO     ___FILE_ONLY___ ═
2024-12-18 11:24:29,504 INFO     ___FILE_ONLY___ ═
2024-12-18 11:24:29,504 INFO     ___FILE_ONLY___ ═
2024-12-18 11:24:29,505 INFO     ___FILE_ONLY___ ═
2024-12-18 11:24:29,506 INFO     ___FILE_ONLY___ ═
2024-12-18 11:24:29,506 INFO     ___FILE_ONLY___ ═
2024-12-18 11:24:29,507 INFO     ___FILE_ONLY___ ═
2024-12-18 11:24:29,508 INFO     ___FILE_ONLY___ ═
2024-12-18 11:24:29,508 INFO     ___FILE_ONLY___ ═
2024-12-18 11:24:29,509 INFO     ___FILE_ONLY___ ═
2024-12-18 11:24:29,510 INFO     ___FILE_ONLY___ ═
2024-12-18 11:24:29,510 INFO     ___FILE_ONLY___ ═
2024-12-18 11:24:29,511 INFO     ___FILE_ONLY___ ═
2024-12-18 11:24:29,511 INFO     ___FILE_ONLY___ ═
2024-12-18 11:24:29,512 INFO     ___FILE_ONLY___ ═
2024-12-18 11:24:29,513 INFO     ___FILE_ONLY___ ═
2024-12-18 11:24:29,513 INFO     ___FILE_ONLY___ ═
2024-12-18 11:24:29,514 INFO     ___FILE_ONLY___ ═
2024-12-18 11:24:29,514 INFO     ___FILE_ONLY___ ═
2024-12-18 11:24:29,515 INFO     ___FILE_ONLY___ ═
2024-12-18 11:24:29,515 INFO     ___FILE_ONLY___ ═
2024-12-18 11:24:29,516 INFO     ___FILE_ONLY___ ═
2024-12-18 11:24:29,517 INFO     ___FILE_ONLY___ ═
2024-12-18 11:24:29,517 INFO     ___FILE_ONLY___ ═
2024-12-18 11:24:29,518 INFO     ___FILE_ONLY___ ═
2024-12-18 11:24:29,518 INFO     ___FILE_ONLY___ ═
2024-12-18 11:24:29,519 INFO     ___FILE_ONLY___ ═
2024-12-18 11:24:29,519 INFO     ___FILE_ONLY___ ═
2024-12-18 11:24:29,520 INFO     ___FILE_ONLY___ ═
2024-12-18 11:24:29,520 INFO     ___FILE_ONLY___ ═
2024-12-18 11:24:29,521 INFO     ___FILE_ONLY___ ═
2024-12-18 11:24:29,522 INFO     ___FILE_ONLY___ ═
2024-12-18 11:24:29,522 INFO     ___FILE_ONLY___ ═
2024-12-18 11:24:29,522 INFO     ___FILE_ONLY___ ╝
2024-12-18 11:24:29,558 INFO     ___FILE_ONLY___ ╠════════════════════════════════════════════════════════════╣

2024-12-18 11:24:29,558 INFO     ___FILE_ONLY___ ╠═ Uninstalling: Cloud Storage Command Line Tool            ═╣

2024-12-18 11:24:29,558 INFO     ___FILE_ONLY___ ╚
2024-12-18 11:24:29,564 INFO     ___FILE_ONLY___ ═
2024-12-18 11:24:29,568 INFO     ___FILE_ONLY___ ═
2024-12-18 11:24:29,571 INFO     ___FILE_ONLY___ ═
2024-12-18 11:24:29,575 INFO     ___FILE_ONLY___ ═
2024-12-18 11:24:29,578 INFO     ___FILE_ONLY___ ═
2024-12-18 11:24:29,583 INFO     ___FILE_ONLY___ ═
2024-12-18 11:24:29,588 INFO     ___FILE_ONLY___ ═
2024-12-18 11:24:29,592 INFO     ___FILE_ONLY___ ═
2024-12-18 11:24:29,596 INFO     ___FILE_ONLY___ ═
2024-12-18 11:24:29,599 INFO     ___FILE_ONLY___ ═
2024-12-18 11:24:29,603 INFO     ___FILE_ONLY___ ═
2024-12-18 11:24:29,607 INFO     ___FILE_ONLY___ ═
2024-12-18 11:24:29,610 INFO     ___FILE_ONLY___ ═
2024-12-18 11:24:29,614 INFO     ___FILE_ONLY___ ═
2024-12-18 11:24:29,617 INFO     ___FILE_ONLY___ ═
2024-12-18 11:24:29,621 INFO     ___FILE_ONLY___ ═
2024-12-18 11:24:29,624 INFO     ___FILE_ONLY___ ═
2024-12-18 11:24:29,627 INFO     ___FILE_ONLY___ ═
2024-12-18 11:24:29,631 INFO     ___FILE_ONLY___ ═
2024-12-18 11:24:29,635 INFO     ___FILE_ONLY___ ═
2024-12-18 11:24:29,639 INFO     ___FILE_ONLY___ ═
2024-12-18 11:24:29,643 INFO     ___FILE_ONLY___ ═
2024-12-18 11:24:29,648 INFO     ___FILE_ONLY___ ═
2024-12-18 11:24:29,651 INFO     ___FILE_ONLY___ ═
2024-12-18 11:24:29,655 INFO     ___FILE_ONLY___ ═
2024-12-18 11:24:29,659 INFO     ___FILE_ONLY___ ═
2024-12-18 11:24:29,663 INFO     ___FILE_ONLY___ ═
2024-12-18 11:24:29,666 INFO     ___FILE_ONLY___ ═
2024-12-18 11:24:29,669 INFO     ___FILE_ONLY___ ═
2024-12-18 11:24:29,673 INFO     ___FILE_ONLY___ ═
2024-12-18 11:24:29,676 INFO     ___FILE_ONLY___ ═
2024-12-18 11:24:29,679 INFO     ___FILE_ONLY___ ═
2024-12-18 11:24:29,683 INFO     ___FILE_ONLY___ ═
2024-12-18 11:24:29,686 INFO     ___FILE_ONLY___ ═
2024-12-18 11:24:29,689 INFO     ___FILE_ONLY___ ═
2024-12-18 11:24:29,693 INFO     ___FILE_ONLY___ ═
2024-12-18 11:24:29,697 INFO     ___FILE_ONLY___ ═
2024-12-18 11:24:29,700 INFO     ___FILE_ONLY___ ═
2024-12-18 11:24:29,704 INFO     ___FILE_ONLY___ ═
2024-12-18 11:24:29,708 INFO     ___FILE_ONLY___ ═
2024-12-18 11:24:29,711 INFO     ___FILE_ONLY___ ═
2024-12-18 11:24:29,715 INFO     ___FILE_ONLY___ ═
2024-12-18 11:24:29,719 INFO     ___FILE_ONLY___ ═
2024-12-18 11:24:29,723 INFO     ___FILE_ONLY___ ═
2024-12-18 11:24:29,726 INFO     ___FILE_ONLY___ ═
2024-12-18 11:24:29,730 INFO     ___FILE_ONLY___ ═
2024-12-18 11:24:29,734 INFO     ___FILE_ONLY___ ═
2024-12-18 11:24:29,737 INFO     ___FILE_ONLY___ ═
2024-12-18 11:24:29,740 INFO     ___FILE_ONLY___ ═
2024-12-18 11:24:29,743 INFO     ___FILE_ONLY___ ═
2024-12-18 11:24:29,747 INFO     ___FILE_ONLY___ ═
2024-12-18 11:24:29,750 INFO     ___FILE_ONLY___ ═
2024-12-18 11:24:29,754 INFO     ___FILE_ONLY___ ═
2024-12-18 11:24:29,757 INFO     ___FILE_ONLY___ ═
2024-12-18 11:24:29,761 INFO     ___FILE_ONLY___ ═
2024-12-18 11:24:29,764 INFO     ___FILE_ONLY___ ═
2024-12-18 11:24:29,768 INFO     ___FILE_ONLY___ ═
2024-12-18 11:24:29,771 INFO     ___FILE_ONLY___ ═
2024-12-18 11:24:29,774 INFO     ___FILE_ONLY___ ═
2024-12-18 11:24:29,778 INFO     ___FILE_ONLY___ ═
2024-12-18 11:24:29,778 INFO     ___FILE_ONLY___ ╝
2024-12-18 11:24:29,899 INFO     ___FILE_ONLY___ ╠════════════════════════════════════════════════════════════╣

2024-12-18 11:24:29,899 INFO     ___FILE_ONLY___ ╠═ Uninstalling: Google Cloud CLI Core Libraries            ═╣

2024-12-18 11:24:29,899 INFO     ___FILE_ONLY___ ╚
2024-12-18 11:24:29,917 INFO     ___FILE_ONLY___ ═
2024-12-18 11:24:29,935 INFO     ___FILE_ONLY___ ═
2024-12-18 11:24:29,953 INFO     ___FILE_ONLY___ ═
2024-12-18 11:24:29,969 INFO     ___FILE_ONLY___ ═
2024-12-18 11:24:29,984 INFO     ___FILE_ONLY___ ═
2024-12-18 11:24:29,999 INFO     ___FILE_ONLY___ ═
2024-12-18 11:24:30,014 INFO     ___FILE_ONLY___ ═
2024-12-18 11:24:30,030 INFO     ___FILE_ONLY___ ═
2024-12-18 11:24:30,044 INFO     ___FILE_ONLY___ ═
2024-12-18 11:24:30,058 INFO     ___FILE_ONLY___ ═
2024-12-18 11:24:30,073 INFO     ___FILE_ONLY___ ═
2024-12-18 11:24:30,087 INFO     ___FILE_ONLY___ ═
2024-12-18 11:24:30,102 INFO     ___FILE_ONLY___ ═
2024-12-18 11:24:30,114 INFO     ___FILE_ONLY___ ═
2024-12-18 11:24:30,129 INFO     ___FILE_ONLY___ ═
2024-12-18 11:24:30,162 INFO     ___FILE_ONLY___ ═
2024-12-18 11:24:30,179 INFO     ___FILE_ONLY___ ═
2024-12-18 11:24:30,197 INFO     ___FILE_ONLY___ ═
2024-12-18 11:24:30,214 INFO     ___FILE_ONLY___ ═
2024-12-18 11:24:30,231 INFO     ___FILE_ONLY___ ═
2024-12-18 11:24:30,249 INFO     ___FILE_ONLY___ ═
2024-12-18 11:24:30,266 INFO     ___FILE_ONLY___ ═
2024-12-18 11:24:30,282 INFO     ___FILE_ONLY___ ═
2024-12-18 11:24:30,295 INFO     ___FILE_ONLY___ ═
2024-12-18 11:24:30,309 INFO     ___FILE_ONLY___ ═
2024-12-18 11:24:30,323 INFO     ___FILE_ONLY___ ═
2024-12-18 11:24:30,337 INFO     ___FILE_ONLY___ ═
2024-12-18 11:24:30,349 INFO     ___FILE_ONLY___ ═
2024-12-18 11:24:30,363 INFO     ___FILE_ONLY___ ═
2024-12-18 11:24:30,376 INFO     ___FILE_ONLY___ ═
2024-12-18 11:24:30,389 INFO     ___FILE_ONLY___ ═
2024-12-18 11:24:30,402 INFO     ___FILE_ONLY___ ═
2024-12-18 11:24:30,415 INFO     ___FILE_ONLY___ ═
2024-12-18 11:24:30,430 INFO     ___FILE_ONLY___ ═
2024-12-18 11:24:30,446 INFO     ___FILE_ONLY___ ═
2024-12-18 11:24:30,462 INFO     ___FILE_ONLY___ ═
2024-12-18 11:24:30,476 INFO     ___FILE_ONLY___ ═
2024-12-18 11:24:30,491 INFO     ___FILE_ONLY___ ═
2024-12-18 11:24:30,506 INFO     ___FILE_ONLY___ ═
2024-12-18 11:24:30,520 INFO     ___FILE_ONLY___ ═
2024-12-18 11:24:30,534 INFO     ___FILE_ONLY___ ═
2024-12-18 11:24:30,547 INFO     ___FILE_ONLY___ ═
2024-12-18 11:24:30,561 INFO     ___FILE_ONLY___ ═
2024-12-18 11:24:30,575 INFO     ___FILE_ONLY___ ═
2024-12-18 11:24:30,589 INFO     ___FILE_ONLY___ ═
2024-12-18 11:24:30,603 INFO     ___FILE_ONLY___ ═
2024-12-18 11:24:30,617 INFO     ___FILE_ONLY___ ═
2024-12-18 11:24:30,632 INFO     ___FILE_ONLY___ ═
2024-12-18 11:24:30,645 INFO     ___FILE_ONLY___ ═
2024-12-18 11:24:30,660 INFO     ___FILE_ONLY___ ═
2024-12-18 11:24:30,674 INFO     ___FILE_ONLY___ ═
2024-12-18 11:24:30,687 INFO     ___FILE_ONLY___ ═
2024-12-18 11:24:30,700 INFO     ___FILE_ONLY___ ═
2024-12-18 11:24:30,713 INFO     ___FILE_ONLY___ ═
2024-12-18 11:24:30,728 INFO     ___FILE_ONLY___ ═
2024-12-18 11:24:30,742 INFO     ___FILE_ONLY___ ═
2024-12-18 11:24:30,757 INFO     ___FILE_ONLY___ ═
2024-12-18 11:24:30,789 INFO     ___FILE_ONLY___ ═
2024-12-18 11:24:30,815 INFO     ___FILE_ONLY___ ═
2024-12-18 11:24:30,831 INFO     ___FILE_ONLY___ ═
2024-12-18 11:24:30,831 INFO     ___FILE_ONLY___ ╝
2024-12-18 11:24:31,975 INFO     ___FILE_ONLY___ ╠════════════════════════════════════════════════════════════╣

2024-12-18 11:24:31,975 INFO     ___FILE_ONLY___ ╠═ Installing: BigQuery Command Line Tool                   ═╣

2024-12-18 11:24:31,975 INFO     ___FILE_ONLY___ ╚
2024-12-18 11:24:32,009 INFO     ___FILE_ONLY___ ═
2024-12-18 11:24:32,010 INFO     ___FILE_ONLY___ ═
2024-12-18 11:24:32,012 INFO     ___FILE_ONLY___ ═
2024-12-18 11:24:32,013 INFO     ___FILE_ONLY___ ═
2024-12-18 11:24:32,015 INFO     ___FILE_ONLY___ ═
2024-12-18 11:24:32,016 INFO     ___FILE_ONLY___ ═
2024-12-18 11:24:32,017 INFO     ___FILE_ONLY___ ═
2024-12-18 11:24:32,019 INFO     ___FILE_ONLY___ ═
2024-12-18 11:24:32,020 INFO     ___FILE_ONLY___ ═
2024-12-18 11:24:32,021 INFO     ___FILE_ONLY___ ═
2024-12-18 11:24:32,023 INFO     ___FILE_ONLY___ ═
2024-12-18 11:24:32,024 INFO     ___FILE_ONLY___ ═
2024-12-18 11:24:32,025 INFO     ___FILE_ONLY___ ═
2024-12-18 11:24:32,026 INFO     ___FILE_ONLY___ ═
2024-12-18 11:24:32,028 INFO     ___FILE_ONLY___ ═
2024-12-18 11:24:32,029 INFO     ___FILE_ONLY___ ═
2024-12-18 11:24:32,031 INFO     ___FILE_ONLY___ ═
2024-12-18 11:24:32,032 INFO     ___FILE_ONLY___ ═
2024-12-18 11:24:32,034 INFO     ___FILE_ONLY___ ═
2024-12-18 11:24:32,035 INFO     ___FILE_ONLY___ ═
2024-12-18 11:24:32,037 INFO     ___FILE_ONLY___ ═
2024-12-18 11:24:32,038 INFO     ___FILE_ONLY___ ═
2024-12-18 11:24:32,039 INFO     ___FILE_ONLY___ ═
2024-12-18 11:24:32,040 INFO     ___FILE_ONLY___ ═
2024-12-18 11:24:32,041 INFO     ___FILE_ONLY___ ═
2024-12-18 11:24:32,042 INFO     ___FILE_ONLY___ ═
2024-12-18 11:24:32,043 INFO     ___FILE_ONLY___ ═
2024-12-18 11:24:32,044 INFO     ___FILE_ONLY___ ═
2024-12-18 11:24:32,045 INFO     ___FILE_ONLY___ ═
2024-12-18 11:24:32,047 INFO     ___FILE_ONLY___ ═
2024-12-18 11:24:32,048 INFO     ___FILE_ONLY___ ═
2024-12-18 11:24:32,049 INFO     ___FILE_ONLY___ ═
2024-12-18 11:24:32,050 INFO     ___FILE_ONLY___ ═
2024-12-18 11:24:32,052 INFO     ___FILE_ONLY___ ═
2024-12-18 11:24:32,055 INFO     ___FILE_ONLY___ ═
2024-12-18 11:24:32,056 INFO     ___FILE_ONLY___ ═
2024-12-18 11:24:32,057 INFO     ___FILE_ONLY___ ═
2024-12-18 11:24:32,059 INFO     ___FILE_ONLY___ ═
2024-12-18 11:24:32,060 INFO     ___FILE_ONLY___ ═
2024-12-18 11:24:32,061 INFO     ___FILE_ONLY___ ═
2024-12-18 11:24:32,062 INFO     ___FILE_ONLY___ ═
2024-12-18 11:24:32,063 INFO     ___FILE_ONLY___ ═
2024-12-18 11:24:32,065 INFO     ___FILE_ONLY___ ═
2024-12-18 11:24:32,066 INFO     ___FILE_ONLY___ ═
2024-12-18 11:24:32,067 INFO     ___FILE_ONLY___ ═
2024-12-18 11:24:32,068 INFO     ___FILE_ONLY___ ═
2024-12-18 11:24:32,069 INFO     ___FILE_ONLY___ ═
2024-12-18 11:24:32,070 INFO     ___FILE_ONLY___ ═
2024-12-18 11:24:32,071 INFO     ___FILE_ONLY___ ═
2024-12-18 11:24:32,072 INFO     ___FILE_ONLY___ ═
2024-12-18 11:24:32,073 INFO     ___FILE_ONLY___ ═
2024-12-18 11:24:32,074 INFO     ___FILE_ONLY___ ═
2024-12-18 11:24:32,075 INFO     ___FILE_ONLY___ ═
2024-12-18 11:24:32,076 INFO     ___FILE_ONLY___ ═
2024-12-18 11:24:32,077 INFO     ___FILE_ONLY___ ═
2024-12-18 11:24:32,078 INFO     ___FILE_ONLY___ ═
2024-12-18 11:24:32,079 INFO     ___FILE_ONLY___ ═
2024-12-18 11:24:32,080 INFO     ___FILE_ONLY___ ═
2024-12-18 11:24:32,081 INFO     ___FILE_ONLY___ ═
2024-12-18 11:24:32,083 INFO     ___FILE_ONLY___ ═
2024-12-18 11:24:32,083 INFO     ___FILE_ONLY___ ╝
2024-12-18 11:24:32,086 INFO     ___FILE_ONLY___ ╠════════════════════════════════════════════════════════════╣

2024-12-18 11:24:32,086 INFO     ___FILE_ONLY___ ╠═ Installing: Cloud Storage Command Line Tool              ═╣

2024-12-18 11:24:32,086 INFO     ___FILE_ONLY___ ╚
2024-12-18 11:24:32,277 INFO     ___FILE_ONLY___ ═
2024-12-18 11:24:32,285 INFO     ___FILE_ONLY___ ═
2024-12-18 11:24:32,295 INFO     ___FILE_ONLY___ ═
2024-12-18 11:24:32,304 INFO     ___FILE_ONLY___ ═
2024-12-18 11:24:32,311 INFO     ___FILE_ONLY___ ═
2024-12-18 11:24:32,317 INFO     ___FILE_ONLY___ ═
2024-12-18 11:24:32,324 INFO     ___FILE_ONLY___ ═
2024-12-18 11:24:32,331 INFO     ___FILE_ONLY___ ═
2024-12-18 11:24:32,338 INFO     ___FILE_ONLY___ ═
2024-12-18 11:24:32,344 INFO     ___FILE_ONLY___ ═
2024-12-18 11:24:32,351 INFO     ___FILE_ONLY___ ═
2024-12-18 11:24:32,358 INFO     ___FILE_ONLY___ ═
2024-12-18 11:24:32,363 INFO     ___FILE_ONLY___ ═
2024-12-18 11:24:32,368 INFO     ___FILE_ONLY___ ═
2024-12-18 11:24:32,374 INFO     ___FILE_ONLY___ ═
2024-12-18 11:24:32,380 INFO     ___FILE_ONLY___ ═
2024-12-18 11:24:32,385 INFO     ___FILE_ONLY___ ═
2024-12-18 11:24:32,391 INFO     ___FILE_ONLY___ ═
2024-12-18 11:24:32,398 INFO     ___FILE_ONLY___ ═
2024-12-18 11:24:32,404 INFO     ___FILE_ONLY___ ═
2024-12-18 11:24:32,411 INFO     ___FILE_ONLY___ ═
2024-12-18 11:24:32,417 INFO     ___FILE_ONLY___ ═
2024-12-18 11:24:32,424 INFO     ___FILE_ONLY___ ═
2024-12-18 11:24:32,430 INFO     ___FILE_ONLY___ ═
2024-12-18 11:24:32,436 INFO     ___FILE_ONLY___ ═
2024-12-18 11:24:32,443 INFO     ___FILE_ONLY___ ═
2024-12-18 11:24:32,452 INFO     ___FILE_ONLY___ ═
2024-12-18 11:24:32,461 INFO     ___FILE_ONLY___ ═
2024-12-18 11:24:32,469 INFO     ___FILE_ONLY___ ═
2024-12-18 11:24:32,478 INFO     ___FILE_ONLY___ ═
2024-12-18 11:24:32,484 INFO     ___FILE_ONLY___ ═
2024-12-18 11:24:32,491 INFO     ___FILE_ONLY___ ═
2024-12-18 11:24:32,499 INFO     ___FILE_ONLY___ ═
2024-12-18 11:24:32,506 INFO     ___FILE_ONLY___ ═
2024-12-18 11:24:32,512 INFO     ___FILE_ONLY___ ═
2024-12-18 11:24:32,518 INFO     ___FILE_ONLY___ ═
2024-12-18 11:24:32,523 INFO     ___FILE_ONLY___ ═
2024-12-18 11:24:32,530 INFO     ___FILE_ONLY___ ═
2024-12-18 11:24:32,536 INFO     ___FILE_ONLY___ ═
2024-12-18 11:24:32,543 INFO     ___FILE_ONLY___ ═
2024-12-18 11:24:32,549 INFO     ___FILE_ONLY___ ═
2024-12-18 11:24:32,556 INFO     ___FILE_ONLY___ ═
2024-12-18 11:24:32,563 INFO     ___FILE_ONLY___ ═
2024-12-18 11:24:32,570 INFO     ___FILE_ONLY___ ═
2024-12-18 11:24:32,578 INFO     ___FILE_ONLY___ ═
2024-12-18 11:24:32,585 INFO     ___FILE_ONLY___ ═
2024-12-18 11:24:32,589 INFO     ___FILE_ONLY___ ═
2024-12-18 11:24:32,596 INFO     ___FILE_ONLY___ ═
2024-12-18 11:24:32,612 INFO     ___FILE_ONLY___ ═
2024-12-18 11:24:32,642 INFO     ___FILE_ONLY___ ═
2024-12-18 11:24:32,651 INFO     ___FILE_ONLY___ ═
2024-12-18 11:24:32,657 INFO     ___FILE_ONLY___ ═
2024-12-18 11:24:32,665 INFO     ___FILE_ONLY___ ═
2024-12-18 11:24:32,671 INFO     ___FILE_ONLY___ ═
2024-12-18 11:24:32,687 INFO     ___FILE_ONLY___ ═
2024-12-18 11:24:32,692 INFO     ___FILE_ONLY___ ═
2024-12-18 11:24:32,698 INFO     ___FILE_ONLY___ ═
2024-12-18 11:24:32,705 INFO     ___FILE_ONLY___ ═
2024-12-18 11:24:32,711 INFO     ___FILE_ONLY___ ═
2024-12-18 11:24:32,718 INFO     ___FILE_ONLY___ ═
2024-12-18 11:24:32,718 INFO     ___FILE_ONLY___ ╝
2024-12-18 11:24:32,732 INFO     ___FILE_ONLY___ ╠════════════════════════════════════════════════════════════╣

2024-12-18 11:24:32,732 INFO     ___FILE_ONLY___ ╠═ Installing: Google Cloud CLI Core Libraries              ═╣

2024-12-18 11:24:32,732 INFO     ___FILE_ONLY___ ╚
2024-12-18 11:24:33,376 INFO     ___FILE_ONLY___ ═
2024-12-18 11:24:33,405 INFO     ___FILE_ONLY___ ═
2024-12-18 11:24:33,431 INFO     ___FILE_ONLY___ ═
2024-12-18 11:24:33,457 INFO     ___FILE_ONLY___ ═
2024-12-18 11:24:33,485 INFO     ___FILE_ONLY___ ═
2024-12-18 11:24:33,515 INFO     ___FILE_ONLY___ ═
2024-12-18 11:24:33,542 INFO     ___FILE_ONLY___ ═
2024-12-18 11:24:33,568 INFO     ___FILE_ONLY___ ═
2024-12-18 11:24:33,595 INFO     ___FILE_ONLY___ ═
2024-12-18 11:24:33,621 INFO     ___FILE_ONLY___ ═
2024-12-18 11:24:33,645 INFO     ___FILE_ONLY___ ═
2024-12-18 11:24:33,671 INFO     ___FILE_ONLY___ ═
2024-12-18 11:24:33,698 INFO     ___FILE_ONLY___ ═
2024-12-18 11:24:33,724 INFO     ___FILE_ONLY___ ═
2024-12-18 11:24:33,761 INFO     ___FILE_ONLY___ ═
2024-12-18 11:24:33,796 INFO     ___FILE_ONLY___ ═
2024-12-18 11:24:33,850 INFO     ___FILE_ONLY___ ═
2024-12-18 11:24:33,892 INFO     ___FILE_ONLY___ ═
2024-12-18 11:24:33,948 INFO     ___FILE_ONLY___ ═
2024-12-18 11:24:34,014 INFO     ___FILE_ONLY___ ═
2024-12-18 11:24:34,052 INFO     ___FILE_ONLY___ ═
2024-12-18 11:24:34,088 INFO     ___FILE_ONLY___ ═
2024-12-18 11:24:34,120 INFO     ___FILE_ONLY___ ═
2024-12-18 11:24:34,141 INFO     ___FILE_ONLY___ ═
2024-12-18 11:24:34,162 INFO     ___FILE_ONLY___ ═
2024-12-18 11:24:34,182 INFO     ___FILE_ONLY___ ═
2024-12-18 11:24:34,204 INFO     ___FILE_ONLY___ ═
2024-12-18 11:24:34,227 INFO     ___FILE_ONLY___ ═
2024-12-18 11:24:34,249 INFO     ___FILE_ONLY___ ═
2024-12-18 11:24:34,271 INFO     ___FILE_ONLY___ ═
2024-12-18 11:24:34,293 INFO     ___FILE_ONLY___ ═
2024-12-18 11:24:34,315 INFO     ___FILE_ONLY___ ═
2024-12-18 11:24:34,337 INFO     ___FILE_ONLY___ ═
2024-12-18 11:24:34,361 INFO     ___FILE_ONLY___ ═
2024-12-18 11:24:34,384 INFO     ___FILE_ONLY___ ═
2024-12-18 11:24:34,407 INFO     ___FILE_ONLY___ ═
2024-12-18 11:24:34,430 INFO     ___FILE_ONLY___ ═
2024-12-18 11:24:34,452 INFO     ___FILE_ONLY___ ═
2024-12-18 11:24:34,475 INFO     ___FILE_ONLY___ ═
2024-12-18 11:24:34,496 INFO     ___FILE_ONLY___ ═
2024-12-18 11:24:34,517 INFO     ___FILE_ONLY___ ═
2024-12-18 11:24:34,538 INFO     ___FILE_ONLY___ ═
2024-12-18 11:24:34,583 INFO     ___FILE_ONLY___ ═
2024-12-18 11:24:34,637 INFO     ___FILE_ONLY___ ═
2024-12-18 11:24:34,659 INFO     ___FILE_ONLY___ ═
2024-12-18 11:24:34,680 INFO     ___FILE_ONLY___ ═
2024-12-18 11:24:34,701 INFO     ___FILE_ONLY___ ═
2024-12-18 11:24:34,722 INFO     ___FILE_ONLY___ ═
2024-12-18 11:24:34,745 INFO     ___FILE_ONLY___ ═
2024-12-18 11:24:34,765 INFO     ___FILE_ONLY___ ═
2024-12-18 11:24:34,786 INFO     ___FILE_ONLY___ ═
2024-12-18 11:24:34,807 INFO     ___FILE_ONLY___ ═
2024-12-18 11:24:34,829 INFO     ___FILE_ONLY___ ═
2024-12-18 11:24:34,850 INFO     ___FILE_ONLY___ ═
2024-12-18 11:24:34,872 INFO     ___FILE_ONLY___ ═
2024-12-18 11:24:34,895 INFO     ___FILE_ONLY___ ═
2024-12-18 11:24:34,917 INFO     ___FILE_ONLY___ ═
2024-12-18 11:24:34,938 INFO     ___FILE_ONLY___ ═
2024-12-18 11:24:34,960 INFO     ___FILE_ONLY___ ═
2024-12-18 11:24:34,983 INFO     ___FILE_ONLY___ ═
2024-12-18 11:24:34,983 INFO     ___FILE_ONLY___ ╝

2024-12-18 11:24:35,024 DEBUG    root            Updating notification cache...
2024-12-18 11:24:35,024 INFO     ___FILE_ONLY___ 

2024-12-18 11:24:35,024 INFO     ___FILE_ONLY___ Performing post processing steps...
2024-12-18 11:24:35,024 DEBUG    root            Executing command: ['/opt/homebrew/share/google-cloud-sdk/bin/gcloud', 'components', 'post-process']
2024-12-18 11:24:40,962 DEBUG    ___FILE_ONLY___ 
2024-12-18 11:24:40,962 DEBUG    ___FILE_ONLY___ 
2024-12-18 11:24:41,107 INFO     ___FILE_ONLY___ 
Update done!


2024-12-18 11:24:41,107 INFO     ___FILE_ONLY___ To revert your CLI to the previously installed version, you may run:
  $ gcloud components update --version 503.0.0


2024-12-18 11:24:41,111 DEBUG    root            Chosen display Format:none
2024-12-18 11:24:41,112 INFO     root            Display format: "none"
