2025-01-18 16:56:31,495 DEBUG    root            Loaded Command Group: ['gcloud', 'components']
2025-01-18 16:56:31,497 DEBUG    root            Loaded Command Group: ['gcloud', 'components', 'update']
2025-01-18 16:56:31,498 DEBUG    root            Running [gcloud.components.update] with arguments: [--quiet: "True"]
2025-01-18 16:56:31,540 INFO     ___FILE_ONLY___ Beginning update. This process may take several minutes.

2025-01-18 16:56:31,555 DEBUG    urllib3.connectionpool Starting new HTTPS connection (1): dl.google.com:443
2025-01-18 16:56:31,711 DEBUG    urllib3.connectionpool https://dl.google.com:443 "GET /dl/cloudsdk/channels/rapid/components-2.json HTTP/1.1" 200 227824
2025-01-18 16:56:32,227 WARNING  root            The ARM versions of the following components are not available yet, using x86_64 versions instead: [app-engine-grpc].
2025-01-18 16:56:32,228 INFO     ___FILE_ONLY___ 

2025-01-18 16:56:32,228 INFO     ___FILE_ONLY___ 
Your current Google Cloud CLI version is: 505.0.0

2025-01-18 16:56:32,228 INFO     ___FILE_ONLY___ You will be upgraded to version: 506.0.0

2025-01-18 16:56:32,228 INFO     ___FILE_ONLY___ 

2025-01-18 16:56:32,229 DEBUG    root            Chosen display Format:table[box,title="These components will be removed."](details.display_name:label=Name:align=left,version.version_string:label=Version:align=right,data.size.size(zero="",min=1048576):label=Size:align=right)
2025-01-18 16:56:32,229 DEBUG    root            Chosen display Format:table[box,title="These components will be updated."](details.display_name:label=Name:align=left,version.version_string:label=Version:align=right,data.size.size(zero="",min=1048576):label=Size:align=right)
2025-01-18 16:56:32,246 INFO     ___FILE_ONLY___ ┌───────────────────────────────────────────────────────────────────────────┐
2025-01-18 16:56:32,246 INFO     ___FILE_ONLY___ 

2025-01-18 16:56:32,246 INFO     ___FILE_ONLY___ │                     These components will be updated.                     │
2025-01-18 16:56:32,246 INFO     ___FILE_ONLY___ 

2025-01-18 16:56:32,246 INFO     ___FILE_ONLY___ ├───────────────────────────────────────────────────┬────────────┬──────────┤
2025-01-18 16:56:32,246 INFO     ___FILE_ONLY___ 

2025-01-18 16:56:32,246 INFO     ___FILE_ONLY___ │                        Name                       │  Version   │   Size   │
2025-01-18 16:56:32,246 INFO     ___FILE_ONLY___ 

2025-01-18 16:56:32,246 INFO     ___FILE_ONLY___ ├───────────────────────────────────────────────────┼────────────┼──────────┤
2025-01-18 16:56:32,246 INFO     ___FILE_ONLY___ 

2025-01-18 16:56:32,246 INFO     ___FILE_ONLY___ │ 
2025-01-18 16:56:32,246 INFO     ___FILE_ONLY___ Google Cloud CLI Core Libraries                  
2025-01-18 16:56:32,246 INFO     ___FILE_ONLY___  
2025-01-18 16:56:32,246 INFO     ___FILE_ONLY___ │ 
2025-01-18 16:56:32,246 INFO     ___FILE_ONLY___ 2025.01.10
2025-01-18 16:56:32,246 INFO     ___FILE_ONLY___  
2025-01-18 16:56:32,246 INFO     ___FILE_ONLY___ │ 
2025-01-18 16:56:32,246 INFO     ___FILE_ONLY___ 20.7 MiB
2025-01-18 16:56:32,246 INFO     ___FILE_ONLY___  
2025-01-18 16:56:32,246 INFO     ___FILE_ONLY___ │
2025-01-18 16:56:32,246 INFO     ___FILE_ONLY___ 

2025-01-18 16:56:32,246 INFO     ___FILE_ONLY___ │ 
2025-01-18 16:56:32,246 INFO     ___FILE_ONLY___ Google Cloud CRC32C Hash Tool (Platform Specific)
2025-01-18 16:56:32,246 INFO     ___FILE_ONLY___  
2025-01-18 16:56:32,246 INFO     ___FILE_ONLY___ │ 
2025-01-18 16:56:32,246 INFO     ___FILE_ONLY___      1.0.0
2025-01-18 16:56:32,246 INFO     ___FILE_ONLY___  
2025-01-18 16:56:32,246 INFO     ___FILE_ONLY___ │ 
2025-01-18 16:56:32,246 INFO     ___FILE_ONLY___  1.3 MiB
2025-01-18 16:56:32,246 INFO     ___FILE_ONLY___  
2025-01-18 16:56:32,246 INFO     ___FILE_ONLY___ │
2025-01-18 16:56:32,246 INFO     ___FILE_ONLY___ 

2025-01-18 16:56:32,246 INFO     ___FILE_ONLY___ └───────────────────────────────────────────────────┴────────────┴──────────┘
2025-01-18 16:56:32,246 INFO     ___FILE_ONLY___ 

2025-01-18 16:56:32,247 DEBUG    root            Chosen display Format:table[box,title="These components will be installed."](details.display_name:label=Name:align=left,version.version_string:label=Version:align=right,data.size.size(zero="",min=1048576):label=Size:align=right)
2025-01-18 16:56:32,247 INFO     ___FILE_ONLY___ 

2025-01-18 16:56:32,248 DEBUG    urllib3.connectionpool Starting new HTTPS connection (1): dl.google.com:443
2025-01-18 16:56:32,419 DEBUG    urllib3.connectionpool https://dl.google.com:443 "GET /dl/cloudsdk/channels/rapid/RELEASE_NOTES HTTP/1.1" 200 1339934
2025-01-18 16:56:33,260 INFO     ___FILE_ONLY___ The following release notes are new in this upgrade.
Please read carefully for information about new features, breaking changes,
and bugs fixed.  The latest full release notes can be viewed at:
  https://cloud.google.com/sdk/release_notes


2025-01-18 16:56:33,260 INFO     ___FILE_ONLY___ 
2025-01-18 16:56:33,260 INFO     ___FILE_ONLY___ 506.0.0 (2025-01-14)

2025-01-18 16:56:33,260 INFO     ___FILE_ONLY___ 
2025-01-18 16:56:33,260 INFO     ___FILE_ONLY___   
2025-01-18 16:56:33,260 INFO     ___FILE_ONLY___ Artifact Registry

2025-01-18 16:56:33,260 INFO     ___FILE_ONLY___       ▪
2025-01-18 16:56:33,261 INFO     ___FILE_ONLY___  
2025-01-18 16:56:33,261 INFO     ___FILE_ONLY___ Updated
2025-01-18 16:56:33,261 INFO     ___FILE_ONLY___  
2025-01-18 16:56:33,261 INFO     ___FILE_ONLY___ gcloud
2025-01-18 16:56:33,261 INFO     ___FILE_ONLY___  
2025-01-18 16:56:33,261 INFO     ___FILE_ONLY___ artifacts
2025-01-18 16:56:33,261 INFO     ___FILE_ONLY___  
2025-01-18 16:56:33,261 INFO     ___FILE_ONLY___ files
2025-01-18 16:56:33,261 INFO     ___FILE_ONLY___  
2025-01-18 16:56:33,261 INFO     ___FILE_ONLY___ describe
2025-01-18 16:56:33,261 INFO     ___FILE_ONLY___  
2025-01-18 16:56:33,261 INFO     ___FILE_ONLY___ to
2025-01-18 16:56:33,261 INFO     ___FILE_ONLY___  
2025-01-18 16:56:33,261 INFO     ___FILE_ONLY___ display
2025-01-18 16:56:33,261 INFO     ___FILE_ONLY___  
2025-01-18 16:56:33,261 INFO     ___FILE_ONLY___ file
2025-01-18 16:56:33,261 INFO     ___FILE_ONLY___  
2025-01-18 16:56:33,261 INFO     ___FILE_ONLY___ hashes
2025-01-18 16:56:33,261 INFO     ___FILE_ONLY___  
2025-01-18 16:56:33,261 INFO     ___FILE_ONLY___ as
2025-01-18 16:56:33,261 INFO     ___FILE_ONLY___  
2025-01-18 16:56:33,261 INFO     ___FILE_ONLY___ hex
2025-01-18 16:56:33,261 INFO     ___FILE_ONLY___ 

2025-01-18 16:56:33,261 INFO     ___FILE_ONLY___         
2025-01-18 16:56:33,261 INFO     ___FILE_ONLY___ strings.
2025-01-18 16:56:33,261 INFO     ___FILE_ONLY___ 

2025-01-18 16:56:33,261 INFO     ___FILE_ONLY___ 

2025-01-18 16:56:33,261 INFO     ___FILE_ONLY___ 
2025-01-18 16:56:33,262 INFO     ___FILE_ONLY___   
2025-01-18 16:56:33,262 INFO     ___FILE_ONLY___ Cloud Bigtable

2025-01-18 16:56:33,262 INFO     ___FILE_ONLY___       ▪
2025-01-18 16:56:33,262 INFO     ___FILE_ONLY___  
2025-01-18 16:56:33,262 INFO     ___FILE_ONLY___ Update
2025-01-18 16:56:33,262 INFO     ___FILE_ONLY___  
2025-01-18 16:56:33,262 INFO     ___FILE_ONLY___ golang.org/x/net
2025-01-18 16:56:33,262 INFO     ___FILE_ONLY___  
2025-01-18 16:56:33,262 INFO     ___FILE_ONLY___ version
2025-01-18 16:56:33,262 INFO     ___FILE_ONLY___  
2025-01-18 16:56:33,262 INFO     ___FILE_ONLY___ for
2025-01-18 16:56:33,262 INFO     ___FILE_ONLY___  
2025-01-18 16:56:33,262 INFO     ___FILE_ONLY___ CVE-2024-45338.
2025-01-18 16:56:33,262 INFO     ___FILE_ONLY___ 

2025-01-18 16:56:33,262 INFO     ___FILE_ONLY___       ▪
2025-01-18 16:56:33,262 INFO     ___FILE_ONLY___  
2025-01-18 16:56:33,262 INFO     ___FILE_ONLY___ Add
2025-01-18 16:56:33,262 INFO     ___FILE_ONLY___  
2025-01-18 16:56:33,262 INFO     ___FILE_ONLY___ update
2025-01-18 16:56:33,262 INFO     ___FILE_ONLY___  
2025-01-18 16:56:33,262 INFO     ___FILE_ONLY___ value
2025-01-18 16:56:33,262 INFO     ___FILE_ONLY___  
2025-01-18 16:56:33,262 INFO     ___FILE_ONLY___ type
2025-01-18 16:56:33,262 INFO     ___FILE_ONLY___  
2025-01-18 16:56:33,262 INFO     ___FILE_ONLY___ support.
2025-01-18 16:56:33,262 INFO     ___FILE_ONLY___ 

2025-01-18 16:56:33,262 INFO     ___FILE_ONLY___ 

2025-01-18 16:56:33,262 INFO     ___FILE_ONLY___ 
2025-01-18 16:56:33,262 INFO     ___FILE_ONLY___   
2025-01-18 16:56:33,262 INFO     ___FILE_ONLY___ Cloud Logging

2025-01-18 16:56:33,263 INFO     ___FILE_ONLY___       ▪
2025-01-18 16:56:33,263 INFO     ___FILE_ONLY___  
2025-01-18 16:56:33,263 INFO     ___FILE_ONLY___ Updated
2025-01-18 16:56:33,263 INFO     ___FILE_ONLY___  
2025-01-18 16:56:33,263 INFO     ___FILE_ONLY___ gcloud
2025-01-18 16:56:33,263 INFO     ___FILE_ONLY___  
2025-01-18 16:56:33,263 INFO     ___FILE_ONLY___ logging
2025-01-18 16:56:33,263 INFO     ___FILE_ONLY___  
2025-01-18 16:56:33,263 INFO     ___FILE_ONLY___ buckets
2025-01-18 16:56:33,263 INFO     ___FILE_ONLY___  
2025-01-18 16:56:33,263 INFO     ___FILE_ONLY___ update
2025-01-18 16:56:33,263 INFO     ___FILE_ONLY___  
2025-01-18 16:56:33,263 INFO     ___FILE_ONLY___ to
2025-01-18 16:56:33,263 INFO     ___FILE_ONLY___  
2025-01-18 16:56:33,263 INFO     ___FILE_ONLY___ accept
2025-01-18 16:56:33,263 INFO     ___FILE_ONLY___  
2025-01-18 16:56:33,263 INFO     ___FILE_ONLY___ --folder,
2025-01-18 16:56:33,263 INFO     ___FILE_ONLY___ 

2025-01-18 16:56:33,263 INFO     ___FILE_ONLY___         
2025-01-18 16:56:33,263 INFO     ___FILE_ONLY___ --organization
2025-01-18 16:56:33,263 INFO     ___FILE_ONLY___  
2025-01-18 16:56:33,263 INFO     ___FILE_ONLY___ and
2025-01-18 16:56:33,263 INFO     ___FILE_ONLY___  
2025-01-18 16:56:33,263 INFO     ___FILE_ONLY___ --billing-account
2025-01-18 16:56:33,263 INFO     ___FILE_ONLY___  
2025-01-18 16:56:33,263 INFO     ___FILE_ONLY___ flags
2025-01-18 16:56:33,263 INFO     ___FILE_ONLY___  
2025-01-18 16:56:33,263 INFO     ___FILE_ONLY___ in
2025-01-18 16:56:33,263 INFO     ___FILE_ONLY___  
2025-01-18 16:56:33,263 INFO     ___FILE_ONLY___ addition
2025-01-18 16:56:33,263 INFO     ___FILE_ONLY___  
2025-01-18 16:56:33,263 INFO     ___FILE_ONLY___ to
2025-01-18 16:56:33,263 INFO     ___FILE_ONLY___  
2025-01-18 16:56:33,263 INFO     ___FILE_ONLY___ --project.
2025-01-18 16:56:33,263 INFO     ___FILE_ONLY___ 

2025-01-18 16:56:33,263 INFO     ___FILE_ONLY___ 

2025-01-18 16:56:33,264 INFO     ___FILE_ONLY___ 
2025-01-18 16:56:33,264 INFO     ___FILE_ONLY___   
2025-01-18 16:56:33,264 INFO     ___FILE_ONLY___ Cloud NetApp

2025-01-18 16:56:33,264 INFO     ___FILE_ONLY___       ▪
2025-01-18 16:56:33,264 INFO     ___FILE_ONLY___  
2025-01-18 16:56:33,264 INFO     ___FILE_ONLY___ Added
2025-01-18 16:56:33,264 INFO     ___FILE_ONLY___  
2025-01-18 16:56:33,264 INFO     ___FILE_ONLY___ tiering_policy
2025-01-18 16:56:33,264 INFO     ___FILE_ONLY___  
2025-01-18 16:56:33,264 INFO     ___FILE_ONLY___ parameter
2025-01-18 16:56:33,264 INFO     ___FILE_ONLY___  
2025-01-18 16:56:33,264 INFO     ___FILE_ONLY___ to
2025-01-18 16:56:33,264 INFO     ___FILE_ONLY___  
2025-01-18 16:56:33,264 INFO     ___FILE_ONLY___ --destination-volume-parameters
2025-01-18 16:56:33,264 INFO     ___FILE_ONLY___ 

2025-01-18 16:56:33,264 INFO     ___FILE_ONLY___         
2025-01-18 16:56:33,264 INFO     ___FILE_ONLY___ flag
2025-01-18 16:56:33,264 INFO     ___FILE_ONLY___  
2025-01-18 16:56:33,264 INFO     ___FILE_ONLY___ in
2025-01-18 16:56:33,264 INFO     ___FILE_ONLY___  
2025-01-18 16:56:33,264 INFO     ___FILE_ONLY___ gcloud
2025-01-18 16:56:33,264 INFO     ___FILE_ONLY___  
2025-01-18 16:56:33,264 INFO     ___FILE_ONLY___ netapp
2025-01-18 16:56:33,264 INFO     ___FILE_ONLY___  
2025-01-18 16:56:33,264 INFO     ___FILE_ONLY___ volumes
2025-01-18 16:56:33,264 INFO     ___FILE_ONLY___  
2025-01-18 16:56:33,264 INFO     ___FILE_ONLY___ replications
2025-01-18 16:56:33,264 INFO     ___FILE_ONLY___  
2025-01-18 16:56:33,264 INFO     ___FILE_ONLY___ create
2025-01-18 16:56:33,264 INFO     ___FILE_ONLY___  
2025-01-18 16:56:33,264 INFO     ___FILE_ONLY___ command.
2025-01-18 16:56:33,264 INFO     ___FILE_ONLY___ 

2025-01-18 16:56:33,264 INFO     ___FILE_ONLY___ 

2025-01-18 16:56:33,264 INFO     ___FILE_ONLY___ 
2025-01-18 16:56:33,264 INFO     ___FILE_ONLY___   
2025-01-18 16:56:33,265 INFO     ___FILE_ONLY___ Cloud Run

2025-01-18 16:56:33,265 INFO     ___FILE_ONLY___       ▪
2025-01-18 16:56:33,265 INFO     ___FILE_ONLY___  
2025-01-18 16:56:33,265 INFO     ___FILE_ONLY___ Removed
2025-01-18 16:56:33,265 INFO     ___FILE_ONLY___  
2025-01-18 16:56:33,265 INFO     ___FILE_ONLY___ --base-image
2025-01-18 16:56:33,265 INFO     ___FILE_ONLY___  
2025-01-18 16:56:33,265 INFO     ___FILE_ONLY___ and
2025-01-18 16:56:33,265 INFO     ___FILE_ONLY___  
2025-01-18 16:56:33,265 INFO     ___FILE_ONLY___ --clear-base-image
2025-01-18 16:56:33,265 INFO     ___FILE_ONLY___  
2025-01-18 16:56:33,265 INFO     ___FILE_ONLY___ flags
2025-01-18 16:56:33,265 INFO     ___FILE_ONLY___  
2025-01-18 16:56:33,265 INFO     ___FILE_ONLY___ for
2025-01-18 16:56:33,265 INFO     ___FILE_ONLY___  
2025-01-18 16:56:33,265 INFO     ___FILE_ONLY___ gcloud
2025-01-18 16:56:33,265 INFO     ___FILE_ONLY___  
2025-01-18 16:56:33,265 INFO     ___FILE_ONLY___ beta
2025-01-18 16:56:33,265 INFO     ___FILE_ONLY___  
2025-01-18 16:56:33,265 INFO     ___FILE_ONLY___ run
2025-01-18 16:56:33,265 INFO     ___FILE_ONLY___ 

2025-01-18 16:56:33,265 INFO     ___FILE_ONLY___         
2025-01-18 16:56:33,265 INFO     ___FILE_ONLY___ services
2025-01-18 16:56:33,265 INFO     ___FILE_ONLY___  
2025-01-18 16:56:33,265 INFO     ___FILE_ONLY___ update
2025-01-18 16:56:33,265 INFO     ___FILE_ONLY___  
2025-01-18 16:56:33,265 INFO     ___FILE_ONLY___ command.
2025-01-18 16:56:33,265 INFO     ___FILE_ONLY___ 

2025-01-18 16:56:33,265 INFO     ___FILE_ONLY___ 

2025-01-18 16:56:33,265 INFO     ___FILE_ONLY___ 
2025-01-18 16:56:33,265 INFO     ___FILE_ONLY___   
2025-01-18 16:56:33,265 INFO     ___FILE_ONLY___ Cloud Spanner

2025-01-18 16:56:33,265 INFO     ___FILE_ONLY___       ▪
2025-01-18 16:56:33,265 INFO     ___FILE_ONLY___  
2025-01-18 16:56:33,266 INFO     ___FILE_ONLY___ Promote
2025-01-18 16:56:33,266 INFO     ___FILE_ONLY___  
2025-01-18 16:56:33,266 INFO     ___FILE_ONLY___ autoscaling
2025-01-18 16:56:33,266 INFO     ___FILE_ONLY___  
2025-01-18 16:56:33,266 INFO     ___FILE_ONLY___ flag
2025-01-18 16:56:33,266 INFO     ___FILE_ONLY___  
2025-01-18 16:56:33,266 INFO     ___FILE_ONLY___ options
2025-01-18 16:56:33,266 INFO     ___FILE_ONLY___  
2025-01-18 16:56:33,266 INFO     ___FILE_ONLY___ for
2025-01-18 16:56:33,266 INFO     ___FILE_ONLY___  
2025-01-18 16:56:33,266 INFO     ___FILE_ONLY___ gcloud
2025-01-18 16:56:33,266 INFO     ___FILE_ONLY___  
2025-01-18 16:56:33,266 INFO     ___FILE_ONLY___ spanner
2025-01-18 16:56:33,266 INFO     ___FILE_ONLY___  
2025-01-18 16:56:33,266 INFO     ___FILE_ONLY___ instances
2025-01-18 16:56:33,266 INFO     ___FILE_ONLY___  
2025-01-18 16:56:33,266 INFO     ___FILE_ONLY___ create
2025-01-18 16:56:33,266 INFO     ___FILE_ONLY___ 

2025-01-18 16:56:33,266 INFO     ___FILE_ONLY___         
2025-01-18 16:56:33,266 INFO     ___FILE_ONLY___ and
2025-01-18 16:56:33,266 INFO     ___FILE_ONLY___  
2025-01-18 16:56:33,266 INFO     ___FILE_ONLY___ gcloud
2025-01-18 16:56:33,266 INFO     ___FILE_ONLY___  
2025-01-18 16:56:33,266 INFO     ___FILE_ONLY___ spanner
2025-01-18 16:56:33,266 INFO     ___FILE_ONLY___  
2025-01-18 16:56:33,266 INFO     ___FILE_ONLY___ instances
2025-01-18 16:56:33,266 INFO     ___FILE_ONLY___  
2025-01-18 16:56:33,266 INFO     ___FILE_ONLY___ update
2025-01-18 16:56:33,266 INFO     ___FILE_ONLY___  
2025-01-18 16:56:33,266 INFO     ___FILE_ONLY___ commands
2025-01-18 16:56:33,266 INFO     ___FILE_ONLY___  
2025-01-18 16:56:33,266 INFO     ___FILE_ONLY___ for
2025-01-18 16:56:33,266 INFO     ___FILE_ONLY___  
2025-01-18 16:56:33,266 INFO     ___FILE_ONLY___ GA.
2025-01-18 16:56:33,266 INFO     ___FILE_ONLY___ 

2025-01-18 16:56:33,266 INFO     ___FILE_ONLY___ 

2025-01-18 16:56:33,266 INFO     ___FILE_ONLY___ 
2025-01-18 16:56:33,266 INFO     ___FILE_ONLY___   
2025-01-18 16:56:33,266 INFO     ___FILE_ONLY___ Cloud Workstations

2025-01-18 16:56:33,267 INFO     ___FILE_ONLY___       ▪
2025-01-18 16:56:33,267 INFO     ___FILE_ONLY___  
2025-01-18 16:56:33,267 INFO     ___FILE_ONLY___ Adding
2025-01-18 16:56:33,267 INFO     ___FILE_ONLY___  
2025-01-18 16:56:33,267 INFO     ___FILE_ONLY___ support
2025-01-18 16:56:33,267 INFO     ___FILE_ONLY___  
2025-01-18 16:56:33,267 INFO     ___FILE_ONLY___ for
2025-01-18 16:56:33,267 INFO     ___FILE_ONLY___  
2025-01-18 16:56:33,267 INFO     ___FILE_ONLY___ disabling
2025-01-18 16:56:33,267 INFO     ___FILE_ONLY___  
2025-01-18 16:56:33,267 INFO     ___FILE_ONLY___ local
2025-01-18 16:56:33,267 INFO     ___FILE_ONLY___  
2025-01-18 16:56:33,267 INFO     ___FILE_ONLY___ host
2025-01-18 16:56:33,267 INFO     ___FILE_ONLY___  
2025-01-18 16:56:33,267 INFO     ___FILE_ONLY___ replacement
2025-01-18 16:56:33,267 INFO     ___FILE_ONLY___  
2025-01-18 16:56:33,267 INFO     ___FILE_ONLY___ in
2025-01-18 16:56:33,267 INFO     ___FILE_ONLY___  
2025-01-18 16:56:33,267 INFO     ___FILE_ONLY___ the
2025-01-18 16:56:33,267 INFO     ___FILE_ONLY___  
2025-01-18 16:56:33,267 INFO     ___FILE_ONLY___ beta
2025-01-18 16:56:33,267 INFO     ___FILE_ONLY___ 

2025-01-18 16:56:33,267 INFO     ___FILE_ONLY___         
2025-01-18 16:56:33,267 INFO     ___FILE_ONLY___ workstations
2025-01-18 16:56:33,267 INFO     ___FILE_ONLY___  
2025-01-18 16:56:33,267 INFO     ___FILE_ONLY___ configs
2025-01-18 16:56:33,267 INFO     ___FILE_ONLY___  
2025-01-18 16:56:33,267 INFO     ___FILE_ONLY___ create
2025-01-18 16:56:33,267 INFO     ___FILE_ONLY___  
2025-01-18 16:56:33,267 INFO     ___FILE_ONLY___ and
2025-01-18 16:56:33,267 INFO     ___FILE_ONLY___  
2025-01-18 16:56:33,267 INFO     ___FILE_ONLY___ beta
2025-01-18 16:56:33,267 INFO     ___FILE_ONLY___  
2025-01-18 16:56:33,267 INFO     ___FILE_ONLY___ workstations
2025-01-18 16:56:33,267 INFO     ___FILE_ONLY___  
2025-01-18 16:56:33,267 INFO     ___FILE_ONLY___ configs
2025-01-18 16:56:33,267 INFO     ___FILE_ONLY___  
2025-01-18 16:56:33,267 INFO     ___FILE_ONLY___ update
2025-01-18 16:56:33,267 INFO     ___FILE_ONLY___ 

2025-01-18 16:56:33,267 INFO     ___FILE_ONLY___         
2025-01-18 16:56:33,267 INFO     ___FILE_ONLY___ commands.
2025-01-18 16:56:33,268 INFO     ___FILE_ONLY___ 

2025-01-18 16:56:33,268 INFO     ___FILE_ONLY___       ▪
2025-01-18 16:56:33,268 INFO     ___FILE_ONLY___  
2025-01-18 16:56:33,268 INFO     ___FILE_ONLY___ Adding
2025-01-18 16:56:33,268 INFO     ___FILE_ONLY___  
2025-01-18 16:56:33,268 INFO     ___FILE_ONLY___ support
2025-01-18 16:56:33,268 INFO     ___FILE_ONLY___  
2025-01-18 16:56:33,268 INFO     ___FILE_ONLY___ for
2025-01-18 16:56:33,268 INFO     ___FILE_ONLY___  
2025-01-18 16:56:33,268 INFO     ___FILE_ONLY___ specifying
2025-01-18 16:56:33,268 INFO     ___FILE_ONLY___  
2025-01-18 16:56:33,268 INFO     ___FILE_ONLY___ source_snapshot
2025-01-18 16:56:33,268 INFO     ___FILE_ONLY___  
2025-01-18 16:56:33,268 INFO     ___FILE_ONLY___ when
2025-01-18 16:56:33,268 INFO     ___FILE_ONLY___  
2025-01-18 16:56:33,268 INFO     ___FILE_ONLY___ creating
2025-01-18 16:56:33,268 INFO     ___FILE_ONLY___  
2025-01-18 16:56:33,268 INFO     ___FILE_ONLY___ or
2025-01-18 16:56:33,268 INFO     ___FILE_ONLY___ 

2025-01-18 16:56:33,268 INFO     ___FILE_ONLY___         
2025-01-18 16:56:33,268 INFO     ___FILE_ONLY___ updating
2025-01-18 16:56:33,268 INFO     ___FILE_ONLY___  
2025-01-18 16:56:33,268 INFO     ___FILE_ONLY___ configs.
2025-01-18 16:56:33,268 INFO     ___FILE_ONLY___ 

2025-01-18 16:56:33,268 INFO     ___FILE_ONLY___ 

2025-01-18 16:56:33,268 INFO     ___FILE_ONLY___ 
2025-01-18 16:56:33,268 INFO     ___FILE_ONLY___   
2025-01-18 16:56:33,268 INFO     ___FILE_ONLY___ Compute Firewall Policy Rules

2025-01-18 16:56:33,268 INFO     ___FILE_ONLY___       ▪
2025-01-18 16:56:33,268 INFO     ___FILE_ONLY___  
2025-01-18 16:56:33,268 INFO     ___FILE_ONLY___ Added
2025-01-18 16:56:33,268 INFO     ___FILE_ONLY___  
2025-01-18 16:56:33,268 INFO     ___FILE_ONLY___ --src-secure-tags
2025-01-18 16:56:33,268 INFO     ___FILE_ONLY___  
2025-01-18 16:56:33,268 INFO     ___FILE_ONLY___ and
2025-01-18 16:56:33,268 INFO     ___FILE_ONLY___  
2025-01-18 16:56:33,268 INFO     ___FILE_ONLY___ --target-secure-tags
2025-01-18 16:56:33,268 INFO     ___FILE_ONLY___  
2025-01-18 16:56:33,268 INFO     ___FILE_ONLY___ to
2025-01-18 16:56:33,268 INFO     ___FILE_ONLY___  
2025-01-18 16:56:33,268 INFO     ___FILE_ONLY___ gcloud
2025-01-18 16:56:33,269 INFO     ___FILE_ONLY___  
2025-01-18 16:56:33,269 INFO     ___FILE_ONLY___ compute
2025-01-18 16:56:33,269 INFO     ___FILE_ONLY___ 

2025-01-18 16:56:33,269 INFO     ___FILE_ONLY___         
2025-01-18 16:56:33,269 INFO     ___FILE_ONLY___ firewall-policies
2025-01-18 16:56:33,269 INFO     ___FILE_ONLY___  
2025-01-18 16:56:33,269 INFO     ___FILE_ONLY___ rules
2025-01-18 16:56:33,269 INFO     ___FILE_ONLY___  
2025-01-18 16:56:33,269 INFO     ___FILE_ONLY___ create/update
2025-01-18 16:56:33,269 INFO     ___FILE_ONLY___  
2025-01-18 16:56:33,269 INFO     ___FILE_ONLY___ commands.
2025-01-18 16:56:33,269 INFO     ___FILE_ONLY___ 

2025-01-18 16:56:33,269 INFO     ___FILE_ONLY___ 

2025-01-18 16:56:33,269 INFO     ___FILE_ONLY___ 
2025-01-18 16:56:33,269 INFO     ___FILE_ONLY___   
2025-01-18 16:56:33,269 INFO     ___FILE_ONLY___ Database Migration

2025-01-18 16:56:33,269 INFO     ___FILE_ONLY___       ▪
2025-01-18 16:56:33,269 INFO     ___FILE_ONLY___  
2025-01-18 16:56:33,269 INFO     ___FILE_ONLY___ Added
2025-01-18 16:56:33,269 INFO     ___FILE_ONLY___  
2025-01-18 16:56:33,269 INFO     ___FILE_ONLY___ --page-size
2025-01-18 16:56:33,269 INFO     ___FILE_ONLY___  
2025-01-18 16:56:33,269 INFO     ___FILE_ONLY___ with
2025-01-18 16:56:33,269 INFO     ___FILE_ONLY___  
2025-01-18 16:56:33,269 INFO     ___FILE_ONLY___ a
2025-01-18 16:56:33,269 INFO     ___FILE_ONLY___  
2025-01-18 16:56:33,269 INFO     ___FILE_ONLY___ default
2025-01-18 16:56:33,269 INFO     ___FILE_ONLY___  
2025-01-18 16:56:33,269 INFO     ___FILE_ONLY___ page
2025-01-18 16:56:33,269 INFO     ___FILE_ONLY___  
2025-01-18 16:56:33,269 INFO     ___FILE_ONLY___ size
2025-01-18 16:56:33,269 INFO     ___FILE_ONLY___  
2025-01-18 16:56:33,269 INFO     ___FILE_ONLY___ of
2025-01-18 16:56:33,269 INFO     ___FILE_ONLY___  
2025-01-18 16:56:33,269 INFO     ___FILE_ONLY___ 100,
2025-01-18 16:56:33,269 INFO     ___FILE_ONLY___  
2025-01-18 16:56:33,269 INFO     ___FILE_ONLY___ and
2025-01-18 16:56:33,269 INFO     ___FILE_ONLY___  
2025-01-18 16:56:33,269 INFO     ___FILE_ONLY___ other
2025-01-18 16:56:33,269 INFO     ___FILE_ONLY___ 

2025-01-18 16:56:33,269 INFO     ___FILE_ONLY___         
2025-01-18 16:56:33,270 INFO     ___FILE_ONLY___ list-related
2025-01-18 16:56:33,270 INFO     ___FILE_ONLY___  
2025-01-18 16:56:33,270 INFO     ___FILE_ONLY___ flags
2025-01-18 16:56:33,270 INFO     ___FILE_ONLY___  
2025-01-18 16:56:33,270 INFO     ___FILE_ONLY___ to
2025-01-18 16:56:33,270 INFO     ___FILE_ONLY___  
2025-01-18 16:56:33,270 INFO     ___FILE_ONLY___ gcloud
2025-01-18 16:56:33,270 INFO     ___FILE_ONLY___  
2025-01-18 16:56:33,270 INFO     ___FILE_ONLY___ database-migration
2025-01-18 16:56:33,270 INFO     ___FILE_ONLY___  
2025-01-18 16:56:33,270 INFO     ___FILE_ONLY___ conversion-workspaces
2025-01-18 16:56:33,270 INFO     ___FILE_ONLY___ 

2025-01-18 16:56:33,270 INFO     ___FILE_ONLY___         
2025-01-18 16:56:33,270 INFO     ___FILE_ONLY___ describe-entities|describe-ddls|describe-issues
2025-01-18 16:56:33,270 INFO     ___FILE_ONLY___  
2025-01-18 16:56:33,270 INFO     ___FILE_ONLY___ commands.
2025-01-18 16:56:33,270 INFO     ___FILE_ONLY___ 

2025-01-18 16:56:33,270 INFO     ___FILE_ONLY___       ▪
2025-01-18 16:56:33,270 INFO     ___FILE_ONLY___  
2025-01-18 16:56:33,270 INFO     ___FILE_ONLY___ Added
2025-01-18 16:56:33,270 INFO     ___FILE_ONLY___  
2025-01-18 16:56:33,270 INFO     ___FILE_ONLY___ --cloudsql-project-id
2025-01-18 16:56:33,270 INFO     ___FILE_ONLY___  
2025-01-18 16:56:33,270 INFO     ___FILE_ONLY___ flag
2025-01-18 16:56:33,270 INFO     ___FILE_ONLY___  
2025-01-18 16:56:33,270 INFO     ___FILE_ONLY___ to
2025-01-18 16:56:33,270 INFO     ___FILE_ONLY___  
2025-01-18 16:56:33,270 INFO     ___FILE_ONLY___ gcloud
2025-01-18 16:56:33,270 INFO     ___FILE_ONLY___  
2025-01-18 16:56:33,270 INFO     ___FILE_ONLY___ database-migration
2025-01-18 16:56:33,270 INFO     ___FILE_ONLY___ 

2025-01-18 16:56:33,270 INFO     ___FILE_ONLY___         
2025-01-18 16:56:33,270 INFO     ___FILE_ONLY___ connection-profiles
2025-01-18 16:56:33,270 INFO     ___FILE_ONLY___  
2025-01-18 16:56:33,270 INFO     ___FILE_ONLY___ update
2025-01-18 16:56:33,270 INFO     ___FILE_ONLY___  
2025-01-18 16:56:33,270 INFO     ___FILE_ONLY___ command.
2025-01-18 16:56:33,270 INFO     ___FILE_ONLY___ 

2025-01-18 16:56:33,270 INFO     ___FILE_ONLY___       ▪
2025-01-18 16:56:33,270 INFO     ___FILE_ONLY___  
2025-01-18 16:56:33,270 INFO     ___FILE_ONLY___ Added
2025-01-18 16:56:33,271 INFO     ___FILE_ONLY___  
2025-01-18 16:56:33,271 INFO     ___FILE_ONLY___ --databases-filter
2025-01-18 16:56:33,271 INFO     ___FILE_ONLY___  
2025-01-18 16:56:33,271 INFO     ___FILE_ONLY___ flag
2025-01-18 16:56:33,271 INFO     ___FILE_ONLY___  
2025-01-18 16:56:33,271 INFO     ___FILE_ONLY___ to
2025-01-18 16:56:33,271 INFO     ___FILE_ONLY___  
2025-01-18 16:56:33,271 INFO     ___FILE_ONLY___ gcloud
2025-01-18 16:56:33,271 INFO     ___FILE_ONLY___  
2025-01-18 16:56:33,271 INFO     ___FILE_ONLY___ database-migration
2025-01-18 16:56:33,271 INFO     ___FILE_ONLY___ 

2025-01-18 16:56:33,271 INFO     ___FILE_ONLY___         
2025-01-18 16:56:33,271 INFO     ___FILE_ONLY___ migration-jobs
2025-01-18 16:56:33,271 INFO     ___FILE_ONLY___  
2025-01-18 16:56:33,271 INFO     ___FILE_ONLY___ create
2025-01-18 16:56:33,271 INFO     ___FILE_ONLY___  
2025-01-18 16:56:33,271 INFO     ___FILE_ONLY___ command
2025-01-18 16:56:33,271 INFO     ___FILE_ONLY___  
2025-01-18 16:56:33,271 INFO     ___FILE_ONLY___ to
2025-01-18 16:56:33,271 INFO     ___FILE_ONLY___  
2025-01-18 16:56:33,271 INFO     ___FILE_ONLY___ filter
2025-01-18 16:56:33,271 INFO     ___FILE_ONLY___  
2025-01-18 16:56:33,271 INFO     ___FILE_ONLY___ the
2025-01-18 16:56:33,271 INFO     ___FILE_ONLY___  
2025-01-18 16:56:33,271 INFO     ___FILE_ONLY___ databases
2025-01-18 16:56:33,271 INFO     ___FILE_ONLY___  
2025-01-18 16:56:33,271 INFO     ___FILE_ONLY___ to
2025-01-18 16:56:33,271 INFO     ___FILE_ONLY___  
2025-01-18 16:56:33,271 INFO     ___FILE_ONLY___ be
2025-01-18 16:56:33,271 INFO     ___FILE_ONLY___  
2025-01-18 16:56:33,271 INFO     ___FILE_ONLY___ migrated.
2025-01-18 16:56:33,271 INFO     ___FILE_ONLY___ 

2025-01-18 16:56:33,271 INFO     ___FILE_ONLY___       ▪
2025-01-18 16:56:33,271 INFO     ___FILE_ONLY___  
2025-01-18 16:56:33,271 INFO     ___FILE_ONLY___ Added
2025-01-18 16:56:33,271 INFO     ___FILE_ONLY___  
2025-01-18 16:56:33,271 INFO     ___FILE_ONLY___ --databases-filter
2025-01-18 16:56:33,271 INFO     ___FILE_ONLY___  
2025-01-18 16:56:33,271 INFO     ___FILE_ONLY___ flag
2025-01-18 16:56:33,271 INFO     ___FILE_ONLY___  
2025-01-18 16:56:33,271 INFO     ___FILE_ONLY___ to
2025-01-18 16:56:33,271 INFO     ___FILE_ONLY___  
2025-01-18 16:56:33,271 INFO     ___FILE_ONLY___ gcloud
2025-01-18 16:56:33,271 INFO     ___FILE_ONLY___  
2025-01-18 16:56:33,272 INFO     ___FILE_ONLY___ database-migration
2025-01-18 16:56:33,272 INFO     ___FILE_ONLY___ 

2025-01-18 16:56:33,272 INFO     ___FILE_ONLY___         
2025-01-18 16:56:33,272 INFO     ___FILE_ONLY___ migration-jobs
2025-01-18 16:56:33,272 INFO     ___FILE_ONLY___  
2025-01-18 16:56:33,272 INFO     ___FILE_ONLY___ update
2025-01-18 16:56:33,272 INFO     ___FILE_ONLY___  
2025-01-18 16:56:33,272 INFO     ___FILE_ONLY___ command
2025-01-18 16:56:33,272 INFO     ___FILE_ONLY___  
2025-01-18 16:56:33,272 INFO     ___FILE_ONLY___ to
2025-01-18 16:56:33,272 INFO     ___FILE_ONLY___  
2025-01-18 16:56:33,272 INFO     ___FILE_ONLY___ filter
2025-01-18 16:56:33,272 INFO     ___FILE_ONLY___  
2025-01-18 16:56:33,272 INFO     ___FILE_ONLY___ the
2025-01-18 16:56:33,272 INFO     ___FILE_ONLY___  
2025-01-18 16:56:33,272 INFO     ___FILE_ONLY___ databases
2025-01-18 16:56:33,272 INFO     ___FILE_ONLY___  
2025-01-18 16:56:33,272 INFO     ___FILE_ONLY___ to
2025-01-18 16:56:33,272 INFO     ___FILE_ONLY___  
2025-01-18 16:56:33,272 INFO     ___FILE_ONLY___ be
2025-01-18 16:56:33,272 INFO     ___FILE_ONLY___  
2025-01-18 16:56:33,272 INFO     ___FILE_ONLY___ migrated.
2025-01-18 16:56:33,272 INFO     ___FILE_ONLY___ 

2025-01-18 16:56:33,272 INFO     ___FILE_ONLY___       ▪
2025-01-18 16:56:33,272 INFO     ___FILE_ONLY___  
2025-01-18 16:56:33,272 INFO     ___FILE_ONLY___ Added
2025-01-18 16:56:33,272 INFO     ___FILE_ONLY___  
2025-01-18 16:56:33,272 INFO     ___FILE_ONLY___ --databases-filter
2025-01-18 16:56:33,272 INFO     ___FILE_ONLY___  
2025-01-18 16:56:33,272 INFO     ___FILE_ONLY___ flag
2025-01-18 16:56:33,272 INFO     ___FILE_ONLY___  
2025-01-18 16:56:33,272 INFO     ___FILE_ONLY___ to
2025-01-18 16:56:33,272 INFO     ___FILE_ONLY___  
2025-01-18 16:56:33,272 INFO     ___FILE_ONLY___ gcloud
2025-01-18 16:56:33,272 INFO     ___FILE_ONLY___  
2025-01-18 16:56:33,272 INFO     ___FILE_ONLY___ database-migration
2025-01-18 16:56:33,272 INFO     ___FILE_ONLY___ 

2025-01-18 16:56:33,272 INFO     ___FILE_ONLY___         
2025-01-18 16:56:33,272 INFO     ___FILE_ONLY___ migration-jobs
2025-01-18 16:56:33,272 INFO     ___FILE_ONLY___  
2025-01-18 16:56:33,272 INFO     ___FILE_ONLY___ promote
2025-01-18 16:56:33,272 INFO     ___FILE_ONLY___  
2025-01-18 16:56:33,272 INFO     ___FILE_ONLY___ command
2025-01-18 16:56:33,272 INFO     ___FILE_ONLY___  
2025-01-18 16:56:33,272 INFO     ___FILE_ONLY___ to
2025-01-18 16:56:33,273 INFO     ___FILE_ONLY___  
2025-01-18 16:56:33,273 INFO     ___FILE_ONLY___ filter
2025-01-18 16:56:33,273 INFO     ___FILE_ONLY___  
2025-01-18 16:56:33,273 INFO     ___FILE_ONLY___ the
2025-01-18 16:56:33,273 INFO     ___FILE_ONLY___  
2025-01-18 16:56:33,273 INFO     ___FILE_ONLY___ databases
2025-01-18 16:56:33,273 INFO     ___FILE_ONLY___  
2025-01-18 16:56:33,273 INFO     ___FILE_ONLY___ to
2025-01-18 16:56:33,273 INFO     ___FILE_ONLY___  
2025-01-18 16:56:33,273 INFO     ___FILE_ONLY___ be
2025-01-18 16:56:33,273 INFO     ___FILE_ONLY___  
2025-01-18 16:56:33,273 INFO     ___FILE_ONLY___ promoted.
2025-01-18 16:56:33,273 INFO     ___FILE_ONLY___ 

2025-01-18 16:56:33,273 INFO     ___FILE_ONLY___       ▪
2025-01-18 16:56:33,273 INFO     ___FILE_ONLY___  
2025-01-18 16:56:33,273 INFO     ___FILE_ONLY___ Added
2025-01-18 16:56:33,273 INFO     ___FILE_ONLY___  
2025-01-18 16:56:33,273 INFO     ___FILE_ONLY___ --databases-filter
2025-01-18 16:56:33,273 INFO     ___FILE_ONLY___  
2025-01-18 16:56:33,273 INFO     ___FILE_ONLY___ flag
2025-01-18 16:56:33,273 INFO     ___FILE_ONLY___  
2025-01-18 16:56:33,273 INFO     ___FILE_ONLY___ to
2025-01-18 16:56:33,273 INFO     ___FILE_ONLY___  
2025-01-18 16:56:33,273 INFO     ___FILE_ONLY___ gcloud
2025-01-18 16:56:33,273 INFO     ___FILE_ONLY___  
2025-01-18 16:56:33,273 INFO     ___FILE_ONLY___ database-migration
2025-01-18 16:56:33,273 INFO     ___FILE_ONLY___ 

2025-01-18 16:56:33,273 INFO     ___FILE_ONLY___         
2025-01-18 16:56:33,273 INFO     ___FILE_ONLY___ migration-jobs
2025-01-18 16:56:33,273 INFO     ___FILE_ONLY___  
2025-01-18 16:56:33,273 INFO     ___FILE_ONLY___ restart
2025-01-18 16:56:33,273 INFO     ___FILE_ONLY___  
2025-01-18 16:56:33,273 INFO     ___FILE_ONLY___ command
2025-01-18 16:56:33,273 INFO     ___FILE_ONLY___  
2025-01-18 16:56:33,273 INFO     ___FILE_ONLY___ to
2025-01-18 16:56:33,273 INFO     ___FILE_ONLY___  
2025-01-18 16:56:33,273 INFO     ___FILE_ONLY___ filter
2025-01-18 16:56:33,273 INFO     ___FILE_ONLY___  
2025-01-18 16:56:33,273 INFO     ___FILE_ONLY___ the
2025-01-18 16:56:33,273 INFO     ___FILE_ONLY___  
2025-01-18 16:56:33,273 INFO     ___FILE_ONLY___ databases
2025-01-18 16:56:33,273 INFO     ___FILE_ONLY___  
2025-01-18 16:56:33,273 INFO     ___FILE_ONLY___ to
2025-01-18 16:56:33,273 INFO     ___FILE_ONLY___  
2025-01-18 16:56:33,274 INFO     ___FILE_ONLY___ be
2025-01-18 16:56:33,274 INFO     ___FILE_ONLY___  
2025-01-18 16:56:33,274 INFO     ___FILE_ONLY___ restarted.
2025-01-18 16:56:33,274 INFO     ___FILE_ONLY___ 

2025-01-18 16:56:33,274 INFO     ___FILE_ONLY___       ▪
2025-01-18 16:56:33,274 INFO     ___FILE_ONLY___  
2025-01-18 16:56:33,274 INFO     ___FILE_ONLY___ Added
2025-01-18 16:56:33,274 INFO     ___FILE_ONLY___  
2025-01-18 16:56:33,274 INFO     ___FILE_ONLY___ gcloud
2025-01-18 16:56:33,274 INFO     ___FILE_ONLY___  
2025-01-18 16:56:33,274 INFO     ___FILE_ONLY___ database-migration
2025-01-18 16:56:33,274 INFO     ___FILE_ONLY___  
2025-01-18 16:56:33,274 INFO     ___FILE_ONLY___ migration-jobs
2025-01-18 16:56:33,274 INFO     ___FILE_ONLY___  
2025-01-18 16:56:33,274 INFO     ___FILE_ONLY___ fetch-source-objects
2025-01-18 16:56:33,274 INFO     ___FILE_ONLY___ 

2025-01-18 16:56:33,274 INFO     ___FILE_ONLY___         
2025-01-18 16:56:33,274 INFO     ___FILE_ONLY___ command
2025-01-18 16:56:33,274 INFO     ___FILE_ONLY___  
2025-01-18 16:56:33,274 INFO     ___FILE_ONLY___ to
2025-01-18 16:56:33,274 INFO     ___FILE_ONLY___  
2025-01-18 16:56:33,274 INFO     ___FILE_ONLY___ fetch
2025-01-18 16:56:33,274 INFO     ___FILE_ONLY___  
2025-01-18 16:56:33,274 INFO     ___FILE_ONLY___ the
2025-01-18 16:56:33,274 INFO     ___FILE_ONLY___  
2025-01-18 16:56:33,274 INFO     ___FILE_ONLY___ objects
2025-01-18 16:56:33,274 INFO     ___FILE_ONLY___  
2025-01-18 16:56:33,274 INFO     ___FILE_ONLY___ present
2025-01-18 16:56:33,274 INFO     ___FILE_ONLY___  
2025-01-18 16:56:33,274 INFO     ___FILE_ONLY___ in
2025-01-18 16:56:33,274 INFO     ___FILE_ONLY___  
2025-01-18 16:56:33,274 INFO     ___FILE_ONLY___ the
2025-01-18 16:56:33,274 INFO     ___FILE_ONLY___  
2025-01-18 16:56:33,274 INFO     ___FILE_ONLY___ source
2025-01-18 16:56:33,274 INFO     ___FILE_ONLY___  
2025-01-18 16:56:33,274 INFO     ___FILE_ONLY___ for
2025-01-18 16:56:33,274 INFO     ___FILE_ONLY___  
2025-01-18 16:56:33,274 INFO     ___FILE_ONLY___ a
2025-01-18 16:56:33,274 INFO     ___FILE_ONLY___  
2025-01-18 16:56:33,274 INFO     ___FILE_ONLY___ migration
2025-01-18 16:56:33,274 INFO     ___FILE_ONLY___  
2025-01-18 16:56:33,274 INFO     ___FILE_ONLY___ job.
2025-01-18 16:56:33,274 INFO     ___FILE_ONLY___ 

2025-01-18 16:56:33,274 INFO     ___FILE_ONLY___       ▪
2025-01-18 16:56:33,275 INFO     ___FILE_ONLY___  
2025-01-18 16:56:33,275 INFO     ___FILE_ONLY___ Added
2025-01-18 16:56:33,275 INFO     ___FILE_ONLY___  
2025-01-18 16:56:33,275 INFO     ___FILE_ONLY___ --restart-failed-objects
2025-01-18 16:56:33,275 INFO     ___FILE_ONLY___  
2025-01-18 16:56:33,275 INFO     ___FILE_ONLY___ flag
2025-01-18 16:56:33,275 INFO     ___FILE_ONLY___  
2025-01-18 16:56:33,275 INFO     ___FILE_ONLY___ to
2025-01-18 16:56:33,275 INFO     ___FILE_ONLY___  
2025-01-18 16:56:33,275 INFO     ___FILE_ONLY___ gcloud
2025-01-18 16:56:33,275 INFO     ___FILE_ONLY___  
2025-01-18 16:56:33,275 INFO     ___FILE_ONLY___ database-migration
2025-01-18 16:56:33,275 INFO     ___FILE_ONLY___ 

2025-01-18 16:56:33,275 INFO     ___FILE_ONLY___         
2025-01-18 16:56:33,275 INFO     ___FILE_ONLY___ migration-jobs
2025-01-18 16:56:33,275 INFO     ___FILE_ONLY___  
2025-01-18 16:56:33,275 INFO     ___FILE_ONLY___ restart
2025-01-18 16:56:33,275 INFO     ___FILE_ONLY___  
2025-01-18 16:56:33,275 INFO     ___FILE_ONLY___ command
2025-01-18 16:56:33,275 INFO     ___FILE_ONLY___  
2025-01-18 16:56:33,275 INFO     ___FILE_ONLY___ to
2025-01-18 16:56:33,275 INFO     ___FILE_ONLY___  
2025-01-18 16:56:33,275 INFO     ___FILE_ONLY___ restart
2025-01-18 16:56:33,275 INFO     ___FILE_ONLY___  
2025-01-18 16:56:33,275 INFO     ___FILE_ONLY___ the
2025-01-18 16:56:33,275 INFO     ___FILE_ONLY___  
2025-01-18 16:56:33,275 INFO     ___FILE_ONLY___ failed
2025-01-18 16:56:33,275 INFO     ___FILE_ONLY___  
2025-01-18 16:56:33,275 INFO     ___FILE_ONLY___ objects
2025-01-18 16:56:33,275 INFO     ___FILE_ONLY___  
2025-01-18 16:56:33,275 INFO     ___FILE_ONLY___ in
2025-01-18 16:56:33,275 INFO     ___FILE_ONLY___  
2025-01-18 16:56:33,275 INFO     ___FILE_ONLY___ a
2025-01-18 16:56:33,275 INFO     ___FILE_ONLY___ 

2025-01-18 16:56:33,275 INFO     ___FILE_ONLY___         
2025-01-18 16:56:33,275 INFO     ___FILE_ONLY___ migration
2025-01-18 16:56:33,275 INFO     ___FILE_ONLY___  
2025-01-18 16:56:33,275 INFO     ___FILE_ONLY___ job.
2025-01-18 16:56:33,275 INFO     ___FILE_ONLY___ 

2025-01-18 16:56:33,275 INFO     ___FILE_ONLY___       ▪
2025-01-18 16:56:33,275 INFO     ___FILE_ONLY___  
2025-01-18 16:56:33,275 INFO     ___FILE_ONLY___ Added
2025-01-18 16:56:33,275 INFO     ___FILE_ONLY___  
2025-01-18 16:56:33,276 INFO     ___FILE_ONLY___ gcloud
2025-01-18 16:56:33,276 INFO     ___FILE_ONLY___  
2025-01-18 16:56:33,276 INFO     ___FILE_ONLY___ database-migration
2025-01-18 16:56:33,276 INFO     ___FILE_ONLY___  
2025-01-18 16:56:33,276 INFO     ___FILE_ONLY___ objects
2025-01-18 16:56:33,276 INFO     ___FILE_ONLY___  
2025-01-18 16:56:33,276 INFO     ___FILE_ONLY___ list
2025-01-18 16:56:33,276 INFO     ___FILE_ONLY___  
2025-01-18 16:56:33,276 INFO     ___FILE_ONLY___ command
2025-01-18 16:56:33,276 INFO     ___FILE_ONLY___  
2025-01-18 16:56:33,276 INFO     ___FILE_ONLY___ to
2025-01-18 16:56:33,276 INFO     ___FILE_ONLY___  
2025-01-18 16:56:33,276 INFO     ___FILE_ONLY___ list
2025-01-18 16:56:33,276 INFO     ___FILE_ONLY___  
2025-01-18 16:56:33,276 INFO     ___FILE_ONLY___ the
2025-01-18 16:56:33,276 INFO     ___FILE_ONLY___ 

2025-01-18 16:56:33,276 INFO     ___FILE_ONLY___         
2025-01-18 16:56:33,276 INFO     ___FILE_ONLY___ objects
2025-01-18 16:56:33,276 INFO     ___FILE_ONLY___  
2025-01-18 16:56:33,276 INFO     ___FILE_ONLY___ being
2025-01-18 16:56:33,276 INFO     ___FILE_ONLY___  
2025-01-18 16:56:33,276 INFO     ___FILE_ONLY___ migrated
2025-01-18 16:56:33,276 INFO     ___FILE_ONLY___  
2025-01-18 16:56:33,276 INFO     ___FILE_ONLY___ in
2025-01-18 16:56:33,276 INFO     ___FILE_ONLY___  
2025-01-18 16:56:33,276 INFO     ___FILE_ONLY___ a
2025-01-18 16:56:33,276 INFO     ___FILE_ONLY___  
2025-01-18 16:56:33,276 INFO     ___FILE_ONLY___ migration
2025-01-18 16:56:33,276 INFO     ___FILE_ONLY___  
2025-01-18 16:56:33,276 INFO     ___FILE_ONLY___ job.
2025-01-18 16:56:33,276 INFO     ___FILE_ONLY___ 

2025-01-18 16:56:33,276 INFO     ___FILE_ONLY___       ▪
2025-01-18 16:56:33,276 INFO     ___FILE_ONLY___  
2025-01-18 16:56:33,276 INFO     ___FILE_ONLY___ Added
2025-01-18 16:56:33,276 INFO     ___FILE_ONLY___  
2025-01-18 16:56:33,276 INFO     ___FILE_ONLY___ gcloud
2025-01-18 16:56:33,276 INFO     ___FILE_ONLY___  
2025-01-18 16:56:33,276 INFO     ___FILE_ONLY___ database-migration
2025-01-18 16:56:33,276 INFO     ___FILE_ONLY___  
2025-01-18 16:56:33,276 INFO     ___FILE_ONLY___ objects
2025-01-18 16:56:33,276 INFO     ___FILE_ONLY___  
2025-01-18 16:56:33,276 INFO     ___FILE_ONLY___ lookup
2025-01-18 16:56:33,276 INFO     ___FILE_ONLY___  
2025-01-18 16:56:33,276 INFO     ___FILE_ONLY___ command
2025-01-18 16:56:33,276 INFO     ___FILE_ONLY___  
2025-01-18 16:56:33,276 INFO     ___FILE_ONLY___ to
2025-01-18 16:56:33,276 INFO     ___FILE_ONLY___  
2025-01-18 16:56:33,276 INFO     ___FILE_ONLY___ describe
2025-01-18 16:56:33,276 INFO     ___FILE_ONLY___  
2025-01-18 16:56:33,276 INFO     ___FILE_ONLY___ a
2025-01-18 16:56:33,276 INFO     ___FILE_ONLY___ 

2025-01-18 16:56:33,277 INFO     ___FILE_ONLY___         
2025-01-18 16:56:33,277 INFO     ___FILE_ONLY___ specific
2025-01-18 16:56:33,277 INFO     ___FILE_ONLY___  
2025-01-18 16:56:33,277 INFO     ___FILE_ONLY___ object
2025-01-18 16:56:33,277 INFO     ___FILE_ONLY___  
2025-01-18 16:56:33,277 INFO     ___FILE_ONLY___ in
2025-01-18 16:56:33,277 INFO     ___FILE_ONLY___  
2025-01-18 16:56:33,277 INFO     ___FILE_ONLY___ a
2025-01-18 16:56:33,277 INFO     ___FILE_ONLY___  
2025-01-18 16:56:33,277 INFO     ___FILE_ONLY___ migration
2025-01-18 16:56:33,277 INFO     ___FILE_ONLY___  
2025-01-18 16:56:33,277 INFO     ___FILE_ONLY___ job.
2025-01-18 16:56:33,277 INFO     ___FILE_ONLY___ 

2025-01-18 16:56:33,277 INFO     ___FILE_ONLY___ 

2025-01-18 16:56:33,277 INFO     ___FILE_ONLY___ 
2025-01-18 16:56:33,277 INFO     ___FILE_ONLY___   
2025-01-18 16:56:33,277 INFO     ___FILE_ONLY___ Network Management

2025-01-18 16:56:33,277 INFO     ___FILE_ONLY___       ▪
2025-01-18 16:56:33,277 INFO     ___FILE_ONLY___  
2025-01-18 16:56:33,277 INFO     ___FILE_ONLY___ Added
2025-01-18 16:56:33,277 INFO     ___FILE_ONLY___  
2025-01-18 16:56:33,277 INFO     ___FILE_ONLY___ --bypass-firewall-checks
2025-01-18 16:56:33,277 INFO     ___FILE_ONLY___  
2025-01-18 16:56:33,277 INFO     ___FILE_ONLY___ flag
2025-01-18 16:56:33,277 INFO     ___FILE_ONLY___  
2025-01-18 16:56:33,277 INFO     ___FILE_ONLY___ to
2025-01-18 16:56:33,277 INFO     ___FILE_ONLY___  
2025-01-18 16:56:33,277 INFO     ___FILE_ONLY___ gcloud
2025-01-18 16:56:33,277 INFO     ___FILE_ONLY___  
2025-01-18 16:56:33,277 INFO     ___FILE_ONLY___ network-management
2025-01-18 16:56:33,277 INFO     ___FILE_ONLY___ 

2025-01-18 16:56:33,277 INFO     ___FILE_ONLY___         
2025-01-18 16:56:33,277 INFO     ___FILE_ONLY___ connectivity-tests
2025-01-18 16:56:33,277 INFO     ___FILE_ONLY___  
2025-01-18 16:56:33,277 INFO     ___FILE_ONLY___ to
2025-01-18 16:56:33,277 INFO     ___FILE_ONLY___  
2025-01-18 16:56:33,277 INFO     ___FILE_ONLY___ allow
2025-01-18 16:56:33,277 INFO     ___FILE_ONLY___  
2025-01-18 16:56:33,277 INFO     ___FILE_ONLY___ executing
2025-01-18 16:56:33,277 INFO     ___FILE_ONLY___  
2025-01-18 16:56:33,277 INFO     ___FILE_ONLY___ Connectivity
2025-01-18 16:56:33,277 INFO     ___FILE_ONLY___  
2025-01-18 16:56:33,277 INFO     ___FILE_ONLY___ Tests
2025-01-18 16:56:33,277 INFO     ___FILE_ONLY___  
2025-01-18 16:56:33,277 INFO     ___FILE_ONLY___ in
2025-01-18 16:56:33,277 INFO     ___FILE_ONLY___  
2025-01-18 16:56:33,277 INFO     ___FILE_ONLY___ a
2025-01-18 16:56:33,278 INFO     ___FILE_ONLY___  
2025-01-18 16:56:33,278 INFO     ___FILE_ONLY___ mode
2025-01-18 16:56:33,278 INFO     ___FILE_ONLY___  
2025-01-18 16:56:33,278 INFO     ___FILE_ONLY___ that
2025-01-18 16:56:33,278 INFO     ___FILE_ONLY___ 

2025-01-18 16:56:33,278 INFO     ___FILE_ONLY___         
2025-01-18 16:56:33,278 INFO     ___FILE_ONLY___ skips
2025-01-18 16:56:33,278 INFO     ___FILE_ONLY___  
2025-01-18 16:56:33,278 INFO     ___FILE_ONLY___ firewall
2025-01-18 16:56:33,278 INFO     ___FILE_ONLY___  
2025-01-18 16:56:33,278 INFO     ___FILE_ONLY___ checking.
2025-01-18 16:56:33,278 INFO     ___FILE_ONLY___ 

2025-01-18 16:56:33,278 INFO     ___FILE_ONLY___ 

2025-01-18 16:56:33,278 INFO     ___FILE_ONLY___ 
2025-01-18 16:56:33,278 INFO     ___FILE_ONLY___   
2025-01-18 16:56:33,278 INFO     ___FILE_ONLY___ Secure Source Manager

2025-01-18 16:56:33,278 INFO     ___FILE_ONLY___       ▪
2025-01-18 16:56:33,278 INFO     ___FILE_ONLY___  
2025-01-18 16:56:33,278 INFO     ___FILE_ONLY___ Added
2025-01-18 16:56:33,278 INFO     ___FILE_ONLY___  
2025-01-18 16:56:33,278 INFO     ___FILE_ONLY___ gcloud
2025-01-18 16:56:33,278 INFO     ___FILE_ONLY___  
2025-01-18 16:56:33,278 INFO     ___FILE_ONLY___ source-manager
2025-01-18 16:56:33,278 INFO     ___FILE_ONLY___  
2025-01-18 16:56:33,278 INFO     ___FILE_ONLY___ repos
2025-01-18 16:56:33,278 INFO     ___FILE_ONLY___  
2025-01-18 16:56:33,278 INFO     ___FILE_ONLY___ command
2025-01-18 16:56:33,278 INFO     ___FILE_ONLY___  
2025-01-18 16:56:33,278 INFO     ___FILE_ONLY___ group
2025-01-18 16:56:33,278 INFO     ___FILE_ONLY___  
2025-01-18 16:56:33,278 INFO     ___FILE_ONLY___ to
2025-01-18 16:56:33,278 INFO     ___FILE_ONLY___  
2025-01-18 16:56:33,278 INFO     ___FILE_ONLY___ beta.
2025-01-18 16:56:33,278 INFO     ___FILE_ONLY___ 

2025-01-18 16:56:33,278 INFO     ___FILE_ONLY___ 

2025-01-18 16:56:33,278 INFO     ___FILE_ONLY___ 
2025-01-18 16:56:33,278 INFO     ___FILE_ONLY___   
2025-01-18 16:56:33,278 INFO     ___FILE_ONLY___ Workbench

2025-01-18 16:56:33,278 INFO     ___FILE_ONLY___       ▪
2025-01-18 16:56:33,278 INFO     ___FILE_ONLY___  
2025-01-18 16:56:33,278 INFO     ___FILE_ONLY___ Added
2025-01-18 16:56:33,278 INFO     ___FILE_ONLY___  
2025-01-18 16:56:33,278 INFO     ___FILE_ONLY___ --tags
2025-01-18 16:56:33,278 INFO     ___FILE_ONLY___  
2025-01-18 16:56:33,278 INFO     ___FILE_ONLY___ flag
2025-01-18 16:56:33,278 INFO     ___FILE_ONLY___  
2025-01-18 16:56:33,278 INFO     ___FILE_ONLY___ to
2025-01-18 16:56:33,279 INFO     ___FILE_ONLY___  
2025-01-18 16:56:33,279 INFO     ___FILE_ONLY___ gcloud
2025-01-18 16:56:33,279 INFO     ___FILE_ONLY___  
2025-01-18 16:56:33,279 INFO     ___FILE_ONLY___ workbench
2025-01-18 16:56:33,279 INFO     ___FILE_ONLY___  
2025-01-18 16:56:33,279 INFO     ___FILE_ONLY___ instances
2025-01-18 16:56:33,279 INFO     ___FILE_ONLY___  
2025-01-18 16:56:33,279 INFO     ___FILE_ONLY___ update
2025-01-18 16:56:33,279 INFO     ___FILE_ONLY___  
2025-01-18 16:56:33,279 INFO     ___FILE_ONLY___ command.
2025-01-18 16:56:33,279 INFO     ___FILE_ONLY___ 

2025-01-18 16:56:33,279 INFO     ___FILE_ONLY___ 

2025-01-18 16:56:33,279 INFO     ___FILE_ONLY___    
2025-01-18 16:56:33,279 INFO     ___FILE_ONLY___  
2025-01-18 16:56:33,279 INFO     ___FILE_ONLY___ Subscribe
2025-01-18 16:56:33,279 INFO     ___FILE_ONLY___  
2025-01-18 16:56:33,279 INFO     ___FILE_ONLY___ to
2025-01-18 16:56:33,279 INFO     ___FILE_ONLY___  
2025-01-18 16:56:33,279 INFO     ___FILE_ONLY___ these
2025-01-18 16:56:33,279 INFO     ___FILE_ONLY___  
2025-01-18 16:56:33,279 INFO     ___FILE_ONLY___ release
2025-01-18 16:56:33,279 INFO     ___FILE_ONLY___  
2025-01-18 16:56:33,279 INFO     ___FILE_ONLY___ notes
2025-01-18 16:56:33,279 INFO     ___FILE_ONLY___  
2025-01-18 16:56:33,279 INFO     ___FILE_ONLY___ at
2025-01-18 16:56:33,279 INFO     ___FILE_ONLY___ 

2025-01-18 16:56:33,279 INFO     ___FILE_ONLY___     
2025-01-18 16:56:33,279 INFO     ___FILE_ONLY___ https://groups.google.com/forum/#!forum/google-cloud-sdk-announce
2025-01-18 16:56:33,279 INFO     ___FILE_ONLY___ 

2025-01-18 16:56:33,279 INFO     ___FILE_ONLY___     
2025-01-18 16:56:33,279 INFO     ___FILE_ONLY___ (https://groups.google.com/forum/#!forum/google-cloud-sdk-announce).
2025-01-18 16:56:33,279 INFO     ___FILE_ONLY___ 

2025-01-18 16:56:33,279 INFO     ___FILE_ONLY___ 
2025-01-18 16:56:33,279 INFO     ___FILE_ONLY___ 

2025-01-18 16:56:33,279 INFO     ___FILE_ONLY___ Performing in place update...


2025-01-18 16:56:33,279 INFO     ___FILE_ONLY___ ╔════════════════════════════════════════════════════════════╗

2025-01-18 16:56:33,280 INFO     ___FILE_ONLY___ ╠═ Downloading: Google Cloud CLI Core Libraries             ═╣

2025-01-18 16:56:33,280 INFO     ___FILE_ONLY___ ╚
2025-01-18 16:56:33,282 DEBUG    urllib3.connectionpool Starting new HTTPS connection (1): dl.google.com:443
2025-01-18 16:56:33,750 DEBUG    urllib3.connectionpool https://dl.google.com:443 "GET /dl/cloudsdk/channels/rapid/components/google-cloud-sdk-core-20250110133808.tar.gz HTTP/1.1" 200 21654178
2025-01-18 16:56:50,545 INFO     ___FILE_ONLY___ ═
2025-01-18 16:56:50,546 INFO     ___FILE_ONLY___ ═
2025-01-18 16:56:50,546 INFO     ___FILE_ONLY___ ═
2025-01-18 16:56:50,547 INFO     ___FILE_ONLY___ ═
2025-01-18 16:56:50,547 INFO     ___FILE_ONLY___ ═
2025-01-18 16:56:50,548 INFO     ___FILE_ONLY___ ═
2025-01-18 16:56:50,548 INFO     ___FILE_ONLY___ ═
2025-01-18 16:56:50,549 INFO     ___FILE_ONLY___ ═
2025-01-18 16:56:50,549 INFO     ___FILE_ONLY___ ═
2025-01-18 16:56:50,550 INFO     ___FILE_ONLY___ ═
2025-01-18 16:56:50,550 INFO     ___FILE_ONLY___ ═
2025-01-18 16:56:50,551 INFO     ___FILE_ONLY___ ═
2025-01-18 16:56:50,552 INFO     ___FILE_ONLY___ ═
2025-01-18 16:56:50,552 INFO     ___FILE_ONLY___ ═
2025-01-18 16:56:50,553 INFO     ___FILE_ONLY___ ═
2025-01-18 16:56:50,553 INFO     ___FILE_ONLY___ ═
2025-01-18 16:56:50,554 INFO     ___FILE_ONLY___ ═
2025-01-18 16:56:50,554 INFO     ___FILE_ONLY___ ═
2025-01-18 16:56:50,555 INFO     ___FILE_ONLY___ ═
2025-01-18 16:56:50,555 INFO     ___FILE_ONLY___ ═
2025-01-18 16:56:50,555 INFO     ___FILE_ONLY___ ═
2025-01-18 16:56:50,556 INFO     ___FILE_ONLY___ ═
2025-01-18 16:56:50,557 INFO     ___FILE_ONLY___ ═
2025-01-18 16:56:50,559 INFO     ___FILE_ONLY___ ═
2025-01-18 16:56:50,559 INFO     ___FILE_ONLY___ ═
2025-01-18 16:56:50,560 INFO     ___FILE_ONLY___ ═
2025-01-18 16:56:50,560 INFO     ___FILE_ONLY___ ═
2025-01-18 16:56:50,561 INFO     ___FILE_ONLY___ ═
2025-01-18 16:56:50,561 INFO     ___FILE_ONLY___ ═
2025-01-18 16:56:50,562 INFO     ___FILE_ONLY___ ═
2025-01-18 16:56:50,562 INFO     ___FILE_ONLY___ ═
2025-01-18 16:56:50,562 INFO     ___FILE_ONLY___ ═
2025-01-18 16:56:50,563 INFO     ___FILE_ONLY___ ═
2025-01-18 16:56:50,563 INFO     ___FILE_ONLY___ ═
2025-01-18 16:56:50,564 INFO     ___FILE_ONLY___ ═
2025-01-18 16:56:50,565 INFO     ___FILE_ONLY___ ═
2025-01-18 16:56:50,565 INFO     ___FILE_ONLY___ ═
2025-01-18 16:56:50,565 INFO     ___FILE_ONLY___ ═
2025-01-18 16:56:50,566 INFO     ___FILE_ONLY___ ═
2025-01-18 16:56:50,567 INFO     ___FILE_ONLY___ ═
2025-01-18 16:56:50,567 INFO     ___FILE_ONLY___ ═
2025-01-18 16:56:50,567 INFO     ___FILE_ONLY___ ═
2025-01-18 16:56:50,568 INFO     ___FILE_ONLY___ ═
2025-01-18 16:56:50,568 INFO     ___FILE_ONLY___ ═
2025-01-18 16:56:50,569 INFO     ___FILE_ONLY___ ═
2025-01-18 16:56:50,569 INFO     ___FILE_ONLY___ ═
2025-01-18 16:56:50,570 INFO     ___FILE_ONLY___ ═
2025-01-18 16:56:50,570 INFO     ___FILE_ONLY___ ═
2025-01-18 16:56:50,571 INFO     ___FILE_ONLY___ ═
2025-01-18 16:56:50,571 INFO     ___FILE_ONLY___ ═
2025-01-18 16:56:50,572 INFO     ___FILE_ONLY___ ═
2025-01-18 16:56:50,572 INFO     ___FILE_ONLY___ ═
2025-01-18 16:56:50,572 INFO     ___FILE_ONLY___ ═
2025-01-18 16:56:50,573 INFO     ___FILE_ONLY___ ═
2025-01-18 16:56:50,573 INFO     ___FILE_ONLY___ ═
2025-01-18 16:56:50,573 INFO     ___FILE_ONLY___ ═
2025-01-18 16:56:50,574 INFO     ___FILE_ONLY___ ═
2025-01-18 16:56:50,574 INFO     ___FILE_ONLY___ ═
2025-01-18 16:56:50,574 INFO     ___FILE_ONLY___ ═
2025-01-18 16:56:50,575 INFO     ___FILE_ONLY___ ═
2025-01-18 16:56:50,575 INFO     ___FILE_ONLY___ ╝
2025-01-18 16:56:50,576 INFO     ___FILE_ONLY___ ╠════════════════════════════════════════════════════════════╣

2025-01-18 16:56:50,576 INFO     ___FILE_ONLY___ ╠═ Downloading: Google Cloud CRC32C Hash Tool (Platform ... ═╣

2025-01-18 16:56:50,576 INFO     ___FILE_ONLY___ ╚
2025-01-18 16:56:50,578 DEBUG    urllib3.connectionpool Starting new HTTPS connection (1): dl.google.com:443
2025-01-18 16:56:50,797 DEBUG    urllib3.connectionpool https://dl.google.com:443 "GET /dl/cloudsdk/channels/rapid/components/google-cloud-sdk-gcloud-crc32c-darwin-arm-20250110133808.tar.gz HTTP/1.1" 200 1406321
2025-01-18 16:56:51,421 INFO     ___FILE_ONLY___ ═
2025-01-18 16:56:51,422 INFO     ___FILE_ONLY___ ═
2025-01-18 16:56:51,422 INFO     ___FILE_ONLY___ ═
2025-01-18 16:56:51,422 INFO     ___FILE_ONLY___ ═
2025-01-18 16:56:51,423 INFO     ___FILE_ONLY___ ═
2025-01-18 16:56:51,424 INFO     ___FILE_ONLY___ ═
2025-01-18 16:56:51,424 INFO     ___FILE_ONLY___ ═
2025-01-18 16:56:51,424 INFO     ___FILE_ONLY___ ═
2025-01-18 16:56:51,424 INFO     ___FILE_ONLY___ ═
2025-01-18 16:56:51,424 INFO     ___FILE_ONLY___ ═
2025-01-18 16:56:51,425 INFO     ___FILE_ONLY___ ═
2025-01-18 16:56:51,425 INFO     ___FILE_ONLY___ ═
2025-01-18 16:56:51,425 INFO     ___FILE_ONLY___ ═
2025-01-18 16:56:51,425 INFO     ___FILE_ONLY___ ═
2025-01-18 16:56:51,425 INFO     ___FILE_ONLY___ ═
2025-01-18 16:56:51,425 INFO     ___FILE_ONLY___ ═
2025-01-18 16:56:51,426 INFO     ___FILE_ONLY___ ═
2025-01-18 16:56:51,427 INFO     ___FILE_ONLY___ ═
2025-01-18 16:56:51,427 INFO     ___FILE_ONLY___ ═
2025-01-18 16:56:51,428 INFO     ___FILE_ONLY___ ═
2025-01-18 16:56:51,428 INFO     ___FILE_ONLY___ ═
2025-01-18 16:56:51,428 INFO     ___FILE_ONLY___ ═
2025-01-18 16:56:51,428 INFO     ___FILE_ONLY___ ═
2025-01-18 16:56:51,433 INFO     ___FILE_ONLY___ ═
2025-01-18 16:56:51,434 INFO     ___FILE_ONLY___ ═
2025-01-18 16:56:51,434 INFO     ___FILE_ONLY___ ═
2025-01-18 16:56:51,434 INFO     ___FILE_ONLY___ ═
2025-01-18 16:56:51,434 INFO     ___FILE_ONLY___ ═
2025-01-18 16:56:51,434 INFO     ___FILE_ONLY___ ═
2025-01-18 16:56:51,435 INFO     ___FILE_ONLY___ ═
2025-01-18 16:56:51,435 INFO     ___FILE_ONLY___ ═
2025-01-18 16:56:51,435 INFO     ___FILE_ONLY___ ═
2025-01-18 16:56:51,435 INFO     ___FILE_ONLY___ ═
2025-01-18 16:56:51,435 INFO     ___FILE_ONLY___ ═
2025-01-18 16:56:51,435 INFO     ___FILE_ONLY___ ═
2025-01-18 16:56:51,435 INFO     ___FILE_ONLY___ ═
2025-01-18 16:56:51,435 INFO     ___FILE_ONLY___ ═
2025-01-18 16:56:51,436 INFO     ___FILE_ONLY___ ═
2025-01-18 16:56:51,436 INFO     ___FILE_ONLY___ ═
2025-01-18 16:56:51,436 INFO     ___FILE_ONLY___ ═
2025-01-18 16:56:51,436 INFO     ___FILE_ONLY___ ═
2025-01-18 16:56:51,437 INFO     ___FILE_ONLY___ ═
2025-01-18 16:56:51,437 INFO     ___FILE_ONLY___ ═
2025-01-18 16:56:51,437 INFO     ___FILE_ONLY___ ═
2025-01-18 16:56:51,437 INFO     ___FILE_ONLY___ ═
2025-01-18 16:56:51,437 INFO     ___FILE_ONLY___ ═
2025-01-18 16:56:51,438 INFO     ___FILE_ONLY___ ═
2025-01-18 16:56:51,438 INFO     ___FILE_ONLY___ ═
2025-01-18 16:56:51,438 INFO     ___FILE_ONLY___ ═
2025-01-18 16:56:51,438 INFO     ___FILE_ONLY___ ═
2025-01-18 16:56:51,438 INFO     ___FILE_ONLY___ ═
2025-01-18 16:56:51,438 INFO     ___FILE_ONLY___ ═
2025-01-18 16:56:51,438 INFO     ___FILE_ONLY___ ═
2025-01-18 16:56:51,439 INFO     ___FILE_ONLY___ ═
2025-01-18 16:56:51,439 INFO     ___FILE_ONLY___ ═
2025-01-18 16:56:51,439 INFO     ___FILE_ONLY___ ═
2025-01-18 16:56:51,439 INFO     ___FILE_ONLY___ ═
2025-01-18 16:56:51,439 INFO     ___FILE_ONLY___ ═
2025-01-18 16:56:51,439 INFO     ___FILE_ONLY___ ═
2025-01-18 16:56:51,439 INFO     ___FILE_ONLY___ ═
2025-01-18 16:56:51,439 INFO     ___FILE_ONLY___ ╝
2025-01-18 16:56:51,440 INFO     ___FILE_ONLY___ ╠════════════════════════════════════════════════════════════╣

2025-01-18 16:56:51,440 INFO     ___FILE_ONLY___ ╠═ Uninstalling: Google Cloud CLI Core Libraries            ═╣

2025-01-18 16:56:51,440 INFO     ___FILE_ONLY___ ╚
2025-01-18 16:56:51,464 INFO     ___FILE_ONLY___ ═
2025-01-18 16:56:51,483 INFO     ___FILE_ONLY___ ═
2025-01-18 16:56:51,501 INFO     ___FILE_ONLY___ ═
2025-01-18 16:56:51,520 INFO     ___FILE_ONLY___ ═
2025-01-18 16:56:51,535 INFO     ___FILE_ONLY___ ═
2025-01-18 16:56:51,551 INFO     ___FILE_ONLY___ ═
2025-01-18 16:56:51,567 INFO     ___FILE_ONLY___ ═
2025-01-18 16:56:51,583 INFO     ___FILE_ONLY___ ═
2025-01-18 16:56:51,598 INFO     ___FILE_ONLY___ ═
2025-01-18 16:56:51,612 INFO     ___FILE_ONLY___ ═
2025-01-18 16:56:51,627 INFO     ___FILE_ONLY___ ═
2025-01-18 16:56:51,643 INFO     ___FILE_ONLY___ ═
2025-01-18 16:56:51,658 INFO     ___FILE_ONLY___ ═
2025-01-18 16:56:51,673 INFO     ___FILE_ONLY___ ═
2025-01-18 16:56:51,689 INFO     ___FILE_ONLY___ ═
2025-01-18 16:56:51,707 INFO     ___FILE_ONLY___ ═
2025-01-18 16:56:51,724 INFO     ___FILE_ONLY___ ═
2025-01-18 16:56:51,743 INFO     ___FILE_ONLY___ ═
2025-01-18 16:56:51,761 INFO     ___FILE_ONLY___ ═
2025-01-18 16:56:51,779 INFO     ___FILE_ONLY___ ═
2025-01-18 16:56:51,796 INFO     ___FILE_ONLY___ ═
2025-01-18 16:56:51,813 INFO     ___FILE_ONLY___ ═
2025-01-18 16:56:51,829 INFO     ___FILE_ONLY___ ═
2025-01-18 16:56:51,842 INFO     ___FILE_ONLY___ ═
2025-01-18 16:56:51,855 INFO     ___FILE_ONLY___ ═
2025-01-18 16:56:51,868 INFO     ___FILE_ONLY___ ═
2025-01-18 16:56:51,881 INFO     ___FILE_ONLY___ ═
2025-01-18 16:56:51,895 INFO     ___FILE_ONLY___ ═
2025-01-18 16:56:51,919 INFO     ___FILE_ONLY___ ═
2025-01-18 16:56:51,934 INFO     ___FILE_ONLY___ ═
2025-01-18 16:56:51,947 INFO     ___FILE_ONLY___ ═
2025-01-18 16:56:51,959 INFO     ___FILE_ONLY___ ═
2025-01-18 16:56:51,973 INFO     ___FILE_ONLY___ ═
2025-01-18 16:56:51,986 INFO     ___FILE_ONLY___ ═
2025-01-18 16:56:52,001 INFO     ___FILE_ONLY___ ═
2025-01-18 16:56:52,015 INFO     ___FILE_ONLY___ ═
2025-01-18 16:56:52,029 INFO     ___FILE_ONLY___ ═
2025-01-18 16:56:52,043 INFO     ___FILE_ONLY___ ═
2025-01-18 16:56:52,056 INFO     ___FILE_ONLY___ ═
2025-01-18 16:56:52,070 INFO     ___FILE_ONLY___ ═
2025-01-18 16:56:52,083 INFO     ___FILE_ONLY___ ═
2025-01-18 16:56:52,096 INFO     ___FILE_ONLY___ ═
2025-01-18 16:56:52,109 INFO     ___FILE_ONLY___ ═
2025-01-18 16:56:52,123 INFO     ___FILE_ONLY___ ═
2025-01-18 16:56:52,135 INFO     ___FILE_ONLY___ ═
2025-01-18 16:56:52,148 INFO     ___FILE_ONLY___ ═
2025-01-18 16:56:52,160 INFO     ___FILE_ONLY___ ═
2025-01-18 16:56:52,172 INFO     ___FILE_ONLY___ ═
2025-01-18 16:56:52,185 INFO     ___FILE_ONLY___ ═
2025-01-18 16:56:52,198 INFO     ___FILE_ONLY___ ═
2025-01-18 16:56:52,210 INFO     ___FILE_ONLY___ ═
2025-01-18 16:56:52,222 INFO     ___FILE_ONLY___ ═
2025-01-18 16:56:52,236 INFO     ___FILE_ONLY___ ═
2025-01-18 16:56:52,249 INFO     ___FILE_ONLY___ ═
2025-01-18 16:56:52,264 INFO     ___FILE_ONLY___ ═
2025-01-18 16:56:52,277 INFO     ___FILE_ONLY___ ═
2025-01-18 16:56:52,290 INFO     ___FILE_ONLY___ ═
2025-01-18 16:56:52,304 INFO     ___FILE_ONLY___ ═
2025-01-18 16:56:52,322 INFO     ___FILE_ONLY___ ═
2025-01-18 16:56:52,335 INFO     ___FILE_ONLY___ ═
2025-01-18 16:56:52,335 INFO     ___FILE_ONLY___ ╝
2025-01-18 16:56:53,458 INFO     ___FILE_ONLY___ ╠════════════════════════════════════════════════════════════╣

2025-01-18 16:56:53,458 INFO     ___FILE_ONLY___ ╠═ Uninstalling: Google Cloud CRC32C Hash Tool (Platform... ═╣

2025-01-18 16:56:53,458 INFO     ___FILE_ONLY___ ╚
2025-01-18 16:56:53,460 INFO     ___FILE_ONLY___ ══════════════════════════════
2025-01-18 16:56:53,460 INFO     ___FILE_ONLY___ ══════════════════════════════
2025-01-18 16:56:53,460 INFO     ___FILE_ONLY___ ╝
2025-01-18 16:56:53,461 INFO     ___FILE_ONLY___ ╠════════════════════════════════════════════════════════════╣

2025-01-18 16:56:53,461 INFO     ___FILE_ONLY___ ╠═ Installing: Google Cloud CLI Core Libraries              ═╣

2025-01-18 16:56:53,461 INFO     ___FILE_ONLY___ ╚
2025-01-18 16:56:54,099 INFO     ___FILE_ONLY___ ═
2025-01-18 16:56:54,125 INFO     ___FILE_ONLY___ ═
2025-01-18 16:56:54,149 INFO     ___FILE_ONLY___ ═
2025-01-18 16:56:54,174 INFO     ___FILE_ONLY___ ═
2025-01-18 16:56:54,199 INFO     ___FILE_ONLY___ ═
2025-01-18 16:56:54,228 INFO     ___FILE_ONLY___ ═
2025-01-18 16:56:54,252 INFO     ___FILE_ONLY___ ═
2025-01-18 16:56:54,278 INFO     ___FILE_ONLY___ ═
2025-01-18 16:56:54,304 INFO     ___FILE_ONLY___ ═
2025-01-18 16:56:54,328 INFO     ___FILE_ONLY___ ═
2025-01-18 16:56:54,353 INFO     ___FILE_ONLY___ ═
2025-01-18 16:56:54,377 INFO     ___FILE_ONLY___ ═
2025-01-18 16:56:54,402 INFO     ___FILE_ONLY___ ═
2025-01-18 16:56:54,427 INFO     ___FILE_ONLY___ ═
2025-01-18 16:56:54,461 INFO     ___FILE_ONLY___ ═
2025-01-18 16:56:54,498 INFO     ___FILE_ONLY___ ═
2025-01-18 16:56:54,554 INFO     ___FILE_ONLY___ ═
2025-01-18 16:56:54,597 INFO     ___FILE_ONLY___ ═
2025-01-18 16:56:54,639 INFO     ___FILE_ONLY___ ═
2025-01-18 16:56:54,689 INFO     ___FILE_ONLY___ ═
2025-01-18 16:56:54,726 INFO     ___FILE_ONLY___ ═
2025-01-18 16:56:54,765 INFO     ___FILE_ONLY___ ═
2025-01-18 16:56:54,801 INFO     ___FILE_ONLY___ ═
2025-01-18 16:56:54,824 INFO     ___FILE_ONLY___ ═
2025-01-18 16:56:54,851 INFO     ___FILE_ONLY___ ═
2025-01-18 16:56:54,895 INFO     ___FILE_ONLY___ ═
2025-01-18 16:56:54,915 INFO     ___FILE_ONLY___ ═
2025-01-18 16:56:54,938 INFO     ___FILE_ONLY___ ═
2025-01-18 16:56:54,959 INFO     ___FILE_ONLY___ ═
2025-01-18 16:56:54,980 INFO     ___FILE_ONLY___ ═
2025-01-18 16:56:55,003 INFO     ___FILE_ONLY___ ═
2025-01-18 16:56:55,030 INFO     ___FILE_ONLY___ ═
2025-01-18 16:56:55,055 INFO     ___FILE_ONLY___ ═
2025-01-18 16:56:55,081 INFO     ___FILE_ONLY___ ═
2025-01-18 16:56:55,102 INFO     ___FILE_ONLY___ ═
2025-01-18 16:56:55,124 INFO     ___FILE_ONLY___ ═
2025-01-18 16:56:55,145 INFO     ___FILE_ONLY___ ═
2025-01-18 16:56:55,168 INFO     ___FILE_ONLY___ ═
2025-01-18 16:56:55,190 INFO     ___FILE_ONLY___ ═
2025-01-18 16:56:55,211 INFO     ___FILE_ONLY___ ═
2025-01-18 16:56:55,231 INFO     ___FILE_ONLY___ ═
2025-01-18 16:56:55,253 INFO     ___FILE_ONLY___ ═
2025-01-18 16:56:55,274 INFO     ___FILE_ONLY___ ═
2025-01-18 16:56:55,294 INFO     ___FILE_ONLY___ ═
2025-01-18 16:56:55,315 INFO     ___FILE_ONLY___ ═
2025-01-18 16:56:55,335 INFO     ___FILE_ONLY___ ═
2025-01-18 16:56:55,355 INFO     ___FILE_ONLY___ ═
2025-01-18 16:56:55,375 INFO     ___FILE_ONLY___ ═
2025-01-18 16:56:55,398 INFO     ___FILE_ONLY___ ═
2025-01-18 16:56:55,436 INFO     ___FILE_ONLY___ ═
2025-01-18 16:56:55,458 INFO     ___FILE_ONLY___ ═
2025-01-18 16:56:55,479 INFO     ___FILE_ONLY___ ═
2025-01-18 16:56:55,502 INFO     ___FILE_ONLY___ ═
2025-01-18 16:56:55,523 INFO     ___FILE_ONLY___ ═
2025-01-18 16:56:55,547 INFO     ___FILE_ONLY___ ═
2025-01-18 16:56:55,568 INFO     ___FILE_ONLY___ ═
2025-01-18 16:56:55,589 INFO     ___FILE_ONLY___ ═
2025-01-18 16:56:55,611 INFO     ___FILE_ONLY___ ═
2025-01-18 16:56:55,635 INFO     ___FILE_ONLY___ ═
2025-01-18 16:56:55,660 INFO     ___FILE_ONLY___ ═
2025-01-18 16:56:55,660 INFO     ___FILE_ONLY___ ╝
2025-01-18 16:56:55,697 INFO     ___FILE_ONLY___ ╠════════════════════════════════════════════════════════════╣

2025-01-18 16:56:55,697 INFO     ___FILE_ONLY___ ╠═ Installing: Google Cloud CRC32C Hash Tool (Platform S... ═╣

2025-01-18 16:56:55,697 INFO     ___FILE_ONLY___ ╚
2025-01-18 16:56:55,708 INFO     ___FILE_ONLY___ ══════════════════════════════
2025-01-18 16:56:55,708 INFO     ___FILE_ONLY___ ══════════════════════════════
2025-01-18 16:56:55,709 INFO     ___FILE_ONLY___ ╝

2025-01-18 16:56:55,714 DEBUG    root            Updating notification cache...
2025-01-18 16:56:55,714 INFO     ___FILE_ONLY___ 

2025-01-18 16:56:55,714 INFO     ___FILE_ONLY___ Performing post processing steps...
2025-01-18 16:56:55,714 DEBUG    root            Executing command: ['/opt/homebrew/share/google-cloud-sdk/bin/gcloud', 'components', 'post-process']
2025-01-18 16:57:00,909 DEBUG    ___FILE_ONLY___ 
2025-01-18 16:57:00,909 DEBUG    ___FILE_ONLY___ 
2025-01-18 16:57:01,053 INFO     ___FILE_ONLY___ 
Update done!


2025-01-18 16:57:01,053 INFO     ___FILE_ONLY___ To revert your CLI to the previously installed version, you may run:
  $ gcloud components update --version 505.0.0


2025-01-18 16:57:01,059 DEBUG    root            Chosen display Format:none
2025-01-18 16:57:01,060 INFO     root            Display format: "none"
