2025-01-28 11:13:20,135 DEBUG    root            Loaded Command Group: ['gcloud', 'app']
2025-01-28 11:13:20,136 ERROR    root            (gcloud.app) Command name argument expected.
2025-01-28 11:13:20,168 DEBUG    root            Loaded Command Group: ['gcloud', 'app', 'open_console']
2025-01-28 11:13:20,168 DEBUG    root            Loaded Command Group: ['gcloud', 'app', 'update']
2025-01-28 11:13:20,169 DEBUG    root            Loaded Command Group: ['gcloud', 'app', 'firewall_rules']
2025-01-28 11:13:20,169 DEBUG    root            Loaded Command Group: ['gcloud', 'app', 'instances']
2025-01-28 11:13:20,169 DEBUG    root            Loaded Command Group: ['gcloud', 'app', 'logs']
2025-01-28 11:13:20,170 DEBUG    root            No implementation for release track [GA] for element: [/opt/homebrew/Caskroom/google-cloud-sdk/493.0.0/google-cloud-sdk/lib/surface/app/repair]
2025-01-28 11:13:20,170 DEBUG    root            Loaded Command Group: ['gcloud', 'app', 'operations']
2025-01-28 11:13:20,170 DEBUG    root            Loaded Command Group: ['gcloud', 'app', 'gen_repo_info_file']
2025-01-28 11:13:20,171 DEBUG    root            Loaded Command Group: ['gcloud', 'app', 'services']
2025-01-28 11:13:20,171 DEBUG    root            No implementation for release track [GA] for element: [/opt/homebrew/Caskroom/google-cloud-sdk/493.0.0/google-cloud-sdk/lib/surface/app/gen_config]
2025-01-28 11:13:20,182 DEBUG    root            Loaded Command Group: ['gcloud', 'app', 'deploy']
2025-01-28 11:13:20,182 DEBUG    root            Loaded Command Group: ['gcloud', 'app', 'describe']
2025-01-28 11:13:20,183 DEBUG    root            Loaded Command Group: ['gcloud', 'app', 'domain_mappings']
2025-01-28 11:13:20,183 DEBUG    root            No implementation for release track [GA] for element: [/opt/homebrew/Caskroom/google-cloud-sdk/493.0.0/google-cloud-sdk/lib/surface/app/migrate]
2025-01-28 11:13:20,183 DEBUG    root            Loaded Command Group: ['gcloud', 'app', 'regions']
2025-01-28 11:13:20,184 DEBUG    root            Loaded Command Group: ['gcloud', 'app', 'browse']
2025-01-28 11:13:20,184 DEBUG    root            Loaded Command Group: ['gcloud', 'app', 'create']
2025-01-28 11:13:20,184 DEBUG    root            Loaded Command Group: ['gcloud', 'app', 'ssl_certificates']
2025-01-28 11:13:20,184 DEBUG    root            Loaded Command Group: ['gcloud', 'app', 'runtimes']
2025-01-28 11:13:20,185 DEBUG    root            No implementation for release track [GA] for element: [/opt/homebrew/Caskroom/google-cloud-sdk/493.0.0/google-cloud-sdk/lib/surface/app/migrate_config]
2025-01-28 11:13:20,185 DEBUG    root            Loaded Command Group: ['gcloud', 'app', 'versions']
2025-01-28 11:13:20,185 DEBUG    root            Chosen display Format:table[no-heading,margin=6,width=80]([0]:label='':align=left:width=22,[1]:label='':align=left:wrap)
2025-01-28 11:13:20,197 DEBUG    root            Chosen display Format:table[no-heading,margin=6,width=80]([0]:label='':align=left:width=22,[1]:label='':align=left:wrap)
