2025-01-28 11:12:10,258 DEBUG    root            Loaded Command Group: ['gcloud', 'app']
2025-01-28 11:12:10,262 DEBUG    root            Loaded Command Group: ['gcloud', 'app', 'update']
2025-01-28 11:12:10,263 DEBUG    root            Loaded Command Group: ['gcloud', 'app', 'domain_mappings']
2025-01-28 11:12:10,264 DEBUG    root            Loaded Command Group: ['gcloud', 'app', 'operations']
2025-01-28 11:12:10,295 DEBUG    root            Loaded Command Group: ['gcloud', 'app', 'describe']
2025-01-28 11:12:10,296 DEBUG    root            Loaded Command Group: ['gcloud', 'app', 'logs']
2025-01-28 11:12:10,350 DEBUG    root            Loaded Command Group: ['gcloud', 'app', 'open_console']
2025-01-28 11:12:10,352 DEBUG    root            No implementation for release track [GA] for element: [/opt/homebrew/Caskroom/google-cloud-sdk/493.0.0/google-cloud-sdk/lib/surface/app/gen_config]
2025-01-28 11:12:10,352 DEBUG    root            No implementation for release track [GA] for element: [/opt/homebrew/Caskroom/google-cloud-sdk/493.0.0/google-cloud-sdk/lib/surface/app/repair]
2025-01-28 11:12:10,352 DEBUG    root            Loaded Command Group: ['gcloud', 'app', 'gen_repo_info_file']
2025-01-28 11:12:10,373 DEBUG    root            Loaded Command Group: ['gcloud', 'app', 'deploy']
2025-01-28 11:12:10,374 DEBUG    root            No implementation for release track [GA] for element: [/opt/homebrew/Caskroom/google-cloud-sdk/493.0.0/google-cloud-sdk/lib/surface/app/migrate]
2025-01-28 11:12:10,374 DEBUG    root            Loaded Command Group: ['gcloud', 'app', 'services']
2025-01-28 11:12:10,375 DEBUG    root            Loaded Command Group: ['gcloud', 'app', 'ssl_certificates']
2025-01-28 11:12:10,375 DEBUG    root            Loaded Command Group: ['gcloud', 'app', 'runtimes']
2025-01-28 11:12:10,376 DEBUG    root            Loaded Command Group: ['gcloud', 'app', 'firewall_rules']
2025-01-28 11:12:10,376 DEBUG    root            Loaded Command Group: ['gcloud', 'app', 'versions']
2025-01-28 11:12:10,377 DEBUG    root            No implementation for release track [GA] for element: [/opt/homebrew/Caskroom/google-cloud-sdk/493.0.0/google-cloud-sdk/lib/surface/app/migrate_config]
2025-01-28 11:12:10,377 DEBUG    root            Loaded Command Group: ['gcloud', 'app', 'instances']
2025-01-28 11:12:10,377 DEBUG    root            Loaded Command Group: ['gcloud', 'app', 'regions']
2025-01-28 11:12:10,378 DEBUG    root            Loaded Command Group: ['gcloud', 'app', 'browse']
2025-01-28 11:12:10,378 DEBUG    root            Loaded Command Group: ['gcloud', 'app', 'create']
2025-01-28 11:12:10,378 ERROR    root            (gcloud.app) Invalid choice: 'ls'.
