2025-01-28 11:27:17,223 DEBUG    root            Loaded Command Group: ['gcloud', 'app']
2025-01-28 11:27:17,267 DEBUG    root            Loaded Command Group: ['gcloud', 'app', 'deploy']
2025-01-28 11:27:17,268 DEBUG    root            Running [gcloud.app.deploy] with arguments: []
2025-01-28 11:27:17,276 DEBUG    root            Loading runtimes experiment config from [gs://runtime-builders/experiments.yaml]
2025-01-28 11:27:17,284 INFO     root            Reading [<googlecloudsdk.api_lib.storage.storage_util.ObjectReference object at 0x1077da1d0>]
2025-01-28 11:27:17,520 DEBUG    root            Flex image build option: FlexImageBuildOptions.ON_SERVER
2025-01-28 11:27:17,529 INFO     root            Executing staging command: [/opt/homebrew/share/google-cloud-sdk/platform/google_appengine/go-app-stager /Users/kitanoyoru/Documents/Work/Innowise/dev-status-bot/app.yaml /Users/kitanoyoru/Documents/Work/Innowise/dev-status-bot /var/folders/yv/2png6btd61j09b_wrvf82h3r0000gn/T/tmpm9vqob5e/tmppoh__rg4]


2025-01-28 11:27:17,529 DEBUG    root            Executing command: ['/opt/homebrew/share/google-cloud-sdk/platform/google_appengine/go-app-stager', '/Users/kitanoyoru/Documents/Work/Innowise/dev-status-bot/app.yaml', '/Users/kitanoyoru/Documents/Work/Innowise/dev-status-bot', '/var/folders/yv/2png6btd61j09b_wrvf82h3r0000gn/T/tmpm9vqob5e/tmppoh__rg4']
2025-01-28 11:27:17,559 INFO     root            ------------------------------------ STDOUT ------------------------------------
building with dependencies from go.mod
------------------------------------ STDERR ------------------------------------
2025/01/28 11:27:17 staging for go1.21
main-package: .
copied /Users/kitanoyoru/Documents/Work/Innowise/dev-status-bot/.gcloudignore to /var/folders/yv/2png6btd61j09b_wrvf82h3r0000gn/T/tmpm9vqob5e/tmppoh__rg4/.gcloudignore
skipping /Users/kitanoyoru/Documents/Work/Innowise/dev-status-bot/.git
copied /Users/kitanoyoru/Documents/Work/Innowise/dev-status-bot/.gitignore to /var/folders/yv/2png6btd61j09b_wrvf82h3r0000gn/T/tmpm9vqob5e/tmppoh__rg4/.gitignore
copied /Users/kitanoyoru/Documents/Work/Innowise/dev-status-bot/README.md to /var/folders/yv/2png6btd61j09b_wrvf82h3r0000gn/T/tmpm9vqob5e/tmppoh__rg4/README.md
copied /Users/kitanoyoru/Documents/Work/Innowise/dev-status-bot/app.yaml to /var/folders/yv/2png6btd61j09b_wrvf82h3r0000gn/T/tmpm9vqob5e/tmppoh__rg4/app.yaml
copied /Users/kitanoyoru/Documents/Work/Innowise/dev-status-bot/assets/forms/daily_status.json to /var/folders/yv/2png6btd61j09b_wrvf82h3r0000gn/T/tmpm9vqob5e/tmppoh__rg4/assets/forms/daily_status.json
copied /Users/kitanoyoru/Documents/Work/Innowise/dev-status-bot/cmd/main.go to /var/folders/yv/2png6btd61j09b_wrvf82h3r0000gn/T/tmpm9vqob5e/tmppoh__rg4/cmd/main.go
copied /Users/kitanoyoru/Documents/Work/Innowise/dev-status-bot/config/config.go to /var/folders/yv/2png6btd61j09b_wrvf82h3r0000gn/T/tmpm9vqob5e/tmppoh__rg4/config/config.go
copied /Users/kitanoyoru/Documents/Work/Innowise/dev-status-bot/config/config.yaml to /var/folders/yv/2png6btd61j09b_wrvf82h3r0000gn/T/tmpm9vqob5e/tmppoh__rg4/config/config.yaml
copied /Users/kitanoyoru/Documents/Work/Innowise/dev-status-bot/db/migrations/20250120091611_initial_schema.sql to /var/folders/yv/2png6btd61j09b_wrvf82h3r0000gn/T/tmpm9vqob5e/tmppoh__rg4/db/migrations/20250120091611_initial_schema.sql
copied /Users/kitanoyoru/Documents/Work/Innowise/dev-status-bot/go.mod to /var/folders/yv/2png6btd61j09b_wrvf82h3r0000gn/T/tmpm9vqob5e/tmppoh__rg4/go.mod
copied /Users/kitanoyoru/Documents/Work/Innowise/dev-status-bot/go.sum to /var/folders/yv/2png6btd61j09b_wrvf82h3r0000gn/T/tmpm9vqob5e/tmppoh__rg4/go.sum
copied /Users/kitanoyoru/Documents/Work/Innowise/dev-status-bot/internal/handlers/api/daily_status.go to /var/folders/yv/2png6btd61j09b_wrvf82h3r0000gn/T/tmpm9vqob5e/tmppoh__rg4/internal/handlers/api/daily_status.go
copied /Users/kitanoyoru/Documents/Work/Innowise/dev-status-bot/internal/handlers/api/handler.go to /var/folders/yv/2png6btd61j09b_wrvf82h3r0000gn/T/tmpm9vqob5e/tmppoh__rg4/internal/handlers/api/handler.go
copied /Users/kitanoyoru/Documents/Work/Innowise/dev-status-bot/internal/handlers/api/weekly_status.go to /var/folders/yv/2png6btd61j09b_wrvf82h3r0000gn/T/tmpm9vqob5e/tmppoh__rg4/internal/handlers/api/weekly_status.go
copied /Users/kitanoyoru/Documents/Work/Innowise/dev-status-bot/internal/handlers/bot/handler.go to /var/folders/yv/2png6btd61j09b_wrvf82h3r0000gn/T/tmpm9vqob5e/tmppoh__rg4/internal/handlers/bot/handler.go
copied /Users/kitanoyoru/Documents/Work/Innowise/dev-status-bot/internal/handlers/bot/textcommand/bind.go to /var/folders/yv/2png6btd61j09b_wrvf82h3r0000gn/T/tmpm9vqob5e/tmppoh__rg4/internal/handlers/bot/textcommand/bind.go
copied /Users/kitanoyoru/Documents/Work/Innowise/dev-status-bot/internal/handlers/bot/textcommand/text_command.go to /var/folders/yv/2png6btd61j09b_wrvf82h3r0000gn/T/tmpm9vqob5e/tmppoh__rg4/internal/handlers/bot/textcommand/text_command.go
copied /Users/kitanoyoru/Documents/Work/Innowise/dev-status-bot/internal/repositories/db.go to /var/folders/yv/2png6btd61j09b_wrvf82h3r0000gn/T/tmpm9vqob5e/tmppoh__rg4/internal/repositories/db.go
copied /Users/kitanoyoru/Documents/Work/Innowise/dev-status-bot/internal/repositories/repository.go to /var/folders/yv/2png6btd61j09b_wrvf82h3r0000gn/T/tmpm9vqob5e/tmppoh__rg4/internal/repositories/repository.go
copied /Users/kitanoyoru/Documents/Work/Innowise/dev-status-bot/internal/router/router.go to /var/folders/yv/2png6btd61j09b_wrvf82h3r0000gn/T/tmpm9vqob5e/tmppoh__rg4/internal/router/router.go
copied /Users/kitanoyoru/Documents/Work/Innowise/dev-status-bot/internal/services/event/service.go to /var/folders/yv/2png6btd61j09b_wrvf82h3r0000gn/T/tmpm9vqob5e/tmppoh__rg4/internal/services/event/service.go
copied /Users/kitanoyoru/Documents/Work/Innowise/dev-status-bot/internal/services/googlechat/daily_status.go to /var/folders/yv/2png6btd61j09b_wrvf82h3r0000gn/T/tmpm9vqob5e/tmppoh__rg4/internal/services/googlechat/daily_status.go
copied /Users/kitanoyoru/Documents/Work/Innowise/dev-status-bot/internal/services/googlechat/messenger.go to /var/folders/yv/2png6btd61j09b_wrvf82h3r0000gn/T/tmpm9vqob5e/tmppoh__rg4/internal/services/googlechat/messenger.go
copied /Users/kitanoyoru/Documents/Work/Innowise/dev-status-bot/internal/services/googlechat/service.go to /var/folders/yv/2png6btd61j09b_wrvf82h3r0000gn/T/tmpm9vqob5e/tmppoh__rg4/internal/services/googlechat/service.go
copied /Users/kitanoyoru/Documents/Work/Innowise/dev-status-bot/internal/services/googlechat/weekly_plan.go to /var/folders/yv/2png6btd61j09b_wrvf82h3r0000gn/T/tmpm9vqob5e/tmppoh__rg4/internal/services/googlechat/weekly_plan.go
copied /Users/kitanoyoru/Documents/Work/Innowise/dev-status-bot/internal/services/services.go to /var/folders/yv/2png6btd61j09b_wrvf82h3r0000gn/T/tmpm9vqob5e/tmppoh__rg4/internal/services/services.go
copied /Users/kitanoyoru/Documents/Work/Innowise/dev-status-bot/internal/services/user/service.go to /var/folders/yv/2png6btd61j09b_wrvf82h3r0000gn/T/tmpm9vqob5e/tmppoh__rg4/internal/services/user/service.go
copied /Users/kitanoyoru/Documents/Work/Innowise/dev-status-bot/logging/logging.go to /var/folders/yv/2png6btd61j09b_wrvf82h3r0000gn/T/tmpm9vqob5e/tmppoh__rg4/logging/logging.go
copied /Users/kitanoyoru/Documents/Work/Innowise/dev-status-bot/server/server.go to /var/folders/yv/2png6btd61j09b_wrvf82h3r0000gn/T/tmpm9vqob5e/tmppoh__rg4/server/server.go
copied /Users/kitanoyoru/Documents/Work/Innowise/dev-status-bot/util/oauth_client.go to /var/folders/yv/2png6btd61j09b_wrvf82h3r0000gn/T/tmpm9vqob5e/tmppoh__rg4/util/oauth_client.go
copied /Users/kitanoyoru/Documents/Work/Innowise/dev-status-bot/util/working_days.go to /var/folders/yv/2png6btd61j09b_wrvf82h3r0000gn/T/tmpm9vqob5e/tmppoh__rg4/util/working_days.go
--------------------------------------------------------------------------------

2025-01-28 11:27:17,559 DEBUG    root            API endpoint: [https://appengine.googleapis.com/], API version: [v1]
2025-01-28 11:27:17,717 INFO     ___FILE_ONLY___ Services to deploy:


2025-01-28 11:27:17,718 INFO     ___FILE_ONLY___ descriptor:                  [/Users/kitanoyoru/Documents/Work/Innowise/dev-status-bot/app.yaml]
source:                      [/Users/kitanoyoru/Documents/Work/Innowise/dev-status-bot]
target project:              [cv-building-go]
target service:              [default]
target version:              [20250128t112717]
target url:                  [https://cv-building-go.lm.r.appspot.com]
target service account:      [cv-stat-bot-service-account@cv-building-go.iam.gserviceaccount.com]



2025-01-28 11:27:18,513 DEBUG    root            No bucket specified, retrieving default bucket.
2025-01-28 11:27:18,517 DEBUG    root            Using bucket [gs://staging.cv-building-go.appspot.com].
2025-01-28 11:27:18,609 INFO     ___FILE_ONLY___ Beginning deployment of service [default]...

2025-01-28 11:27:18,612 INFO     root            Using ignore file at [/Users/kitanoyoru/Documents/Work/Innowise/dev-status-bot/.gcloudignore].
2025-01-28 11:27:18,614 DEBUG    root            Skipping file [.gitignore]
2025-01-28 11:27:18,614 DEBUG    root            Skipping file [.gcloudignore]
2025-01-28 11:27:18,649 DEBUG    root            Could not call git with args ('config', '--get-regexp', 'remote\\.(.*)\\.url'): Command '['git', 'config', '--get-regexp', 'remote\\.(.*)\\.url']' returned non-zero exit status 1.
2025-01-28 11:27:18,650 INFO     root            Could not find any remote repositories associated with [/var/folders/yv/2png6btd61j09b_wrvf82h3r0000gn/T/tmpm9vqob5e/tmppoh__rg4]. Cloud diagnostic tools may not be able to display the correct source code for this deployment.
2025-01-28 11:27:18,923 INFO     root            Incremental upload skipped 0.0% of data
2025-01-28 11:27:18,923 DEBUG    root            Skipping upload of [go.mod]
2025-01-28 11:27:18,923 INFO     root            Incremental upload skipped 60.09% of data
2025-01-28 11:27:18,923 DEBUG    root            Skipping upload of [go.sum]
2025-01-28 11:27:18,923 INFO     root            Incremental upload skipped 89.36% of data
2025-01-28 11:27:18,923 DEBUG    root            Skipping upload of [README.md]
2025-01-28 11:27:18,923 INFO     root            Incremental upload skipped 89.37% of data
2025-01-28 11:27:18,923 DEBUG    root            Skipping upload of [_main-package-path]
2025-01-28 11:27:18,923 INFO     root            Incremental upload skipped 89.37% of data
2025-01-28 11:27:18,923 DEBUG    root            Skipping upload of [cmd/main.go]
2025-01-28 11:27:18,923 INFO     root            Incremental upload skipped 90.63% of data
2025-01-28 11:27:18,923 DEBUG    root            Skipping upload of [util/oauth_client.go]
2025-01-28 11:27:18,923 INFO     root            Incremental upload skipped 90.85% of data
2025-01-28 11:27:18,923 DEBUG    root            Skipping upload of [util/working_days.go]
2025-01-28 11:27:18,923 INFO     root            Incremental upload skipped 90.96% of data
2025-01-28 11:27:18,923 DEBUG    root            Skipping upload of [config/config.go]
2025-01-28 11:27:18,923 INFO     root            Incremental upload skipped 91.52% of data
2025-01-28 11:27:18,923 DEBUG    root            Skipping upload of [config/config.yaml]
2025-01-28 11:27:18,923 INFO     root            Incremental upload skipped 91.6% of data
2025-01-28 11:27:18,924 DEBUG    root            Skipping upload of [internal/repositories/db.go]
2025-01-28 11:27:18,924 INFO     root            Incremental upload skipped 91.78% of data
2025-01-28 11:27:18,924 DEBUG    root            Skipping upload of [internal/repositories/repository.go]
2025-01-28 11:27:18,924 INFO     root            Incremental upload skipped 91.88% of data
2025-01-28 11:27:18,924 DEBUG    root            Skipping upload of [internal/handlers/api/handler.go]
2025-01-28 11:27:18,924 INFO     root            Incremental upload skipped 92.09% of data
2025-01-28 11:27:18,924 INFO     root            Incremental upload skipped 88.0% of data
2025-01-28 11:27:18,924 INFO     root            Incremental upload skipped 84.34% of data
2025-01-28 11:27:18,924 DEBUG    root            Skipping upload of [internal/handlers/bot/handler.go]
2025-01-28 11:27:18,924 INFO     root            Incremental upload skipped 85.3% of data
2025-01-28 11:27:18,924 DEBUG    root            Skipping upload of [internal/handlers/bot/textcommand/bind.go]
2025-01-28 11:27:18,924 INFO     root            Incremental upload skipped 86.34% of data
2025-01-28 11:27:18,924 DEBUG    root            Skipping upload of [internal/handlers/bot/textcommand/text_command.go]
2025-01-28 11:27:18,924 INFO     root            Incremental upload skipped 87.23% of data
2025-01-28 11:27:18,924 INFO     root            Incremental upload skipped 85.38% of data
2025-01-28 11:27:18,924 DEBUG    root            Skipping upload of [internal/services/user/service.go]
2025-01-28 11:27:18,924 INFO     root            Incremental upload skipped 85.47% of data
2025-01-28 11:27:18,924 DEBUG    root            Skipping upload of [internal/services/googlechat/service.go]
2025-01-28 11:27:18,924 INFO     root            Incremental upload skipped 85.53% of data
2025-01-28 11:27:18,924 INFO     root            Incremental upload skipped 78.19% of data
2025-01-28 11:27:18,924 INFO     root            Incremental upload skipped 75.18% of data
2025-01-28 11:27:18,924 DEBUG    root            Skipping upload of [internal/services/googlechat/weekly_plan.go]
2025-01-28 11:27:18,924 INFO     root            Incremental upload skipped 75.49% of data
2025-01-28 11:27:18,924 DEBUG    root            Skipping upload of [internal/services/event/service.go]
2025-01-28 11:27:18,924 INFO     root            Incremental upload skipped 75.72% of data
2025-01-28 11:27:18,924 INFO     root            Incremental upload skipped 73.81% of data
2025-01-28 11:27:18,924 DEBUG    root            Skipping upload of [server/server.go]
2025-01-28 11:27:18,924 INFO     root            Incremental upload skipped 74.19% of data
2025-01-28 11:27:18,924 DEBUG    root            Skipping upload of [db/migrations/20250120091611_initial_schema.sql]
2025-01-28 11:27:18,924 INFO     root            Incremental upload skipped 75.2% of data
2025-01-28 11:27:18,924 INFO     root            Incremental upload skipped 71.66% of data
2025-01-28 11:27:18,924 DEBUG    root            Skipping upload of [logging/logging.go]
2025-01-28 11:27:18,924 INFO     root            Incremental upload skipped 73.85% of data
2025-01-28 11:27:18,924 DEBUG    root            Uploading 8 files to Google Cloud Storage
2025-01-28 11:27:18,924 DEBUG    root            Using [16] threads
2025-01-28 11:27:18,925 INFO     ___FILE_ONLY___ ╔════════════════════════════════════════════════════════════╗

2025-01-28 11:27:18,925 INFO     ___FILE_ONLY___ ╠═ Uploading 8 files to Google Cloud Storage                ═╣

2025-01-28 11:27:18,925 INFO     ___FILE_ONLY___ ╚
2025-01-28 11:27:18,948 INFO     root            Uploading [/var/folders/yv/2png6btd61j09b_wrvf82h3r0000gn/T/tmpm9vqob5e/tmppoh__rg4/internal/services/googlechat/daily_status.go] to [staging.cv-building-go.appspot.com/b7588dc292510cf992287882534ddcfaccd5217e]
2025-01-28 11:27:18,948 INFO     root            Uploading [/var/folders/yv/2png6btd61j09b_wrvf82h3r0000gn/T/tmpm9vqob5e/tmppoh__rg4/app.yaml] to [staging.cv-building-go.appspot.com/558420380218b75ea8f37041da171882f8ddfa4b]
2025-01-28 11:27:18,951 INFO     root            Uploading [/var/folders/yv/2png6btd61j09b_wrvf82h3r0000gn/T/tmpm9vqob5e/tmppoh__rg4/internal/handlers/api/weekly_status.go] to [staging.cv-building-go.appspot.com/8d0a09ed71ae1ee53d90d5f56b8a4501c47a65b6]
2025-01-28 11:27:18,951 INFO     root            Uploading [/var/folders/yv/2png6btd61j09b_wrvf82h3r0000gn/T/tmpm9vqob5e/tmppoh__rg4/assets/forms/daily_status.json] to [staging.cv-building-go.appspot.com/8041e3a1b757c870151aeea8058074f32c6586d1]
2025-01-28 11:27:18,951 INFO     root            Uploading [/var/folders/yv/2png6btd61j09b_wrvf82h3r0000gn/T/tmpm9vqob5e/tmppoh__rg4/internal/handlers/api/daily_status.go] to [staging.cv-building-go.appspot.com/e101173d0e7f6b418bdc6b9cb6628bb7bb99b868]
2025-01-28 11:27:18,951 INFO     root            Uploading [/var/folders/yv/2png6btd61j09b_wrvf82h3r0000gn/T/tmpm9vqob5e/tmppoh__rg4/internal/router/router.go] to [staging.cv-building-go.appspot.com/52e9b91cb1aa3989f10a9e81bf7e5ddcbe18e27b]
2025-01-28 11:27:18,954 INFO     root            Uploading [/var/folders/yv/2png6btd61j09b_wrvf82h3r0000gn/T/tmpm9vqob5e/tmppoh__rg4/internal/services/services.go] to [staging.cv-building-go.appspot.com/63a843033dfc6edb6943fbbc54ee05ad79f2c1f3]
2025-01-28 11:27:18,955 INFO     root            Uploading [/var/folders/yv/2png6btd61j09b_wrvf82h3r0000gn/T/tmpm9vqob5e/tmppoh__rg4/internal/services/googlechat/messenger.go] to [staging.cv-building-go.appspot.com/42196219ae292ca3f2b4adc6223afefd891f8585]
2025-01-28 11:27:19,027 DEBUG    root            Could not upload file [/var/folders/yv/2png6btd61j09b_wrvf82h3r0000gn/T/tmpm9vqob5e/tmppoh__rg4/assets/forms/daily_status.json] to [staging.cv-building-go.appspot.com/8041e3a1b757c870151aeea8058074f32c6586d1]: [aliaksandr.rutkouski@innowise.com] does not have permission to access b instance [staging.cv-building-go.appspot.com] (or it may not exist): aliaksandr.rutkouski@innowise.com does not have storage.objects.create access to the Google Cloud Storage object. Permission 'storage.objects.create' denied on resource (or it may not exist). This command is authenticated as aliaksandr.rutkouski@innowise.com which is the active account specified by the [core/account] property.
2025-01-28 11:27:19,028 INFO     root            Uploading [/var/folders/yv/2png6btd61j09b_wrvf82h3r0000gn/T/tmpm9vqob5e/tmppoh__rg4/assets/forms/daily_status.json] to [staging.cv-building-go.appspot.com/8041e3a1b757c870151aeea8058074f32c6586d1]
2025-01-28 11:27:19,029 DEBUG    root            Could not upload file [/var/folders/yv/2png6btd61j09b_wrvf82h3r0000gn/T/tmpm9vqob5e/tmppoh__rg4/internal/router/router.go] to [staging.cv-building-go.appspot.com/52e9b91cb1aa3989f10a9e81bf7e5ddcbe18e27b]: [aliaksandr.rutkouski@innowise.com] does not have permission to access b instance [staging.cv-building-go.appspot.com] (or it may not exist): aliaksandr.rutkouski@innowise.com does not have storage.objects.create access to the Google Cloud Storage object. Permission 'storage.objects.create' denied on resource (or it may not exist). This command is authenticated as aliaksandr.rutkouski@innowise.com which is the active account specified by the [core/account] property.
2025-01-28 11:27:19,029 DEBUG    root            Could not upload file [/var/folders/yv/2png6btd61j09b_wrvf82h3r0000gn/T/tmpm9vqob5e/tmppoh__rg4/internal/handlers/api/weekly_status.go] to [staging.cv-building-go.appspot.com/8d0a09ed71ae1ee53d90d5f56b8a4501c47a65b6]: [aliaksandr.rutkouski@innowise.com] does not have permission to access b instance [staging.cv-building-go.appspot.com] (or it may not exist): aliaksandr.rutkouski@innowise.com does not have storage.objects.create access to the Google Cloud Storage object. Permission 'storage.objects.create' denied on resource (or it may not exist). This command is authenticated as aliaksandr.rutkouski@innowise.com which is the active account specified by the [core/account] property.
2025-01-28 11:27:19,030 INFO     root            Uploading [/var/folders/yv/2png6btd61j09b_wrvf82h3r0000gn/T/tmpm9vqob5e/tmppoh__rg4/internal/router/router.go] to [staging.cv-building-go.appspot.com/52e9b91cb1aa3989f10a9e81bf7e5ddcbe18e27b]
2025-01-28 11:27:19,031 DEBUG    root            Could not upload file [/var/folders/yv/2png6btd61j09b_wrvf82h3r0000gn/T/tmpm9vqob5e/tmppoh__rg4/app.yaml] to [staging.cv-building-go.appspot.com/558420380218b75ea8f37041da171882f8ddfa4b]: [aliaksandr.rutkouski@innowise.com] does not have permission to access b instance [staging.cv-building-go.appspot.com] (or it may not exist): aliaksandr.rutkouski@innowise.com does not have storage.objects.create access to the Google Cloud Storage object. Permission 'storage.objects.create' denied on resource (or it may not exist). This command is authenticated as aliaksandr.rutkouski@innowise.com which is the active account specified by the [core/account] property.
2025-01-28 11:27:19,031 INFO     root            Uploading [/var/folders/yv/2png6btd61j09b_wrvf82h3r0000gn/T/tmpm9vqob5e/tmppoh__rg4/internal/handlers/api/weekly_status.go] to [staging.cv-building-go.appspot.com/8d0a09ed71ae1ee53d90d5f56b8a4501c47a65b6]
2025-01-28 11:27:19,032 INFO     root            Uploading [/var/folders/yv/2png6btd61j09b_wrvf82h3r0000gn/T/tmpm9vqob5e/tmppoh__rg4/app.yaml] to [staging.cv-building-go.appspot.com/558420380218b75ea8f37041da171882f8ddfa4b]
2025-01-28 11:27:19,033 DEBUG    root            Could not upload file [/var/folders/yv/2png6btd61j09b_wrvf82h3r0000gn/T/tmpm9vqob5e/tmppoh__rg4/internal/handlers/api/daily_status.go] to [staging.cv-building-go.appspot.com/e101173d0e7f6b418bdc6b9cb6628bb7bb99b868]: [aliaksandr.rutkouski@innowise.com] does not have permission to access b instance [staging.cv-building-go.appspot.com] (or it may not exist): aliaksandr.rutkouski@innowise.com does not have storage.objects.create access to the Google Cloud Storage object. Permission 'storage.objects.create' denied on resource (or it may not exist). This command is authenticated as aliaksandr.rutkouski@innowise.com which is the active account specified by the [core/account] property.
2025-01-28 11:27:19,033 INFO     root            Uploading [/var/folders/yv/2png6btd61j09b_wrvf82h3r0000gn/T/tmpm9vqob5e/tmppoh__rg4/internal/handlers/api/daily_status.go] to [staging.cv-building-go.appspot.com/e101173d0e7f6b418bdc6b9cb6628bb7bb99b868]
2025-01-28 11:27:19,034 DEBUG    root            Could not upload file [/var/folders/yv/2png6btd61j09b_wrvf82h3r0000gn/T/tmpm9vqob5e/tmppoh__rg4/internal/services/googlechat/messenger.go] to [staging.cv-building-go.appspot.com/42196219ae292ca3f2b4adc6223afefd891f8585]: [aliaksandr.rutkouski@innowise.com] does not have permission to access b instance [staging.cv-building-go.appspot.com] (or it may not exist): aliaksandr.rutkouski@innowise.com does not have storage.objects.create access to the Google Cloud Storage object. Permission 'storage.objects.create' denied on resource (or it may not exist). This command is authenticated as aliaksandr.rutkouski@innowise.com which is the active account specified by the [core/account] property.
2025-01-28 11:27:19,034 DEBUG    root            Could not upload file [/var/folders/yv/2png6btd61j09b_wrvf82h3r0000gn/T/tmpm9vqob5e/tmppoh__rg4/internal/services/services.go] to [staging.cv-building-go.appspot.com/63a843033dfc6edb6943fbbc54ee05ad79f2c1f3]: [aliaksandr.rutkouski@innowise.com] does not have permission to access b instance [staging.cv-building-go.appspot.com] (or it may not exist): aliaksandr.rutkouski@innowise.com does not have storage.objects.create access to the Google Cloud Storage object. Permission 'storage.objects.create' denied on resource (or it may not exist). This command is authenticated as aliaksandr.rutkouski@innowise.com which is the active account specified by the [core/account] property.
2025-01-28 11:27:19,035 INFO     root            Uploading [/var/folders/yv/2png6btd61j09b_wrvf82h3r0000gn/T/tmpm9vqob5e/tmppoh__rg4/internal/services/googlechat/messenger.go] to [staging.cv-building-go.appspot.com/42196219ae292ca3f2b4adc6223afefd891f8585]
2025-01-28 11:27:19,035 INFO     root            Uploading [/var/folders/yv/2png6btd61j09b_wrvf82h3r0000gn/T/tmpm9vqob5e/tmppoh__rg4/internal/services/services.go] to [staging.cv-building-go.appspot.com/63a843033dfc6edb6943fbbc54ee05ad79f2c1f3]
2025-01-28 11:27:19,036 DEBUG    root            Could not upload file [/var/folders/yv/2png6btd61j09b_wrvf82h3r0000gn/T/tmpm9vqob5e/tmppoh__rg4/internal/services/googlechat/daily_status.go] to [staging.cv-building-go.appspot.com/b7588dc292510cf992287882534ddcfaccd5217e]: [aliaksandr.rutkouski@innowise.com] does not have permission to access b instance [staging.cv-building-go.appspot.com] (or it may not exist): aliaksandr.rutkouski@innowise.com does not have storage.objects.create access to the Google Cloud Storage object. Permission 'storage.objects.create' denied on resource (or it may not exist). This command is authenticated as aliaksandr.rutkouski@innowise.com which is the active account specified by the [core/account] property.
2025-01-28 11:27:19,037 INFO     root            Uploading [/var/folders/yv/2png6btd61j09b_wrvf82h3r0000gn/T/tmpm9vqob5e/tmppoh__rg4/internal/services/googlechat/daily_status.go] to [staging.cv-building-go.appspot.com/b7588dc292510cf992287882534ddcfaccd5217e]
2025-01-28 11:27:19,055 DEBUG    root            Could not upload file [/var/folders/yv/2png6btd61j09b_wrvf82h3r0000gn/T/tmpm9vqob5e/tmppoh__rg4/assets/forms/daily_status.json] to [staging.cv-building-go.appspot.com/8041e3a1b757c870151aeea8058074f32c6586d1]: [aliaksandr.rutkouski@innowise.com] does not have permission to access b instance [staging.cv-building-go.appspot.com] (or it may not exist): aliaksandr.rutkouski@innowise.com does not have storage.objects.create access to the Google Cloud Storage object. Permission 'storage.objects.create' denied on resource (or it may not exist). This command is authenticated as aliaksandr.rutkouski@innowise.com which is the active account specified by the [core/account] property.
2025-01-28 11:27:19,057 DEBUG    root            Could not upload file [/var/folders/yv/2png6btd61j09b_wrvf82h3r0000gn/T/tmpm9vqob5e/tmppoh__rg4/internal/handlers/api/weekly_status.go] to [staging.cv-building-go.appspot.com/8d0a09ed71ae1ee53d90d5f56b8a4501c47a65b6]: [aliaksandr.rutkouski@innowise.com] does not have permission to access b instance [staging.cv-building-go.appspot.com] (or it may not exist): aliaksandr.rutkouski@innowise.com does not have storage.objects.create access to the Google Cloud Storage object. Permission 'storage.objects.create' denied on resource (or it may not exist). This command is authenticated as aliaksandr.rutkouski@innowise.com which is the active account specified by the [core/account] property.
2025-01-28 11:27:19,058 INFO     root            Uploading [/var/folders/yv/2png6btd61j09b_wrvf82h3r0000gn/T/tmpm9vqob5e/tmppoh__rg4/assets/forms/daily_status.json] to [staging.cv-building-go.appspot.com/8041e3a1b757c870151aeea8058074f32c6586d1]
2025-01-28 11:27:19,059 DEBUG    root            Could not upload file [/var/folders/yv/2png6btd61j09b_wrvf82h3r0000gn/T/tmpm9vqob5e/tmppoh__rg4/internal/router/router.go] to [staging.cv-building-go.appspot.com/52e9b91cb1aa3989f10a9e81bf7e5ddcbe18e27b]: [aliaksandr.rutkouski@innowise.com] does not have permission to access b instance [staging.cv-building-go.appspot.com] (or it may not exist): aliaksandr.rutkouski@innowise.com does not have storage.objects.create access to the Google Cloud Storage object. Permission 'storage.objects.create' denied on resource (or it may not exist). This command is authenticated as aliaksandr.rutkouski@innowise.com which is the active account specified by the [core/account] property.
2025-01-28 11:27:19,059 DEBUG    root            Could not upload file [/var/folders/yv/2png6btd61j09b_wrvf82h3r0000gn/T/tmpm9vqob5e/tmppoh__rg4/internal/handlers/api/daily_status.go] to [staging.cv-building-go.appspot.com/e101173d0e7f6b418bdc6b9cb6628bb7bb99b868]: [aliaksandr.rutkouski@innowise.com] does not have permission to access b instance [staging.cv-building-go.appspot.com] (or it may not exist): aliaksandr.rutkouski@innowise.com does not have storage.objects.create access to the Google Cloud Storage object. Permission 'storage.objects.create' denied on resource (or it may not exist). This command is authenticated as aliaksandr.rutkouski@innowise.com which is the active account specified by the [core/account] property.
2025-01-28 11:27:19,059 INFO     root            Uploading [/var/folders/yv/2png6btd61j09b_wrvf82h3r0000gn/T/tmpm9vqob5e/tmppoh__rg4/internal/handlers/api/weekly_status.go] to [staging.cv-building-go.appspot.com/8d0a09ed71ae1ee53d90d5f56b8a4501c47a65b6]
2025-01-28 11:27:19,059 INFO     root            Uploading [/var/folders/yv/2png6btd61j09b_wrvf82h3r0000gn/T/tmpm9vqob5e/tmppoh__rg4/internal/router/router.go] to [staging.cv-building-go.appspot.com/52e9b91cb1aa3989f10a9e81bf7e5ddcbe18e27b]
2025-01-28 11:27:19,062 DEBUG    root            Could not upload file [/var/folders/yv/2png6btd61j09b_wrvf82h3r0000gn/T/tmpm9vqob5e/tmppoh__rg4/app.yaml] to [staging.cv-building-go.appspot.com/558420380218b75ea8f37041da171882f8ddfa4b]: [aliaksandr.rutkouski@innowise.com] does not have permission to access b instance [staging.cv-building-go.appspot.com] (or it may not exist): aliaksandr.rutkouski@innowise.com does not have storage.objects.create access to the Google Cloud Storage object. Permission 'storage.objects.create' denied on resource (or it may not exist). This command is authenticated as aliaksandr.rutkouski@innowise.com which is the active account specified by the [core/account] property.
2025-01-28 11:27:19,062 INFO     root            Uploading [/var/folders/yv/2png6btd61j09b_wrvf82h3r0000gn/T/tmpm9vqob5e/tmppoh__rg4/internal/handlers/api/daily_status.go] to [staging.cv-building-go.appspot.com/e101173d0e7f6b418bdc6b9cb6628bb7bb99b868]
2025-01-28 11:27:19,062 DEBUG    root            Could not upload file [/var/folders/yv/2png6btd61j09b_wrvf82h3r0000gn/T/tmpm9vqob5e/tmppoh__rg4/internal/services/googlechat/messenger.go] to [staging.cv-building-go.appspot.com/42196219ae292ca3f2b4adc6223afefd891f8585]: [aliaksandr.rutkouski@innowise.com] does not have permission to access b instance [staging.cv-building-go.appspot.com] (or it may not exist): aliaksandr.rutkouski@innowise.com does not have storage.objects.create access to the Google Cloud Storage object. Permission 'storage.objects.create' denied on resource (or it may not exist). This command is authenticated as aliaksandr.rutkouski@innowise.com which is the active account specified by the [core/account] property.
2025-01-28 11:27:19,063 INFO     root            Uploading [/var/folders/yv/2png6btd61j09b_wrvf82h3r0000gn/T/tmpm9vqob5e/tmppoh__rg4/internal/services/googlechat/messenger.go] to [staging.cv-building-go.appspot.com/42196219ae292ca3f2b4adc6223afefd891f8585]
2025-01-28 11:27:19,064 INFO     root            Uploading [/var/folders/yv/2png6btd61j09b_wrvf82h3r0000gn/T/tmpm9vqob5e/tmppoh__rg4/app.yaml] to [staging.cv-building-go.appspot.com/558420380218b75ea8f37041da171882f8ddfa4b]
2025-01-28 11:27:19,065 DEBUG    root            Could not upload file [/var/folders/yv/2png6btd61j09b_wrvf82h3r0000gn/T/tmpm9vqob5e/tmppoh__rg4/internal/services/googlechat/daily_status.go] to [staging.cv-building-go.appspot.com/b7588dc292510cf992287882534ddcfaccd5217e]: [aliaksandr.rutkouski@innowise.com] does not have permission to access b instance [staging.cv-building-go.appspot.com] (or it may not exist): aliaksandr.rutkouski@innowise.com does not have storage.objects.create access to the Google Cloud Storage object. Permission 'storage.objects.create' denied on resource (or it may not exist). This command is authenticated as aliaksandr.rutkouski@innowise.com which is the active account specified by the [core/account] property.
2025-01-28 11:27:19,065 INFO     root            Uploading [/var/folders/yv/2png6btd61j09b_wrvf82h3r0000gn/T/tmpm9vqob5e/tmppoh__rg4/internal/services/googlechat/daily_status.go] to [staging.cv-building-go.appspot.com/b7588dc292510cf992287882534ddcfaccd5217e]
2025-01-28 11:27:19,066 DEBUG    root            Could not upload file [/var/folders/yv/2png6btd61j09b_wrvf82h3r0000gn/T/tmpm9vqob5e/tmppoh__rg4/internal/services/services.go] to [staging.cv-building-go.appspot.com/63a843033dfc6edb6943fbbc54ee05ad79f2c1f3]: [aliaksandr.rutkouski@innowise.com] does not have permission to access b instance [staging.cv-building-go.appspot.com] (or it may not exist): aliaksandr.rutkouski@innowise.com does not have storage.objects.create access to the Google Cloud Storage object. Permission 'storage.objects.create' denied on resource (or it may not exist). This command is authenticated as aliaksandr.rutkouski@innowise.com which is the active account specified by the [core/account] property.
2025-01-28 11:27:19,066 INFO     root            Uploading [/var/folders/yv/2png6btd61j09b_wrvf82h3r0000gn/T/tmpm9vqob5e/tmppoh__rg4/internal/services/services.go] to [staging.cv-building-go.appspot.com/63a843033dfc6edb6943fbbc54ee05ad79f2c1f3]
2025-01-28 11:27:19,089 DEBUG    root            Could not upload file [/var/folders/yv/2png6btd61j09b_wrvf82h3r0000gn/T/tmpm9vqob5e/tmppoh__rg4/assets/forms/daily_status.json] to [staging.cv-building-go.appspot.com/8041e3a1b757c870151aeea8058074f32c6586d1]: [aliaksandr.rutkouski@innowise.com] does not have permission to access b instance [staging.cv-building-go.appspot.com] (or it may not exist): aliaksandr.rutkouski@innowise.com does not have storage.objects.create access to the Google Cloud Storage object. Permission 'storage.objects.create' denied on resource (or it may not exist). This command is authenticated as aliaksandr.rutkouski@innowise.com which is the active account specified by the [core/account] property.
2025-01-28 11:27:19,090 DEBUG    root            Could not upload file [/var/folders/yv/2png6btd61j09b_wrvf82h3r0000gn/T/tmpm9vqob5e/tmppoh__rg4/internal/router/router.go] to [staging.cv-building-go.appspot.com/52e9b91cb1aa3989f10a9e81bf7e5ddcbe18e27b]: [aliaksandr.rutkouski@innowise.com] does not have permission to access b instance [staging.cv-building-go.appspot.com] (or it may not exist): aliaksandr.rutkouski@innowise.com does not have storage.objects.create access to the Google Cloud Storage object. Permission 'storage.objects.create' denied on resource (or it may not exist). This command is authenticated as aliaksandr.rutkouski@innowise.com which is the active account specified by the [core/account] property.
2025-01-28 11:27:19,090 INFO     root            Uploading [/var/folders/yv/2png6btd61j09b_wrvf82h3r0000gn/T/tmpm9vqob5e/tmppoh__rg4/internal/router/router.go] to [staging.cv-building-go.appspot.com/52e9b91cb1aa3989f10a9e81bf7e5ddcbe18e27b]
2025-01-28 11:27:19,091 INFO     root            Uploading [/var/folders/yv/2png6btd61j09b_wrvf82h3r0000gn/T/tmpm9vqob5e/tmppoh__rg4/assets/forms/daily_status.json] to [staging.cv-building-go.appspot.com/8041e3a1b757c870151aeea8058074f32c6586d1]
2025-01-28 11:27:19,092 DEBUG    root            Could not upload file [/var/folders/yv/2png6btd61j09b_wrvf82h3r0000gn/T/tmpm9vqob5e/tmppoh__rg4/internal/handlers/api/weekly_status.go] to [staging.cv-building-go.appspot.com/8d0a09ed71ae1ee53d90d5f56b8a4501c47a65b6]: [aliaksandr.rutkouski@innowise.com] does not have permission to access b instance [staging.cv-building-go.appspot.com] (or it may not exist): aliaksandr.rutkouski@innowise.com does not have storage.objects.create access to the Google Cloud Storage object. Permission 'storage.objects.create' denied on resource (or it may not exist). This command is authenticated as aliaksandr.rutkouski@innowise.com which is the active account specified by the [core/account] property.
2025-01-28 11:27:19,092 INFO     root            Uploading [/var/folders/yv/2png6btd61j09b_wrvf82h3r0000gn/T/tmpm9vqob5e/tmppoh__rg4/internal/handlers/api/weekly_status.go] to [staging.cv-building-go.appspot.com/8d0a09ed71ae1ee53d90d5f56b8a4501c47a65b6]
2025-01-28 11:27:19,093 DEBUG    root            Could not upload file [/var/folders/yv/2png6btd61j09b_wrvf82h3r0000gn/T/tmpm9vqob5e/tmppoh__rg4/internal/services/googlechat/daily_status.go] to [staging.cv-building-go.appspot.com/b7588dc292510cf992287882534ddcfaccd5217e]: [aliaksandr.rutkouski@innowise.com] does not have permission to access b instance [staging.cv-building-go.appspot.com] (or it may not exist): aliaksandr.rutkouski@innowise.com does not have storage.objects.create access to the Google Cloud Storage object. Permission 'storage.objects.create' denied on resource (or it may not exist). This command is authenticated as aliaksandr.rutkouski@innowise.com which is the active account specified by the [core/account] property.
2025-01-28 11:27:19,093 INFO     root            Uploading [/var/folders/yv/2png6btd61j09b_wrvf82h3r0000gn/T/tmpm9vqob5e/tmppoh__rg4/internal/services/googlechat/daily_status.go] to [staging.cv-building-go.appspot.com/b7588dc292510cf992287882534ddcfaccd5217e]
2025-01-28 11:27:19,095 DEBUG    root            Could not upload file [/var/folders/yv/2png6btd61j09b_wrvf82h3r0000gn/T/tmpm9vqob5e/tmppoh__rg4/internal/handlers/api/daily_status.go] to [staging.cv-building-go.appspot.com/e101173d0e7f6b418bdc6b9cb6628bb7bb99b868]: [aliaksandr.rutkouski@innowise.com] does not have permission to access b instance [staging.cv-building-go.appspot.com] (or it may not exist): aliaksandr.rutkouski@innowise.com does not have storage.objects.create access to the Google Cloud Storage object. Permission 'storage.objects.create' denied on resource (or it may not exist). This command is authenticated as aliaksandr.rutkouski@innowise.com which is the active account specified by the [core/account] property.
2025-01-28 11:27:19,095 DEBUG    root            Could not upload file [/var/folders/yv/2png6btd61j09b_wrvf82h3r0000gn/T/tmpm9vqob5e/tmppoh__rg4/app.yaml] to [staging.cv-building-go.appspot.com/558420380218b75ea8f37041da171882f8ddfa4b]: [aliaksandr.rutkouski@innowise.com] does not have permission to access b instance [staging.cv-building-go.appspot.com] (or it may not exist): aliaksandr.rutkouski@innowise.com does not have storage.objects.create access to the Google Cloud Storage object. Permission 'storage.objects.create' denied on resource (or it may not exist). This command is authenticated as aliaksandr.rutkouski@innowise.com which is the active account specified by the [core/account] property.
2025-01-28 11:27:19,096 INFO     root            Uploading [/var/folders/yv/2png6btd61j09b_wrvf82h3r0000gn/T/tmpm9vqob5e/tmppoh__rg4/internal/handlers/api/daily_status.go] to [staging.cv-building-go.appspot.com/e101173d0e7f6b418bdc6b9cb6628bb7bb99b868]
2025-01-28 11:27:19,096 INFO     root            Uploading [/var/folders/yv/2png6btd61j09b_wrvf82h3r0000gn/T/tmpm9vqob5e/tmppoh__rg4/app.yaml] to [staging.cv-building-go.appspot.com/558420380218b75ea8f37041da171882f8ddfa4b]
2025-01-28 11:27:19,098 DEBUG    root            Could not upload file [/var/folders/yv/2png6btd61j09b_wrvf82h3r0000gn/T/tmpm9vqob5e/tmppoh__rg4/internal/services/googlechat/messenger.go] to [staging.cv-building-go.appspot.com/42196219ae292ca3f2b4adc6223afefd891f8585]: [aliaksandr.rutkouski@innowise.com] does not have permission to access b instance [staging.cv-building-go.appspot.com] (or it may not exist): aliaksandr.rutkouski@innowise.com does not have storage.objects.create access to the Google Cloud Storage object. Permission 'storage.objects.create' denied on resource (or it may not exist). This command is authenticated as aliaksandr.rutkouski@innowise.com which is the active account specified by the [core/account] property.
2025-01-28 11:27:19,098 DEBUG    root            Could not upload file [/var/folders/yv/2png6btd61j09b_wrvf82h3r0000gn/T/tmpm9vqob5e/tmppoh__rg4/internal/services/services.go] to [staging.cv-building-go.appspot.com/63a843033dfc6edb6943fbbc54ee05ad79f2c1f3]: [aliaksandr.rutkouski@innowise.com] does not have permission to access b instance [staging.cv-building-go.appspot.com] (or it may not exist): aliaksandr.rutkouski@innowise.com does not have storage.objects.create access to the Google Cloud Storage object. Permission 'storage.objects.create' denied on resource (or it may not exist). This command is authenticated as aliaksandr.rutkouski@innowise.com which is the active account specified by the [core/account] property.
2025-01-28 11:27:19,098 INFO     root            Uploading [/var/folders/yv/2png6btd61j09b_wrvf82h3r0000gn/T/tmpm9vqob5e/tmppoh__rg4/internal/services/services.go] to [staging.cv-building-go.appspot.com/63a843033dfc6edb6943fbbc54ee05ad79f2c1f3]
2025-01-28 11:27:19,099 INFO     root            Uploading [/var/folders/yv/2png6btd61j09b_wrvf82h3r0000gn/T/tmpm9vqob5e/tmppoh__rg4/internal/services/googlechat/messenger.go] to [staging.cv-building-go.appspot.com/42196219ae292ca3f2b4adc6223afefd891f8585]
2025-01-28 11:27:19,115 DEBUG    root            Could not upload file [/var/folders/yv/2png6btd61j09b_wrvf82h3r0000gn/T/tmpm9vqob5e/tmppoh__rg4/internal/router/router.go] to [staging.cv-building-go.appspot.com/52e9b91cb1aa3989f10a9e81bf7e5ddcbe18e27b]: [aliaksandr.rutkouski@innowise.com] does not have permission to access b instance [staging.cv-building-go.appspot.com] (or it may not exist): aliaksandr.rutkouski@innowise.com does not have storage.objects.create access to the Google Cloud Storage object. Permission 'storage.objects.create' denied on resource (or it may not exist). This command is authenticated as aliaksandr.rutkouski@innowise.com which is the active account specified by the [core/account] property.
2025-01-28 11:27:19,116 DEBUG    root            Could not upload file [/var/folders/yv/2png6btd61j09b_wrvf82h3r0000gn/T/tmpm9vqob5e/tmppoh__rg4/assets/forms/daily_status.json] to [staging.cv-building-go.appspot.com/8041e3a1b757c870151aeea8058074f32c6586d1]: [aliaksandr.rutkouski@innowise.com] does not have permission to access b instance [staging.cv-building-go.appspot.com] (or it may not exist): aliaksandr.rutkouski@innowise.com does not have storage.objects.create access to the Google Cloud Storage object. Permission 'storage.objects.create' denied on resource (or it may not exist). This command is authenticated as aliaksandr.rutkouski@innowise.com which is the active account specified by the [core/account] property.
2025-01-28 11:27:19,117 DEBUG    root            Could not upload file [/var/folders/yv/2png6btd61j09b_wrvf82h3r0000gn/T/tmpm9vqob5e/tmppoh__rg4/internal/handlers/api/weekly_status.go] to [staging.cv-building-go.appspot.com/8d0a09ed71ae1ee53d90d5f56b8a4501c47a65b6]: [aliaksandr.rutkouski@innowise.com] does not have permission to access b instance [staging.cv-building-go.appspot.com] (or it may not exist): aliaksandr.rutkouski@innowise.com does not have storage.objects.create access to the Google Cloud Storage object. Permission 'storage.objects.create' denied on resource (or it may not exist). This command is authenticated as aliaksandr.rutkouski@innowise.com which is the active account specified by the [core/account] property.
2025-01-28 11:27:19,119 DEBUG    root            Could not upload file [/var/folders/yv/2png6btd61j09b_wrvf82h3r0000gn/T/tmpm9vqob5e/tmppoh__rg4/internal/services/googlechat/daily_status.go] to [staging.cv-building-go.appspot.com/b7588dc292510cf992287882534ddcfaccd5217e]: [aliaksandr.rutkouski@innowise.com] does not have permission to access b instance [staging.cv-building-go.appspot.com] (or it may not exist): aliaksandr.rutkouski@innowise.com does not have storage.objects.create access to the Google Cloud Storage object. Permission 'storage.objects.create' denied on resource (or it may not exist). This command is authenticated as aliaksandr.rutkouski@innowise.com which is the active account specified by the [core/account] property.
2025-01-28 11:27:19,122 DEBUG    root            Could not upload file [/var/folders/yv/2png6btd61j09b_wrvf82h3r0000gn/T/tmpm9vqob5e/tmppoh__rg4/internal/services/googlechat/messenger.go] to [staging.cv-building-go.appspot.com/42196219ae292ca3f2b4adc6223afefd891f8585]: [aliaksandr.rutkouski@innowise.com] does not have permission to access b instance [staging.cv-building-go.appspot.com] (or it may not exist): aliaksandr.rutkouski@innowise.com does not have storage.objects.create access to the Google Cloud Storage object. Permission 'storage.objects.create' denied on resource (or it may not exist). This command is authenticated as aliaksandr.rutkouski@innowise.com which is the active account specified by the [core/account] property.
2025-01-28 11:27:19,123 DEBUG    root            Could not upload file [/var/folders/yv/2png6btd61j09b_wrvf82h3r0000gn/T/tmpm9vqob5e/tmppoh__rg4/internal/handlers/api/daily_status.go] to [staging.cv-building-go.appspot.com/e101173d0e7f6b418bdc6b9cb6628bb7bb99b868]: [aliaksandr.rutkouski@innowise.com] does not have permission to access b instance [staging.cv-building-go.appspot.com] (or it may not exist): aliaksandr.rutkouski@innowise.com does not have storage.objects.create access to the Google Cloud Storage object. Permission 'storage.objects.create' denied on resource (or it may not exist). This command is authenticated as aliaksandr.rutkouski@innowise.com which is the active account specified by the [core/account] property.
2025-01-28 11:27:19,126 DEBUG    root            Could not upload file [/var/folders/yv/2png6btd61j09b_wrvf82h3r0000gn/T/tmpm9vqob5e/tmppoh__rg4/internal/services/services.go] to [staging.cv-building-go.appspot.com/63a843033dfc6edb6943fbbc54ee05ad79f2c1f3]: [aliaksandr.rutkouski@innowise.com] does not have permission to access b instance [staging.cv-building-go.appspot.com] (or it may not exist): aliaksandr.rutkouski@innowise.com does not have storage.objects.create access to the Google Cloud Storage object. Permission 'storage.objects.create' denied on resource (or it may not exist). This command is authenticated as aliaksandr.rutkouski@innowise.com which is the active account specified by the [core/account] property.
2025-01-28 11:27:19,127 DEBUG    root            Could not upload file [/var/folders/yv/2png6btd61j09b_wrvf82h3r0000gn/T/tmpm9vqob5e/tmppoh__rg4/app.yaml] to [staging.cv-building-go.appspot.com/558420380218b75ea8f37041da171882f8ddfa4b]: [aliaksandr.rutkouski@innowise.com] does not have permission to access b instance [staging.cv-building-go.appspot.com] (or it may not exist): aliaksandr.rutkouski@innowise.com does not have storage.objects.create access to the Google Cloud Storage object. Permission 'storage.objects.create' denied on resource (or it may not exist). This command is authenticated as aliaksandr.rutkouski@innowise.com which is the active account specified by the [core/account] property.
2025-01-28 11:27:19,128 INFO     ___FILE_ONLY___ ════════════════════════════════════════════════════════════
2025-01-28 11:27:19,128 INFO     ___FILE_ONLY___ ╝

2025-01-28 11:27:19,131 DEBUG    root            One or more errors occurred:
MaxRetrialsException: last_result=(None, (<class 'googlecloudsdk.api_lib.storage.storage_api.UploadError'>, UploadError("403 Could not upload file [/var/folders/yv/2png6btd61j09b_wrvf82h3r0000gn/T/tmpm9vqob5e/tmppoh__rg4/internal/services/googlechat/messenger.go] to [staging.cv-building-go.appspot.com/42196219ae292ca3f2b4adc6223afefd891f8585]: aliaksandr.rutkouski@innowise.com does not have storage.objects.create access to the Google Cloud Storage object. Permission 'storage.objects.create' denied on resource (or it may not exist). This command is authenticated as aliaksandr.rutkouski@innowise.com which is the active account specified by the [core/account] property."), <traceback object at 0x107811800>)), last_retrial=3, time_passed_ms=169,time_to_wait=0

MaxRetrialsException: last_result=(None, (<class 'googlecloudsdk.api_lib.storage.storage_api.UploadError'>, UploadError("403 Could not upload file [/var/folders/yv/2png6btd61j09b_wrvf82h3r0000gn/T/tmpm9vqob5e/tmppoh__rg4/internal/router/router.go] to [staging.cv-building-go.appspot.com/52e9b91cb1aa3989f10a9e81bf7e5ddcbe18e27b]: aliaksandr.rutkouski@innowise.com does not have storage.objects.create access to the Google Cloud Storage object. Permission 'storage.objects.create' denied on resource (or it may not exist). This command is authenticated as aliaksandr.rutkouski@innowise.com which is the active account specified by the [core/account] property."), <traceback object at 0x107810600>)), last_retrial=3, time_passed_ms=165,time_to_wait=0

MaxRetrialsException: last_result=(None, (<class 'googlecloudsdk.api_lib.storage.storage_api.UploadError'>, UploadError("403 Could not upload file [/var/folders/yv/2png6btd61j09b_wrvf82h3r0000gn/T/tmpm9vqob5e/tmppoh__rg4/app.yaml] to [staging.cv-building-go.appspot.com/558420380218b75ea8f37041da171882f8ddfa4b]: aliaksandr.rutkouski@innowise.com does not have storage.objects.create access to the Google Cloud Storage object. Permission 'storage.objects.create' denied on resource (or it may not exist). This command is authenticated as aliaksandr.rutkouski@innowise.com which is the active account specified by the [core/account] property."), <traceback object at 0x107895cc0>)), last_retrial=3, time_passed_ms=182,time_to_wait=0

MaxRetrialsException: last_result=(None, (<class 'googlecloudsdk.api_lib.storage.storage_api.UploadError'>, UploadError("403 Could not upload file [/var/folders/yv/2png6btd61j09b_wrvf82h3r0000gn/T/tmpm9vqob5e/tmppoh__rg4/internal/services/services.go] to [staging.cv-building-go.appspot.com/63a843033dfc6edb6943fbbc54ee05ad79f2c1f3]: aliaksandr.rutkouski@innowise.com does not have storage.objects.create access to the Google Cloud Storage object. Permission 'storage.objects.create' denied on resource (or it may not exist). This command is authenticated as aliaksandr.rutkouski@innowise.com which is the active account specified by the [core/account] property."), <traceback object at 0x107d26240>)), last_retrial=3, time_passed_ms=172,time_to_wait=0

MaxRetrialsException: last_result=(None, (<class 'googlecloudsdk.api_lib.storage.storage_api.UploadError'>, UploadError("403 Could not upload file [/var/folders/yv/2png6btd61j09b_wrvf82h3r0000gn/T/tmpm9vqob5e/tmppoh__rg4/assets/forms/daily_status.json] to [staging.cv-building-go.appspot.com/8041e3a1b757c870151aeea8058074f32c6586d1]: aliaksandr.rutkouski@innowise.com does not have storage.objects.create access to the Google Cloud Storage object. Permission 'storage.objects.create' denied on resource (or it may not exist). This command is authenticated as aliaksandr.rutkouski@innowise.com which is the active account specified by the [core/account] property."), <traceback object at 0x107813dc0>)), last_retrial=3, time_passed_ms=166,time_to_wait=0

MaxRetrialsException: last_result=(None, (<class 'googlecloudsdk.api_lib.storage.storage_api.UploadError'>, UploadError("403 Could not upload file [/var/folders/yv/2png6btd61j09b_wrvf82h3r0000gn/T/tmpm9vqob5e/tmppoh__rg4/internal/handlers/api/weekly_status.go] to [staging.cv-building-go.appspot.com/8d0a09ed71ae1ee53d90d5f56b8a4501c47a65b6]: aliaksandr.rutkouski@innowise.com does not have storage.objects.create access to the Google Cloud Storage object. Permission 'storage.objects.create' denied on resource (or it may not exist). This command is authenticated as aliaksandr.rutkouski@innowise.com which is the active account specified by the [core/account] property."), <traceback object at 0x107d26080>)), last_retrial=3, time_passed_ms=167,time_to_wait=0

MaxRetrialsException: last_result=(None, (<class 'googlecloudsdk.api_lib.storage.storage_api.UploadError'>, UploadError("403 Could not upload file [/var/folders/yv/2png6btd61j09b_wrvf82h3r0000gn/T/tmpm9vqob5e/tmppoh__rg4/internal/services/googlechat/daily_status.go] to [staging.cv-building-go.appspot.com/b7588dc292510cf992287882534ddcfaccd5217e]: aliaksandr.rutkouski@innowise.com does not have storage.objects.create access to the Google Cloud Storage object. Permission 'storage.objects.create' denied on resource (or it may not exist). This command is authenticated as aliaksandr.rutkouski@innowise.com which is the active account specified by the [core/account] property."), <traceback object at 0x107895e80>)), last_retrial=3, time_passed_ms=172,time_to_wait=0

MaxRetrialsException: last_result=(None, (<class 'googlecloudsdk.api_lib.storage.storage_api.UploadError'>, UploadError("403 Could not upload file [/var/folders/yv/2png6btd61j09b_wrvf82h3r0000gn/T/tmpm9vqob5e/tmppoh__rg4/internal/handlers/api/daily_status.go] to [staging.cv-building-go.appspot.com/e101173d0e7f6b418bdc6b9cb6628bb7bb99b868]: aliaksandr.rutkouski@innowise.com does not have storage.objects.create access to the Google Cloud Storage object. Permission 'storage.objects.create' denied on resource (or it may not exist). This command is authenticated as aliaksandr.rutkouski@innowise.com which is the active account specified by the [core/account] property."), <traceback object at 0x1078100c0>)), last_retrial=3, time_passed_ms=174,time_to_wait=0
Traceback (most recent call last):
  File "/opt/homebrew/Caskroom/google-cloud-sdk/493.0.0/google-cloud-sdk/lib/googlecloudsdk/calliope/cli.py", line 998, in Execute
    resources = calliope_command.Run(cli=self, args=args)
                ^^^^^^^^^^^^^^^^^^^^^^^^^^^^^^^^^^^^^^^^^
  File "/opt/homebrew/Caskroom/google-cloud-sdk/493.0.0/google-cloud-sdk/lib/googlecloudsdk/calliope/backend.py", line 934, in Run
    resources = command_instance.Run(args)
                ^^^^^^^^^^^^^^^^^^^^^^^^^^
  File "/opt/homebrew/Caskroom/google-cloud-sdk/493.0.0/google-cloud-sdk/lib/surface/app/deploy.py", line 122, in Run
    return deploy_util.RunDeploy(
           ^^^^^^^^^^^^^^^^^^^^^^
  File "/opt/homebrew/Caskroom/google-cloud-sdk/493.0.0/google-cloud-sdk/lib/googlecloudsdk/command_lib/app/deploy_util.py", line 677, in RunDeploy
    deployer.Deploy(
  File "/opt/homebrew/Caskroom/google-cloud-sdk/493.0.0/google-cloud-sdk/lib/googlecloudsdk/command_lib/app/deploy_util.py", line 458, in Deploy
    manifest = self._PossiblyUploadFiles(image, service_info,
               ^^^^^^^^^^^^^^^^^^^^^^^^^^^^^^^^^^^^^^^^^^^^^^
  File "/opt/homebrew/Caskroom/google-cloud-sdk/493.0.0/google-cloud-sdk/lib/googlecloudsdk/command_lib/app/deploy_util.py", line 381, in _PossiblyUploadFiles
    manifest = deploy_app_command_util.CopyFilesToCodeBucket(
               ^^^^^^^^^^^^^^^^^^^^^^^^^^^^^^^^^^^^^^^^^^^^^^
  File "/opt/homebrew/Caskroom/google-cloud-sdk/493.0.0/google-cloud-sdk/lib/googlecloudsdk/api_lib/app/deploy_app_command_util.py", line 307, in CopyFilesToCodeBucket
    _UploadFilesThreads(files_to_upload, bucket_ref)
  File "/opt/homebrew/Caskroom/google-cloud-sdk/493.0.0/google-cloud-sdk/lib/googlecloudsdk/api_lib/app/deploy_app_command_util.py", line 253, in _UploadFilesThreads
    storage_parallel.UploadFiles(tasks, num_threads=num_threads,
  File "/opt/homebrew/Caskroom/google-cloud-sdk/493.0.0/google-cloud-sdk/lib/googlecloudsdk/command_lib/storage/storage_parallel.py", line 256, in UploadFiles
    ExecuteTasks(files_to_upload, num_threads, label)
  File "/opt/homebrew/Caskroom/google-cloud-sdk/493.0.0/google-cloud-sdk/lib/googlecloudsdk/command_lib/storage/storage_parallel.py", line 234, in ExecuteTasks
    pool.Map(lambda task: task.Execute(callback), tasks)
  File "/opt/homebrew/Caskroom/google-cloud-sdk/493.0.0/google-cloud-sdk/lib/googlecloudsdk/core/util/parallel.py", line 100, in Map
    return self.MapAsync(func, iterable).Get()
           ^^^^^^^^^^^^^^^^^^^^^^^^^^^^^^^^^^^
  File "/opt/homebrew/Caskroom/google-cloud-sdk/493.0.0/google-cloud-sdk/lib/googlecloudsdk/core/util/parallel.py", line 143, in Get
    return self.GetResult().GetOrRaise()
           ^^^^^^^^^^^^^^^^^^^^^^^^^^^^^
  File "/opt/homebrew/Caskroom/google-cloud-sdk/493.0.0/google-cloud-sdk/lib/googlecloudsdk/core/util/parallel.py", line 184, in GetOrRaise
    raise self.error  # pylint: disable=raising-bad-type
    ^^^^^^^^^^^^^^^^
googlecloudsdk.core.util.parallel.MultiError: One or more errors occurred:
MaxRetrialsException: last_result=(None, (<class 'googlecloudsdk.api_lib.storage.storage_api.UploadError'>, UploadError("403 Could not upload file [/var/folders/yv/2png6btd61j09b_wrvf82h3r0000gn/T/tmpm9vqob5e/tmppoh__rg4/internal/services/googlechat/messenger.go] to [staging.cv-building-go.appspot.com/42196219ae292ca3f2b4adc6223afefd891f8585]: aliaksandr.rutkouski@innowise.com does not have storage.objects.create access to the Google Cloud Storage object. Permission 'storage.objects.create' denied on resource (or it may not exist). This command is authenticated as aliaksandr.rutkouski@innowise.com which is the active account specified by the [core/account] property."), <traceback object at 0x107811800>)), last_retrial=3, time_passed_ms=169,time_to_wait=0

MaxRetrialsException: last_result=(None, (<class 'googlecloudsdk.api_lib.storage.storage_api.UploadError'>, UploadError("403 Could not upload file [/var/folders/yv/2png6btd61j09b_wrvf82h3r0000gn/T/tmpm9vqob5e/tmppoh__rg4/internal/router/router.go] to [staging.cv-building-go.appspot.com/52e9b91cb1aa3989f10a9e81bf7e5ddcbe18e27b]: aliaksandr.rutkouski@innowise.com does not have storage.objects.create access to the Google Cloud Storage object. Permission 'storage.objects.create' denied on resource (or it may not exist). This command is authenticated as aliaksandr.rutkouski@innowise.com which is the active account specified by the [core/account] property."), <traceback object at 0x107810600>)), last_retrial=3, time_passed_ms=165,time_to_wait=0

MaxRetrialsException: last_result=(None, (<class 'googlecloudsdk.api_lib.storage.storage_api.UploadError'>, UploadError("403 Could not upload file [/var/folders/yv/2png6btd61j09b_wrvf82h3r0000gn/T/tmpm9vqob5e/tmppoh__rg4/app.yaml] to [staging.cv-building-go.appspot.com/558420380218b75ea8f37041da171882f8ddfa4b]: aliaksandr.rutkouski@innowise.com does not have storage.objects.create access to the Google Cloud Storage object. Permission 'storage.objects.create' denied on resource (or it may not exist). This command is authenticated as aliaksandr.rutkouski@innowise.com which is the active account specified by the [core/account] property."), <traceback object at 0x107895cc0>)), last_retrial=3, time_passed_ms=182,time_to_wait=0

MaxRetrialsException: last_result=(None, (<class 'googlecloudsdk.api_lib.storage.storage_api.UploadError'>, UploadError("403 Could not upload file [/var/folders/yv/2png6btd61j09b_wrvf82h3r0000gn/T/tmpm9vqob5e/tmppoh__rg4/internal/services/services.go] to [staging.cv-building-go.appspot.com/63a843033dfc6edb6943fbbc54ee05ad79f2c1f3]: aliaksandr.rutkouski@innowise.com does not have storage.objects.create access to the Google Cloud Storage object. Permission 'storage.objects.create' denied on resource (or it may not exist). This command is authenticated as aliaksandr.rutkouski@innowise.com which is the active account specified by the [core/account] property."), <traceback object at 0x107d26240>)), last_retrial=3, time_passed_ms=172,time_to_wait=0

MaxRetrialsException: last_result=(None, (<class 'googlecloudsdk.api_lib.storage.storage_api.UploadError'>, UploadError("403 Could not upload file [/var/folders/yv/2png6btd61j09b_wrvf82h3r0000gn/T/tmpm9vqob5e/tmppoh__rg4/assets/forms/daily_status.json] to [staging.cv-building-go.appspot.com/8041e3a1b757c870151aeea8058074f32c6586d1]: aliaksandr.rutkouski@innowise.com does not have storage.objects.create access to the Google Cloud Storage object. Permission 'storage.objects.create' denied on resource (or it may not exist). This command is authenticated as aliaksandr.rutkouski@innowise.com which is the active account specified by the [core/account] property."), <traceback object at 0x107813dc0>)), last_retrial=3, time_passed_ms=166,time_to_wait=0

MaxRetrialsException: last_result=(None, (<class 'googlecloudsdk.api_lib.storage.storage_api.UploadError'>, UploadError("403 Could not upload file [/var/folders/yv/2png6btd61j09b_wrvf82h3r0000gn/T/tmpm9vqob5e/tmppoh__rg4/internal/handlers/api/weekly_status.go] to [staging.cv-building-go.appspot.com/8d0a09ed71ae1ee53d90d5f56b8a4501c47a65b6]: aliaksandr.rutkouski@innowise.com does not have storage.objects.create access to the Google Cloud Storage object. Permission 'storage.objects.create' denied on resource (or it may not exist). This command is authenticated as aliaksandr.rutkouski@innowise.com which is the active account specified by the [core/account] property."), <traceback object at 0x107d26080>)), last_retrial=3, time_passed_ms=167,time_to_wait=0

MaxRetrialsException: last_result=(None, (<class 'googlecloudsdk.api_lib.storage.storage_api.UploadError'>, UploadError("403 Could not upload file [/var/folders/yv/2png6btd61j09b_wrvf82h3r0000gn/T/tmpm9vqob5e/tmppoh__rg4/internal/services/googlechat/daily_status.go] to [staging.cv-building-go.appspot.com/b7588dc292510cf992287882534ddcfaccd5217e]: aliaksandr.rutkouski@innowise.com does not have storage.objects.create access to the Google Cloud Storage object. Permission 'storage.objects.create' denied on resource (or it may not exist). This command is authenticated as aliaksandr.rutkouski@innowise.com which is the active account specified by the [core/account] property."), <traceback object at 0x107895e80>)), last_retrial=3, time_passed_ms=172,time_to_wait=0

MaxRetrialsException: last_result=(None, (<class 'googlecloudsdk.api_lib.storage.storage_api.UploadError'>, UploadError("403 Could not upload file [/var/folders/yv/2png6btd61j09b_wrvf82h3r0000gn/T/tmpm9vqob5e/tmppoh__rg4/internal/handlers/api/daily_status.go] to [staging.cv-building-go.appspot.com/e101173d0e7f6b418bdc6b9cb6628bb7bb99b868]: aliaksandr.rutkouski@innowise.com does not have storage.objects.create access to the Google Cloud Storage object. Permission 'storage.objects.create' denied on resource (or it may not exist). This command is authenticated as aliaksandr.rutkouski@innowise.com which is the active account specified by the [core/account] property."), <traceback object at 0x1078100c0>)), last_retrial=3, time_passed_ms=174,time_to_wait=0
2025-01-28 11:27:19,132 ERROR    ___FILE_ONLY___ BEGIN CRASH STACKTRACE
Traceback (most recent call last):
  File "/opt/homebrew/Caskroom/google-cloud-sdk/493.0.0/google-cloud-sdk/lib/googlecloudsdk/command_lib/crash_handling.py", line 199, in Wrapper
    target_function(*args, **kwargs)
  File "/opt/homebrew/Caskroom/google-cloud-sdk/493.0.0/google-cloud-sdk/lib/googlecloudsdk/gcloud_main.py", line 199, in main
    gcloud_cli.Execute()
  File "/opt/homebrew/Caskroom/google-cloud-sdk/493.0.0/google-cloud-sdk/lib/googlecloudsdk/calliope/cli.py", line 1024, in Execute
    self._HandleAllErrors(exc, command_path_string, specified_arg_names)
  File "/opt/homebrew/Caskroom/google-cloud-sdk/493.0.0/google-cloud-sdk/lib/googlecloudsdk/calliope/cli.py", line 1061, in _HandleAllErrors
    exceptions.HandleError(exc, command_path_string, self.__known_error_handler)
  File "/opt/homebrew/Caskroom/google-cloud-sdk/493.0.0/google-cloud-sdk/lib/googlecloudsdk/calliope/exceptions.py", line 586, in HandleError
    core_exceptions.reraise(exc)
  File "/opt/homebrew/Caskroom/google-cloud-sdk/493.0.0/google-cloud-sdk/lib/googlecloudsdk/core/exceptions.py", line 149, in reraise
    six.reraise(type(exc_value), exc_value, tb)
  File "/opt/homebrew/Caskroom/google-cloud-sdk/493.0.0/google-cloud-sdk/lib/third_party/six/__init__.py", line 719, in reraise
    raise value
  File "/opt/homebrew/Caskroom/google-cloud-sdk/493.0.0/google-cloud-sdk/lib/googlecloudsdk/calliope/cli.py", line 998, in Execute
    resources = calliope_command.Run(cli=self, args=args)
                ^^^^^^^^^^^^^^^^^^^^^^^^^^^^^^^^^^^^^^^^^
  File "/opt/homebrew/Caskroom/google-cloud-sdk/493.0.0/google-cloud-sdk/lib/googlecloudsdk/calliope/backend.py", line 934, in Run
    resources = command_instance.Run(args)
                ^^^^^^^^^^^^^^^^^^^^^^^^^^
  File "/opt/homebrew/Caskroom/google-cloud-sdk/493.0.0/google-cloud-sdk/lib/surface/app/deploy.py", line 122, in Run
    return deploy_util.RunDeploy(
           ^^^^^^^^^^^^^^^^^^^^^^
  File "/opt/homebrew/Caskroom/google-cloud-sdk/493.0.0/google-cloud-sdk/lib/googlecloudsdk/command_lib/app/deploy_util.py", line 677, in RunDeploy
    deployer.Deploy(
  File "/opt/homebrew/Caskroom/google-cloud-sdk/493.0.0/google-cloud-sdk/lib/googlecloudsdk/command_lib/app/deploy_util.py", line 458, in Deploy
    manifest = self._PossiblyUploadFiles(image, service_info,
               ^^^^^^^^^^^^^^^^^^^^^^^^^^^^^^^^^^^^^^^^^^^^^^
  File "/opt/homebrew/Caskroom/google-cloud-sdk/493.0.0/google-cloud-sdk/lib/googlecloudsdk/command_lib/app/deploy_util.py", line 381, in _PossiblyUploadFiles
    manifest = deploy_app_command_util.CopyFilesToCodeBucket(
               ^^^^^^^^^^^^^^^^^^^^^^^^^^^^^^^^^^^^^^^^^^^^^^
  File "/opt/homebrew/Caskroom/google-cloud-sdk/493.0.0/google-cloud-sdk/lib/googlecloudsdk/api_lib/app/deploy_app_command_util.py", line 307, in CopyFilesToCodeBucket
    _UploadFilesThreads(files_to_upload, bucket_ref)
  File "/opt/homebrew/Caskroom/google-cloud-sdk/493.0.0/google-cloud-sdk/lib/googlecloudsdk/api_lib/app/deploy_app_command_util.py", line 253, in _UploadFilesThreads
    storage_parallel.UploadFiles(tasks, num_threads=num_threads,
  File "/opt/homebrew/Caskroom/google-cloud-sdk/493.0.0/google-cloud-sdk/lib/googlecloudsdk/command_lib/storage/storage_parallel.py", line 256, in UploadFiles
    ExecuteTasks(files_to_upload, num_threads, label)
  File "/opt/homebrew/Caskroom/google-cloud-sdk/493.0.0/google-cloud-sdk/lib/googlecloudsdk/command_lib/storage/storage_parallel.py", line 234, in ExecuteTasks
    pool.Map(lambda task: task.Execute(callback), tasks)
  File "/opt/homebrew/Caskroom/google-cloud-sdk/493.0.0/google-cloud-sdk/lib/googlecloudsdk/core/util/parallel.py", line 100, in Map
    return self.MapAsync(func, iterable).Get()
           ^^^^^^^^^^^^^^^^^^^^^^^^^^^^^^^^^^^
  File "/opt/homebrew/Caskroom/google-cloud-sdk/493.0.0/google-cloud-sdk/lib/googlecloudsdk/core/util/parallel.py", line 143, in Get
    return self.GetResult().GetOrRaise()
           ^^^^^^^^^^^^^^^^^^^^^^^^^^^^^
  File "/opt/homebrew/Caskroom/google-cloud-sdk/493.0.0/google-cloud-sdk/lib/googlecloudsdk/core/util/parallel.py", line 184, in GetOrRaise
    raise self.error  # pylint: disable=raising-bad-type
    ^^^^^^^^^^^^^^^^
googlecloudsdk.core.util.parallel.MultiError: One or more errors occurred:
MaxRetrialsException: last_result=(None, (<class 'googlecloudsdk.api_lib.storage.storage_api.UploadError'>, UploadError("403 Could not upload file [/var/folders/yv/2png6btd61j09b_wrvf82h3r0000gn/T/tmpm9vqob5e/tmppoh__rg4/internal/services/googlechat/messenger.go] to [staging.cv-building-go.appspot.com/42196219ae292ca3f2b4adc6223afefd891f8585]: aliaksandr.rutkouski@innowise.com does not have storage.objects.create access to the Google Cloud Storage object. Permission 'storage.objects.create' denied on resource (or it may not exist). This command is authenticated as aliaksandr.rutkouski@innowise.com which is the active account specified by the [core/account] property."), <traceback object at 0x107811800>)), last_retrial=3, time_passed_ms=169,time_to_wait=0

MaxRetrialsException: last_result=(None, (<class 'googlecloudsdk.api_lib.storage.storage_api.UploadError'>, UploadError("403 Could not upload file [/var/folders/yv/2png6btd61j09b_wrvf82h3r0000gn/T/tmpm9vqob5e/tmppoh__rg4/internal/router/router.go] to [staging.cv-building-go.appspot.com/52e9b91cb1aa3989f10a9e81bf7e5ddcbe18e27b]: aliaksandr.rutkouski@innowise.com does not have storage.objects.create access to the Google Cloud Storage object. Permission 'storage.objects.create' denied on resource (or it may not exist). This command is authenticated as aliaksandr.rutkouski@innowise.com which is the active account specified by the [core/account] property."), <traceback object at 0x107810600>)), last_retrial=3, time_passed_ms=165,time_to_wait=0

MaxRetrialsException: last_result=(None, (<class 'googlecloudsdk.api_lib.storage.storage_api.UploadError'>, UploadError("403 Could not upload file [/var/folders/yv/2png6btd61j09b_wrvf82h3r0000gn/T/tmpm9vqob5e/tmppoh__rg4/app.yaml] to [staging.cv-building-go.appspot.com/558420380218b75ea8f37041da171882f8ddfa4b]: aliaksandr.rutkouski@innowise.com does not have storage.objects.create access to the Google Cloud Storage object. Permission 'storage.objects.create' denied on resource (or it may not exist). This command is authenticated as aliaksandr.rutkouski@innowise.com which is the active account specified by the [core/account] property."), <traceback object at 0x107895cc0>)), last_retrial=3, time_passed_ms=182,time_to_wait=0

MaxRetrialsException: last_result=(None, (<class 'googlecloudsdk.api_lib.storage.storage_api.UploadError'>, UploadError("403 Could not upload file [/var/folders/yv/2png6btd61j09b_wrvf82h3r0000gn/T/tmpm9vqob5e/tmppoh__rg4/internal/services/services.go] to [staging.cv-building-go.appspot.com/63a843033dfc6edb6943fbbc54ee05ad79f2c1f3]: aliaksandr.rutkouski@innowise.com does not have storage.objects.create access to the Google Cloud Storage object. Permission 'storage.objects.create' denied on resource (or it may not exist). This command is authenticated as aliaksandr.rutkouski@innowise.com which is the active account specified by the [core/account] property."), <traceback object at 0x107d26240>)), last_retrial=3, time_passed_ms=172,time_to_wait=0

MaxRetrialsException: last_result=(None, (<class 'googlecloudsdk.api_lib.storage.storage_api.UploadError'>, UploadError("403 Could not upload file [/var/folders/yv/2png6btd61j09b_wrvf82h3r0000gn/T/tmpm9vqob5e/tmppoh__rg4/assets/forms/daily_status.json] to [staging.cv-building-go.appspot.com/8041e3a1b757c870151aeea8058074f32c6586d1]: aliaksandr.rutkouski@innowise.com does not have storage.objects.create access to the Google Cloud Storage object. Permission 'storage.objects.create' denied on resource (or it may not exist). This command is authenticated as aliaksandr.rutkouski@innowise.com which is the active account specified by the [core/account] property."), <traceback object at 0x107813dc0>)), last_retrial=3, time_passed_ms=166,time_to_wait=0

MaxRetrialsException: last_result=(None, (<class 'googlecloudsdk.api_lib.storage.storage_api.UploadError'>, UploadError("403 Could not upload file [/var/folders/yv/2png6btd61j09b_wrvf82h3r0000gn/T/tmpm9vqob5e/tmppoh__rg4/internal/handlers/api/weekly_status.go] to [staging.cv-building-go.appspot.com/8d0a09ed71ae1ee53d90d5f56b8a4501c47a65b6]: aliaksandr.rutkouski@innowise.com does not have storage.objects.create access to the Google Cloud Storage object. Permission 'storage.objects.create' denied on resource (or it may not exist). This command is authenticated as aliaksandr.rutkouski@innowise.com which is the active account specified by the [core/account] property."), <traceback object at 0x107d26080>)), last_retrial=3, time_passed_ms=167,time_to_wait=0

MaxRetrialsException: last_result=(None, (<class 'googlecloudsdk.api_lib.storage.storage_api.UploadError'>, UploadError("403 Could not upload file [/var/folders/yv/2png6btd61j09b_wrvf82h3r0000gn/T/tmpm9vqob5e/tmppoh__rg4/internal/services/googlechat/daily_status.go] to [staging.cv-building-go.appspot.com/b7588dc292510cf992287882534ddcfaccd5217e]: aliaksandr.rutkouski@innowise.com does not have storage.objects.create access to the Google Cloud Storage object. Permission 'storage.objects.create' denied on resource (or it may not exist). This command is authenticated as aliaksandr.rutkouski@innowise.com which is the active account specified by the [core/account] property."), <traceback object at 0x107895e80>)), last_retrial=3, time_passed_ms=172,time_to_wait=0

MaxRetrialsException: last_result=(None, (<class 'googlecloudsdk.api_lib.storage.storage_api.UploadError'>, UploadError("403 Could not upload file [/var/folders/yv/2png6btd61j09b_wrvf82h3r0000gn/T/tmpm9vqob5e/tmppoh__rg4/internal/handlers/api/daily_status.go] to [staging.cv-building-go.appspot.com/e101173d0e7f6b418bdc6b9cb6628bb7bb99b868]: aliaksandr.rutkouski@innowise.com does not have storage.objects.create access to the Google Cloud Storage object. Permission 'storage.objects.create' denied on resource (or it may not exist). This command is authenticated as aliaksandr.rutkouski@innowise.com which is the active account specified by the [core/account] property."), <traceback object at 0x1078100c0>)), last_retrial=3, time_passed_ms=174,time_to_wait=0
2025-01-28 11:27:19,133 ERROR    root            gcloud crashed (MultiError): One or more errors occurred:
MaxRetrialsException: last_result=(None, (<class 'googlecloudsdk.api_lib.storage.storage_api.UploadError'>, UploadError("403 Could not upload file [/var/folders/yv/2png6btd61j09b_wrvf82h3r0000gn/T/tmpm9vqob5e/tmppoh__rg4/internal/services/googlechat/messenger.go] to [staging.cv-building-go.appspot.com/42196219ae292ca3f2b4adc6223afefd891f8585]: aliaksandr.rutkouski@innowise.com does not have storage.objects.create access to the Google Cloud Storage object. Permission 'storage.objects.create' denied on resource (or it may not exist). This command is authenticated as aliaksandr.rutkouski@innowise.com which is the active account specified by the [core/account] property."), <traceback object at 0x107811800>)), last_retrial=3, time_passed_ms=169,time_to_wait=0

MaxRetrialsException: last_result=(None, (<class 'googlecloudsdk.api_lib.storage.storage_api.UploadError'>, UploadError("403 Could not upload file [/var/folders/yv/2png6btd61j09b_wrvf82h3r0000gn/T/tmpm9vqob5e/tmppoh__rg4/internal/router/router.go] to [staging.cv-building-go.appspot.com/52e9b91cb1aa3989f10a9e81bf7e5ddcbe18e27b]: aliaksandr.rutkouski@innowise.com does not have storage.objects.create access to the Google Cloud Storage object. Permission 'storage.objects.create' denied on resource (or it may not exist). This command is authenticated as aliaksandr.rutkouski@innowise.com which is the active account specified by the [core/account] property."), <traceback object at 0x107810600>)), last_retrial=3, time_passed_ms=165,time_to_wait=0

MaxRetrialsException: last_result=(None, (<class 'googlecloudsdk.api_lib.storage.storage_api.UploadError'>, UploadError("403 Could not upload file [/var/folders/yv/2png6btd61j09b_wrvf82h3r0000gn/T/tmpm9vqob5e/tmppoh__rg4/app.yaml] to [staging.cv-building-go.appspot.com/558420380218b75ea8f37041da171882f8ddfa4b]: aliaksandr.rutkouski@innowise.com does not have storage.objects.create access to the Google Cloud Storage object. Permission 'storage.objects.create' denied on resource (or it may not exist). This command is authenticated as aliaksandr.rutkouski@innowise.com which is the active account specified by the [core/account] property."), <traceback object at 0x107895cc0>)), last_retrial=3, time_passed_ms=182,time_to_wait=0

MaxRetrialsException: last_result=(None, (<class 'googlecloudsdk.api_lib.storage.storage_api.UploadError'>, UploadError("403 Could not upload file [/var/folders/yv/2png6btd61j09b_wrvf82h3r0000gn/T/tmpm9vqob5e/tmppoh__rg4/internal/services/services.go] to [staging.cv-building-go.appspot.com/63a843033dfc6edb6943fbbc54ee05ad79f2c1f3]: aliaksandr.rutkouski@innowise.com does not have storage.objects.create access to the Google Cloud Storage object. Permission 'storage.objects.create' denied on resource (or it may not exist). This command is authenticated as aliaksandr.rutkouski@innowise.com which is the active account specified by the [core/account] property."), <traceback object at 0x107d26240>)), last_retrial=3, time_passed_ms=172,time_to_wait=0

MaxRetrialsException: last_result=(None, (<class 'googlecloudsdk.api_lib.storage.storage_api.UploadError'>, UploadError("403 Could not upload file [/var/folders/yv/2png6btd61j09b_wrvf82h3r0000gn/T/tmpm9vqob5e/tmppoh__rg4/assets/forms/daily_status.json] to [staging.cv-building-go.appspot.com/8041e3a1b757c870151aeea8058074f32c6586d1]: aliaksandr.rutkouski@innowise.com does not have storage.objects.create access to the Google Cloud Storage object. Permission 'storage.objects.create' denied on resource (or it may not exist). This command is authenticated as aliaksandr.rutkouski@innowise.com which is the active account specified by the [core/account] property."), <traceback object at 0x107813dc0>)), last_retrial=3, time_passed_ms=166,time_to_wait=0

MaxRetrialsException: last_result=(None, (<class 'googlecloudsdk.api_lib.storage.storage_api.UploadError'>, UploadError("403 Could not upload file [/var/folders/yv/2png6btd61j09b_wrvf82h3r0000gn/T/tmpm9vqob5e/tmppoh__rg4/internal/handlers/api/weekly_status.go] to [staging.cv-building-go.appspot.com/8d0a09ed71ae1ee53d90d5f56b8a4501c47a65b6]: aliaksandr.rutkouski@innowise.com does not have storage.objects.create access to the Google Cloud Storage object. Permission 'storage.objects.create' denied on resource (or it may not exist). This command is authenticated as aliaksandr.rutkouski@innowise.com which is the active account specified by the [core/account] property."), <traceback object at 0x107d26080>)), last_retrial=3, time_passed_ms=167,time_to_wait=0

MaxRetrialsException: last_result=(None, (<class 'googlecloudsdk.api_lib.storage.storage_api.UploadError'>, UploadError("403 Could not upload file [/var/folders/yv/2png6btd61j09b_wrvf82h3r0000gn/T/tmpm9vqob5e/tmppoh__rg4/internal/services/googlechat/daily_status.go] to [staging.cv-building-go.appspot.com/b7588dc292510cf992287882534ddcfaccd5217e]: aliaksandr.rutkouski@innowise.com does not have storage.objects.create access to the Google Cloud Storage object. Permission 'storage.objects.create' denied on resource (or it may not exist). This command is authenticated as aliaksandr.rutkouski@innowise.com which is the active account specified by the [core/account] property."), <traceback object at 0x107895e80>)), last_retrial=3, time_passed_ms=172,time_to_wait=0

MaxRetrialsException: last_result=(None, (<class 'googlecloudsdk.api_lib.storage.storage_api.UploadError'>, UploadError("403 Could not upload file [/var/folders/yv/2png6btd61j09b_wrvf82h3r0000gn/T/tmpm9vqob5e/tmppoh__rg4/internal/handlers/api/daily_status.go] to [staging.cv-building-go.appspot.com/e101173d0e7f6b418bdc6b9cb6628bb7bb99b868]: aliaksandr.rutkouski@innowise.com does not have storage.objects.create access to the Google Cloud Storage object. Permission 'storage.objects.create' denied on resource (or it may not exist). This command is authenticated as aliaksandr.rutkouski@innowise.com which is the active account specified by the [core/account] property."), <traceback object at 0x1078100c0>)), last_retrial=3, time_passed_ms=174,time_to_wait=0
2025-01-28 11:27:19,133 INFO     ___FILE_ONLY___ 
If you would like to report this issue, please run the following command:

2025-01-28 11:27:19,133 INFO     ___FILE_ONLY___   gcloud feedback

2025-01-28 11:27:19,133 INFO     ___FILE_ONLY___ 
To check gcloud for common problems, please run the following command:

2025-01-28 11:27:19,133 INFO     ___FILE_ONLY___   gcloud info --run-diagnostics

