2025-01-28 15:30:23,664 DEBUG    root            Loaded Command Group: ['gcloud', 'components']
2025-01-28 15:30:23,675 DEBUG    root            Loaded Command Group: ['gcloud', 'components', 'update']
2025-01-28 15:30:23,676 DEBUG    root            Running [gcloud.components.update] with arguments: [--quiet: "True"]
2025-01-28 15:30:23,678 INFO     ___FILE_ONLY___ Beginning update. This process may take several minutes.

2025-01-28 15:30:23,691 DEBUG    urllib3.connectionpool Starting new HTTPS connection (1): dl.google.com:443
2025-01-28 15:30:23,837 DEBUG    urllib3.connectionpool https://dl.google.com:443 "GET /dl/cloudsdk/channels/rapid/components-2.json HTTP/1.1" 200 227832
2025-01-28 15:30:23,888 WARNING  root            The ARM versions of the following components are not available yet, using x86_64 versions instead: [app-engine-grpc].
2025-01-28 15:30:23,889 INFO     ___FILE_ONLY___ 

2025-01-28 15:30:23,889 INFO     ___FILE_ONLY___ 
Your current Google Cloud CLI version is: 506.0.0

2025-01-28 15:30:23,889 INFO     ___FILE_ONLY___ You will be upgraded to version: 507.0.0

2025-01-28 15:30:23,889 INFO     ___FILE_ONLY___ 

2025-01-28 15:30:23,889 DEBUG    root            Chosen display Format:table[box,title="These components will be removed."](details.display_name:label=Name:align=left,version.version_string:label=Version:align=right,data.size.size(zero="",min=1048576):label=Size:align=right)
2025-01-28 15:30:23,890 DEBUG    root            Chosen display Format:table[box,title="These components will be updated."](details.display_name:label=Name:align=left,version.version_string:label=Version:align=right,data.size.size(zero="",min=1048576):label=Size:align=right)
2025-01-28 15:30:23,905 INFO     ___FILE_ONLY___ ┌─────────────────────────────────────────────────────────┐
2025-01-28 15:30:23,905 INFO     ___FILE_ONLY___ 

2025-01-28 15:30:23,905 INFO     ___FILE_ONLY___ │            These components will be updated.            │
2025-01-28 15:30:23,905 INFO     ___FILE_ONLY___ 

2025-01-28 15:30:23,905 INFO     ___FILE_ONLY___ ├─────────────────────────────────┬────────────┬──────────┤
2025-01-28 15:30:23,905 INFO     ___FILE_ONLY___ 

2025-01-28 15:30:23,905 INFO     ___FILE_ONLY___ │               Name              │  Version   │   Size   │
2025-01-28 15:30:23,905 INFO     ___FILE_ONLY___ 

2025-01-28 15:30:23,905 INFO     ___FILE_ONLY___ ├─────────────────────────────────┼────────────┼──────────┤
2025-01-28 15:30:23,905 INFO     ___FILE_ONLY___ 

2025-01-28 15:30:23,905 INFO     ___FILE_ONLY___ │ 
2025-01-28 15:30:23,905 INFO     ___FILE_ONLY___ BigQuery Command Line Tool     
2025-01-28 15:30:23,905 INFO     ___FILE_ONLY___  
2025-01-28 15:30:23,905 INFO     ___FILE_ONLY___ │ 
2025-01-28 15:30:23,905 INFO     ___FILE_ONLY___     2.1.12
2025-01-28 15:30:23,905 INFO     ___FILE_ONLY___  
2025-01-28 15:30:23,905 INFO     ___FILE_ONLY___ │ 
2025-01-28 15:30:23,905 INFO     ___FILE_ONLY___  1.8 MiB
2025-01-28 15:30:23,905 INFO     ___FILE_ONLY___  
2025-01-28 15:30:23,905 INFO     ___FILE_ONLY___ │
2025-01-28 15:30:23,905 INFO     ___FILE_ONLY___ 

2025-01-28 15:30:23,905 INFO     ___FILE_ONLY___ │ 
2025-01-28 15:30:23,905 INFO     ___FILE_ONLY___ Google Cloud CLI Core Libraries
2025-01-28 15:30:23,905 INFO     ___FILE_ONLY___  
2025-01-28 15:30:23,905 INFO     ___FILE_ONLY___ │ 
2025-01-28 15:30:23,905 INFO     ___FILE_ONLY___ 2025.01.17
2025-01-28 15:30:23,905 INFO     ___FILE_ONLY___  
2025-01-28 15:30:23,905 INFO     ___FILE_ONLY___ │ 
2025-01-28 15:30:23,905 INFO     ___FILE_ONLY___ 20.7 MiB
2025-01-28 15:30:23,905 INFO     ___FILE_ONLY___  
2025-01-28 15:30:23,905 INFO     ___FILE_ONLY___ │
2025-01-28 15:30:23,905 INFO     ___FILE_ONLY___ 

2025-01-28 15:30:23,905 INFO     ___FILE_ONLY___ │ 
2025-01-28 15:30:23,905 INFO     ___FILE_ONLY___ gcloud cli dependencies        
2025-01-28 15:30:23,905 INFO     ___FILE_ONLY___  
2025-01-28 15:30:23,905 INFO     ___FILE_ONLY___ │ 
2025-01-28 15:30:23,905 INFO     ___FILE_ONLY___ 2025.01.17
2025-01-28 15:30:23,905 INFO     ___FILE_ONLY___  
2025-01-28 15:30:23,905 INFO     ___FILE_ONLY___ │ 
2025-01-28 15:30:23,905 INFO     ___FILE_ONLY___ 16.7 MiB
2025-01-28 15:30:23,906 INFO     ___FILE_ONLY___  
2025-01-28 15:30:23,906 INFO     ___FILE_ONLY___ │
2025-01-28 15:30:23,906 INFO     ___FILE_ONLY___ 

2025-01-28 15:30:23,906 INFO     ___FILE_ONLY___ └─────────────────────────────────┴────────────┴──────────┘
2025-01-28 15:30:23,906 INFO     ___FILE_ONLY___ 

2025-01-28 15:30:23,906 DEBUG    root            Chosen display Format:table[box,title="These components will be installed."](details.display_name:label=Name:align=left,version.version_string:label=Version:align=right,data.size.size(zero="",min=1048576):label=Size:align=right)
2025-01-28 15:30:23,906 INFO     ___FILE_ONLY___ 

2025-01-28 15:30:23,908 DEBUG    urllib3.connectionpool Starting new HTTPS connection (1): dl.google.com:443
2025-01-28 15:30:24,002 DEBUG    urllib3.connectionpool https://dl.google.com:443 "GET /dl/cloudsdk/channels/rapid/RELEASE_NOTES HTTP/1.1" 200 1343836
2025-01-28 15:30:24,095 INFO     ___FILE_ONLY___ The following release notes are new in this upgrade.
Please read carefully for information about new features, breaking changes,
and bugs fixed.  The latest full release notes can be viewed at:
  https://cloud.google.com/sdk/release_notes


2025-01-28 15:30:24,095 INFO     ___FILE_ONLY___ 
2025-01-28 15:30:24,095 INFO     ___FILE_ONLY___ 507.0.0 (2025-01-22)

2025-01-28 15:30:24,095 INFO     ___FILE_ONLY___ 
2025-01-28 15:30:24,095 INFO     ___FILE_ONLY___   
2025-01-28 15:30:24,095 INFO     ___FILE_ONLY___ Breaking Changes

2025-01-28 15:30:24,095 INFO     ___FILE_ONLY___       ▪
2025-01-28 15:30:24,095 INFO     ___FILE_ONLY___  
2025-01-28 15:30:24,095 INFO     ___FILE_ONLY___ **(Cloud
2025-01-28 15:30:24,095 INFO     ___FILE_ONLY___  
2025-01-28 15:30:24,095 INFO     ___FILE_ONLY___ Run)**
2025-01-28 15:30:24,095 INFO     ___FILE_ONLY___  
2025-01-28 15:30:24,095 INFO     ___FILE_ONLY___ Removed
2025-01-28 15:30:24,095 INFO     ___FILE_ONLY___  
2025-01-28 15:30:24,095 INFO     ___FILE_ONLY___ gcloud
2025-01-28 15:30:24,095 INFO     ___FILE_ONLY___  
2025-01-28 15:30:24,095 INFO     ___FILE_ONLY___ run
2025-01-28 15:30:24,095 INFO     ___FILE_ONLY___  
2025-01-28 15:30:24,095 INFO     ___FILE_ONLY___ integrations
2025-01-28 15:30:24,095 INFO     ___FILE_ONLY___  
2025-01-28 15:30:24,095 INFO     ___FILE_ONLY___ command
2025-01-28 15:30:24,095 INFO     ___FILE_ONLY___  
2025-01-28 15:30:24,095 INFO     ___FILE_ONLY___ group.
2025-01-28 15:30:24,095 INFO     ___FILE_ONLY___ 

2025-01-28 15:30:24,095 INFO     ___FILE_ONLY___ 

2025-01-28 15:30:24,095 INFO     ___FILE_ONLY___ 
2025-01-28 15:30:24,096 INFO     ___FILE_ONLY___   
2025-01-28 15:30:24,096 INFO     ___FILE_ONLY___ Anthos Multi-Cloud

2025-01-28 15:30:24,096 INFO     ___FILE_ONLY___       ▪
2025-01-28 15:30:24,096 INFO     ___FILE_ONLY___  
2025-01-28 15:30:24,096 INFO     ___FILE_ONLY___ Added
2025-01-28 15:30:24,096 INFO     ___FILE_ONLY___  
2025-01-28 15:30:24,096 INFO     ___FILE_ONLY___ --disable-cloud-monitoring
2025-01-28 15:30:24,096 INFO     ___FILE_ONLY___  
2025-01-28 15:30:24,096 INFO     ___FILE_ONLY___ flag
2025-01-28 15:30:24,096 INFO     ___FILE_ONLY___  
2025-01-28 15:30:24,096 INFO     ___FILE_ONLY___ to
2025-01-28 15:30:24,096 INFO     ___FILE_ONLY___  
2025-01-28 15:30:24,096 INFO     ___FILE_ONLY___ gcloud
2025-01-28 15:30:24,096 INFO     ___FILE_ONLY___  
2025-01-28 15:30:24,096 INFO     ___FILE_ONLY___ container
2025-01-28 15:30:24,096 INFO     ___FILE_ONLY___  
2025-01-28 15:30:24,096 INFO     ___FILE_ONLY___ attached
2025-01-28 15:30:24,096 INFO     ___FILE_ONLY___ 

2025-01-28 15:30:24,099 INFO     ___FILE_ONLY___         
2025-01-28 15:30:24,099 INFO     ___FILE_ONLY___ clusters
2025-01-28 15:30:24,099 INFO     ___FILE_ONLY___  
2025-01-28 15:30:24,099 INFO     ___FILE_ONLY___ register
2025-01-28 15:30:24,099 INFO     ___FILE_ONLY___  
2025-01-28 15:30:24,099 INFO     ___FILE_ONLY___ and
2025-01-28 15:30:24,099 INFO     ___FILE_ONLY___  
2025-01-28 15:30:24,099 INFO     ___FILE_ONLY___ gcloud
2025-01-28 15:30:24,099 INFO     ___FILE_ONLY___  
2025-01-28 15:30:24,099 INFO     ___FILE_ONLY___ container
2025-01-28 15:30:24,099 INFO     ___FILE_ONLY___  
2025-01-28 15:30:24,099 INFO     ___FILE_ONLY___ attached
2025-01-28 15:30:24,099 INFO     ___FILE_ONLY___  
2025-01-28 15:30:24,099 INFO     ___FILE_ONLY___ clusters
2025-01-28 15:30:24,099 INFO     ___FILE_ONLY___  
2025-01-28 15:30:24,099 INFO     ___FILE_ONLY___ update
2025-01-28 15:30:24,099 INFO     ___FILE_ONLY___  
2025-01-28 15:30:24,099 INFO     ___FILE_ONLY___ for
2025-01-28 15:30:24,099 INFO     ___FILE_ONLY___ 

2025-01-28 15:30:24,099 INFO     ___FILE_ONLY___         
2025-01-28 15:30:24,099 INFO     ___FILE_ONLY___ disabling
2025-01-28 15:30:24,099 INFO     ___FILE_ONLY___  
2025-01-28 15:30:24,099 INFO     ___FILE_ONLY___ cloud
2025-01-28 15:30:24,099 INFO     ___FILE_ONLY___  
2025-01-28 15:30:24,099 INFO     ___FILE_ONLY___ monitoring.
2025-01-28 15:30:24,099 INFO     ___FILE_ONLY___ 

2025-01-28 15:30:24,099 INFO     ___FILE_ONLY___       ▪
2025-01-28 15:30:24,099 INFO     ___FILE_ONLY___  
2025-01-28 15:30:24,099 INFO     ___FILE_ONLY___ Added
2025-01-28 15:30:24,099 INFO     ___FILE_ONLY___  
2025-01-28 15:30:24,099 INFO     ___FILE_ONLY___ --enable-cloud-monitoring
2025-01-28 15:30:24,099 INFO     ___FILE_ONLY___  
2025-01-28 15:30:24,099 INFO     ___FILE_ONLY___ flag
2025-01-28 15:30:24,099 INFO     ___FILE_ONLY___  
2025-01-28 15:30:24,099 INFO     ___FILE_ONLY___ to
2025-01-28 15:30:24,099 INFO     ___FILE_ONLY___  
2025-01-28 15:30:24,099 INFO     ___FILE_ONLY___ gcloud
2025-01-28 15:30:24,099 INFO     ___FILE_ONLY___  
2025-01-28 15:30:24,099 INFO     ___FILE_ONLY___ container
2025-01-28 15:30:24,100 INFO     ___FILE_ONLY___  
2025-01-28 15:30:24,100 INFO     ___FILE_ONLY___ attached
2025-01-28 15:30:24,100 INFO     ___FILE_ONLY___ 

2025-01-28 15:30:24,100 INFO     ___FILE_ONLY___         
2025-01-28 15:30:24,100 INFO     ___FILE_ONLY___ clusters
2025-01-28 15:30:24,100 INFO     ___FILE_ONLY___  
2025-01-28 15:30:24,100 INFO     ___FILE_ONLY___ register
2025-01-28 15:30:24,100 INFO     ___FILE_ONLY___  
2025-01-28 15:30:24,100 INFO     ___FILE_ONLY___ and
2025-01-28 15:30:24,100 INFO     ___FILE_ONLY___  
2025-01-28 15:30:24,100 INFO     ___FILE_ONLY___ gcloud
2025-01-28 15:30:24,100 INFO     ___FILE_ONLY___  
2025-01-28 15:30:24,100 INFO     ___FILE_ONLY___ container
2025-01-28 15:30:24,100 INFO     ___FILE_ONLY___  
2025-01-28 15:30:24,100 INFO     ___FILE_ONLY___ attached
2025-01-28 15:30:24,100 INFO     ___FILE_ONLY___  
2025-01-28 15:30:24,100 INFO     ___FILE_ONLY___ clusters
2025-01-28 15:30:24,100 INFO     ___FILE_ONLY___  
2025-01-28 15:30:24,100 INFO     ___FILE_ONLY___ update
2025-01-28 15:30:24,100 INFO     ___FILE_ONLY___  
2025-01-28 15:30:24,100 INFO     ___FILE_ONLY___ for
2025-01-28 15:30:24,100 INFO     ___FILE_ONLY___ 

2025-01-28 15:30:24,100 INFO     ___FILE_ONLY___         
2025-01-28 15:30:24,100 INFO     ___FILE_ONLY___ enabling
2025-01-28 15:30:24,100 INFO     ___FILE_ONLY___  
2025-01-28 15:30:24,100 INFO     ___FILE_ONLY___ cloud
2025-01-28 15:30:24,100 INFO     ___FILE_ONLY___  
2025-01-28 15:30:24,100 INFO     ___FILE_ONLY___ monitoring.
2025-01-28 15:30:24,100 INFO     ___FILE_ONLY___ 

2025-01-28 15:30:24,100 INFO     ___FILE_ONLY___ 

2025-01-28 15:30:24,100 INFO     ___FILE_ONLY___ 
2025-01-28 15:30:24,100 INFO     ___FILE_ONLY___   
2025-01-28 15:30:24,100 INFO     ___FILE_ONLY___ BigQuery

2025-01-28 15:30:24,100 INFO     ___FILE_ONLY___       ▪
2025-01-28 15:30:24,100 INFO     ___FILE_ONLY___  
2025-01-28 15:30:24,100 INFO     ___FILE_ONLY___ Updated
2025-01-28 15:30:24,100 INFO     ___FILE_ONLY___  
2025-01-28 15:30:24,100 INFO     ___FILE_ONLY___ certain
2025-01-28 15:30:24,100 INFO     ___FILE_ONLY___  
2025-01-28 15:30:24,100 INFO     ___FILE_ONLY___ authentication
2025-01-28 15:30:24,100 INFO     ___FILE_ONLY___  
2025-01-28 15:30:24,100 INFO     ___FILE_ONLY___ error
2025-01-28 15:30:24,100 INFO     ___FILE_ONLY___  
2025-01-28 15:30:24,100 INFO     ___FILE_ONLY___ messages
2025-01-28 15:30:24,100 INFO     ___FILE_ONLY___  
2025-01-28 15:30:24,100 INFO     ___FILE_ONLY___ to
2025-01-28 15:30:24,100 INFO     ___FILE_ONLY___  
2025-01-28 15:30:24,101 INFO     ___FILE_ONLY___ mention
2025-01-28 15:30:24,101 INFO     ___FILE_ONLY___  
2025-01-28 15:30:24,101 INFO     ___FILE_ONLY___ running
2025-01-28 15:30:24,101 INFO     ___FILE_ONLY___ 

2025-01-28 15:30:24,101 INFO     ___FILE_ONLY___         
2025-01-28 15:30:24,101 INFO     ___FILE_ONLY___ gcloud
2025-01-28 15:30:24,101 INFO     ___FILE_ONLY___  
2025-01-28 15:30:24,101 INFO     ___FILE_ONLY___ auth
2025-01-28 15:30:24,101 INFO     ___FILE_ONLY___  
2025-01-28 15:30:24,101 INFO     ___FILE_ONLY___ login
2025-01-28 15:30:24,101 INFO     ___FILE_ONLY___  
2025-01-28 15:30:24,101 INFO     ___FILE_ONLY___ --enable-gdrive-access
2025-01-28 15:30:24,101 INFO     ___FILE_ONLY___  
2025-01-28 15:30:24,101 INFO     ___FILE_ONLY___ instead
2025-01-28 15:30:24,101 INFO     ___FILE_ONLY___  
2025-01-28 15:30:24,101 INFO     ___FILE_ONLY___ of
2025-01-28 15:30:24,101 INFO     ___FILE_ONLY___  
2025-01-28 15:30:24,101 INFO     ___FILE_ONLY___ gcloud
2025-01-28 15:30:24,101 INFO     ___FILE_ONLY___  
2025-01-28 15:30:24,101 INFO     ___FILE_ONLY___ auth
2025-01-28 15:30:24,101 INFO     ___FILE_ONLY___  
2025-01-28 15:30:24,101 INFO     ___FILE_ONLY___ login
2025-01-28 15:30:24,101 INFO     ___FILE_ONLY___ 

2025-01-28 15:30:24,101 INFO     ___FILE_ONLY___         
2025-01-28 15:30:24,101 INFO     ___FILE_ONLY___ when
2025-01-28 15:30:24,101 INFO     ___FILE_ONLY___  
2025-01-28 15:30:24,101 INFO     ___FILE_ONLY___ Drive
2025-01-28 15:30:24,101 INFO     ___FILE_ONLY___  
2025-01-28 15:30:24,101 INFO     ___FILE_ONLY___ access
2025-01-28 15:30:24,101 INFO     ___FILE_ONLY___  
2025-01-28 15:30:24,101 INFO     ___FILE_ONLY___ is
2025-01-28 15:30:24,101 INFO     ___FILE_ONLY___  
2025-01-28 15:30:24,101 INFO     ___FILE_ONLY___ required.
2025-01-28 15:30:24,101 INFO     ___FILE_ONLY___ 

2025-01-28 15:30:24,101 INFO     ___FILE_ONLY___       ▪
2025-01-28 15:30:24,101 INFO     ___FILE_ONLY___  
2025-01-28 15:30:24,101 INFO     ___FILE_ONLY___ Added
2025-01-28 15:30:24,101 INFO     ___FILE_ONLY___  
2025-01-28 15:30:24,101 INFO     ___FILE_ONLY___ support
2025-01-28 15:30:24,101 INFO     ___FILE_ONLY___  
2025-01-28 15:30:24,101 INFO     ___FILE_ONLY___ for
2025-01-28 15:30:24,101 INFO     ___FILE_ONLY___  
2025-01-28 15:30:24,101 INFO     ___FILE_ONLY___ loading
2025-01-28 15:30:24,101 INFO     ___FILE_ONLY___  
2025-01-28 15:30:24,101 INFO     ___FILE_ONLY___ the
2025-01-28 15:30:24,101 INFO     ___FILE_ONLY___  
2025-01-28 15:30:24,101 INFO     ___FILE_ONLY___ Cloud
2025-01-28 15:30:24,101 INFO     ___FILE_ONLY___  
2025-01-28 15:30:24,102 INFO     ___FILE_ONLY___ CLI
2025-01-28 15:30:24,102 INFO     ___FILE_ONLY___ 

2025-01-28 15:30:24,102 INFO     ___FILE_ONLY___         
2025-01-28 15:30:24,102 INFO     ___FILE_ONLY___ api_endpoint_overrides/bigquery
2025-01-28 15:30:24,102 INFO     ___FILE_ONLY___  
2025-01-28 15:30:24,102 INFO     ___FILE_ONLY___ config
2025-01-28 15:30:24,102 INFO     ___FILE_ONLY___  
2025-01-28 15:30:24,102 INFO     ___FILE_ONLY___ value
2025-01-28 15:30:24,102 INFO     ___FILE_ONLY___  
2025-01-28 15:30:24,102 INFO     ___FILE_ONLY___ into
2025-01-28 15:30:24,102 INFO     ___FILE_ONLY___  
2025-01-28 15:30:24,102 INFO     ___FILE_ONLY___ api
2025-01-28 15:30:24,102 INFO     ___FILE_ONLY___  
2025-01-28 15:30:24,102 INFO     ___FILE_ONLY___ if
2025-01-28 15:30:24,102 INFO     ___FILE_ONLY___  
2025-01-28 15:30:24,102 INFO     ___FILE_ONLY___ the
2025-01-28 15:30:24,102 INFO     ___FILE_ONLY___  
2025-01-28 15:30:24,102 INFO     ___FILE_ONLY___ flag
2025-01-28 15:30:24,102 INFO     ___FILE_ONLY___  
2025-01-28 15:30:24,102 INFO     ___FILE_ONLY___ was
2025-01-28 15:30:24,102 INFO     ___FILE_ONLY___ 

2025-01-28 15:30:24,102 INFO     ___FILE_ONLY___         
2025-01-28 15:30:24,102 INFO     ___FILE_ONLY___ not
2025-01-28 15:30:24,102 INFO     ___FILE_ONLY___  
2025-01-28 15:30:24,102 INFO     ___FILE_ONLY___ set.
2025-01-28 15:30:24,102 INFO     ___FILE_ONLY___ 

2025-01-28 15:30:24,102 INFO     ___FILE_ONLY___       ▪
2025-01-28 15:30:24,102 INFO     ___FILE_ONLY___  
2025-01-28 15:30:24,102 INFO     ___FILE_ONLY___ Added
2025-01-28 15:30:24,102 INFO     ___FILE_ONLY___  
2025-01-28 15:30:24,102 INFO     ___FILE_ONLY___ support
2025-01-28 15:30:24,102 INFO     ___FILE_ONLY___  
2025-01-28 15:30:24,102 INFO     ___FILE_ONLY___ for
2025-01-28 15:30:24,102 INFO     ___FILE_ONLY___  
2025-01-28 15:30:24,102 INFO     ___FILE_ONLY___ loading
2025-01-28 15:30:24,102 INFO     ___FILE_ONLY___  
2025-01-28 15:30:24,102 INFO     ___FILE_ONLY___ the
2025-01-28 15:30:24,102 INFO     ___FILE_ONLY___  
2025-01-28 15:30:24,102 INFO     ___FILE_ONLY___ Cloud
2025-01-28 15:30:24,102 INFO     ___FILE_ONLY___  
2025-01-28 15:30:24,102 INFO     ___FILE_ONLY___ CLI
2025-01-28 15:30:24,102 INFO     ___FILE_ONLY___  
2025-01-28 15:30:24,102 INFO     ___FILE_ONLY___ core/api_key
2025-01-28 15:30:24,102 INFO     ___FILE_ONLY___  
2025-01-28 15:30:24,102 INFO     ___FILE_ONLY___ config
2025-01-28 15:30:24,102 INFO     ___FILE_ONLY___  
2025-01-28 15:30:24,102 INFO     ___FILE_ONLY___ value
2025-01-28 15:30:24,102 INFO     ___FILE_ONLY___ 

2025-01-28 15:30:24,103 INFO     ___FILE_ONLY___         
2025-01-28 15:30:24,103 INFO     ___FILE_ONLY___ into
2025-01-28 15:30:24,103 INFO     ___FILE_ONLY___  
2025-01-28 15:30:24,103 INFO     ___FILE_ONLY___ bigquery_discovery_api_key
2025-01-28 15:30:24,103 INFO     ___FILE_ONLY___  
2025-01-28 15:30:24,103 INFO     ___FILE_ONLY___ if
2025-01-28 15:30:24,103 INFO     ___FILE_ONLY___  
2025-01-28 15:30:24,103 INFO     ___FILE_ONLY___ the
2025-01-28 15:30:24,103 INFO     ___FILE_ONLY___  
2025-01-28 15:30:24,103 INFO     ___FILE_ONLY___ flag
2025-01-28 15:30:24,103 INFO     ___FILE_ONLY___  
2025-01-28 15:30:24,103 INFO     ___FILE_ONLY___ was
2025-01-28 15:30:24,103 INFO     ___FILE_ONLY___  
2025-01-28 15:30:24,103 INFO     ___FILE_ONLY___ not
2025-01-28 15:30:24,103 INFO     ___FILE_ONLY___  
2025-01-28 15:30:24,103 INFO     ___FILE_ONLY___ set.
2025-01-28 15:30:24,103 INFO     ___FILE_ONLY___ 

2025-01-28 15:30:24,103 INFO     ___FILE_ONLY___       ▪
2025-01-28 15:30:24,103 INFO     ___FILE_ONLY___  
2025-01-28 15:30:24,103 INFO     ___FILE_ONLY___ Added
2025-01-28 15:30:24,103 INFO     ___FILE_ONLY___  
2025-01-28 15:30:24,103 INFO     ___FILE_ONLY___ retrieval
2025-01-28 15:30:24,103 INFO     ___FILE_ONLY___  
2025-01-28 15:30:24,103 INFO     ___FILE_ONLY___ of
2025-01-28 15:30:24,103 INFO     ___FILE_ONLY___  
2025-01-28 15:30:24,103 INFO     ___FILE_ONLY___ the
2025-01-28 15:30:24,103 INFO     ___FILE_ONLY___  
2025-01-28 15:30:24,103 INFO     ___FILE_ONLY___ user's
2025-01-28 15:30:24,103 INFO     ___FILE_ONLY___  
2025-01-28 15:30:24,104 INFO     ___FILE_ONLY___ active
2025-01-28 15:30:24,104 INFO     ___FILE_ONLY___  
2025-01-28 15:30:24,104 INFO     ___FILE_ONLY___ Cloud
2025-01-28 15:30:24,104 INFO     ___FILE_ONLY___  
2025-01-28 15:30:24,104 INFO     ___FILE_ONLY___ CLI
2025-01-28 15:30:24,104 INFO     ___FILE_ONLY___  
2025-01-28 15:30:24,104 INFO     ___FILE_ONLY___ account
2025-01-28 15:30:24,104 INFO     ___FILE_ONLY___  
2025-01-28 15:30:24,104 INFO     ___FILE_ONLY___ name
2025-01-28 15:30:24,104 INFO     ___FILE_ONLY___  
2025-01-28 15:30:24,104 INFO     ___FILE_ONLY___ when
2025-01-28 15:30:24,104 INFO     ___FILE_ONLY___ 

2025-01-28 15:30:24,104 INFO     ___FILE_ONLY___         
2025-01-28 15:30:24,104 INFO     ___FILE_ONLY___ authenticating
2025-01-28 15:30:24,104 INFO     ___FILE_ONLY___  
2025-01-28 15:30:24,104 INFO     ___FILE_ONLY___ using
2025-01-28 15:30:24,104 INFO     ___FILE_ONLY___  
2025-01-28 15:30:24,104 INFO     ___FILE_ONLY___ Cloud
2025-01-28 15:30:24,104 INFO     ___FILE_ONLY___  
2025-01-28 15:30:24,104 INFO     ___FILE_ONLY___ CLI
2025-01-28 15:30:24,104 INFO     ___FILE_ONLY___  
2025-01-28 15:30:24,104 INFO     ___FILE_ONLY___ credentials.
2025-01-28 15:30:24,104 INFO     ___FILE_ONLY___ 

2025-01-28 15:30:24,104 INFO     ___FILE_ONLY___       ▪
2025-01-28 15:30:24,104 INFO     ___FILE_ONLY___  
2025-01-28 15:30:24,104 INFO     ___FILE_ONLY___ Fixed
2025-01-28 15:30:24,104 INFO     ___FILE_ONLY___  
2025-01-28 15:30:24,104 INFO     ___FILE_ONLY___ the
2025-01-28 15:30:24,104 INFO     ___FILE_ONLY___  
2025-01-28 15:30:24,104 INFO     ___FILE_ONLY___ bug
2025-01-28 15:30:24,104 INFO     ___FILE_ONLY___  
2025-01-28 15:30:24,104 INFO     ___FILE_ONLY___ where
2025-01-28 15:30:24,104 INFO     ___FILE_ONLY___  
2025-01-28 15:30:24,104 INFO     ___FILE_ONLY___ users
2025-01-28 15:30:24,104 INFO     ___FILE_ONLY___  
2025-01-28 15:30:24,104 INFO     ___FILE_ONLY___ authenticating
2025-01-28 15:30:24,104 INFO     ___FILE_ONLY___  
2025-01-28 15:30:24,104 INFO     ___FILE_ONLY___ with
2025-01-28 15:30:24,104 INFO     ___FILE_ONLY___  
2025-01-28 15:30:24,105 INFO     ___FILE_ONLY___ Google
2025-01-28 15:30:24,105 INFO     ___FILE_ONLY___  
2025-01-28 15:30:24,105 INFO     ___FILE_ONLY___ Auth
2025-01-28 15:30:24,105 INFO     ___FILE_ONLY___  
2025-01-28 15:30:24,105 INFO     ___FILE_ONLY___ using
2025-01-28 15:30:24,105 INFO     ___FILE_ONLY___  
2025-01-28 15:30:24,105 INFO     ___FILE_ONLY___ a
2025-01-28 15:30:24,105 INFO     ___FILE_ONLY___ 

2025-01-28 15:30:24,105 INFO     ___FILE_ONLY___         
2025-01-28 15:30:24,105 INFO     ___FILE_ONLY___ service
2025-01-28 15:30:24,105 INFO     ___FILE_ONLY___  
2025-01-28 15:30:24,105 INFO     ___FILE_ONLY___ account
2025-01-28 15:30:24,105 INFO     ___FILE_ONLY___  
2025-01-28 15:30:24,105 INFO     ___FILE_ONLY___ were
2025-01-28 15:30:24,105 INFO     ___FILE_ONLY___  
2025-01-28 15:30:24,105 INFO     ___FILE_ONLY___ unable
2025-01-28 15:30:24,105 INFO     ___FILE_ONLY___  
2025-01-28 15:30:24,105 INFO     ___FILE_ONLY___ to
2025-01-28 15:30:24,105 INFO     ___FILE_ONLY___  
2025-01-28 15:30:24,105 INFO     ___FILE_ONLY___ query
2025-01-28 15:30:24,105 INFO     ___FILE_ONLY___  
2025-01-28 15:30:24,105 INFO     ___FILE_ONLY___ external
2025-01-28 15:30:24,105 INFO     ___FILE_ONLY___  
2025-01-28 15:30:24,105 INFO     ___FILE_ONLY___ tables
2025-01-28 15:30:24,105 INFO     ___FILE_ONLY___  
2025-01-28 15:30:24,105 INFO     ___FILE_ONLY___ on
2025-01-28 15:30:24,105 INFO     ___FILE_ONLY___  
2025-01-28 15:30:24,105 INFO     ___FILE_ONLY___ Google
2025-01-28 15:30:24,105 INFO     ___FILE_ONLY___  
2025-01-28 15:30:24,105 INFO     ___FILE_ONLY___ Drive.
2025-01-28 15:30:24,105 INFO     ___FILE_ONLY___ 

2025-01-28 15:30:24,105 INFO     ___FILE_ONLY___       ▪
2025-01-28 15:30:24,105 INFO     ___FILE_ONLY___  
2025-01-28 15:30:24,105 INFO     ___FILE_ONLY___ Updated
2025-01-28 15:30:24,105 INFO     ___FILE_ONLY___  
2025-01-28 15:30:24,105 INFO     ___FILE_ONLY___ --enable_gdrive
2025-01-28 15:30:24,105 INFO     ___FILE_ONLY___  
2025-01-28 15:30:24,105 INFO     ___FILE_ONLY___ flag
2025-01-28 15:30:24,105 INFO     ___FILE_ONLY___  
2025-01-28 15:30:24,105 INFO     ___FILE_ONLY___ description
2025-01-28 15:30:24,105 INFO     ___FILE_ONLY___  
2025-01-28 15:30:24,105 INFO     ___FILE_ONLY___ to
2025-01-28 15:30:24,105 INFO     ___FILE_ONLY___  
2025-01-28 15:30:24,105 INFO     ___FILE_ONLY___ mention
2025-01-28 15:30:24,106 INFO     ___FILE_ONLY___  
2025-01-28 15:30:24,106 INFO     ___FILE_ONLY___ its
2025-01-28 15:30:24,106 INFO     ___FILE_ONLY___  
2025-01-28 15:30:24,106 INFO     ___FILE_ONLY___ interaction
2025-01-28 15:30:24,106 INFO     ___FILE_ONLY___ 

2025-01-28 15:30:24,106 INFO     ___FILE_ONLY___         
2025-01-28 15:30:24,106 INFO     ___FILE_ONLY___ with
2025-01-28 15:30:24,106 INFO     ___FILE_ONLY___  
2025-01-28 15:30:24,106 INFO     ___FILE_ONLY___ --use_google_auth.
2025-01-28 15:30:24,106 INFO     ___FILE_ONLY___ 

2025-01-28 15:30:24,106 INFO     ___FILE_ONLY___       ▪
2025-01-28 15:30:24,106 INFO     ___FILE_ONLY___  
2025-01-28 15:30:24,106 INFO     ___FILE_ONLY___ Handled
2025-01-28 15:30:24,106 INFO     ___FILE_ONLY___  
2025-01-28 15:30:24,106 INFO     ___FILE_ONLY___ crash
2025-01-28 15:30:24,106 INFO     ___FILE_ONLY___  
2025-01-28 15:30:24,106 INFO     ___FILE_ONLY___ when
2025-01-28 15:30:24,106 INFO     ___FILE_ONLY___  
2025-01-28 15:30:24,106 INFO     ___FILE_ONLY___ the
2025-01-28 15:30:24,106 INFO     ___FILE_ONLY___  
2025-01-28 15:30:24,106 INFO     ___FILE_ONLY___ server
2025-01-28 15:30:24,106 INFO     ___FILE_ONLY___  
2025-01-28 15:30:24,106 INFO     ___FILE_ONLY___ returns
2025-01-28 15:30:24,106 INFO     ___FILE_ONLY___  
2025-01-28 15:30:24,106 INFO     ___FILE_ONLY___ out
2025-01-28 15:30:24,106 INFO     ___FILE_ONLY___  
2025-01-28 15:30:24,106 INFO     ___FILE_ONLY___ of
2025-01-28 15:30:24,106 INFO     ___FILE_ONLY___  
2025-01-28 15:30:24,106 INFO     ___FILE_ONLY___ bounds
2025-01-28 15:30:24,106 INFO     ___FILE_ONLY___  
2025-01-28 15:30:24,106 INFO     ___FILE_ONLY___ timestamps.
2025-01-28 15:30:24,106 INFO     ___FILE_ONLY___ 

2025-01-28 15:30:24,106 INFO     ___FILE_ONLY___       ▪
2025-01-28 15:30:24,106 INFO     ___FILE_ONLY___  
2025-01-28 15:30:24,106 INFO     ___FILE_ONLY___ Bundled
2025-01-28 15:30:24,106 INFO     ___FILE_ONLY___  
2025-01-28 15:30:24,106 INFO     ___FILE_ONLY___ a
2025-01-28 15:30:24,106 INFO     ___FILE_ONLY___  
2025-01-28 15:30:24,106 INFO     ___FILE_ONLY___ reservation
2025-01-28 15:30:24,106 INFO     ___FILE_ONLY___  
2025-01-28 15:30:24,106 INFO     ___FILE_ONLY___ discovery
2025-01-28 15:30:24,106 INFO     ___FILE_ONLY___  
2025-01-28 15:30:24,106 INFO     ___FILE_ONLY___ doc
2025-01-28 15:30:24,106 INFO     ___FILE_ONLY___  
2025-01-28 15:30:24,107 INFO     ___FILE_ONLY___ to
2025-01-28 15:30:24,107 INFO     ___FILE_ONLY___  
2025-01-28 15:30:24,107 INFO     ___FILE_ONLY___ be
2025-01-28 15:30:24,107 INFO     ___FILE_ONLY___  
2025-01-28 15:30:24,107 INFO     ___FILE_ONLY___ loaded
2025-01-28 15:30:24,107 INFO     ___FILE_ONLY___  
2025-01-28 15:30:24,107 INFO     ___FILE_ONLY___ locally
2025-01-28 15:30:24,107 INFO     ___FILE_ONLY___  
2025-01-28 15:30:24,107 INFO     ___FILE_ONLY___ instead
2025-01-28 15:30:24,107 INFO     ___FILE_ONLY___  
2025-01-28 15:30:24,107 INFO     ___FILE_ONLY___ of
2025-01-28 15:30:24,107 INFO     ___FILE_ONLY___ 

2025-01-28 15:30:24,107 INFO     ___FILE_ONLY___         
2025-01-28 15:30:24,107 INFO     ___FILE_ONLY___ always
2025-01-28 15:30:24,107 INFO     ___FILE_ONLY___  
2025-01-28 15:30:24,107 INFO     ___FILE_ONLY___ making
2025-01-28 15:30:24,107 INFO     ___FILE_ONLY___  
2025-01-28 15:30:24,107 INFO     ___FILE_ONLY___ a
2025-01-28 15:30:24,107 INFO     ___FILE_ONLY___  
2025-01-28 15:30:24,107 INFO     ___FILE_ONLY___ server
2025-01-28 15:30:24,107 INFO     ___FILE_ONLY___  
2025-01-28 15:30:24,107 INFO     ___FILE_ONLY___ request
2025-01-28 15:30:24,107 INFO     ___FILE_ONLY___  
2025-01-28 15:30:24,107 INFO     ___FILE_ONLY___ to
2025-01-28 15:30:24,107 INFO     ___FILE_ONLY___  
2025-01-28 15:30:24,107 INFO     ___FILE_ONLY___ retrieve
2025-01-28 15:30:24,107 INFO     ___FILE_ONLY___  
2025-01-28 15:30:24,107 INFO     ___FILE_ONLY___ one.
2025-01-28 15:30:24,107 INFO     ___FILE_ONLY___ 

2025-01-28 15:30:24,107 INFO     ___FILE_ONLY___ 

2025-01-28 15:30:24,107 INFO     ___FILE_ONLY___ 
2025-01-28 15:30:24,107 INFO     ___FILE_ONLY___   
2025-01-28 15:30:24,107 INFO     ___FILE_ONLY___ Cloud Bigtable

2025-01-28 15:30:24,107 INFO     ___FILE_ONLY___       ▪
2025-01-28 15:30:24,107 INFO     ___FILE_ONLY___  
2025-01-28 15:30:24,107 INFO     ___FILE_ONLY___ Rebuilt
2025-01-28 15:30:24,107 INFO     ___FILE_ONLY___  
2025-01-28 15:30:24,107 INFO     ___FILE_ONLY___ cbt
2025-01-28 15:30:24,107 INFO     ___FILE_ONLY___  
2025-01-28 15:30:24,107 INFO     ___FILE_ONLY___ cli
2025-01-28 15:30:24,107 INFO     ___FILE_ONLY___  
2025-01-28 15:30:24,107 INFO     ___FILE_ONLY___ with
2025-01-28 15:30:24,107 INFO     ___FILE_ONLY___  
2025-01-28 15:30:24,107 INFO     ___FILE_ONLY___ golang.org/x/net
2025-01-28 15:30:24,107 INFO     ___FILE_ONLY___  
2025-01-28 15:30:24,107 INFO     ___FILE_ONLY___ version
2025-01-28 15:30:24,107 INFO     ___FILE_ONLY___  
2025-01-28 15:30:24,108 INFO     ___FILE_ONLY___ 0.33.0
2025-01-28 15:30:24,108 INFO     ___FILE_ONLY___  
2025-01-28 15:30:24,108 INFO     ___FILE_ONLY___ which
2025-01-28 15:30:24,108 INFO     ___FILE_ONLY___  
2025-01-28 15:30:24,108 INFO     ___FILE_ONLY___ fixed
2025-01-28 15:30:24,108 INFO     ___FILE_ONLY___ 

2025-01-28 15:30:24,108 INFO     ___FILE_ONLY___         
2025-01-28 15:30:24,108 INFO     ___FILE_ONLY___ CVE-2024-45338.
2025-01-28 15:30:24,108 INFO     ___FILE_ONLY___ 

2025-01-28 15:30:24,108 INFO     ___FILE_ONLY___ 

2025-01-28 15:30:24,108 INFO     ___FILE_ONLY___ 
2025-01-28 15:30:24,108 INFO     ___FILE_ONLY___   
2025-01-28 15:30:24,108 INFO     ___FILE_ONLY___ Cloud Bigtable Emulator

2025-01-28 15:30:24,108 INFO     ___FILE_ONLY___       ▪
2025-01-28 15:30:24,108 INFO     ___FILE_ONLY___  
2025-01-28 15:30:24,108 INFO     ___FILE_ONLY___ Rebuilding
2025-01-28 15:30:24,108 INFO     ___FILE_ONLY___  
2025-01-28 15:30:24,108 INFO     ___FILE_ONLY___ cbt
2025-01-28 15:30:24,108 INFO     ___FILE_ONLY___  
2025-01-28 15:30:24,108 INFO     ___FILE_ONLY___ emulator
2025-01-28 15:30:24,108 INFO     ___FILE_ONLY___  
2025-01-28 15:30:24,108 INFO     ___FILE_ONLY___ with
2025-01-28 15:30:24,108 INFO     ___FILE_ONLY___  
2025-01-28 15:30:24,108 INFO     ___FILE_ONLY___ golang.org/x/net
2025-01-28 15:30:24,108 INFO     ___FILE_ONLY___  
2025-01-28 15:30:24,108 INFO     ___FILE_ONLY___ version
2025-01-28 15:30:24,108 INFO     ___FILE_ONLY___  
2025-01-28 15:30:24,108 INFO     ___FILE_ONLY___ 0.33.0
2025-01-28 15:30:24,108 INFO     ___FILE_ONLY___  
2025-01-28 15:30:24,108 INFO     ___FILE_ONLY___ which
2025-01-28 15:30:24,108 INFO     ___FILE_ONLY___ 

2025-01-28 15:30:24,108 INFO     ___FILE_ONLY___         
2025-01-28 15:30:24,108 INFO     ___FILE_ONLY___ fixed
2025-01-28 15:30:24,108 INFO     ___FILE_ONLY___  
2025-01-28 15:30:24,108 INFO     ___FILE_ONLY___ CVE-2024-45338.
2025-01-28 15:30:24,108 INFO     ___FILE_ONLY___ 

2025-01-28 15:30:24,108 INFO     ___FILE_ONLY___ 

2025-01-28 15:30:24,108 INFO     ___FILE_ONLY___ 
2025-01-28 15:30:24,108 INFO     ___FILE_ONLY___   
2025-01-28 15:30:24,108 INFO     ___FILE_ONLY___ Cloud NetApp

2025-01-28 15:30:24,108 INFO     ___FILE_ONLY___       ▪
2025-01-28 15:30:24,108 INFO     ___FILE_ONLY___  
2025-01-28 15:30:24,108 INFO     ___FILE_ONLY___ Added
2025-01-28 15:30:24,108 INFO     ___FILE_ONLY___  
2025-01-28 15:30:24,108 INFO     ___FILE_ONLY___ gcloud
2025-01-28 15:30:24,108 INFO     ___FILE_ONLY___  
2025-01-28 15:30:24,108 INFO     ___FILE_ONLY___ netapp
2025-01-28 15:30:24,109 INFO     ___FILE_ONLY___  
2025-01-28 15:30:24,109 INFO     ___FILE_ONLY___ storage-pools
2025-01-28 15:30:24,109 INFO     ___FILE_ONLY___  
2025-01-28 15:30:24,109 INFO     ___FILE_ONLY___ validate-directory-service.
2025-01-28 15:30:24,109 INFO     ___FILE_ONLY___ 

2025-01-28 15:30:24,109 INFO     ___FILE_ONLY___ 

2025-01-28 15:30:24,109 INFO     ___FILE_ONLY___ 
2025-01-28 15:30:24,109 INFO     ___FILE_ONLY___   
2025-01-28 15:30:24,109 INFO     ___FILE_ONLY___ Cloud Spanner

2025-01-28 15:30:24,109 INFO     ___FILE_ONLY___       ▪
2025-01-28 15:30:24,109 INFO     ___FILE_ONLY___  
2025-01-28 15:30:24,109 INFO     ___FILE_ONLY___ Update
2025-01-28 15:30:24,109 INFO     ___FILE_ONLY___  
2025-01-28 15:30:24,109 INFO     ___FILE_ONLY___ edition
2025-01-28 15:30:24,109 INFO     ___FILE_ONLY___  
2025-01-28 15:30:24,109 INFO     ___FILE_ONLY___ flag
2025-01-28 15:30:24,109 INFO     ___FILE_ONLY___  
2025-01-28 15:30:24,109 INFO     ___FILE_ONLY___ help
2025-01-28 15:30:24,109 INFO     ___FILE_ONLY___  
2025-01-28 15:30:24,109 INFO     ___FILE_ONLY___ text
2025-01-28 15:30:24,109 INFO     ___FILE_ONLY___  
2025-01-28 15:30:24,109 INFO     ___FILE_ONLY___ for
2025-01-28 15:30:24,109 INFO     ___FILE_ONLY___  
2025-01-28 15:30:24,109 INFO     ___FILE_ONLY___ gcloud
2025-01-28 15:30:24,109 INFO     ___FILE_ONLY___  
2025-01-28 15:30:24,109 INFO     ___FILE_ONLY___ spanner
2025-01-28 15:30:24,109 INFO     ___FILE_ONLY___  
2025-01-28 15:30:24,109 INFO     ___FILE_ONLY___ instances
2025-01-28 15:30:24,109 INFO     ___FILE_ONLY___  
2025-01-28 15:30:24,109 INFO     ___FILE_ONLY___ update
2025-01-28 15:30:24,109 INFO     ___FILE_ONLY___ 

2025-01-28 15:30:24,109 INFO     ___FILE_ONLY___         
2025-01-28 15:30:24,109 INFO     ___FILE_ONLY___ saying
2025-01-28 15:30:24,109 INFO     ___FILE_ONLY___  
2025-01-28 15:30:24,109 INFO     ___FILE_ONLY___ downgrade
2025-01-28 15:30:24,109 INFO     ___FILE_ONLY___  
2025-01-28 15:30:24,109 INFO     ___FILE_ONLY___ is
2025-01-28 15:30:24,110 INFO     ___FILE_ONLY___  
2025-01-28 15:30:24,110 INFO     ___FILE_ONLY___ supported.
2025-01-28 15:30:24,110 INFO     ___FILE_ONLY___ 

2025-01-28 15:30:24,110 INFO     ___FILE_ONLY___ 

2025-01-28 15:30:24,110 INFO     ___FILE_ONLY___ 
2025-01-28 15:30:24,110 INFO     ___FILE_ONLY___   
2025-01-28 15:30:24,110 INFO     ___FILE_ONLY___ Cloud Workstations

2025-01-28 15:30:24,110 INFO     ___FILE_ONLY___       ▪
2025-01-28 15:30:24,110 INFO     ___FILE_ONLY___  
2025-01-28 15:30:24,110 INFO     ___FILE_ONLY___ Promoted
2025-01-28 15:30:24,110 INFO     ___FILE_ONLY___  
2025-01-28 15:30:24,110 INFO     ___FILE_ONLY___ --source-workstation
2025-01-28 15:30:24,110 INFO     ___FILE_ONLY___  
2025-01-28 15:30:24,110 INFO     ___FILE_ONLY___ flag
2025-01-28 15:30:24,110 INFO     ___FILE_ONLY___  
2025-01-28 15:30:24,110 INFO     ___FILE_ONLY___ of
2025-01-28 15:30:24,110 INFO     ___FILE_ONLY___  
2025-01-28 15:30:24,110 INFO     ___FILE_ONLY___ gcloud
2025-01-28 15:30:24,110 INFO     ___FILE_ONLY___  
2025-01-28 15:30:24,110 INFO     ___FILE_ONLY___ workstations
2025-01-28 15:30:24,110 INFO     ___FILE_ONLY___  
2025-01-28 15:30:24,110 INFO     ___FILE_ONLY___ create
2025-01-28 15:30:24,110 INFO     ___FILE_ONLY___  
2025-01-28 15:30:24,110 INFO     ___FILE_ONLY___ to
2025-01-28 15:30:24,110 INFO     ___FILE_ONLY___ 

2025-01-28 15:30:24,110 INFO     ___FILE_ONLY___         
2025-01-28 15:30:24,110 INFO     ___FILE_ONLY___ GA.
2025-01-28 15:30:24,110 INFO     ___FILE_ONLY___ 

2025-01-28 15:30:24,110 INFO     ___FILE_ONLY___ 

2025-01-28 15:30:24,110 INFO     ___FILE_ONLY___ 
2025-01-28 15:30:24,110 INFO     ___FILE_ONLY___   
2025-01-28 15:30:24,110 INFO     ___FILE_ONLY___ Compute Engine

2025-01-28 15:30:24,110 INFO     ___FILE_ONLY___       ▪
2025-01-28 15:30:24,110 INFO     ___FILE_ONLY___  
2025-01-28 15:30:24,110 INFO     ___FILE_ONLY___ Promoted
2025-01-28 15:30:24,110 INFO     ___FILE_ONLY___  
2025-01-28 15:30:24,110 INFO     ___FILE_ONLY___ Tls
2025-01-28 15:30:24,110 INFO     ___FILE_ONLY___  
2025-01-28 15:30:24,110 INFO     ___FILE_ONLY___ Early
2025-01-28 15:30:24,110 INFO     ___FILE_ONLY___  
2025-01-28 15:30:24,110 INFO     ___FILE_ONLY___ Data
2025-01-28 15:30:24,110 INFO     ___FILE_ONLY___  
2025-01-28 15:30:24,111 INFO     ___FILE_ONLY___ UNRESTRICTED
2025-01-28 15:30:24,111 INFO     ___FILE_ONLY___  
2025-01-28 15:30:24,111 INFO     ___FILE_ONLY___ enum
2025-01-28 15:30:24,111 INFO     ___FILE_ONLY___  
2025-01-28 15:30:24,111 INFO     ___FILE_ONLY___ value
2025-01-28 15:30:24,111 INFO     ___FILE_ONLY___  
2025-01-28 15:30:24,111 INFO     ___FILE_ONLY___ to
2025-01-28 15:30:24,111 INFO     ___FILE_ONLY___  
2025-01-28 15:30:24,111 INFO     ___FILE_ONLY___ GA
2025-01-28 15:30:24,111 INFO     ___FILE_ONLY___  
2025-01-28 15:30:24,111 INFO     ___FILE_ONLY___ in
2025-01-28 15:30:24,111 INFO     ___FILE_ONLY___  
2025-01-28 15:30:24,111 INFO     ___FILE_ONLY___ gcloud
2025-01-28 15:30:24,111 INFO     ___FILE_ONLY___ 

2025-01-28 15:30:24,111 INFO     ___FILE_ONLY___         
2025-01-28 15:30:24,111 INFO     ___FILE_ONLY___ compute
2025-01-28 15:30:24,111 INFO     ___FILE_ONLY___  
2025-01-28 15:30:24,111 INFO     ___FILE_ONLY___ target-https-proxies
2025-01-28 15:30:24,111 INFO     ___FILE_ONLY___  
2025-01-28 15:30:24,111 INFO     ___FILE_ONLY___ import
2025-01-28 15:30:24,111 INFO     ___FILE_ONLY___  
2025-01-28 15:30:24,111 INFO     ___FILE_ONLY___ and
2025-01-28 15:30:24,111 INFO     ___FILE_ONLY___  
2025-01-28 15:30:24,111 INFO     ___FILE_ONLY___ gcloud
2025-01-28 15:30:24,111 INFO     ___FILE_ONLY___  
2025-01-28 15:30:24,111 INFO     ___FILE_ONLY___ compute
2025-01-28 15:30:24,111 INFO     ___FILE_ONLY___ 

2025-01-28 15:30:24,111 INFO     ___FILE_ONLY___         
2025-01-28 15:30:24,111 INFO     ___FILE_ONLY___ target-https-proxies
2025-01-28 15:30:24,111 INFO     ___FILE_ONLY___  
2025-01-28 15:30:24,111 INFO     ___FILE_ONLY___ export.
2025-01-28 15:30:24,111 INFO     ___FILE_ONLY___ 

2025-01-28 15:30:24,111 INFO     ___FILE_ONLY___ 

2025-01-28 15:30:24,111 INFO     ___FILE_ONLY___ 
2025-01-28 15:30:24,111 INFO     ___FILE_ONLY___   
2025-01-28 15:30:24,111 INFO     ___FILE_ONLY___ Database Migration

2025-01-28 15:30:24,111 INFO     ___FILE_ONLY___       ▪
2025-01-28 15:30:24,112 INFO     ___FILE_ONLY___  
2025-01-28 15:30:24,112 INFO     ___FILE_ONLY___ Added
2025-01-28 15:30:24,112 INFO     ___FILE_ONLY___  
2025-01-28 15:30:24,112 INFO     ___FILE_ONLY___ --cloudsql-project-id
2025-01-28 15:30:24,112 INFO     ___FILE_ONLY___  
2025-01-28 15:30:24,112 INFO     ___FILE_ONLY___ flag
2025-01-28 15:30:24,112 INFO     ___FILE_ONLY___  
2025-01-28 15:30:24,112 INFO     ___FILE_ONLY___ to
2025-01-28 15:30:24,112 INFO     ___FILE_ONLY___  
2025-01-28 15:30:24,112 INFO     ___FILE_ONLY___ gcloud
2025-01-28 15:30:24,112 INFO     ___FILE_ONLY___  
2025-01-28 15:30:24,112 INFO     ___FILE_ONLY___ database-migration
2025-01-28 15:30:24,112 INFO     ___FILE_ONLY___ 

2025-01-28 15:30:24,112 INFO     ___FILE_ONLY___         
2025-01-28 15:30:24,112 INFO     ___FILE_ONLY___ connection-profiles
2025-01-28 15:30:24,112 INFO     ___FILE_ONLY___  
2025-01-28 15:30:24,112 INFO     ___FILE_ONLY___ create
2025-01-28 15:30:24,112 INFO     ___FILE_ONLY___  
2025-01-28 15:30:24,112 INFO     ___FILE_ONLY___ sqlserver
2025-01-28 15:30:24,112 INFO     ___FILE_ONLY___  
2025-01-28 15:30:24,112 INFO     ___FILE_ONLY___ command.
2025-01-28 15:30:24,112 INFO     ___FILE_ONLY___ 

2025-01-28 15:30:24,112 INFO     ___FILE_ONLY___ 

2025-01-28 15:30:24,112 INFO     ___FILE_ONLY___ 
2025-01-28 15:30:24,112 INFO     ___FILE_ONLY___   
2025-01-28 15:30:24,112 INFO     ___FILE_ONLY___ Developer Connect

2025-01-28 15:30:24,112 INFO     ___FILE_ONLY___       ▪
2025-01-28 15:30:24,112 INFO     ___FILE_ONLY___  
2025-01-28 15:30:24,112 INFO     ___FILE_ONLY___ Hid
2025-01-28 15:30:24,112 INFO     ___FILE_ONLY___  
2025-01-28 15:30:24,112 INFO     ___FILE_ONLY___ the
2025-01-28 15:30:24,112 INFO     ___FILE_ONLY___  
2025-01-28 15:30:24,112 INFO     ___FILE_ONLY___ Bitbucket
2025-01-28 15:30:24,112 INFO     ___FILE_ONLY___  
2025-01-28 15:30:24,112 INFO     ___FILE_ONLY___ Data
2025-01-28 15:30:24,112 INFO     ___FILE_ONLY___  
2025-01-28 15:30:24,112 INFO     ___FILE_ONLY___ Center
2025-01-28 15:30:24,112 INFO     ___FILE_ONLY___  
2025-01-28 15:30:24,112 INFO     ___FILE_ONLY___ and
2025-01-28 15:30:24,112 INFO     ___FILE_ONLY___  
2025-01-28 15:30:24,112 INFO     ___FILE_ONLY___ Bitbucket
2025-01-28 15:30:24,112 INFO     ___FILE_ONLY___  
2025-01-28 15:30:24,112 INFO     ___FILE_ONLY___ Cloud
2025-01-28 15:30:24,112 INFO     ___FILE_ONLY___  
2025-01-28 15:30:24,112 INFO     ___FILE_ONLY___ connection
2025-01-28 15:30:24,112 INFO     ___FILE_ONLY___  
2025-01-28 15:30:24,112 INFO     ___FILE_ONLY___ types.
2025-01-28 15:30:24,113 INFO     ___FILE_ONLY___ 

2025-01-28 15:30:24,113 INFO     ___FILE_ONLY___ 

2025-01-28 15:30:24,113 INFO     ___FILE_ONLY___ 
2025-01-28 15:30:24,113 INFO     ___FILE_ONLY___   
2025-01-28 15:30:24,113 INFO     ___FILE_ONLY___ Kubernetes Engine

2025-01-28 15:30:24,113 INFO     ___FILE_ONLY___       ▪
2025-01-28 15:30:24,113 INFO     ___FILE_ONLY___  
2025-01-28 15:30:24,113 INFO     ___FILE_ONLY___ Added
2025-01-28 15:30:24,113 INFO     ___FILE_ONLY___  
2025-01-28 15:30:24,113 INFO     ___FILE_ONLY___ kubelet
2025-01-28 15:30:24,113 INFO     ___FILE_ONLY___  
2025-01-28 15:30:24,113 INFO     ___FILE_ONLY___ config
2025-01-28 15:30:24,113 INFO     ___FILE_ONLY___  
2025-01-28 15:30:24,113 INFO     ___FILE_ONLY___ options
2025-01-28 15:30:24,113 INFO     ___FILE_ONLY___  
2025-01-28 15:30:24,113 INFO     ___FILE_ONLY___ allowedUnsafeSysctls
2025-01-28 15:30:24,113 INFO     ___FILE_ONLY___  
2025-01-28 15:30:24,113 INFO     ___FILE_ONLY___ to
2025-01-28 15:30:24,113 INFO     ___FILE_ONLY___  
2025-01-28 15:30:24,113 INFO     ___FILE_ONLY___ gcloud
2025-01-28 15:30:24,113 INFO     ___FILE_ONLY___  
2025-01-28 15:30:24,113 INFO     ___FILE_ONLY___ container
2025-01-28 15:30:24,113 INFO     ___FILE_ONLY___ 

2025-01-28 15:30:24,113 INFO     ___FILE_ONLY___         
2025-01-28 15:30:24,113 INFO     ___FILE_ONLY___ clusters
2025-01-28 15:30:24,113 INFO     ___FILE_ONLY___  
2025-01-28 15:30:24,113 INFO     ___FILE_ONLY___ create,
2025-01-28 15:30:24,113 INFO     ___FILE_ONLY___  
2025-01-28 15:30:24,113 INFO     ___FILE_ONLY___ gcloud
2025-01-28 15:30:24,113 INFO     ___FILE_ONLY___  
2025-01-28 15:30:24,113 INFO     ___FILE_ONLY___ container
2025-01-28 15:30:24,113 INFO     ___FILE_ONLY___  
2025-01-28 15:30:24,113 INFO     ___FILE_ONLY___ node-pools
2025-01-28 15:30:24,113 INFO     ___FILE_ONLY___  
2025-01-28 15:30:24,113 INFO     ___FILE_ONLY___ create,
2025-01-28 15:30:24,113 INFO     ___FILE_ONLY___  
2025-01-28 15:30:24,113 INFO     ___FILE_ONLY___ and
2025-01-28 15:30:24,113 INFO     ___FILE_ONLY___  
2025-01-28 15:30:24,113 INFO     ___FILE_ONLY___ gcloud
2025-01-28 15:30:24,113 INFO     ___FILE_ONLY___ 

2025-01-28 15:30:24,113 INFO     ___FILE_ONLY___         
2025-01-28 15:30:24,113 INFO     ___FILE_ONLY___ container
2025-01-28 15:30:24,113 INFO     ___FILE_ONLY___  
2025-01-28 15:30:24,113 INFO     ___FILE_ONLY___ node-pools
2025-01-28 15:30:24,113 INFO     ___FILE_ONLY___  
2025-01-28 15:30:24,113 INFO     ___FILE_ONLY___ update
2025-01-28 15:30:24,113 INFO     ___FILE_ONLY___  
2025-01-28 15:30:24,113 INFO     ___FILE_ONLY___ command
2025-01-28 15:30:24,113 INFO     ___FILE_ONLY___  
2025-01-28 15:30:24,113 INFO     ___FILE_ONLY___ which
2025-01-28 15:30:24,113 INFO     ___FILE_ONLY___  
2025-01-28 15:30:24,114 INFO     ___FILE_ONLY___ allows
2025-01-28 15:30:24,114 INFO     ___FILE_ONLY___  
2025-01-28 15:30:24,114 INFO     ___FILE_ONLY___ unsafe
2025-01-28 15:30:24,114 INFO     ___FILE_ONLY___  
2025-01-28 15:30:24,114 INFO     ___FILE_ONLY___ sysctls
2025-01-28 15:30:24,114 INFO     ___FILE_ONLY___  
2025-01-28 15:30:24,114 INFO     ___FILE_ONLY___ to
2025-01-28 15:30:24,114 INFO     ___FILE_ONLY___  
2025-01-28 15:30:24,114 INFO     ___FILE_ONLY___ be
2025-01-28 15:30:24,114 INFO     ___FILE_ONLY___ 

2025-01-28 15:30:24,114 INFO     ___FILE_ONLY___         
2025-01-28 15:30:24,114 INFO     ___FILE_ONLY___ set
2025-01-28 15:30:24,114 INFO     ___FILE_ONLY___  
2025-01-28 15:30:24,114 INFO     ___FILE_ONLY___ on
2025-01-28 15:30:24,114 INFO     ___FILE_ONLY___  
2025-01-28 15:30:24,114 INFO     ___FILE_ONLY___ Pods.
2025-01-28 15:30:24,114 INFO     ___FILE_ONLY___ 

2025-01-28 15:30:24,114 INFO     ___FILE_ONLY___       ▪
2025-01-28 15:30:24,114 INFO     ___FILE_ONLY___  
2025-01-28 15:30:24,114 INFO     ___FILE_ONLY___ Added
2025-01-28 15:30:24,114 INFO     ___FILE_ONLY___  
2025-01-28 15:30:24,114 INFO     ___FILE_ONLY___ kubelet
2025-01-28 15:30:24,114 INFO     ___FILE_ONLY___  
2025-01-28 15:30:24,114 INFO     ___FILE_ONLY___ config
2025-01-28 15:30:24,114 INFO     ___FILE_ONLY___  
2025-01-28 15:30:24,114 INFO     ___FILE_ONLY___ options
2025-01-28 15:30:24,114 INFO     ___FILE_ONLY___  
2025-01-28 15:30:24,114 INFO     ___FILE_ONLY___ containerLogMaxSize
2025-01-28 15:30:24,114 INFO     ___FILE_ONLY___  
2025-01-28 15:30:24,114 INFO     ___FILE_ONLY___ and
2025-01-28 15:30:24,114 INFO     ___FILE_ONLY___ 

2025-01-28 15:30:24,114 INFO     ___FILE_ONLY___         
2025-01-28 15:30:24,114 INFO     ___FILE_ONLY___ containerLogMaxFiles
2025-01-28 15:30:24,114 INFO     ___FILE_ONLY___  
2025-01-28 15:30:24,114 INFO     ___FILE_ONLY___ to
2025-01-28 15:30:24,114 INFO     ___FILE_ONLY___  
2025-01-28 15:30:24,114 INFO     ___FILE_ONLY___ gcloud
2025-01-28 15:30:24,114 INFO     ___FILE_ONLY___  
2025-01-28 15:30:24,114 INFO     ___FILE_ONLY___ container
2025-01-28 15:30:24,114 INFO     ___FILE_ONLY___  
2025-01-28 15:30:24,114 INFO     ___FILE_ONLY___ clusters
2025-01-28 15:30:24,114 INFO     ___FILE_ONLY___  
2025-01-28 15:30:24,114 INFO     ___FILE_ONLY___ create,
2025-01-28 15:30:24,114 INFO     ___FILE_ONLY___  
2025-01-28 15:30:24,114 INFO     ___FILE_ONLY___ gcloud
2025-01-28 15:30:24,114 INFO     ___FILE_ONLY___ 

2025-01-28 15:30:24,114 INFO     ___FILE_ONLY___         
2025-01-28 15:30:24,114 INFO     ___FILE_ONLY___ container
2025-01-28 15:30:24,114 INFO     ___FILE_ONLY___  
2025-01-28 15:30:24,114 INFO     ___FILE_ONLY___ node-pools
2025-01-28 15:30:24,115 INFO     ___FILE_ONLY___  
2025-01-28 15:30:24,115 INFO     ___FILE_ONLY___ create,
2025-01-28 15:30:24,115 INFO     ___FILE_ONLY___  
2025-01-28 15:30:24,115 INFO     ___FILE_ONLY___ and
2025-01-28 15:30:24,115 INFO     ___FILE_ONLY___  
2025-01-28 15:30:24,115 INFO     ___FILE_ONLY___ gcloud
2025-01-28 15:30:24,115 INFO     ___FILE_ONLY___  
2025-01-28 15:30:24,115 INFO     ___FILE_ONLY___ container
2025-01-28 15:30:24,115 INFO     ___FILE_ONLY___  
2025-01-28 15:30:24,115 INFO     ___FILE_ONLY___ node-pools
2025-01-28 15:30:24,115 INFO     ___FILE_ONLY___  
2025-01-28 15:30:24,115 INFO     ___FILE_ONLY___ update
2025-01-28 15:30:24,115 INFO     ___FILE_ONLY___ 

2025-01-28 15:30:24,115 INFO     ___FILE_ONLY___         
2025-01-28 15:30:24,115 INFO     ___FILE_ONLY___ command
2025-01-28 15:30:24,115 INFO     ___FILE_ONLY___  
2025-01-28 15:30:24,115 INFO     ___FILE_ONLY___ which
2025-01-28 15:30:24,115 INFO     ___FILE_ONLY___  
2025-01-28 15:30:24,115 INFO     ___FILE_ONLY___ controls
2025-01-28 15:30:24,115 INFO     ___FILE_ONLY___  
2025-01-28 15:30:24,115 INFO     ___FILE_ONLY___ maximum
2025-01-28 15:30:24,115 INFO     ___FILE_ONLY___  
2025-01-28 15:30:24,115 INFO     ___FILE_ONLY___ size
2025-01-28 15:30:24,115 INFO     ___FILE_ONLY___  
2025-01-28 15:30:24,115 INFO     ___FILE_ONLY___ of
2025-01-28 15:30:24,115 INFO     ___FILE_ONLY___  
2025-01-28 15:30:24,115 INFO     ___FILE_ONLY___ container
2025-01-28 15:30:24,115 INFO     ___FILE_ONLY___  
2025-01-28 15:30:24,115 INFO     ___FILE_ONLY___ logs
2025-01-28 15:30:24,115 INFO     ___FILE_ONLY___  
2025-01-28 15:30:24,115 INFO     ___FILE_ONLY___ before
2025-01-28 15:30:24,115 INFO     ___FILE_ONLY___  
2025-01-28 15:30:24,115 INFO     ___FILE_ONLY___ rotation
2025-01-28 15:30:24,115 INFO     ___FILE_ONLY___ 

2025-01-28 15:30:24,115 INFO     ___FILE_ONLY___         
2025-01-28 15:30:24,115 INFO     ___FILE_ONLY___ and
2025-01-28 15:30:24,115 INFO     ___FILE_ONLY___  
2025-01-28 15:30:24,115 INFO     ___FILE_ONLY___ maximum
2025-01-28 15:30:24,115 INFO     ___FILE_ONLY___  
2025-01-28 15:30:24,115 INFO     ___FILE_ONLY___ number
2025-01-28 15:30:24,115 INFO     ___FILE_ONLY___  
2025-01-28 15:30:24,115 INFO     ___FILE_ONLY___ of
2025-01-28 15:30:24,115 INFO     ___FILE_ONLY___  
2025-01-28 15:30:24,115 INFO     ___FILE_ONLY___ log
2025-01-28 15:30:24,115 INFO     ___FILE_ONLY___  
2025-01-28 15:30:24,115 INFO     ___FILE_ONLY___ files
2025-01-28 15:30:24,115 INFO     ___FILE_ONLY___  
2025-01-28 15:30:24,115 INFO     ___FILE_ONLY___ for
2025-01-28 15:30:24,115 INFO     ___FILE_ONLY___  
2025-01-28 15:30:24,115 INFO     ___FILE_ONLY___ a
2025-01-28 15:30:24,115 INFO     ___FILE_ONLY___  
2025-01-28 15:30:24,115 INFO     ___FILE_ONLY___ container.
2025-01-28 15:30:24,115 INFO     ___FILE_ONLY___ 

2025-01-28 15:30:24,115 INFO     ___FILE_ONLY___       ▪
2025-01-28 15:30:24,116 INFO     ___FILE_ONLY___  
2025-01-28 15:30:24,116 INFO     ___FILE_ONLY___ Added
2025-01-28 15:30:24,116 INFO     ___FILE_ONLY___  
2025-01-28 15:30:24,116 INFO     ___FILE_ONLY___ kubelet
2025-01-28 15:30:24,116 INFO     ___FILE_ONLY___  
2025-01-28 15:30:24,116 INFO     ___FILE_ONLY___ config
2025-01-28 15:30:24,116 INFO     ___FILE_ONLY___  
2025-01-28 15:30:24,116 INFO     ___FILE_ONLY___ options
2025-01-28 15:30:24,116 INFO     ___FILE_ONLY___  
2025-01-28 15:30:24,116 INFO     ___FILE_ONLY___ imageGcLowThresholdPercent
2025-01-28 15:30:24,116 INFO     ___FILE_ONLY___  
2025-01-28 15:30:24,116 INFO     ___FILE_ONLY___ and
2025-01-28 15:30:24,116 INFO     ___FILE_ONLY___ 

2025-01-28 15:30:24,116 INFO     ___FILE_ONLY___         
2025-01-28 15:30:24,116 INFO     ___FILE_ONLY___ imageGcHighThresholdPercent
2025-01-28 15:30:24,116 INFO     ___FILE_ONLY___  
2025-01-28 15:30:24,116 INFO     ___FILE_ONLY___ to
2025-01-28 15:30:24,116 INFO     ___FILE_ONLY___  
2025-01-28 15:30:24,116 INFO     ___FILE_ONLY___ gcloud
2025-01-28 15:30:24,116 INFO     ___FILE_ONLY___  
2025-01-28 15:30:24,116 INFO     ___FILE_ONLY___ container
2025-01-28 15:30:24,116 INFO     ___FILE_ONLY___  
2025-01-28 15:30:24,116 INFO     ___FILE_ONLY___ clusters
2025-01-28 15:30:24,116 INFO     ___FILE_ONLY___  
2025-01-28 15:30:24,116 INFO     ___FILE_ONLY___ create,
2025-01-28 15:30:24,116 INFO     ___FILE_ONLY___  
2025-01-28 15:30:24,116 INFO     ___FILE_ONLY___ gcloud
2025-01-28 15:30:24,116 INFO     ___FILE_ONLY___ 

2025-01-28 15:30:24,116 INFO     ___FILE_ONLY___         
2025-01-28 15:30:24,116 INFO     ___FILE_ONLY___ container
2025-01-28 15:30:24,116 INFO     ___FILE_ONLY___  
2025-01-28 15:30:24,116 INFO     ___FILE_ONLY___ node-pools
2025-01-28 15:30:24,116 INFO     ___FILE_ONLY___  
2025-01-28 15:30:24,116 INFO     ___FILE_ONLY___ create,
2025-01-28 15:30:24,116 INFO     ___FILE_ONLY___  
2025-01-28 15:30:24,116 INFO     ___FILE_ONLY___ and
2025-01-28 15:30:24,116 INFO     ___FILE_ONLY___  
2025-01-28 15:30:24,116 INFO     ___FILE_ONLY___ gcloud
2025-01-28 15:30:24,116 INFO     ___FILE_ONLY___  
2025-01-28 15:30:24,116 INFO     ___FILE_ONLY___ container
2025-01-28 15:30:24,116 INFO     ___FILE_ONLY___  
2025-01-28 15:30:24,116 INFO     ___FILE_ONLY___ node-pools
2025-01-28 15:30:24,116 INFO     ___FILE_ONLY___  
2025-01-28 15:30:24,116 INFO     ___FILE_ONLY___ update
2025-01-28 15:30:24,116 INFO     ___FILE_ONLY___ 

2025-01-28 15:30:24,116 INFO     ___FILE_ONLY___         
2025-01-28 15:30:24,116 INFO     ___FILE_ONLY___ command
2025-01-28 15:30:24,116 INFO     ___FILE_ONLY___  
2025-01-28 15:30:24,116 INFO     ___FILE_ONLY___ which
2025-01-28 15:30:24,116 INFO     ___FILE_ONLY___  
2025-01-28 15:30:24,116 INFO     ___FILE_ONLY___ controls
2025-01-28 15:30:24,116 INFO     ___FILE_ONLY___  
2025-01-28 15:30:24,116 INFO     ___FILE_ONLY___ disk
2025-01-28 15:30:24,116 INFO     ___FILE_ONLY___  
2025-01-28 15:30:24,117 INFO     ___FILE_ONLY___ usage
2025-01-28 15:30:24,117 INFO     ___FILE_ONLY___  
2025-01-28 15:30:24,117 INFO     ___FILE_ONLY___ percentage
2025-01-28 15:30:24,117 INFO     ___FILE_ONLY___  
2025-01-28 15:30:24,117 INFO     ___FILE_ONLY___ triggering
2025-01-28 15:30:24,117 INFO     ___FILE_ONLY___  
2025-01-28 15:30:24,117 INFO     ___FILE_ONLY___ image
2025-01-28 15:30:24,117 INFO     ___FILE_ONLY___  
2025-01-28 15:30:24,117 INFO     ___FILE_ONLY___ garbage
2025-01-28 15:30:24,117 INFO     ___FILE_ONLY___ 

2025-01-28 15:30:24,117 INFO     ___FILE_ONLY___         
2025-01-28 15:30:24,117 INFO     ___FILE_ONLY___ collection.
2025-01-28 15:30:24,117 INFO     ___FILE_ONLY___ 

2025-01-28 15:30:24,117 INFO     ___FILE_ONLY___       ▪
2025-01-28 15:30:24,117 INFO     ___FILE_ONLY___  
2025-01-28 15:30:24,117 INFO     ___FILE_ONLY___ Added
2025-01-28 15:30:24,117 INFO     ___FILE_ONLY___  
2025-01-28 15:30:24,117 INFO     ___FILE_ONLY___ kubelet
2025-01-28 15:30:24,117 INFO     ___FILE_ONLY___  
2025-01-28 15:30:24,117 INFO     ___FILE_ONLY___ config
2025-01-28 15:30:24,117 INFO     ___FILE_ONLY___  
2025-01-28 15:30:24,117 INFO     ___FILE_ONLY___ options
2025-01-28 15:30:24,117 INFO     ___FILE_ONLY___  
2025-01-28 15:30:24,117 INFO     ___FILE_ONLY___ imageMinimumGcAge
2025-01-28 15:30:24,117 INFO     ___FILE_ONLY___  
2025-01-28 15:30:24,117 INFO     ___FILE_ONLY___ and
2025-01-28 15:30:24,117 INFO     ___FILE_ONLY___  
2025-01-28 15:30:24,117 INFO     ___FILE_ONLY___ imageMaximumGcAge
2025-01-28 15:30:24,117 INFO     ___FILE_ONLY___ 

2025-01-28 15:30:24,117 INFO     ___FILE_ONLY___         
2025-01-28 15:30:24,117 INFO     ___FILE_ONLY___ to
2025-01-28 15:30:24,117 INFO     ___FILE_ONLY___  
2025-01-28 15:30:24,117 INFO     ___FILE_ONLY___ gcloud
2025-01-28 15:30:24,117 INFO     ___FILE_ONLY___  
2025-01-28 15:30:24,117 INFO     ___FILE_ONLY___ container
2025-01-28 15:30:24,117 INFO     ___FILE_ONLY___  
2025-01-28 15:30:24,117 INFO     ___FILE_ONLY___ clusters
2025-01-28 15:30:24,117 INFO     ___FILE_ONLY___  
2025-01-28 15:30:24,117 INFO     ___FILE_ONLY___ create,
2025-01-28 15:30:24,117 INFO     ___FILE_ONLY___  
2025-01-28 15:30:24,117 INFO     ___FILE_ONLY___ gcloud
2025-01-28 15:30:24,117 INFO     ___FILE_ONLY___  
2025-01-28 15:30:24,117 INFO     ___FILE_ONLY___ container
2025-01-28 15:30:24,117 INFO     ___FILE_ONLY___  
2025-01-28 15:30:24,117 INFO     ___FILE_ONLY___ node-pools
2025-01-28 15:30:24,117 INFO     ___FILE_ONLY___ 

2025-01-28 15:30:24,117 INFO     ___FILE_ONLY___         
2025-01-28 15:30:24,117 INFO     ___FILE_ONLY___ create,
2025-01-28 15:30:24,117 INFO     ___FILE_ONLY___  
2025-01-28 15:30:24,117 INFO     ___FILE_ONLY___ and
2025-01-28 15:30:24,117 INFO     ___FILE_ONLY___  
2025-01-28 15:30:24,118 INFO     ___FILE_ONLY___ gcloud
2025-01-28 15:30:24,118 INFO     ___FILE_ONLY___  
2025-01-28 15:30:24,118 INFO     ___FILE_ONLY___ container
2025-01-28 15:30:24,118 INFO     ___FILE_ONLY___  
2025-01-28 15:30:24,118 INFO     ___FILE_ONLY___ node-pools
2025-01-28 15:30:24,118 INFO     ___FILE_ONLY___  
2025-01-28 15:30:24,118 INFO     ___FILE_ONLY___ update
2025-01-28 15:30:24,118 INFO     ___FILE_ONLY___  
2025-01-28 15:30:24,118 INFO     ___FILE_ONLY___ command
2025-01-28 15:30:24,118 INFO     ___FILE_ONLY___  
2025-01-28 15:30:24,118 INFO     ___FILE_ONLY___ which
2025-01-28 15:30:24,118 INFO     ___FILE_ONLY___  
2025-01-28 15:30:24,118 INFO     ___FILE_ONLY___ controls
2025-01-28 15:30:24,118 INFO     ___FILE_ONLY___ 

2025-01-28 15:30:24,118 INFO     ___FILE_ONLY___         
2025-01-28 15:30:24,118 INFO     ___FILE_ONLY___ the
2025-01-28 15:30:24,118 INFO     ___FILE_ONLY___  
2025-01-28 15:30:24,118 INFO     ___FILE_ONLY___ minimum
2025-01-28 15:30:24,118 INFO     ___FILE_ONLY___  
2025-01-28 15:30:24,118 INFO     ___FILE_ONLY___ and
2025-01-28 15:30:24,118 INFO     ___FILE_ONLY___  
2025-01-28 15:30:24,118 INFO     ___FILE_ONLY___ maximum
2025-01-28 15:30:24,118 INFO     ___FILE_ONLY___  
2025-01-28 15:30:24,118 INFO     ___FILE_ONLY___ age
2025-01-28 15:30:24,118 INFO     ___FILE_ONLY___  
2025-01-28 15:30:24,118 INFO     ___FILE_ONLY___ an
2025-01-28 15:30:24,118 INFO     ___FILE_ONLY___  
2025-01-28 15:30:24,118 INFO     ___FILE_ONLY___ image
2025-01-28 15:30:24,118 INFO     ___FILE_ONLY___  
2025-01-28 15:30:24,118 INFO     ___FILE_ONLY___ can
2025-01-28 15:30:24,118 INFO     ___FILE_ONLY___  
2025-01-28 15:30:24,118 INFO     ___FILE_ONLY___ be
2025-01-28 15:30:24,118 INFO     ___FILE_ONLY___  
2025-01-28 15:30:24,118 INFO     ___FILE_ONLY___ unused
2025-01-28 15:30:24,118 INFO     ___FILE_ONLY___  
2025-01-28 15:30:24,118 INFO     ___FILE_ONLY___ before
2025-01-28 15:30:24,118 INFO     ___FILE_ONLY___  
2025-01-28 15:30:24,118 INFO     ___FILE_ONLY___ it
2025-01-28 15:30:24,118 INFO     ___FILE_ONLY___  
2025-01-28 15:30:24,118 INFO     ___FILE_ONLY___ is
2025-01-28 15:30:24,118 INFO     ___FILE_ONLY___  
2025-01-28 15:30:24,118 INFO     ___FILE_ONLY___ garbage
2025-01-28 15:30:24,118 INFO     ___FILE_ONLY___ 

2025-01-28 15:30:24,118 INFO     ___FILE_ONLY___         
2025-01-28 15:30:24,118 INFO     ___FILE_ONLY___ collected.
2025-01-28 15:30:24,118 INFO     ___FILE_ONLY___ 

2025-01-28 15:30:24,118 INFO     ___FILE_ONLY___       ▪
2025-01-28 15:30:24,118 INFO     ___FILE_ONLY___  
2025-01-28 15:30:24,118 INFO     ___FILE_ONLY___ Added
2025-01-28 15:30:24,118 INFO     ___FILE_ONLY___  
2025-01-28 15:30:24,118 INFO     ___FILE_ONLY___ --max-run-duration
2025-01-28 15:30:24,118 INFO     ___FILE_ONLY___  
2025-01-28 15:30:24,119 INFO     ___FILE_ONLY___ flag
2025-01-28 15:30:24,119 INFO     ___FILE_ONLY___  
2025-01-28 15:30:24,119 INFO     ___FILE_ONLY___ to
2025-01-28 15:30:24,119 INFO     ___FILE_ONLY___  
2025-01-28 15:30:24,119 INFO     ___FILE_ONLY___ gcloud
2025-01-28 15:30:24,119 INFO     ___FILE_ONLY___  
2025-01-28 15:30:24,119 INFO     ___FILE_ONLY___ container
2025-01-28 15:30:24,119 INFO     ___FILE_ONLY___  
2025-01-28 15:30:24,119 INFO     ___FILE_ONLY___ node-pools
2025-01-28 15:30:24,119 INFO     ___FILE_ONLY___  
2025-01-28 15:30:24,119 INFO     ___FILE_ONLY___ create
2025-01-28 15:30:24,119 INFO     ___FILE_ONLY___ 

2025-01-28 15:30:24,119 INFO     ___FILE_ONLY___         
2025-01-28 15:30:24,119 INFO     ___FILE_ONLY___ and
2025-01-28 15:30:24,119 INFO     ___FILE_ONLY___  
2025-01-28 15:30:24,119 INFO     ___FILE_ONLY___ gcloud
2025-01-28 15:30:24,119 INFO     ___FILE_ONLY___  
2025-01-28 15:30:24,119 INFO     ___FILE_ONLY___ container
2025-01-28 15:30:24,119 INFO     ___FILE_ONLY___  
2025-01-28 15:30:24,119 INFO     ___FILE_ONLY___ node-pools
2025-01-28 15:30:24,119 INFO     ___FILE_ONLY___  
2025-01-28 15:30:24,119 INFO     ___FILE_ONLY___ update
2025-01-28 15:30:24,119 INFO     ___FILE_ONLY___  
2025-01-28 15:30:24,119 INFO     ___FILE_ONLY___ to
2025-01-28 15:30:24,119 INFO     ___FILE_ONLY___  
2025-01-28 15:30:24,119 INFO     ___FILE_ONLY___ limit
2025-01-28 15:30:24,119 INFO     ___FILE_ONLY___  
2025-01-28 15:30:24,119 INFO     ___FILE_ONLY___ the
2025-01-28 15:30:24,119 INFO     ___FILE_ONLY___  
2025-01-28 15:30:24,119 INFO     ___FILE_ONLY___ runtime
2025-01-28 15:30:24,119 INFO     ___FILE_ONLY___  
2025-01-28 15:30:24,119 INFO     ___FILE_ONLY___ of
2025-01-28 15:30:24,119 INFO     ___FILE_ONLY___  
2025-01-28 15:30:24,119 INFO     ___FILE_ONLY___ nodes
2025-01-28 15:30:24,119 INFO     ___FILE_ONLY___  
2025-01-28 15:30:24,119 INFO     ___FILE_ONLY___ in
2025-01-28 15:30:24,119 INFO     ___FILE_ONLY___ 

2025-01-28 15:30:24,119 INFO     ___FILE_ONLY___         
2025-01-28 15:30:24,119 INFO     ___FILE_ONLY___ a
2025-01-28 15:30:24,119 INFO     ___FILE_ONLY___  
2025-01-28 15:30:24,119 INFO     ___FILE_ONLY___ node
2025-01-28 15:30:24,119 INFO     ___FILE_ONLY___  
2025-01-28 15:30:24,119 INFO     ___FILE_ONLY___ pool.
2025-01-28 15:30:24,119 INFO     ___FILE_ONLY___ 

2025-01-28 15:30:24,119 INFO     ___FILE_ONLY___ 

2025-01-28 15:30:24,119 INFO     ___FILE_ONLY___    
2025-01-28 15:30:24,119 INFO     ___FILE_ONLY___  
2025-01-28 15:30:24,119 INFO     ___FILE_ONLY___ Subscribe
2025-01-28 15:30:24,119 INFO     ___FILE_ONLY___  
2025-01-28 15:30:24,119 INFO     ___FILE_ONLY___ to
2025-01-28 15:30:24,119 INFO     ___FILE_ONLY___  
2025-01-28 15:30:24,119 INFO     ___FILE_ONLY___ these
2025-01-28 15:30:24,120 INFO     ___FILE_ONLY___  
2025-01-28 15:30:24,120 INFO     ___FILE_ONLY___ release
2025-01-28 15:30:24,120 INFO     ___FILE_ONLY___  
2025-01-28 15:30:24,120 INFO     ___FILE_ONLY___ notes
2025-01-28 15:30:24,120 INFO     ___FILE_ONLY___  
2025-01-28 15:30:24,120 INFO     ___FILE_ONLY___ at
2025-01-28 15:30:24,120 INFO     ___FILE_ONLY___ 

2025-01-28 15:30:24,120 INFO     ___FILE_ONLY___     
2025-01-28 15:30:24,120 INFO     ___FILE_ONLY___ https://groups.google.com/forum/#!forum/google-cloud-sdk-announce
2025-01-28 15:30:24,120 INFO     ___FILE_ONLY___ 

2025-01-28 15:30:24,120 INFO     ___FILE_ONLY___     
2025-01-28 15:30:24,120 INFO     ___FILE_ONLY___ (https://groups.google.com/forum/#!forum/google-cloud-sdk-announce).
2025-01-28 15:30:24,120 INFO     ___FILE_ONLY___ 

2025-01-28 15:30:24,120 INFO     ___FILE_ONLY___ 
2025-01-28 15:30:24,120 INFO     ___FILE_ONLY___ 

2025-01-28 15:30:24,120 INFO     ___FILE_ONLY___ Performing in place update...


2025-01-28 15:30:24,120 INFO     ___FILE_ONLY___ ╔════════════════════════════════════════════════════════════╗

2025-01-28 15:30:24,120 INFO     ___FILE_ONLY___ ╠═ Downloading: BigQuery Command Line Tool                  ═╣

2025-01-28 15:30:24,120 INFO     ___FILE_ONLY___ ╚
2025-01-28 15:30:24,122 DEBUG    urllib3.connectionpool Starting new HTTPS connection (1): dl.google.com:443
2025-01-28 15:30:24,265 DEBUG    urllib3.connectionpool https://dl.google.com:443 "GET /dl/cloudsdk/channels/rapid/components/google-cloud-sdk-bq-20250117151628.tar.gz HTTP/1.1" 200 1853621
2025-01-28 15:30:24,349 INFO     ___FILE_ONLY___ ═
2025-01-28 15:30:24,350 INFO     ___FILE_ONLY___ ═
2025-01-28 15:30:24,350 INFO     ___FILE_ONLY___ ═
2025-01-28 15:30:24,350 INFO     ___FILE_ONLY___ ═
2025-01-28 15:30:24,350 INFO     ___FILE_ONLY___ ═
2025-01-28 15:30:24,350 INFO     ___FILE_ONLY___ ═
2025-01-28 15:30:24,350 INFO     ___FILE_ONLY___ ═
2025-01-28 15:30:24,350 INFO     ___FILE_ONLY___ ═
2025-01-28 15:30:24,350 INFO     ___FILE_ONLY___ ═
2025-01-28 15:30:24,350 INFO     ___FILE_ONLY___ ═
2025-01-28 15:30:24,350 INFO     ___FILE_ONLY___ ═
2025-01-28 15:30:24,350 INFO     ___FILE_ONLY___ ═
2025-01-28 15:30:24,350 INFO     ___FILE_ONLY___ ═
2025-01-28 15:30:24,350 INFO     ___FILE_ONLY___ ═
2025-01-28 15:30:24,350 INFO     ___FILE_ONLY___ ═
2025-01-28 15:30:24,350 INFO     ___FILE_ONLY___ ═
2025-01-28 15:30:24,351 INFO     ___FILE_ONLY___ ═
2025-01-28 15:30:24,351 INFO     ___FILE_ONLY___ ═
2025-01-28 15:30:24,351 INFO     ___FILE_ONLY___ ═
2025-01-28 15:30:24,351 INFO     ___FILE_ONLY___ ═
2025-01-28 15:30:24,351 INFO     ___FILE_ONLY___ ═
2025-01-28 15:30:24,351 INFO     ___FILE_ONLY___ ═
2025-01-28 15:30:24,351 INFO     ___FILE_ONLY___ ═
2025-01-28 15:30:24,351 INFO     ___FILE_ONLY___ ═
2025-01-28 15:30:24,351 INFO     ___FILE_ONLY___ ═
2025-01-28 15:30:24,351 INFO     ___FILE_ONLY___ ═
2025-01-28 15:30:24,351 INFO     ___FILE_ONLY___ ═
2025-01-28 15:30:24,351 INFO     ___FILE_ONLY___ ═
2025-01-28 15:30:24,351 INFO     ___FILE_ONLY___ ═
2025-01-28 15:30:24,351 INFO     ___FILE_ONLY___ ═
2025-01-28 15:30:24,351 INFO     ___FILE_ONLY___ ═
2025-01-28 15:30:24,351 INFO     ___FILE_ONLY___ ═
2025-01-28 15:30:24,351 INFO     ___FILE_ONLY___ ═
2025-01-28 15:30:24,351 INFO     ___FILE_ONLY___ ═
2025-01-28 15:30:24,351 INFO     ___FILE_ONLY___ ═
2025-01-28 15:30:24,351 INFO     ___FILE_ONLY___ ═
2025-01-28 15:30:24,351 INFO     ___FILE_ONLY___ ═
2025-01-28 15:30:24,352 INFO     ___FILE_ONLY___ ═
2025-01-28 15:30:24,352 INFO     ___FILE_ONLY___ ═
2025-01-28 15:30:24,352 INFO     ___FILE_ONLY___ ═
2025-01-28 15:30:24,352 INFO     ___FILE_ONLY___ ═
2025-01-28 15:30:24,352 INFO     ___FILE_ONLY___ ═
2025-01-28 15:30:24,352 INFO     ___FILE_ONLY___ ═
2025-01-28 15:30:24,352 INFO     ___FILE_ONLY___ ═
2025-01-28 15:30:24,352 INFO     ___FILE_ONLY___ ═
2025-01-28 15:30:24,352 INFO     ___FILE_ONLY___ ═
2025-01-28 15:30:24,352 INFO     ___FILE_ONLY___ ═
2025-01-28 15:30:24,352 INFO     ___FILE_ONLY___ ═
2025-01-28 15:30:24,352 INFO     ___FILE_ONLY___ ═
2025-01-28 15:30:24,352 INFO     ___FILE_ONLY___ ═
2025-01-28 15:30:24,352 INFO     ___FILE_ONLY___ ═
2025-01-28 15:30:24,352 INFO     ___FILE_ONLY___ ═
2025-01-28 15:30:24,352 INFO     ___FILE_ONLY___ ═
2025-01-28 15:30:24,352 INFO     ___FILE_ONLY___ ═
2025-01-28 15:30:24,352 INFO     ___FILE_ONLY___ ═
2025-01-28 15:30:24,352 INFO     ___FILE_ONLY___ ═
2025-01-28 15:30:24,352 INFO     ___FILE_ONLY___ ═
2025-01-28 15:30:24,352 INFO     ___FILE_ONLY___ ═
2025-01-28 15:30:24,352 INFO     ___FILE_ONLY___ ═
2025-01-28 15:30:24,352 INFO     ___FILE_ONLY___ ═
2025-01-28 15:30:24,352 INFO     ___FILE_ONLY___ ╝
2025-01-28 15:30:24,353 INFO     ___FILE_ONLY___ ╠════════════════════════════════════════════════════════════╣

2025-01-28 15:30:24,353 INFO     ___FILE_ONLY___ ╠═ Downloading: Google Cloud CLI Core Libraries             ═╣

2025-01-28 15:30:24,353 INFO     ___FILE_ONLY___ ╚
2025-01-28 15:30:24,356 DEBUG    urllib3.connectionpool Starting new HTTPS connection (1): dl.google.com:443
2025-01-28 15:30:24,517 DEBUG    urllib3.connectionpool https://dl.google.com:443 "GET /dl/cloudsdk/channels/rapid/components/google-cloud-sdk-core-20250117151628.tar.gz HTTP/1.1" 200 21695812
2025-01-28 15:30:25,318 INFO     ___FILE_ONLY___ ═
2025-01-28 15:30:25,318 INFO     ___FILE_ONLY___ ═
2025-01-28 15:30:25,319 INFO     ___FILE_ONLY___ ═
2025-01-28 15:30:25,319 INFO     ___FILE_ONLY___ ═
2025-01-28 15:30:25,320 INFO     ___FILE_ONLY___ ═
2025-01-28 15:30:25,320 INFO     ___FILE_ONLY___ ═
2025-01-28 15:30:25,320 INFO     ___FILE_ONLY___ ═
2025-01-28 15:30:25,321 INFO     ___FILE_ONLY___ ═
2025-01-28 15:30:25,321 INFO     ___FILE_ONLY___ ═
2025-01-28 15:30:25,321 INFO     ___FILE_ONLY___ ═
2025-01-28 15:30:25,321 INFO     ___FILE_ONLY___ ═
2025-01-28 15:30:25,322 INFO     ___FILE_ONLY___ ═
2025-01-28 15:30:25,322 INFO     ___FILE_ONLY___ ═
2025-01-28 15:30:25,322 INFO     ___FILE_ONLY___ ═
2025-01-28 15:30:25,322 INFO     ___FILE_ONLY___ ═
2025-01-28 15:30:25,322 INFO     ___FILE_ONLY___ ═
2025-01-28 15:30:25,323 INFO     ___FILE_ONLY___ ═
2025-01-28 15:30:25,323 INFO     ___FILE_ONLY___ ═
2025-01-28 15:30:25,323 INFO     ___FILE_ONLY___ ═
2025-01-28 15:30:25,324 INFO     ___FILE_ONLY___ ═
2025-01-28 15:30:25,324 INFO     ___FILE_ONLY___ ═
2025-01-28 15:30:25,324 INFO     ___FILE_ONLY___ ═
2025-01-28 15:30:25,324 INFO     ___FILE_ONLY___ ═
2025-01-28 15:30:25,326 INFO     ___FILE_ONLY___ ═
2025-01-28 15:30:25,327 INFO     ___FILE_ONLY___ ═
2025-01-28 15:30:25,327 INFO     ___FILE_ONLY___ ═
2025-01-28 15:30:25,327 INFO     ___FILE_ONLY___ ═
2025-01-28 15:30:25,327 INFO     ___FILE_ONLY___ ═
2025-01-28 15:30:25,328 INFO     ___FILE_ONLY___ ═
2025-01-28 15:30:25,328 INFO     ___FILE_ONLY___ ═
2025-01-28 15:30:25,328 INFO     ___FILE_ONLY___ ═
2025-01-28 15:30:25,328 INFO     ___FILE_ONLY___ ═
2025-01-28 15:30:25,329 INFO     ___FILE_ONLY___ ═
2025-01-28 15:30:25,329 INFO     ___FILE_ONLY___ ═
2025-01-28 15:30:25,329 INFO     ___FILE_ONLY___ ═
2025-01-28 15:30:25,329 INFO     ___FILE_ONLY___ ═
2025-01-28 15:30:25,330 INFO     ___FILE_ONLY___ ═
2025-01-28 15:30:25,330 INFO     ___FILE_ONLY___ ═
2025-01-28 15:30:25,330 INFO     ___FILE_ONLY___ ═
2025-01-28 15:30:25,330 INFO     ___FILE_ONLY___ ═
2025-01-28 15:30:25,331 INFO     ___FILE_ONLY___ ═
2025-01-28 15:30:25,331 INFO     ___FILE_ONLY___ ═
2025-01-28 15:30:25,331 INFO     ___FILE_ONLY___ ═
2025-01-28 15:30:25,331 INFO     ___FILE_ONLY___ ═
2025-01-28 15:30:25,331 INFO     ___FILE_ONLY___ ═
2025-01-28 15:30:25,332 INFO     ___FILE_ONLY___ ═
2025-01-28 15:30:25,333 INFO     ___FILE_ONLY___ ═
2025-01-28 15:30:25,333 INFO     ___FILE_ONLY___ ═
2025-01-28 15:30:25,333 INFO     ___FILE_ONLY___ ═
2025-01-28 15:30:25,334 INFO     ___FILE_ONLY___ ═
2025-01-28 15:30:25,334 INFO     ___FILE_ONLY___ ═
2025-01-28 15:30:25,334 INFO     ___FILE_ONLY___ ═
2025-01-28 15:30:25,334 INFO     ___FILE_ONLY___ ═
2025-01-28 15:30:25,334 INFO     ___FILE_ONLY___ ═
2025-01-28 15:30:25,335 INFO     ___FILE_ONLY___ ═
2025-01-28 15:30:25,335 INFO     ___FILE_ONLY___ ═
2025-01-28 15:30:25,335 INFO     ___FILE_ONLY___ ═
2025-01-28 15:30:25,335 INFO     ___FILE_ONLY___ ═
2025-01-28 15:30:25,336 INFO     ___FILE_ONLY___ ═
2025-01-28 15:30:25,336 INFO     ___FILE_ONLY___ ═
2025-01-28 15:30:25,336 INFO     ___FILE_ONLY___ ╝
2025-01-28 15:30:25,337 INFO     ___FILE_ONLY___ ╠════════════════════════════════════════════════════════════╣

2025-01-28 15:30:25,337 INFO     ___FILE_ONLY___ ╠═ Downloading: gcloud cli dependencies                     ═╣

2025-01-28 15:30:25,337 INFO     ___FILE_ONLY___ ╚
2025-01-28 15:30:25,340 DEBUG    urllib3.connectionpool Starting new HTTPS connection (1): dl.google.com:443
2025-01-28 15:30:25,495 DEBUG    urllib3.connectionpool https://dl.google.com:443 "GET /dl/cloudsdk/channels/rapid/components/google-cloud-sdk-gcloud-deps-20250117151628.tar.gz HTTP/1.1" 200 17482802
2025-01-28 15:30:25,935 INFO     ___FILE_ONLY___ ═
2025-01-28 15:30:25,935 INFO     ___FILE_ONLY___ ═
2025-01-28 15:30:25,935 INFO     ___FILE_ONLY___ ═
2025-01-28 15:30:25,935 INFO     ___FILE_ONLY___ ═
2025-01-28 15:30:25,936 INFO     ___FILE_ONLY___ ═
2025-01-28 15:30:25,936 INFO     ___FILE_ONLY___ ═
2025-01-28 15:30:25,936 INFO     ___FILE_ONLY___ ═
2025-01-28 15:30:25,936 INFO     ___FILE_ONLY___ ═
2025-01-28 15:30:25,936 INFO     ___FILE_ONLY___ ═
2025-01-28 15:30:25,937 INFO     ___FILE_ONLY___ ═
2025-01-28 15:30:25,937 INFO     ___FILE_ONLY___ ═
2025-01-28 15:30:25,937 INFO     ___FILE_ONLY___ ═
2025-01-28 15:30:25,937 INFO     ___FILE_ONLY___ ═
2025-01-28 15:30:25,937 INFO     ___FILE_ONLY___ ═
2025-01-28 15:30:25,937 INFO     ___FILE_ONLY___ ═
2025-01-28 15:30:25,938 INFO     ___FILE_ONLY___ ═
2025-01-28 15:30:25,938 INFO     ___FILE_ONLY___ ═
2025-01-28 15:30:25,938 INFO     ___FILE_ONLY___ ═
2025-01-28 15:30:25,938 INFO     ___FILE_ONLY___ ═
2025-01-28 15:30:25,938 INFO     ___FILE_ONLY___ ═
2025-01-28 15:30:25,939 INFO     ___FILE_ONLY___ ═
2025-01-28 15:30:25,939 INFO     ___FILE_ONLY___ ═
2025-01-28 15:30:25,939 INFO     ___FILE_ONLY___ ═
2025-01-28 15:30:25,940 INFO     ___FILE_ONLY___ ═
2025-01-28 15:30:25,940 INFO     ___FILE_ONLY___ ═
2025-01-28 15:30:25,940 INFO     ___FILE_ONLY___ ═
2025-01-28 15:30:25,940 INFO     ___FILE_ONLY___ ═
2025-01-28 15:30:25,941 INFO     ___FILE_ONLY___ ═
2025-01-28 15:30:25,942 INFO     ___FILE_ONLY___ ═
2025-01-28 15:30:25,942 INFO     ___FILE_ONLY___ ═
2025-01-28 15:30:25,942 INFO     ___FILE_ONLY___ ═
2025-01-28 15:30:25,942 INFO     ___FILE_ONLY___ ═
2025-01-28 15:30:25,942 INFO     ___FILE_ONLY___ ═
2025-01-28 15:30:25,943 INFO     ___FILE_ONLY___ ═
2025-01-28 15:30:25,943 INFO     ___FILE_ONLY___ ═
2025-01-28 15:30:25,943 INFO     ___FILE_ONLY___ ═
2025-01-28 15:30:25,943 INFO     ___FILE_ONLY___ ═
2025-01-28 15:30:25,943 INFO     ___FILE_ONLY___ ═
2025-01-28 15:30:25,944 INFO     ___FILE_ONLY___ ═
2025-01-28 15:30:25,944 INFO     ___FILE_ONLY___ ═
2025-01-28 15:30:25,944 INFO     ___FILE_ONLY___ ═
2025-01-28 15:30:25,944 INFO     ___FILE_ONLY___ ═
2025-01-28 15:30:25,945 INFO     ___FILE_ONLY___ ═
2025-01-28 15:30:25,945 INFO     ___FILE_ONLY___ ═
2025-01-28 15:30:25,945 INFO     ___FILE_ONLY___ ═
2025-01-28 15:30:25,945 INFO     ___FILE_ONLY___ ═
2025-01-28 15:30:25,946 INFO     ___FILE_ONLY___ ═
2025-01-28 15:30:25,946 INFO     ___FILE_ONLY___ ═
2025-01-28 15:30:25,946 INFO     ___FILE_ONLY___ ═
2025-01-28 15:30:25,946 INFO     ___FILE_ONLY___ ═
2025-01-28 15:30:25,946 INFO     ___FILE_ONLY___ ═
2025-01-28 15:30:25,946 INFO     ___FILE_ONLY___ ═
2025-01-28 15:30:25,947 INFO     ___FILE_ONLY___ ═
2025-01-28 15:30:25,947 INFO     ___FILE_ONLY___ ═
2025-01-28 15:30:25,947 INFO     ___FILE_ONLY___ ═
2025-01-28 15:30:25,947 INFO     ___FILE_ONLY___ ═
2025-01-28 15:30:25,948 INFO     ___FILE_ONLY___ ═
2025-01-28 15:30:25,948 INFO     ___FILE_ONLY___ ═
2025-01-28 15:30:25,948 INFO     ___FILE_ONLY___ ═
2025-01-28 15:30:25,949 INFO     ___FILE_ONLY___ ═
2025-01-28 15:30:25,949 INFO     ___FILE_ONLY___ ╝
2025-01-28 15:30:25,949 INFO     ___FILE_ONLY___ ╠════════════════════════════════════════════════════════════╣

2025-01-28 15:30:25,949 INFO     ___FILE_ONLY___ ╠═ Uninstalling: BigQuery Command Line Tool                 ═╣

2025-01-28 15:30:25,949 INFO     ___FILE_ONLY___ ╚
2025-01-28 15:30:25,954 INFO     ___FILE_ONLY___ ═
2025-01-28 15:30:25,955 INFO     ___FILE_ONLY___ ═
2025-01-28 15:30:25,956 INFO     ___FILE_ONLY___ ═
2025-01-28 15:30:25,957 INFO     ___FILE_ONLY___ ═
2025-01-28 15:30:25,958 INFO     ___FILE_ONLY___ ═
2025-01-28 15:30:25,959 INFO     ___FILE_ONLY___ ═
2025-01-28 15:30:25,959 INFO     ___FILE_ONLY___ ═
2025-01-28 15:30:25,961 INFO     ___FILE_ONLY___ ═
2025-01-28 15:30:25,961 INFO     ___FILE_ONLY___ ═
2025-01-28 15:30:25,962 INFO     ___FILE_ONLY___ ═
2025-01-28 15:30:25,963 INFO     ___FILE_ONLY___ ═
2025-01-28 15:30:25,964 INFO     ___FILE_ONLY___ ═
2025-01-28 15:30:25,965 INFO     ___FILE_ONLY___ ═
2025-01-28 15:30:25,965 INFO     ___FILE_ONLY___ ═
2025-01-28 15:30:25,966 INFO     ___FILE_ONLY___ ═
2025-01-28 15:30:25,967 INFO     ___FILE_ONLY___ ═
2025-01-28 15:30:25,968 INFO     ___FILE_ONLY___ ═
2025-01-28 15:30:25,968 INFO     ___FILE_ONLY___ ═
2025-01-28 15:30:25,969 INFO     ___FILE_ONLY___ ═
2025-01-28 15:30:25,969 INFO     ___FILE_ONLY___ ═
2025-01-28 15:30:25,970 INFO     ___FILE_ONLY___ ═
2025-01-28 15:30:25,971 INFO     ___FILE_ONLY___ ═
2025-01-28 15:30:25,972 INFO     ___FILE_ONLY___ ═
2025-01-28 15:30:25,973 INFO     ___FILE_ONLY___ ═
2025-01-28 15:30:25,973 INFO     ___FILE_ONLY___ ═
2025-01-28 15:30:25,974 INFO     ___FILE_ONLY___ ═
2025-01-28 15:30:25,975 INFO     ___FILE_ONLY___ ═
2025-01-28 15:30:25,976 INFO     ___FILE_ONLY___ ═
2025-01-28 15:30:25,976 INFO     ___FILE_ONLY___ ═
2025-01-28 15:30:25,977 INFO     ___FILE_ONLY___ ═
2025-01-28 15:30:25,978 INFO     ___FILE_ONLY___ ═
2025-01-28 15:30:25,979 INFO     ___FILE_ONLY___ ═
2025-01-28 15:30:25,979 INFO     ___FILE_ONLY___ ═
2025-01-28 15:30:25,980 INFO     ___FILE_ONLY___ ═
2025-01-28 15:30:25,980 INFO     ___FILE_ONLY___ ═
2025-01-28 15:30:25,981 INFO     ___FILE_ONLY___ ═
2025-01-28 15:30:25,981 INFO     ___FILE_ONLY___ ═
2025-01-28 15:30:25,982 INFO     ___FILE_ONLY___ ═
2025-01-28 15:30:25,983 INFO     ___FILE_ONLY___ ═
2025-01-28 15:30:25,983 INFO     ___FILE_ONLY___ ═
2025-01-28 15:30:25,984 INFO     ___FILE_ONLY___ ═
2025-01-28 15:30:25,985 INFO     ___FILE_ONLY___ ═
2025-01-28 15:30:25,986 INFO     ___FILE_ONLY___ ═
2025-01-28 15:30:25,987 INFO     ___FILE_ONLY___ ═
2025-01-28 15:30:25,988 INFO     ___FILE_ONLY___ ═
2025-01-28 15:30:25,988 INFO     ___FILE_ONLY___ ═
2025-01-28 15:30:25,989 INFO     ___FILE_ONLY___ ═
2025-01-28 15:30:25,990 INFO     ___FILE_ONLY___ ═
2025-01-28 15:30:25,990 INFO     ___FILE_ONLY___ ═
2025-01-28 15:30:25,991 INFO     ___FILE_ONLY___ ═
2025-01-28 15:30:25,992 INFO     ___FILE_ONLY___ ═
2025-01-28 15:30:25,992 INFO     ___FILE_ONLY___ ═
2025-01-28 15:30:25,992 INFO     ___FILE_ONLY___ ═
2025-01-28 15:30:25,993 INFO     ___FILE_ONLY___ ═
2025-01-28 15:30:25,993 INFO     ___FILE_ONLY___ ═
2025-01-28 15:30:25,994 INFO     ___FILE_ONLY___ ═
2025-01-28 15:30:25,995 INFO     ___FILE_ONLY___ ═
2025-01-28 15:30:25,995 INFO     ___FILE_ONLY___ ═
2025-01-28 15:30:25,996 INFO     ___FILE_ONLY___ ═
2025-01-28 15:30:25,996 INFO     ___FILE_ONLY___ ═
2025-01-28 15:30:25,996 INFO     ___FILE_ONLY___ ╝
2025-01-28 15:30:26,034 INFO     ___FILE_ONLY___ ╠════════════════════════════════════════════════════════════╣

2025-01-28 15:30:26,034 INFO     ___FILE_ONLY___ ╠═ Uninstalling: Google Cloud CLI Core Libraries            ═╣

2025-01-28 15:30:26,034 INFO     ___FILE_ONLY___ ╚
2025-01-28 15:30:26,054 INFO     ___FILE_ONLY___ ═
2025-01-28 15:30:26,072 INFO     ___FILE_ONLY___ ═
2025-01-28 15:30:26,090 INFO     ___FILE_ONLY___ ═
2025-01-28 15:30:26,107 INFO     ___FILE_ONLY___ ═
2025-01-28 15:30:26,129 INFO     ___FILE_ONLY___ ═
2025-01-28 15:30:26,148 INFO     ___FILE_ONLY___ ═
2025-01-28 15:30:26,166 INFO     ___FILE_ONLY___ ═
2025-01-28 15:30:26,183 INFO     ___FILE_ONLY___ ═
2025-01-28 15:30:26,200 INFO     ___FILE_ONLY___ ═
2025-01-28 15:30:26,217 INFO     ___FILE_ONLY___ ═
2025-01-28 15:30:26,234 INFO     ___FILE_ONLY___ ═
2025-01-28 15:30:26,251 INFO     ___FILE_ONLY___ ═
2025-01-28 15:30:26,269 INFO     ___FILE_ONLY___ ═
2025-01-28 15:30:26,283 INFO     ___FILE_ONLY___ ═
2025-01-28 15:30:26,299 INFO     ___FILE_ONLY___ ═
2025-01-28 15:30:26,320 INFO     ___FILE_ONLY___ ═
2025-01-28 15:30:26,341 INFO     ___FILE_ONLY___ ═
2025-01-28 15:30:26,362 INFO     ___FILE_ONLY___ ═
2025-01-28 15:30:26,383 INFO     ___FILE_ONLY___ ═
2025-01-28 15:30:26,406 INFO     ___FILE_ONLY___ ═
2025-01-28 15:30:26,435 INFO     ___FILE_ONLY___ ═
2025-01-28 15:30:26,455 INFO     ___FILE_ONLY___ ═
2025-01-28 15:30:26,472 INFO     ___FILE_ONLY___ ═
2025-01-28 15:30:26,488 INFO     ___FILE_ONLY___ ═
2025-01-28 15:30:26,504 INFO     ___FILE_ONLY___ ═
2025-01-28 15:30:26,518 INFO     ___FILE_ONLY___ ═
2025-01-28 15:30:26,531 INFO     ___FILE_ONLY___ ═
2025-01-28 15:30:26,547 INFO     ___FILE_ONLY___ ═
2025-01-28 15:30:26,561 INFO     ___FILE_ONLY___ ═
2025-01-28 15:30:26,578 INFO     ___FILE_ONLY___ ═
2025-01-28 15:30:26,593 INFO     ___FILE_ONLY___ ═
2025-01-28 15:30:26,609 INFO     ___FILE_ONLY___ ═
2025-01-28 15:30:26,627 INFO     ___FILE_ONLY___ ═
2025-01-28 15:30:26,643 INFO     ___FILE_ONLY___ ═
2025-01-28 15:30:26,659 INFO     ___FILE_ONLY___ ═
2025-01-28 15:30:26,674 INFO     ___FILE_ONLY___ ═
2025-01-28 15:30:26,692 INFO     ___FILE_ONLY___ ═
2025-01-28 15:30:26,708 INFO     ___FILE_ONLY___ ═
2025-01-28 15:30:26,751 INFO     ___FILE_ONLY___ ═
2025-01-28 15:30:26,768 INFO     ___FILE_ONLY___ ═
2025-01-28 15:30:26,783 INFO     ___FILE_ONLY___ ═
2025-01-28 15:30:26,799 INFO     ___FILE_ONLY___ ═
2025-01-28 15:30:26,815 INFO     ___FILE_ONLY___ ═
2025-01-28 15:30:26,831 INFO     ___FILE_ONLY___ ═
2025-01-28 15:30:26,847 INFO     ___FILE_ONLY___ ═
2025-01-28 15:30:26,860 INFO     ___FILE_ONLY___ ═
2025-01-28 15:30:26,875 INFO     ___FILE_ONLY___ ═
2025-01-28 15:30:26,890 INFO     ___FILE_ONLY___ ═
2025-01-28 15:30:26,905 INFO     ___FILE_ONLY___ ═
2025-01-28 15:30:26,920 INFO     ___FILE_ONLY___ ═
2025-01-28 15:30:26,934 INFO     ___FILE_ONLY___ ═
2025-01-28 15:30:26,945 INFO     ___FILE_ONLY___ ═
2025-01-28 15:30:26,960 INFO     ___FILE_ONLY___ ═
2025-01-28 15:30:26,976 INFO     ___FILE_ONLY___ ═
2025-01-28 15:30:26,991 INFO     ___FILE_ONLY___ ═
2025-01-28 15:30:27,005 INFO     ___FILE_ONLY___ ═
2025-01-28 15:30:27,059 INFO     ___FILE_ONLY___ ═
2025-01-28 15:30:27,077 INFO     ___FILE_ONLY___ ═
2025-01-28 15:30:27,092 INFO     ___FILE_ONLY___ ═
2025-01-28 15:30:27,108 INFO     ___FILE_ONLY___ ═
2025-01-28 15:30:27,108 INFO     ___FILE_ONLY___ ╝
2025-01-28 15:30:28,246 INFO     ___FILE_ONLY___ ╠════════════════════════════════════════════════════════════╣

2025-01-28 15:30:28,246 INFO     ___FILE_ONLY___ ╠═ Uninstalling: gcloud cli dependencies                    ═╣

2025-01-28 15:30:28,246 INFO     ___FILE_ONLY___ ╚
2025-01-28 15:30:28,254 INFO     ___FILE_ONLY___ ═
2025-01-28 15:30:28,262 INFO     ___FILE_ONLY___ ═
2025-01-28 15:30:28,268 INFO     ___FILE_ONLY___ ═
2025-01-28 15:30:28,274 INFO     ___FILE_ONLY___ ═
2025-01-28 15:30:28,278 INFO     ___FILE_ONLY___ ═
2025-01-28 15:30:28,284 INFO     ___FILE_ONLY___ ═
2025-01-28 15:30:28,289 INFO     ___FILE_ONLY___ ═
2025-01-28 15:30:28,294 INFO     ___FILE_ONLY___ ═
2025-01-28 15:30:28,300 INFO     ___FILE_ONLY___ ═
2025-01-28 15:30:28,306 INFO     ___FILE_ONLY___ ═
2025-01-28 15:30:28,311 INFO     ___FILE_ONLY___ ═
2025-01-28 15:30:28,316 INFO     ___FILE_ONLY___ ═
2025-01-28 15:30:28,321 INFO     ___FILE_ONLY___ ═
2025-01-28 15:30:28,325 INFO     ___FILE_ONLY___ ═
2025-01-28 15:30:28,331 INFO     ___FILE_ONLY___ ═
2025-01-28 15:30:28,336 INFO     ___FILE_ONLY___ ═
2025-01-28 15:30:28,342 INFO     ___FILE_ONLY___ ═
2025-01-28 15:30:28,347 INFO     ___FILE_ONLY___ ═
2025-01-28 15:30:28,351 INFO     ___FILE_ONLY___ ═
2025-01-28 15:30:28,357 INFO     ___FILE_ONLY___ ═
2025-01-28 15:30:28,364 INFO     ___FILE_ONLY___ ═
2025-01-28 15:30:28,370 INFO     ___FILE_ONLY___ ═
2025-01-28 15:30:28,375 INFO     ___FILE_ONLY___ ═
2025-01-28 15:30:28,380 INFO     ___FILE_ONLY___ ═
2025-01-28 15:30:28,384 INFO     ___FILE_ONLY___ ═
2025-01-28 15:30:28,389 INFO     ___FILE_ONLY___ ═
2025-01-28 15:30:28,396 INFO     ___FILE_ONLY___ ═
2025-01-28 15:30:28,402 INFO     ___FILE_ONLY___ ═
2025-01-28 15:30:28,407 INFO     ___FILE_ONLY___ ═
2025-01-28 15:30:28,412 INFO     ___FILE_ONLY___ ═
2025-01-28 15:30:28,417 INFO     ___FILE_ONLY___ ═
2025-01-28 15:30:28,423 INFO     ___FILE_ONLY___ ═
2025-01-28 15:30:28,427 INFO     ___FILE_ONLY___ ═
2025-01-28 15:30:28,438 INFO     ___FILE_ONLY___ ═
2025-01-28 15:30:28,453 INFO     ___FILE_ONLY___ ═
2025-01-28 15:30:28,457 INFO     ___FILE_ONLY___ ═
2025-01-28 15:30:28,463 INFO     ___FILE_ONLY___ ═
2025-01-28 15:30:28,469 INFO     ___FILE_ONLY___ ═
2025-01-28 15:30:28,474 INFO     ___FILE_ONLY___ ═
2025-01-28 15:30:28,478 INFO     ___FILE_ONLY___ ═
2025-01-28 15:30:28,483 INFO     ___FILE_ONLY___ ═
2025-01-28 15:30:28,490 INFO     ___FILE_ONLY___ ═
2025-01-28 15:30:28,494 INFO     ___FILE_ONLY___ ═
2025-01-28 15:30:28,499 INFO     ___FILE_ONLY___ ═
2025-01-28 15:30:28,504 INFO     ___FILE_ONLY___ ═
2025-01-28 15:30:28,509 INFO     ___FILE_ONLY___ ═
2025-01-28 15:30:28,514 INFO     ___FILE_ONLY___ ═
2025-01-28 15:30:28,519 INFO     ___FILE_ONLY___ ═
2025-01-28 15:30:28,523 INFO     ___FILE_ONLY___ ═
2025-01-28 15:30:28,527 INFO     ___FILE_ONLY___ ═
2025-01-28 15:30:28,531 INFO     ___FILE_ONLY___ ═
2025-01-28 15:30:28,536 INFO     ___FILE_ONLY___ ═
2025-01-28 15:30:28,541 INFO     ___FILE_ONLY___ ═
2025-01-28 15:30:28,547 INFO     ___FILE_ONLY___ ═
2025-01-28 15:30:28,555 INFO     ___FILE_ONLY___ ═
2025-01-28 15:30:28,559 INFO     ___FILE_ONLY___ ═
2025-01-28 15:30:28,563 INFO     ___FILE_ONLY___ ═
2025-01-28 15:30:28,569 INFO     ___FILE_ONLY___ ═
2025-01-28 15:30:28,573 INFO     ___FILE_ONLY___ ═
2025-01-28 15:30:28,577 INFO     ___FILE_ONLY___ ═
2025-01-28 15:30:28,578 INFO     ___FILE_ONLY___ ╝
2025-01-28 15:30:28,868 INFO     ___FILE_ONLY___ ╠════════════════════════════════════════════════════════════╣

2025-01-28 15:30:28,868 INFO     ___FILE_ONLY___ ╠═ Installing: BigQuery Command Line Tool                   ═╣

2025-01-28 15:30:28,868 INFO     ___FILE_ONLY___ ╚
2025-01-28 15:30:28,903 INFO     ___FILE_ONLY___ ═
2025-01-28 15:30:28,904 INFO     ___FILE_ONLY___ ═
2025-01-28 15:30:28,905 INFO     ___FILE_ONLY___ ═
2025-01-28 15:30:28,907 INFO     ___FILE_ONLY___ ═
2025-01-28 15:30:28,908 INFO     ___FILE_ONLY___ ═
2025-01-28 15:30:28,909 INFO     ___FILE_ONLY___ ═
2025-01-28 15:30:28,910 INFO     ___FILE_ONLY___ ═
2025-01-28 15:30:28,911 INFO     ___FILE_ONLY___ ═
2025-01-28 15:30:28,912 INFO     ___FILE_ONLY___ ═
2025-01-28 15:30:28,913 INFO     ___FILE_ONLY___ ═
2025-01-28 15:30:28,914 INFO     ___FILE_ONLY___ ═
2025-01-28 15:30:28,915 INFO     ___FILE_ONLY___ ═
2025-01-28 15:30:28,916 INFO     ___FILE_ONLY___ ═
2025-01-28 15:30:28,917 INFO     ___FILE_ONLY___ ═
2025-01-28 15:30:28,919 INFO     ___FILE_ONLY___ ═
2025-01-28 15:30:28,920 INFO     ___FILE_ONLY___ ═
2025-01-28 15:30:28,921 INFO     ___FILE_ONLY___ ═
2025-01-28 15:30:28,922 INFO     ___FILE_ONLY___ ═
2025-01-28 15:30:28,923 INFO     ___FILE_ONLY___ ═
2025-01-28 15:30:28,924 INFO     ___FILE_ONLY___ ═
2025-01-28 15:30:28,925 INFO     ___FILE_ONLY___ ═
2025-01-28 15:30:28,926 INFO     ___FILE_ONLY___ ═
2025-01-28 15:30:28,927 INFO     ___FILE_ONLY___ ═
2025-01-28 15:30:28,928 INFO     ___FILE_ONLY___ ═
2025-01-28 15:30:28,929 INFO     ___FILE_ONLY___ ═
2025-01-28 15:30:28,930 INFO     ___FILE_ONLY___ ═
2025-01-28 15:30:28,931 INFO     ___FILE_ONLY___ ═
2025-01-28 15:30:28,932 INFO     ___FILE_ONLY___ ═
2025-01-28 15:30:28,934 INFO     ___FILE_ONLY___ ═
2025-01-28 15:30:28,935 INFO     ___FILE_ONLY___ ═
2025-01-28 15:30:28,936 INFO     ___FILE_ONLY___ ═
2025-01-28 15:30:28,936 INFO     ___FILE_ONLY___ ═
2025-01-28 15:30:28,938 INFO     ___FILE_ONLY___ ═
2025-01-28 15:30:28,939 INFO     ___FILE_ONLY___ ═
2025-01-28 15:30:28,942 INFO     ___FILE_ONLY___ ═
2025-01-28 15:30:28,943 INFO     ___FILE_ONLY___ ═
2025-01-28 15:30:28,944 INFO     ___FILE_ONLY___ ═
2025-01-28 15:30:28,946 INFO     ___FILE_ONLY___ ═
2025-01-28 15:30:28,947 INFO     ___FILE_ONLY___ ═
2025-01-28 15:30:28,948 INFO     ___FILE_ONLY___ ═
2025-01-28 15:30:28,948 INFO     ___FILE_ONLY___ ═
2025-01-28 15:30:28,949 INFO     ___FILE_ONLY___ ═
2025-01-28 15:30:28,951 INFO     ___FILE_ONLY___ ═
2025-01-28 15:30:28,952 INFO     ___FILE_ONLY___ ═
2025-01-28 15:30:28,953 INFO     ___FILE_ONLY___ ═
2025-01-28 15:30:28,954 INFO     ___FILE_ONLY___ ═
2025-01-28 15:30:28,955 INFO     ___FILE_ONLY___ ═
2025-01-28 15:30:28,956 INFO     ___FILE_ONLY___ ═
2025-01-28 15:30:28,956 INFO     ___FILE_ONLY___ ═
2025-01-28 15:30:28,957 INFO     ___FILE_ONLY___ ═
2025-01-28 15:30:28,958 INFO     ___FILE_ONLY___ ═
2025-01-28 15:30:28,959 INFO     ___FILE_ONLY___ ═
2025-01-28 15:30:28,960 INFO     ___FILE_ONLY___ ═
2025-01-28 15:30:28,961 INFO     ___FILE_ONLY___ ═
2025-01-28 15:30:28,962 INFO     ___FILE_ONLY___ ═
2025-01-28 15:30:28,963 INFO     ___FILE_ONLY___ ═
2025-01-28 15:30:28,964 INFO     ___FILE_ONLY___ ═
2025-01-28 15:30:28,965 INFO     ___FILE_ONLY___ ═
2025-01-28 15:30:28,967 INFO     ___FILE_ONLY___ ═
2025-01-28 15:30:28,968 INFO     ___FILE_ONLY___ ═
2025-01-28 15:30:28,968 INFO     ___FILE_ONLY___ ╝
2025-01-28 15:30:28,970 INFO     ___FILE_ONLY___ ╠════════════════════════════════════════════════════════════╣

2025-01-28 15:30:28,971 INFO     ___FILE_ONLY___ ╠═ Installing: Google Cloud CLI Core Libraries              ═╣

2025-01-28 15:30:28,971 INFO     ___FILE_ONLY___ ╚
2025-01-28 15:30:29,636 INFO     ___FILE_ONLY___ ═
2025-01-28 15:30:29,678 INFO     ___FILE_ONLY___ ═
2025-01-28 15:30:29,701 INFO     ___FILE_ONLY___ ═
2025-01-28 15:30:29,724 INFO     ___FILE_ONLY___ ═
2025-01-28 15:30:29,747 INFO     ___FILE_ONLY___ ═
2025-01-28 15:30:29,774 INFO     ___FILE_ONLY___ ═
2025-01-28 15:30:29,797 INFO     ___FILE_ONLY___ ═
2025-01-28 15:30:29,821 INFO     ___FILE_ONLY___ ═
2025-01-28 15:30:29,844 INFO     ___FILE_ONLY___ ═
2025-01-28 15:30:29,866 INFO     ___FILE_ONLY___ ═
2025-01-28 15:30:29,887 INFO     ___FILE_ONLY___ ═
2025-01-28 15:30:29,910 INFO     ___FILE_ONLY___ ═
2025-01-28 15:30:29,932 INFO     ___FILE_ONLY___ ═
2025-01-28 15:30:29,969 INFO     ___FILE_ONLY___ ═
2025-01-28 15:30:29,999 INFO     ___FILE_ONLY___ ═
2025-01-28 15:30:30,040 INFO     ___FILE_ONLY___ ═
2025-01-28 15:30:30,095 INFO     ___FILE_ONLY___ ═
2025-01-28 15:30:30,137 INFO     ___FILE_ONLY___ ═
2025-01-28 15:30:30,175 INFO     ___FILE_ONLY___ ═
2025-01-28 15:30:30,214 INFO     ___FILE_ONLY___ ═
2025-01-28 15:30:30,265 INFO     ___FILE_ONLY___ ═
2025-01-28 15:30:30,303 INFO     ___FILE_ONLY___ ═
2025-01-28 15:30:30,335 INFO     ___FILE_ONLY___ ═
2025-01-28 15:30:30,356 INFO     ___FILE_ONLY___ ═
2025-01-28 15:30:30,377 INFO     ___FILE_ONLY___ ═
2025-01-28 15:30:30,396 INFO     ___FILE_ONLY___ ═
2025-01-28 15:30:30,416 INFO     ___FILE_ONLY___ ═
2025-01-28 15:30:30,438 INFO     ___FILE_ONLY___ ═
2025-01-28 15:30:30,459 INFO     ___FILE_ONLY___ ═
2025-01-28 15:30:30,479 INFO     ___FILE_ONLY___ ═
2025-01-28 15:30:30,500 INFO     ___FILE_ONLY___ ═
2025-01-28 15:30:30,520 INFO     ___FILE_ONLY___ ═
2025-01-28 15:30:30,542 INFO     ___FILE_ONLY___ ═
2025-01-28 15:30:30,583 INFO     ___FILE_ONLY___ ═
2025-01-28 15:30:30,605 INFO     ___FILE_ONLY___ ═
2025-01-28 15:30:30,627 INFO     ___FILE_ONLY___ ═
2025-01-28 15:30:30,648 INFO     ___FILE_ONLY___ ═
2025-01-28 15:30:30,669 INFO     ___FILE_ONLY___ ═
2025-01-28 15:30:30,693 INFO     ___FILE_ONLY___ ═
2025-01-28 15:30:30,714 INFO     ___FILE_ONLY___ ═
2025-01-28 15:30:30,735 INFO     ___FILE_ONLY___ ═
2025-01-28 15:30:30,756 INFO     ___FILE_ONLY___ ═
2025-01-28 15:30:30,777 INFO     ___FILE_ONLY___ ═
2025-01-28 15:30:30,798 INFO     ___FILE_ONLY___ ═
2025-01-28 15:30:30,820 INFO     ___FILE_ONLY___ ═
2025-01-28 15:30:30,840 INFO     ___FILE_ONLY___ ═
2025-01-28 15:30:30,880 INFO     ___FILE_ONLY___ ═
2025-01-28 15:30:30,902 INFO     ___FILE_ONLY___ ═
2025-01-28 15:30:30,924 INFO     ___FILE_ONLY___ ═
2025-01-28 15:30:30,952 INFO     ___FILE_ONLY___ ═
2025-01-28 15:30:30,973 INFO     ___FILE_ONLY___ ═
2025-01-28 15:30:30,993 INFO     ___FILE_ONLY___ ═
2025-01-28 15:30:31,014 INFO     ___FILE_ONLY___ ═
2025-01-28 15:30:31,034 INFO     ___FILE_ONLY___ ═
2025-01-28 15:30:31,056 INFO     ___FILE_ONLY___ ═
2025-01-28 15:30:31,081 INFO     ___FILE_ONLY___ ═
2025-01-28 15:30:31,103 INFO     ___FILE_ONLY___ ═
2025-01-28 15:30:31,124 INFO     ___FILE_ONLY___ ═
2025-01-28 15:30:31,146 INFO     ___FILE_ONLY___ ═
2025-01-28 15:30:31,189 INFO     ___FILE_ONLY___ ═
2025-01-28 15:30:31,189 INFO     ___FILE_ONLY___ ╝
2025-01-28 15:30:31,229 INFO     ___FILE_ONLY___ ╠════════════════════════════════════════════════════════════╣

2025-01-28 15:30:31,229 INFO     ___FILE_ONLY___ ╠═ Installing: gcloud cli dependencies                      ═╣

2025-01-28 15:30:31,229 INFO     ___FILE_ONLY___ ╚
2025-01-28 15:30:31,547 INFO     ___FILE_ONLY___ ═
2025-01-28 15:30:31,561 INFO     ___FILE_ONLY___ ═
2025-01-28 15:30:31,576 INFO     ___FILE_ONLY___ ═
2025-01-28 15:30:31,591 INFO     ___FILE_ONLY___ ═
2025-01-28 15:30:31,606 INFO     ___FILE_ONLY___ ═
2025-01-28 15:30:31,622 INFO     ___FILE_ONLY___ ═
2025-01-28 15:30:31,641 INFO     ___FILE_ONLY___ ═
2025-01-28 15:30:31,665 INFO     ___FILE_ONLY___ ═
2025-01-28 15:30:31,684 INFO     ___FILE_ONLY___ ═
2025-01-28 15:30:31,699 INFO     ___FILE_ONLY___ ═
2025-01-28 15:30:31,716 INFO     ___FILE_ONLY___ ═
2025-01-28 15:30:31,731 INFO     ___FILE_ONLY___ ═
2025-01-28 15:30:31,746 INFO     ___FILE_ONLY___ ═
2025-01-28 15:30:31,768 INFO     ___FILE_ONLY___ ═
2025-01-28 15:30:31,796 INFO     ___FILE_ONLY___ ═
2025-01-28 15:30:31,814 INFO     ___FILE_ONLY___ ═
2025-01-28 15:30:31,830 INFO     ___FILE_ONLY___ ═
2025-01-28 15:30:31,845 INFO     ___FILE_ONLY___ ═
2025-01-28 15:30:31,855 INFO     ___FILE_ONLY___ ═
2025-01-28 15:30:31,863 INFO     ___FILE_ONLY___ ═
2025-01-28 15:30:31,872 INFO     ___FILE_ONLY___ ═
2025-01-28 15:30:31,881 INFO     ___FILE_ONLY___ ═
2025-01-28 15:30:31,893 INFO     ___FILE_ONLY___ ═
2025-01-28 15:30:31,902 INFO     ___FILE_ONLY___ ═
2025-01-28 15:30:31,915 INFO     ___FILE_ONLY___ ═
2025-01-28 15:30:31,927 INFO     ___FILE_ONLY___ ═
2025-01-28 15:30:31,935 INFO     ___FILE_ONLY___ ═
2025-01-28 15:30:31,944 INFO     ___FILE_ONLY___ ═
2025-01-28 15:30:31,953 INFO     ___FILE_ONLY___ ═
2025-01-28 15:30:31,961 INFO     ___FILE_ONLY___ ═
2025-01-28 15:30:31,970 INFO     ___FILE_ONLY___ ═
2025-01-28 15:30:31,978 INFO     ___FILE_ONLY___ ═
2025-01-28 15:30:31,987 INFO     ___FILE_ONLY___ ═
2025-01-28 15:30:31,999 INFO     ___FILE_ONLY___ ═
2025-01-28 15:30:32,009 INFO     ___FILE_ONLY___ ═
2025-01-28 15:30:32,019 INFO     ___FILE_ONLY___ ═
2025-01-28 15:30:32,029 INFO     ___FILE_ONLY___ ═
2025-01-28 15:30:32,038 INFO     ___FILE_ONLY___ ═
2025-01-28 15:30:32,050 INFO     ___FILE_ONLY___ ═
2025-01-28 15:30:32,066 INFO     ___FILE_ONLY___ ═
2025-01-28 15:30:32,079 INFO     ___FILE_ONLY___ ═
2025-01-28 15:30:32,089 INFO     ___FILE_ONLY___ ═
2025-01-28 15:30:32,099 INFO     ___FILE_ONLY___ ═
2025-01-28 15:30:32,109 INFO     ___FILE_ONLY___ ═
2025-01-28 15:30:32,116 INFO     ___FILE_ONLY___ ═
2025-01-28 15:30:32,123 INFO     ___FILE_ONLY___ ═
2025-01-28 15:30:32,130 INFO     ___FILE_ONLY___ ═
2025-01-28 15:30:32,139 INFO     ___FILE_ONLY___ ═
2025-01-28 15:30:32,147 INFO     ___FILE_ONLY___ ═
2025-01-28 15:30:32,154 INFO     ___FILE_ONLY___ ═
2025-01-28 15:30:32,160 INFO     ___FILE_ONLY___ ═
2025-01-28 15:30:32,171 INFO     ___FILE_ONLY___ ═
2025-01-28 15:30:32,181 INFO     ___FILE_ONLY___ ═
2025-01-28 15:30:32,190 INFO     ___FILE_ONLY___ ═
2025-01-28 15:30:32,201 INFO     ___FILE_ONLY___ ═
2025-01-28 15:30:32,212 INFO     ___FILE_ONLY___ ═
2025-01-28 15:30:32,223 INFO     ___FILE_ONLY___ ═
2025-01-28 15:30:32,232 INFO     ___FILE_ONLY___ ═
2025-01-28 15:30:32,242 INFO     ___FILE_ONLY___ ═
2025-01-28 15:30:32,252 INFO     ___FILE_ONLY___ ═
2025-01-28 15:30:32,252 INFO     ___FILE_ONLY___ ╝

2025-01-28 15:30:32,272 DEBUG    root            Updating notification cache...
2025-01-28 15:30:32,272 INFO     ___FILE_ONLY___ 

2025-01-28 15:30:32,272 INFO     ___FILE_ONLY___ Performing post processing steps...
2025-01-28 15:30:32,272 DEBUG    root            Executing command: ['/opt/homebrew/share/google-cloud-sdk/bin/gcloud', 'components', 'post-process']
2025-01-28 15:30:38,593 DEBUG    ___FILE_ONLY___ 
2025-01-28 15:30:38,594 DEBUG    ___FILE_ONLY___ 
2025-01-28 15:30:38,621 INFO     ___FILE_ONLY___ 
Update done!


2025-01-28 15:30:38,622 INFO     ___FILE_ONLY___ To revert your CLI to the previously installed version, you may run:
  $ gcloud components update --version 506.0.0


2025-01-28 15:30:38,627 DEBUG    root            Chosen display Format:none
2025-01-28 15:30:38,627 INFO     root            Display format: "none"
